ARM GAS  C:\Users\matve\AppData\Local\Temp\ccC3q3Nz.s 			page 1


   1              		.cpu cortex-m3
   2              		.arch armv7-m
   3              		.fpu softvfp
   4              		.eabi_attribute 20, 1
   5              		.eabi_attribute 21, 1
   6              		.eabi_attribute 23, 3
   7              		.eabi_attribute 24, 1
   8              		.eabi_attribute 25, 1
   9              		.eabi_attribute 26, 1
  10              		.eabi_attribute 30, 1
  11              		.eabi_attribute 34, 1
  12              		.eabi_attribute 18, 4
  13              		.file	"main.c"
  14              		.text
  15              		.section	.text.MX_GPIO_Init,"ax",%progbits
  16              		.align	1
  17              		.syntax unified
  18              		.thumb
  19              		.thumb_func
  21              	MX_GPIO_Init:
  22              		@ args = 0, pretend = 0, frame = 32
  23              		@ frame_needed = 0, uses_anonymous_args = 0
  24 0000 30B5     		push	{r4, r5, lr}
  25 0002 89B0     		sub	sp, sp, #36
  26 0004 0024     		movs	r4, #0
  27 0006 0494     		str	r4, [sp, #16]
  28 0008 0594     		str	r4, [sp, #20]
  29 000a 0694     		str	r4, [sp, #24]
  30 000c 0794     		str	r4, [sp, #28]
  31 000e 174B     		ldr	r3, .L3
  32 0010 9A69     		ldr	r2, [r3, #24]
  33 0012 42F02002 		orr	r2, r2, #32
  34 0016 9A61     		str	r2, [r3, #24]
  35 0018 9A69     		ldr	r2, [r3, #24]
  36 001a 02F02002 		and	r2, r2, #32
  37 001e 0192     		str	r2, [sp, #4]
  38 0020 019A     		ldr	r2, [sp, #4]
  39 0022 9A69     		ldr	r2, [r3, #24]
  40 0024 42F00402 		orr	r2, r2, #4
  41 0028 9A61     		str	r2, [r3, #24]
  42 002a 9A69     		ldr	r2, [r3, #24]
  43 002c 02F00402 		and	r2, r2, #4
  44 0030 0292     		str	r2, [sp, #8]
  45 0032 029A     		ldr	r2, [sp, #8]
  46 0034 9A69     		ldr	r2, [r3, #24]
  47 0036 42F00802 		orr	r2, r2, #8
  48 003a 9A61     		str	r2, [r3, #24]
  49 003c 9B69     		ldr	r3, [r3, #24]
  50 003e 03F00803 		and	r3, r3, #8
  51 0042 0393     		str	r3, [sp, #12]
  52 0044 039B     		ldr	r3, [sp, #12]
  53 0046 0A4D     		ldr	r5, .L3+4
  54 0048 2246     		mov	r2, r4
  55 004a 1821     		movs	r1, #24
  56 004c 2846     		mov	r0, r5
  57 004e FFF7FEFF 		bl	HAL_GPIO_WritePin
  58 0052 1823     		movs	r3, #24
ARM GAS  C:\Users\matve\AppData\Local\Temp\ccC3q3Nz.s 			page 2


  59 0054 0493     		str	r3, [sp, #16]
  60 0056 0123     		movs	r3, #1
  61 0058 0593     		str	r3, [sp, #20]
  62 005a 0694     		str	r4, [sp, #24]
  63 005c 0223     		movs	r3, #2
  64 005e 0793     		str	r3, [sp, #28]
  65 0060 04A9     		add	r1, sp, #16
  66 0062 2846     		mov	r0, r5
  67 0064 FFF7FEFF 		bl	HAL_GPIO_Init
  68 0068 09B0     		add	sp, sp, #36
  69              		@ sp needed
  70 006a 30BD     		pop	{r4, r5, pc}
  71              	.L4:
  72              		.align	2
  73              	.L3:
  74 006c 00100240 		.word	1073876992
  75 0070 00080140 		.word	1073809408
  77              		.section	.text.Error_Handler,"ax",%progbits
  78              		.align	1
  79              		.global	Error_Handler
  80              		.syntax unified
  81              		.thumb
  82              		.thumb_func
  84              	Error_Handler:
  85              		@ Volatile: function does not return.
  86              		@ args = 0, pretend = 0, frame = 0
  87              		@ frame_needed = 0, uses_anonymous_args = 0
  88              		@ link register save eliminated.
  89              		.syntax unified
  90              	@ 142 "Drivers/CMSIS/Include/cmsis_gcc.h" 1
  91 0000 72B6     		cpsid i
  92              	@ 0 "" 2
  93              		.thumb
  94              		.syntax unified
  95              	.L6:
  96 0002 FEE7     		b	.L6
  98              		.section	.text.MX_TIM2_Init,"ax",%progbits
  99              		.align	1
 100              		.syntax unified
 101              		.thumb
 102              		.thumb_func
 104              	MX_TIM2_Init:
 105              		@ args = 0, pretend = 0, frame = 56
 106              		@ frame_needed = 0, uses_anonymous_args = 0
 107 0000 00B5     		push	{lr}
 108 0002 8FB0     		sub	sp, sp, #60
 109 0004 0023     		movs	r3, #0
 110 0006 0A93     		str	r3, [sp, #40]
 111 0008 0B93     		str	r3, [sp, #44]
 112 000a 0C93     		str	r3, [sp, #48]
 113 000c 0D93     		str	r3, [sp, #52]
 114 000e 0893     		str	r3, [sp, #32]
 115 0010 0993     		str	r3, [sp, #36]
 116 0012 0193     		str	r3, [sp, #4]
 117 0014 0293     		str	r3, [sp, #8]
 118 0016 0393     		str	r3, [sp, #12]
 119 0018 0493     		str	r3, [sp, #16]
ARM GAS  C:\Users\matve\AppData\Local\Temp\ccC3q3Nz.s 			page 3


 120 001a 0593     		str	r3, [sp, #20]
 121 001c 0693     		str	r3, [sp, #24]
 122 001e 0793     		str	r3, [sp, #28]
 123 0020 2048     		ldr	r0, .L19
 124 0022 4FF08042 		mov	r2, #1073741824
 125 0026 0260     		str	r2, [r0]
 126 0028 0322     		movs	r2, #3
 127 002a 4260     		str	r2, [r0, #4]
 128 002c 8360     		str	r3, [r0, #8]
 129 002e 40F2E732 		movw	r2, #999
 130 0032 C260     		str	r2, [r0, #12]
 131 0034 0361     		str	r3, [r0, #16]
 132 0036 8023     		movs	r3, #128
 133 0038 8361     		str	r3, [r0, #24]
 134 003a FFF7FEFF 		bl	HAL_TIM_Base_Init
 135 003e 30BB     		cbnz	r0, .L14
 136 0040 4FF48053 		mov	r3, #4096
 137 0044 0A93     		str	r3, [sp, #40]
 138 0046 0AA9     		add	r1, sp, #40
 139 0048 1648     		ldr	r0, .L19
 140 004a FFF7FEFF 		bl	HAL_TIM_ConfigClockSource
 141 004e 00BB     		cbnz	r0, .L15
 142 0050 1448     		ldr	r0, .L19
 143 0052 FFF7FEFF 		bl	HAL_TIM_PWM_Init
 144 0056 F0B9     		cbnz	r0, .L16
 145 0058 0023     		movs	r3, #0
 146 005a 0893     		str	r3, [sp, #32]
 147 005c 0993     		str	r3, [sp, #36]
 148 005e 08A9     		add	r1, sp, #32
 149 0060 1048     		ldr	r0, .L19
 150 0062 FFF7FEFF 		bl	HAL_TIMEx_MasterConfigSynchronization
 151 0066 C0B9     		cbnz	r0, .L17
 152 0068 6023     		movs	r3, #96
 153 006a 0193     		str	r3, [sp, #4]
 154 006c 0023     		movs	r3, #0
 155 006e 0293     		str	r3, [sp, #8]
 156 0070 0393     		str	r3, [sp, #12]
 157 0072 0593     		str	r3, [sp, #20]
 158 0074 0422     		movs	r2, #4
 159 0076 0DEB0201 		add	r1, sp, r2
 160 007a 0A48     		ldr	r0, .L19
 161 007c FFF7FEFF 		bl	HAL_TIM_PWM_ConfigChannel
 162 0080 68B9     		cbnz	r0, .L18
 163 0082 0848     		ldr	r0, .L19
 164 0084 FFF7FEFF 		bl	HAL_TIM_MspPostInit
 165 0088 0FB0     		add	sp, sp, #60
 166              		@ sp needed
 167 008a 5DF804FB 		ldr	pc, [sp], #4
 168              	.L14:
 169 008e FFF7FEFF 		bl	Error_Handler
 170              	.L15:
 171 0092 FFF7FEFF 		bl	Error_Handler
 172              	.L16:
 173 0096 FFF7FEFF 		bl	Error_Handler
 174              	.L17:
 175 009a FFF7FEFF 		bl	Error_Handler
 176              	.L18:
ARM GAS  C:\Users\matve\AppData\Local\Temp\ccC3q3Nz.s 			page 4


 177 009e FFF7FEFF 		bl	Error_Handler
 178              	.L20:
 179 00a2 00BF     		.align	2
 180              	.L19:
 181 00a4 00000000 		.word	htim2
 183              		.section	.text.MX_TIM1_Init,"ax",%progbits
 184              		.align	1
 185              		.syntax unified
 186              		.thumb
 187              		.thumb_func
 189              	MX_TIM1_Init:
 190              		@ args = 0, pretend = 0, frame = 48
 191              		@ frame_needed = 0, uses_anonymous_args = 0
 192 0000 00B5     		push	{lr}
 193 0002 8DB0     		sub	sp, sp, #52
 194 0004 2422     		movs	r2, #36
 195 0006 0021     		movs	r1, #0
 196 0008 03A8     		add	r0, sp, #12
 197 000a FFF7FEFF 		bl	memset
 198 000e 0023     		movs	r3, #0
 199 0010 0193     		str	r3, [sp, #4]
 200 0012 0293     		str	r3, [sp, #8]
 201 0014 1148     		ldr	r0, .L27
 202 0016 124A     		ldr	r2, .L27+4
 203 0018 0260     		str	r2, [r0]
 204 001a 4360     		str	r3, [r0, #4]
 205 001c 8360     		str	r3, [r0, #8]
 206 001e 4FF6FF72 		movw	r2, #65535
 207 0022 C260     		str	r2, [r0, #12]
 208 0024 0361     		str	r3, [r0, #16]
 209 0026 4361     		str	r3, [r0, #20]
 210 0028 8361     		str	r3, [r0, #24]
 211 002a 0323     		movs	r3, #3
 212 002c 0393     		str	r3, [sp, #12]
 213 002e 0123     		movs	r3, #1
 214 0030 0593     		str	r3, [sp, #20]
 215 0032 0993     		str	r3, [sp, #36]
 216 0034 03A9     		add	r1, sp, #12
 217 0036 FFF7FEFF 		bl	HAL_TIM_Encoder_Init
 218 003a 50B9     		cbnz	r0, .L25
 219 003c 0023     		movs	r3, #0
 220 003e 0193     		str	r3, [sp, #4]
 221 0040 0293     		str	r3, [sp, #8]
 222 0042 01A9     		add	r1, sp, #4
 223 0044 0548     		ldr	r0, .L27
 224 0046 FFF7FEFF 		bl	HAL_TIMEx_MasterConfigSynchronization
 225 004a 20B9     		cbnz	r0, .L26
 226 004c 0DB0     		add	sp, sp, #52
 227              		@ sp needed
 228 004e 5DF804FB 		ldr	pc, [sp], #4
 229              	.L25:
 230 0052 FFF7FEFF 		bl	Error_Handler
 231              	.L26:
 232 0056 FFF7FEFF 		bl	Error_Handler
 233              	.L28:
 234 005a 00BF     		.align	2
 235              	.L27:
ARM GAS  C:\Users\matve\AppData\Local\Temp\ccC3q3Nz.s 			page 5


 236 005c 00000000 		.word	htim1
 237 0060 002C0140 		.word	1073818624
 239              		.section	.text.MX_TIM3_Init,"ax",%progbits
 240              		.align	1
 241              		.syntax unified
 242              		.thumb
 243              		.thumb_func
 245              	MX_TIM3_Init:
 246              		@ args = 0, pretend = 0, frame = 24
 247              		@ frame_needed = 0, uses_anonymous_args = 0
 248 0000 00B5     		push	{lr}
 249 0002 87B0     		sub	sp, sp, #28
 250 0004 0023     		movs	r3, #0
 251 0006 0293     		str	r3, [sp, #8]
 252 0008 0393     		str	r3, [sp, #12]
 253 000a 0493     		str	r3, [sp, #16]
 254 000c 0593     		str	r3, [sp, #20]
 255 000e 0093     		str	r3, [sp]
 256 0010 0193     		str	r3, [sp, #4]
 257 0012 1348     		ldr	r0, .L37
 258 0014 134A     		ldr	r2, .L37+4
 259 0016 0260     		str	r2, [r0]
 260 0018 4722     		movs	r2, #71
 261 001a 4260     		str	r2, [r0, #4]
 262 001c 8360     		str	r3, [r0, #8]
 263 001e 40F2E732 		movw	r2, #999
 264 0022 C260     		str	r2, [r0, #12]
 265 0024 0361     		str	r3, [r0, #16]
 266 0026 8361     		str	r3, [r0, #24]
 267 0028 FFF7FEFF 		bl	HAL_TIM_Base_Init
 268 002c 90B9     		cbnz	r0, .L34
 269 002e 4FF48053 		mov	r3, #4096
 270 0032 0293     		str	r3, [sp, #8]
 271 0034 02A9     		add	r1, sp, #8
 272 0036 0A48     		ldr	r0, .L37
 273 0038 FFF7FEFF 		bl	HAL_TIM_ConfigClockSource
 274 003c 60B9     		cbnz	r0, .L35
 275 003e 0023     		movs	r3, #0
 276 0040 0093     		str	r3, [sp]
 277 0042 0193     		str	r3, [sp, #4]
 278 0044 6946     		mov	r1, sp
 279 0046 0648     		ldr	r0, .L37
 280 0048 FFF7FEFF 		bl	HAL_TIMEx_MasterConfigSynchronization
 281 004c 30B9     		cbnz	r0, .L36
 282 004e 07B0     		add	sp, sp, #28
 283              		@ sp needed
 284 0050 5DF804FB 		ldr	pc, [sp], #4
 285              	.L34:
 286 0054 FFF7FEFF 		bl	Error_Handler
 287              	.L35:
 288 0058 FFF7FEFF 		bl	Error_Handler
 289              	.L36:
 290 005c FFF7FEFF 		bl	Error_Handler
 291              	.L38:
 292              		.align	2
 293              	.L37:
 294 0060 00000000 		.word	htim3
ARM GAS  C:\Users\matve\AppData\Local\Temp\ccC3q3Nz.s 			page 6


 295 0064 00040040 		.word	1073742848
 297              		.section	.text.MX_TIM4_Init,"ax",%progbits
 298              		.align	1
 299              		.syntax unified
 300              		.thumb
 301              		.thumb_func
 303              	MX_TIM4_Init:
 304              		@ args = 0, pretend = 0, frame = 56
 305              		@ frame_needed = 0, uses_anonymous_args = 0
 306 0000 00B5     		push	{lr}
 307 0002 8FB0     		sub	sp, sp, #60
 308 0004 0023     		movs	r3, #0
 309 0006 0A93     		str	r3, [sp, #40]
 310 0008 0B93     		str	r3, [sp, #44]
 311 000a 0C93     		str	r3, [sp, #48]
 312 000c 0D93     		str	r3, [sp, #52]
 313 000e 0893     		str	r3, [sp, #32]
 314 0010 0993     		str	r3, [sp, #36]
 315 0012 0193     		str	r3, [sp, #4]
 316 0014 0293     		str	r3, [sp, #8]
 317 0016 0393     		str	r3, [sp, #12]
 318 0018 0493     		str	r3, [sp, #16]
 319 001a 0593     		str	r3, [sp, #20]
 320 001c 0693     		str	r3, [sp, #24]
 321 001e 0793     		str	r3, [sp, #28]
 322 0020 1E48     		ldr	r0, .L51
 323 0022 1F4A     		ldr	r2, .L51+4
 324 0024 0260     		str	r2, [r0]
 325 0026 40F21F32 		movw	r2, #799
 326 002a 4260     		str	r2, [r0, #4]
 327 002c 8360     		str	r3, [r0, #8]
 328 002e 40F20772 		movw	r2, #1799
 329 0032 C260     		str	r2, [r0, #12]
 330 0034 0361     		str	r3, [r0, #16]
 331 0036 8361     		str	r3, [r0, #24]
 332 0038 FFF7FEFF 		bl	HAL_TIM_Base_Init
 333 003c 20BB     		cbnz	r0, .L46
 334 003e 4FF48053 		mov	r3, #4096
 335 0042 0A93     		str	r3, [sp, #40]
 336 0044 0AA9     		add	r1, sp, #40
 337 0046 1548     		ldr	r0, .L51
 338 0048 FFF7FEFF 		bl	HAL_TIM_ConfigClockSource
 339 004c F0B9     		cbnz	r0, .L47
 340 004e 1348     		ldr	r0, .L51
 341 0050 FFF7FEFF 		bl	HAL_TIM_PWM_Init
 342 0054 E0B9     		cbnz	r0, .L48
 343 0056 0023     		movs	r3, #0
 344 0058 0893     		str	r3, [sp, #32]
 345 005a 0993     		str	r3, [sp, #36]
 346 005c 08A9     		add	r1, sp, #32
 347 005e 0F48     		ldr	r0, .L51
 348 0060 FFF7FEFF 		bl	HAL_TIMEx_MasterConfigSynchronization
 349 0064 B0B9     		cbnz	r0, .L49
 350 0066 6023     		movs	r3, #96
 351 0068 0193     		str	r3, [sp, #4]
 352 006a 0022     		movs	r2, #0
 353 006c 0292     		str	r2, [sp, #8]
ARM GAS  C:\Users\matve\AppData\Local\Temp\ccC3q3Nz.s 			page 7


 354 006e 0392     		str	r2, [sp, #12]
 355 0070 0592     		str	r2, [sp, #20]
 356 0072 01A9     		add	r1, sp, #4
 357 0074 0948     		ldr	r0, .L51
 358 0076 FFF7FEFF 		bl	HAL_TIM_PWM_ConfigChannel
 359 007a 68B9     		cbnz	r0, .L50
 360 007c 0748     		ldr	r0, .L51
 361 007e FFF7FEFF 		bl	HAL_TIM_MspPostInit
 362 0082 0FB0     		add	sp, sp, #60
 363              		@ sp needed
 364 0084 5DF804FB 		ldr	pc, [sp], #4
 365              	.L46:
 366 0088 FFF7FEFF 		bl	Error_Handler
 367              	.L47:
 368 008c FFF7FEFF 		bl	Error_Handler
 369              	.L48:
 370 0090 FFF7FEFF 		bl	Error_Handler
 371              	.L49:
 372 0094 FFF7FEFF 		bl	Error_Handler
 373              	.L50:
 374 0098 FFF7FEFF 		bl	Error_Handler
 375              	.L52:
 376              		.align	2
 377              	.L51:
 378 009c 00000000 		.word	htim4
 379 00a0 00080040 		.word	1073743872
 381              		.section	.text.SystemClock_Config,"ax",%progbits
 382              		.align	1
 383              		.global	SystemClock_Config
 384              		.syntax unified
 385              		.thumb
 386              		.thumb_func
 388              	SystemClock_Config:
 389              		@ args = 0, pretend = 0, frame = 80
 390              		@ frame_needed = 0, uses_anonymous_args = 0
 391 0000 00B5     		push	{lr}
 392 0002 95B0     		sub	sp, sp, #84
 393 0004 2822     		movs	r2, #40
 394 0006 0021     		movs	r1, #0
 395 0008 0DEB0200 		add	r0, sp, r2
 396 000c FFF7FEFF 		bl	memset
 397 0010 0023     		movs	r3, #0
 398 0012 0593     		str	r3, [sp, #20]
 399 0014 0693     		str	r3, [sp, #24]
 400 0016 0793     		str	r3, [sp, #28]
 401 0018 0893     		str	r3, [sp, #32]
 402 001a 0993     		str	r3, [sp, #36]
 403 001c 0193     		str	r3, [sp, #4]
 404 001e 0293     		str	r3, [sp, #8]
 405 0020 0393     		str	r3, [sp, #12]
 406 0022 0493     		str	r3, [sp, #16]
 407 0024 0122     		movs	r2, #1
 408 0026 0A92     		str	r2, [sp, #40]
 409 0028 4FF48033 		mov	r3, #65536
 410 002c 0B93     		str	r3, [sp, #44]
 411 002e 0E92     		str	r2, [sp, #56]
 412 0030 0222     		movs	r2, #2
ARM GAS  C:\Users\matve\AppData\Local\Temp\ccC3q3Nz.s 			page 8


 413 0032 1192     		str	r2, [sp, #68]
 414 0034 1293     		str	r3, [sp, #72]
 415 0036 4FF4E013 		mov	r3, #1835008
 416 003a 1393     		str	r3, [sp, #76]
 417 003c 0AA8     		add	r0, sp, #40
 418 003e FFF7FEFF 		bl	HAL_RCC_OscConfig
 419 0042 C0B9     		cbnz	r0, .L58
 420 0044 0F23     		movs	r3, #15
 421 0046 0593     		str	r3, [sp, #20]
 422 0048 0221     		movs	r1, #2
 423 004a 0691     		str	r1, [sp, #24]
 424 004c 0023     		movs	r3, #0
 425 004e 0793     		str	r3, [sp, #28]
 426 0050 4FF48062 		mov	r2, #1024
 427 0054 0892     		str	r2, [sp, #32]
 428 0056 0993     		str	r3, [sp, #36]
 429 0058 05A8     		add	r0, sp, #20
 430 005a FFF7FEFF 		bl	HAL_RCC_ClockConfig
 431 005e 60B9     		cbnz	r0, .L59
 432 0060 1023     		movs	r3, #16
 433 0062 0193     		str	r3, [sp, #4]
 434 0064 0023     		movs	r3, #0
 435 0066 0493     		str	r3, [sp, #16]
 436 0068 01A8     		add	r0, sp, #4
 437 006a FFF7FEFF 		bl	HAL_RCCEx_PeriphCLKConfig
 438 006e 30B9     		cbnz	r0, .L60
 439 0070 15B0     		add	sp, sp, #84
 440              		@ sp needed
 441 0072 5DF804FB 		ldr	pc, [sp], #4
 442              	.L58:
 443 0076 FFF7FEFF 		bl	Error_Handler
 444              	.L59:
 445 007a FFF7FEFF 		bl	Error_Handler
 446              	.L60:
 447 007e FFF7FEFF 		bl	Error_Handler
 449              		.section	.text.main,"ax",%progbits
 450              		.align	1
 451              		.global	main
 452              		.syntax unified
 453              		.thumb
 454              		.thumb_func
 456              	main:
 457              		@ Volatile: function does not return.
 458              		@ args = 0, pretend = 0, frame = 0
 459              		@ frame_needed = 0, uses_anonymous_args = 0
 460 0000 08B5     		push	{r3, lr}
 461 0002 FFF7FEFF 		bl	HAL_Init
 462 0006 FFF7FEFF 		bl	SystemClock_Config
 463 000a FFF7FEFF 		bl	MX_GPIO_Init
 464 000e FFF7FEFF 		bl	MX_TIM2_Init
 465 0012 FFF7FEFF 		bl	MX_TIM1_Init
 466 0016 FFF7FEFF 		bl	MX_TIM3_Init
 467 001a FFF7FEFF 		bl	MX_TIM4_Init
 468 001e FFF7FEFF 		bl	MX_USB_DEVICE_Init
 469              	.L62:
 470 0022 FEE7     		b	.L62
 472              		.global	htim4
ARM GAS  C:\Users\matve\AppData\Local\Temp\ccC3q3Nz.s 			page 9


 473              		.section	.bss.htim4,"aw",%nobits
 474              		.align	2
 477              	htim4:
 478 0000 00000000 		.space	72
 478      00000000 
 478      00000000 
 478      00000000 
 478      00000000 
 479              		.global	htim3
 480              		.section	.bss.htim3,"aw",%nobits
 481              		.align	2
 484              	htim3:
 485 0000 00000000 		.space	72
 485      00000000 
 485      00000000 
 485      00000000 
 485      00000000 
 486              		.global	htim2
 487              		.section	.bss.htim2,"aw",%nobits
 488              		.align	2
 491              	htim2:
 492 0000 00000000 		.space	72
 492      00000000 
 492      00000000 
 492      00000000 
 492      00000000 
 493              		.global	htim1
 494              		.section	.bss.htim1,"aw",%nobits
 495              		.align	2
 498              	htim1:
 499 0000 00000000 		.space	72
 499      00000000 
 499      00000000 
 499      00000000 
 499      00000000 
 500              		.ident	"GCC: (xPack GNU Arm Embedded GCC x86_64) 13.2.1 20231009"
ARM GAS  C:\Users\matve\AppData\Local\Temp\ccC3q3Nz.s 			page 10


DEFINED SYMBOLS
                            *ABS*:00000000 main.c
C:\Users\matve\AppData\Local\Temp\ccC3q3Nz.s:16     .text.MX_GPIO_Init:00000000 $t
C:\Users\matve\AppData\Local\Temp\ccC3q3Nz.s:21     .text.MX_GPIO_Init:00000000 MX_GPIO_Init
C:\Users\matve\AppData\Local\Temp\ccC3q3Nz.s:74     .text.MX_GPIO_Init:0000006c $d
C:\Users\matve\AppData\Local\Temp\ccC3q3Nz.s:78     .text.Error_Handler:00000000 $t
C:\Users\matve\AppData\Local\Temp\ccC3q3Nz.s:84     .text.Error_Handler:00000000 Error_Handler
C:\Users\matve\AppData\Local\Temp\ccC3q3Nz.s:99     .text.MX_TIM2_Init:00000000 $t
C:\Users\matve\AppData\Local\Temp\ccC3q3Nz.s:104    .text.MX_TIM2_Init:00000000 MX_TIM2_Init
C:\Users\matve\AppData\Local\Temp\ccC3q3Nz.s:181    .text.MX_TIM2_Init:000000a4 $d
C:\Users\matve\AppData\Local\Temp\ccC3q3Nz.s:491    .bss.htim2:00000000 htim2
C:\Users\matve\AppData\Local\Temp\ccC3q3Nz.s:184    .text.MX_TIM1_Init:00000000 $t
C:\Users\matve\AppData\Local\Temp\ccC3q3Nz.s:189    .text.MX_TIM1_Init:00000000 MX_TIM1_Init
C:\Users\matve\AppData\Local\Temp\ccC3q3Nz.s:236    .text.MX_TIM1_Init:0000005c $d
C:\Users\matve\AppData\Local\Temp\ccC3q3Nz.s:498    .bss.htim1:00000000 htim1
C:\Users\matve\AppData\Local\Temp\ccC3q3Nz.s:240    .text.MX_TIM3_Init:00000000 $t
C:\Users\matve\AppData\Local\Temp\ccC3q3Nz.s:245    .text.MX_TIM3_Init:00000000 MX_TIM3_Init
C:\Users\matve\AppData\Local\Temp\ccC3q3Nz.s:294    .text.MX_TIM3_Init:00000060 $d
C:\Users\matve\AppData\Local\Temp\ccC3q3Nz.s:484    .bss.htim3:00000000 htim3
C:\Users\matve\AppData\Local\Temp\ccC3q3Nz.s:298    .text.MX_TIM4_Init:00000000 $t
C:\Users\matve\AppData\Local\Temp\ccC3q3Nz.s:303    .text.MX_TIM4_Init:00000000 MX_TIM4_Init
C:\Users\matve\AppData\Local\Temp\ccC3q3Nz.s:378    .text.MX_TIM4_Init:0000009c $d
C:\Users\matve\AppData\Local\Temp\ccC3q3Nz.s:477    .bss.htim4:00000000 htim4
C:\Users\matve\AppData\Local\Temp\ccC3q3Nz.s:382    .text.SystemClock_Config:00000000 $t
C:\Users\matve\AppData\Local\Temp\ccC3q3Nz.s:388    .text.SystemClock_Config:00000000 SystemClock_Config
C:\Users\matve\AppData\Local\Temp\ccC3q3Nz.s:450    .text.main:00000000 $t
C:\Users\matve\AppData\Local\Temp\ccC3q3Nz.s:456    .text.main:00000000 main
C:\Users\matve\AppData\Local\Temp\ccC3q3Nz.s:474    .bss.htim4:00000000 $d
C:\Users\matve\AppData\Local\Temp\ccC3q3Nz.s:481    .bss.htim3:00000000 $d
C:\Users\matve\AppData\Local\Temp\ccC3q3Nz.s:488    .bss.htim2:00000000 $d
C:\Users\matve\AppData\Local\Temp\ccC3q3Nz.s:495    .bss.htim1:00000000 $d

UNDEFINED SYMBOLS
HAL_GPIO_WritePin
HAL_GPIO_Init
HAL_TIM_Base_Init
HAL_TIM_ConfigClockSource
HAL_TIM_PWM_Init
HAL_TIMEx_MasterConfigSynchronization
HAL_TIM_PWM_ConfigChannel
HAL_TIM_MspPostInit
memset
HAL_TIM_Encoder_Init
HAL_RCC_OscConfig
HAL_RCC_ClockConfig
HAL_RCCEx_PeriphCLKConfig
HAL_Init
MX_USB_DEVICE_Init
