ARM GAS  C:\Users\matve\AppData\Local\Temp\ccZgYFzV.s 			page 1


   1              		.cpu cortex-m3
   2              		.arch armv7-m
   3              		.fpu softvfp
   4              		.eabi_attribute 20, 1
   5              		.eabi_attribute 21, 1
   6              		.eabi_attribute 23, 3
   7              		.eabi_attribute 24, 1
   8              		.eabi_attribute 25, 1
   9              		.eabi_attribute 26, 1
  10              		.eabi_attribute 30, 1
  11              		.eabi_attribute 34, 1
  12              		.eabi_attribute 18, 4
  13              		.file	"stm32f1xx_it.c"
  14              		.text
  15              		.section	.text.NMI_Handler,"ax",%progbits
  16              		.align	1
  17              		.global	NMI_Handler
  18              		.syntax unified
  19              		.thumb
  20              		.thumb_func
  22              	NMI_Handler:
  23              		@ Volatile: function does not return.
  24              		@ args = 0, pretend = 0, frame = 0
  25              		@ frame_needed = 0, uses_anonymous_args = 0
  26              		@ link register save eliminated.
  27              	.L2:
  28 0000 FEE7     		b	.L2
  30              		.section	.text.HardFault_Handler,"ax",%progbits
  31              		.align	1
  32              		.global	HardFault_Handler
  33              		.syntax unified
  34              		.thumb
  35              		.thumb_func
  37              	HardFault_Handler:
  38              		@ Volatile: function does not return.
  39              		@ args = 0, pretend = 0, frame = 0
  40              		@ frame_needed = 0, uses_anonymous_args = 0
  41              		@ link register save eliminated.
  42              	.L4:
  43 0000 FEE7     		b	.L4
  45              		.section	.text.MemManage_Handler,"ax",%progbits
  46              		.align	1
  47              		.global	MemManage_Handler
  48              		.syntax unified
  49              		.thumb
  50              		.thumb_func
  52              	MemManage_Handler:
  53              		@ Volatile: function does not return.
  54              		@ args = 0, pretend = 0, frame = 0
  55              		@ frame_needed = 0, uses_anonymous_args = 0
  56              		@ link register save eliminated.
  57              	.L6:
  58 0000 FEE7     		b	.L6
  60              		.section	.text.BusFault_Handler,"ax",%progbits
  61              		.align	1
  62              		.global	BusFault_Handler
  63              		.syntax unified
ARM GAS  C:\Users\matve\AppData\Local\Temp\ccZgYFzV.s 			page 2


  64              		.thumb
  65              		.thumb_func
  67              	BusFault_Handler:
  68              		@ Volatile: function does not return.
  69              		@ args = 0, pretend = 0, frame = 0
  70              		@ frame_needed = 0, uses_anonymous_args = 0
  71              		@ link register save eliminated.
  72              	.L8:
  73 0000 FEE7     		b	.L8
  75              		.section	.text.UsageFault_Handler,"ax",%progbits
  76              		.align	1
  77              		.global	UsageFault_Handler
  78              		.syntax unified
  79              		.thumb
  80              		.thumb_func
  82              	UsageFault_Handler:
  83              		@ Volatile: function does not return.
  84              		@ args = 0, pretend = 0, frame = 0
  85              		@ frame_needed = 0, uses_anonymous_args = 0
  86              		@ link register save eliminated.
  87              	.L10:
  88 0000 FEE7     		b	.L10
  90              		.section	.text.SVC_Handler,"ax",%progbits
  91              		.align	1
  92              		.global	SVC_Handler
  93              		.syntax unified
  94              		.thumb
  95              		.thumb_func
  97              	SVC_Handler:
  98              		@ args = 0, pretend = 0, frame = 0
  99              		@ frame_needed = 0, uses_anonymous_args = 0
 100              		@ link register save eliminated.
 101 0000 7047     		bx	lr
 103              		.section	.text.DebugMon_Handler,"ax",%progbits
 104              		.align	1
 105              		.global	DebugMon_Handler
 106              		.syntax unified
 107              		.thumb
 108              		.thumb_func
 110              	DebugMon_Handler:
 111              		@ args = 0, pretend = 0, frame = 0
 112              		@ frame_needed = 0, uses_anonymous_args = 0
 113              		@ link register save eliminated.
 114 0000 7047     		bx	lr
 116              		.section	.text.PendSV_Handler,"ax",%progbits
 117              		.align	1
 118              		.global	PendSV_Handler
 119              		.syntax unified
 120              		.thumb
 121              		.thumb_func
 123              	PendSV_Handler:
 124              		@ args = 0, pretend = 0, frame = 0
 125              		@ frame_needed = 0, uses_anonymous_args = 0
 126              		@ link register save eliminated.
 127 0000 7047     		bx	lr
 129              		.section	.text.SysTick_Handler,"ax",%progbits
 130              		.align	1
ARM GAS  C:\Users\matve\AppData\Local\Temp\ccZgYFzV.s 			page 3


 131              		.global	SysTick_Handler
 132              		.syntax unified
 133              		.thumb
 134              		.thumb_func
 136              	SysTick_Handler:
 137              		@ args = 0, pretend = 0, frame = 0
 138              		@ frame_needed = 0, uses_anonymous_args = 0
 139 0000 08B5     		push	{r3, lr}
 140 0002 FFF7FEFF 		bl	HAL_IncTick
 141 0006 08BD     		pop	{r3, pc}
 143              		.section	.text.USB_LP_CAN1_RX0_IRQHandler,"ax",%progbits
 144              		.align	1
 145              		.global	USB_LP_CAN1_RX0_IRQHandler
 146              		.syntax unified
 147              		.thumb
 148              		.thumb_func
 150              	USB_LP_CAN1_RX0_IRQHandler:
 151              		@ args = 0, pretend = 0, frame = 0
 152              		@ frame_needed = 0, uses_anonymous_args = 0
 153 0000 08B5     		push	{r3, lr}
 154 0002 0248     		ldr	r0, .L18
 155 0004 FFF7FEFF 		bl	HAL_PCD_IRQHandler
 156 0008 08BD     		pop	{r3, pc}
 157              	.L19:
 158 000a 00BF     		.align	2
 159              	.L18:
 160 000c 00000000 		.word	hpcd_USB_FS
 162              		.section	.text.TIM3_IRQHandler,"ax",%progbits
 163              		.align	1
 164              		.global	TIM3_IRQHandler
 165              		.syntax unified
 166              		.thumb
 167              		.thumb_func
 169              	TIM3_IRQHandler:
 170              		@ args = 0, pretend = 0, frame = 0
 171              		@ frame_needed = 0, uses_anonymous_args = 0
 172 0000 08B5     		push	{r3, lr}
 173 0002 0248     		ldr	r0, .L22
 174 0004 FFF7FEFF 		bl	HAL_TIM_IRQHandler
 175 0008 08BD     		pop	{r3, pc}
 176              	.L23:
 177 000a 00BF     		.align	2
 178              	.L22:
 179 000c 00000000 		.word	htim3
 181              		.ident	"GCC: (xPack GNU Arm Embedded GCC x86_64) 13.2.1 20231009"
ARM GAS  C:\Users\matve\AppData\Local\Temp\ccZgYFzV.s 			page 4


DEFINED SYMBOLS
                            *ABS*:00000000 stm32f1xx_it.c
C:\Users\matve\AppData\Local\Temp\ccZgYFzV.s:16     .text.NMI_Handler:00000000 $t
C:\Users\matve\AppData\Local\Temp\ccZgYFzV.s:22     .text.NMI_Handler:00000000 NMI_Handler
C:\Users\matve\AppData\Local\Temp\ccZgYFzV.s:31     .text.HardFault_Handler:00000000 $t
C:\Users\matve\AppData\Local\Temp\ccZgYFzV.s:37     .text.HardFault_Handler:00000000 HardFault_Handler
C:\Users\matve\AppData\Local\Temp\ccZgYFzV.s:46     .text.MemManage_Handler:00000000 $t
C:\Users\matve\AppData\Local\Temp\ccZgYFzV.s:52     .text.MemManage_Handler:00000000 MemManage_Handler
C:\Users\matve\AppData\Local\Temp\ccZgYFzV.s:61     .text.BusFault_Handler:00000000 $t
C:\Users\matve\AppData\Local\Temp\ccZgYFzV.s:67     .text.BusFault_Handler:00000000 BusFault_Handler
C:\Users\matve\AppData\Local\Temp\ccZgYFzV.s:76     .text.UsageFault_Handler:00000000 $t
C:\Users\matve\AppData\Local\Temp\ccZgYFzV.s:82     .text.UsageFault_Handler:00000000 UsageFault_Handler
C:\Users\matve\AppData\Local\Temp\ccZgYFzV.s:91     .text.SVC_Handler:00000000 $t
C:\Users\matve\AppData\Local\Temp\ccZgYFzV.s:97     .text.SVC_Handler:00000000 SVC_Handler
C:\Users\matve\AppData\Local\Temp\ccZgYFzV.s:104    .text.DebugMon_Handler:00000000 $t
C:\Users\matve\AppData\Local\Temp\ccZgYFzV.s:110    .text.DebugMon_Handler:00000000 DebugMon_Handler
C:\Users\matve\AppData\Local\Temp\ccZgYFzV.s:117    .text.PendSV_Handler:00000000 $t
C:\Users\matve\AppData\Local\Temp\ccZgYFzV.s:123    .text.PendSV_Handler:00000000 PendSV_Handler
C:\Users\matve\AppData\Local\Temp\ccZgYFzV.s:130    .text.SysTick_Handler:00000000 $t
C:\Users\matve\AppData\Local\Temp\ccZgYFzV.s:136    .text.SysTick_Handler:00000000 SysTick_Handler
C:\Users\matve\AppData\Local\Temp\ccZgYFzV.s:144    .text.USB_LP_CAN1_RX0_IRQHandler:00000000 $t
C:\Users\matve\AppData\Local\Temp\ccZgYFzV.s:150    .text.USB_LP_CAN1_RX0_IRQHandler:00000000 USB_LP_CAN1_RX0_IRQHandler
C:\Users\matve\AppData\Local\Temp\ccZgYFzV.s:160    .text.USB_LP_CAN1_RX0_IRQHandler:0000000c $d
C:\Users\matve\AppData\Local\Temp\ccZgYFzV.s:163    .text.TIM3_IRQHandler:00000000 $t
C:\Users\matve\AppData\Local\Temp\ccZgYFzV.s:169    .text.TIM3_IRQHandler:00000000 TIM3_IRQHandler
C:\Users\matve\AppData\Local\Temp\ccZgYFzV.s:179    .text.TIM3_IRQHandler:0000000c $d

UNDEFINED SYMBOLS
HAL_IncTick
HAL_PCD_IRQHandler
hpcd_USB_FS
HAL_TIM_IRQHandler
htim3
