ARM GAS  C:\Users\matve\AppData\Local\Temp\ccVW8kkg.s 			page 1


   1              		.cpu cortex-m3
   2              		.arch armv7-m
   3              		.fpu softvfp
   4              		.eabi_attribute 20, 1
   5              		.eabi_attribute 21, 1
   6              		.eabi_attribute 23, 3
   7              		.eabi_attribute 24, 1
   8              		.eabi_attribute 25, 1
   9              		.eabi_attribute 26, 1
  10              		.eabi_attribute 30, 1
  11              		.eabi_attribute 34, 1
  12              		.eabi_attribute 18, 4
  13              		.file	"stm32f1xx_hal_pcd.c"
  14              		.text
  15              		.section	.text.HAL_PCD_EP_DB_Receive,"ax",%progbits
  16              		.align	1
  17              		.syntax unified
  18              		.thumb
  19              		.thumb_func
  21              	HAL_PCD_EP_DB_Receive:
  22              		@ args = 0, pretend = 0, frame = 0
  23              		@ frame_needed = 0, uses_anonymous_args = 0
  24 0000 38B5     		push	{r3, r4, r5, lr}
  25 0002 12F4804F 		tst	r2, #16384
  26 0006 44D0     		beq	.L2
  27 0008 0468     		ldr	r4, [r0]
  28 000a B4F85030 		ldrh	r3, [r4, #80]
  29 000e 9BB2     		uxth	r3, r3
  30 0010 91F800C0 		ldrb	ip, [r1]	@ zero_extendqisi2
  31 0014 03EBCC03 		add	r3, r3, ip, lsl #3
  32 0018 0233     		adds	r3, r3, #2
  33 001a 04EB4304 		add	r4, r4, r3, lsl #1
  34 001e B4F80044 		ldrh	r4, [r4, #1024]
  35 0022 C4F30904 		ubfx	r4, r4, #0, #10
  36 0026 8B69     		ldr	r3, [r1, #24]
  37 0028 A342     		cmp	r3, r4
  38 002a 28D3     		bcc	.L3
  39 002c 1B1B     		subs	r3, r3, r4
  40 002e 8B61     		str	r3, [r1, #24]
  41              	.L4:
  42 0030 8B69     		ldr	r3, [r1, #24]
  43 0032 7BB9     		cbnz	r3, .L5
  44 0034 0568     		ldr	r5, [r0]
  45 0036 35F82C30 		ldrh	r3, [r5, ip, lsl #2]
  46 003a 9BB2     		uxth	r3, r3
  47 003c 23F48043 		bic	r3, r3, #16384
  48 0040 23F07003 		bic	r3, r3, #112
  49 0044 83F40053 		eor	r3, r3, #8192
  50 0048 43F40043 		orr	r3, r3, #32768
  51 004c 43F08003 		orr	r3, r3, #128
  52 0050 25F82C30 		strh	r3, [r5, ip, lsl #2]	@ movhi
  53              	.L5:
  54 0054 12F0400F 		tst	r2, #64
  55 0058 0ED0     		beq	.L6
  56 005a 0268     		ldr	r2, [r0]
  57 005c 0D78     		ldrb	r5, [r1]	@ zero_extendqisi2
  58 005e 32F82530 		ldrh	r3, [r2, r5, lsl #2]
ARM GAS  C:\Users\matve\AppData\Local\Temp\ccVW8kkg.s 			page 2


  59 0062 9BB2     		uxth	r3, r3
  60 0064 23F4E043 		bic	r3, r3, #28672
  61 0068 23F07003 		bic	r3, r3, #112
  62 006c 43F40043 		orr	r3, r3, #32768
  63 0070 43F0C003 		orr	r3, r3, #192
  64 0074 22F82530 		strh	r3, [r2, r5, lsl #2]	@ movhi
  65              	.L6:
  66 0078 24B9     		cbnz	r4, .L13
  67              	.L7:
  68 007a 2046     		mov	r0, r4
  69 007c 38BD     		pop	{r3, r4, r5, pc}
  70              	.L3:
  71 007e 0023     		movs	r3, #0
  72 0080 8B61     		str	r3, [r1, #24]
  73 0082 D5E7     		b	.L4
  74              	.L13:
  75 0084 2346     		mov	r3, r4
  76 0086 0A89     		ldrh	r2, [r1, #8]
  77 0088 4969     		ldr	r1, [r1, #20]
  78 008a 0068     		ldr	r0, [r0]
  79 008c FFF7FEFF 		bl	USB_ReadPMA
  80 0090 F3E7     		b	.L7
  81              	.L2:
  82 0092 0468     		ldr	r4, [r0]
  83 0094 B4F85030 		ldrh	r3, [r4, #80]
  84 0098 9BB2     		uxth	r3, r3
  85 009a 91F800C0 		ldrb	ip, [r1]	@ zero_extendqisi2
  86 009e 03EBCC03 		add	r3, r3, ip, lsl #3
  87 00a2 0633     		adds	r3, r3, #6
  88 00a4 04EB4304 		add	r4, r4, r3, lsl #1
  89 00a8 B4F80044 		ldrh	r4, [r4, #1024]
  90 00ac C4F30904 		ubfx	r4, r4, #0, #10
  91 00b0 8B69     		ldr	r3, [r1, #24]
  92 00b2 A342     		cmp	r3, r4
  93 00b4 2FD3     		bcc	.L8
  94 00b6 1B1B     		subs	r3, r3, r4
  95 00b8 8B61     		str	r3, [r1, #24]
  96              	.L9:
  97 00ba 8B69     		ldr	r3, [r1, #24]
  98 00bc 7BB9     		cbnz	r3, .L10
  99 00be 0568     		ldr	r5, [r0]
 100 00c0 35F82C30 		ldrh	r3, [r5, ip, lsl #2]
 101 00c4 9BB2     		uxth	r3, r3
 102 00c6 23F48043 		bic	r3, r3, #16384
 103 00ca 23F07003 		bic	r3, r3, #112
 104 00ce 83F40053 		eor	r3, r3, #8192
 105 00d2 43F40043 		orr	r3, r3, #32768
 106 00d6 43F08003 		orr	r3, r3, #128
 107 00da 25F82C30 		strh	r3, [r5, ip, lsl #2]	@ movhi
 108              	.L10:
 109 00de 12F0400F 		tst	r2, #64
 110 00e2 0FD1     		bne	.L11
 111 00e4 0268     		ldr	r2, [r0]
 112 00e6 91F800C0 		ldrb	ip, [r1]	@ zero_extendqisi2
 113 00ea 32F82C30 		ldrh	r3, [r2, ip, lsl #2]
 114 00ee 9BB2     		uxth	r3, r3
 115 00f0 23F4E043 		bic	r3, r3, #28672
ARM GAS  C:\Users\matve\AppData\Local\Temp\ccVW8kkg.s 			page 3


 116 00f4 23F07003 		bic	r3, r3, #112
 117 00f8 43F40043 		orr	r3, r3, #32768
 118 00fc 43F0C003 		orr	r3, r3, #192
 119 0100 22F82C30 		strh	r3, [r2, ip, lsl #2]	@ movhi
 120              	.L11:
 121 0104 002C     		cmp	r4, #0
 122 0106 B8D0     		beq	.L7
 123 0108 2346     		mov	r3, r4
 124 010a 4A89     		ldrh	r2, [r1, #10]
 125 010c 4969     		ldr	r1, [r1, #20]
 126 010e 0068     		ldr	r0, [r0]
 127 0110 FFF7FEFF 		bl	USB_ReadPMA
 128 0114 B1E7     		b	.L7
 129              	.L8:
 130 0116 0023     		movs	r3, #0
 131 0118 8B61     		str	r3, [r1, #24]
 132 011a CEE7     		b	.L9
 134              		.section	.text.HAL_PCD_MspInit,"ax",%progbits
 135              		.align	1
 136              		.weak	HAL_PCD_MspInit
 137              		.syntax unified
 138              		.thumb
 139              		.thumb_func
 141              	HAL_PCD_MspInit:
 142              		@ args = 0, pretend = 0, frame = 0
 143              		@ frame_needed = 0, uses_anonymous_args = 0
 144              		@ link register save eliminated.
 145 0000 7047     		bx	lr
 147              		.section	.text.HAL_PCD_Init,"ax",%progbits
 148              		.align	1
 149              		.global	HAL_PCD_Init
 150              		.syntax unified
 151              		.thumb
 152              		.thumb_func
 154              	HAL_PCD_Init:
 155              		@ args = 0, pretend = 0, frame = 0
 156              		@ frame_needed = 0, uses_anonymous_args = 0
 157 0000 70B5     		push	{r4, r5, r6, lr}
 158 0002 86B0     		sub	sp, sp, #24
 159 0004 0028     		cmp	r0, #0
 160 0006 00F08180 		beq	.L24
 161 000a 0446     		mov	r4, r0
 162 000c 90F8A932 		ldrb	r3, [r0, #681]	@ zero_extendqisi2
 163 0010 EBB1     		cbz	r3, .L26
 164              	.L17:
 165 0012 0323     		movs	r3, #3
 166 0014 84F8A932 		strb	r3, [r4, #681]
 167 0018 2068     		ldr	r0, [r4]
 168 001a FFF7FEFF 		bl	USB_DisableGlobalInt
 169 001e 2546     		mov	r5, r4
 170 0020 55F8106B 		ldr	r6, [r5], #16
 171 0024 EC46     		mov	ip, sp
 172 0026 0FCD     		ldmia	r5!, {r0, r1, r2, r3}
 173 0028 ACE80F00 		stmia	ip!, {r0, r1, r2, r3}
 174 002c 2B68     		ldr	r3, [r5]
 175 002e CCF80030 		str	r3, [ip]
 176 0032 231D     		adds	r3, r4, #4
ARM GAS  C:\Users\matve\AppData\Local\Temp\ccVW8kkg.s 			page 4


 177 0034 0ECB     		ldm	r3, {r1, r2, r3}
 178 0036 3046     		mov	r0, r6
 179 0038 FFF7FEFF 		bl	USB_CoreInit
 180 003c 0546     		mov	r5, r0
 181 003e 58B1     		cbz	r0, .L18
 182 0040 0223     		movs	r3, #2
 183 0042 84F8A932 		strb	r3, [r4, #681]
 184 0046 0125     		movs	r5, #1
 185              	.L16:
 186 0048 2846     		mov	r0, r5
 187 004a 06B0     		add	sp, sp, #24
 188              		@ sp needed
 189 004c 70BD     		pop	{r4, r5, r6, pc}
 190              	.L26:
 191 004e 80F8A832 		strb	r3, [r0, #680]
 192 0052 FFF7FEFF 		bl	HAL_PCD_MspInit
 193 0056 DCE7     		b	.L17
 194              	.L18:
 195 0058 0021     		movs	r1, #0
 196 005a 2068     		ldr	r0, [r4]
 197 005c FFF7FEFF 		bl	USB_SetCurrentMode
 198 0060 2B46     		mov	r3, r5
 199 0062 16E0     		b	.L19
 200              	.L20:
 201 0064 5A1C     		adds	r2, r3, #1
 202 0066 02EB8201 		add	r1, r2, r2, lsl #2
 203 006a 04EBC101 		add	r1, r4, r1, lsl #3
 204 006e 0120     		movs	r0, #1
 205 0070 4870     		strb	r0, [r1, #1]
 206 0072 02EB8201 		add	r1, r2, r2, lsl #2
 207 0076 04F83130 		strb	r3, [r4, r1, lsl #3]
 208 007a 04EBC100 		add	r0, r4, r1, lsl #3
 209 007e 0021     		movs	r1, #0
 210 0080 C170     		strb	r1, [r0, #3]
 211 0082 03EB8300 		add	r0, r3, r3, lsl #2
 212 0086 04EBC000 		add	r0, r4, r0, lsl #3
 213 008a 8163     		str	r1, [r0, #56]
 214 008c C163     		str	r1, [r0, #60]
 215 008e 0164     		str	r1, [r0, #64]
 216 0090 D3B2     		uxtb	r3, r2
 217              	.L19:
 218 0092 6168     		ldr	r1, [r4, #4]
 219 0094 8B42     		cmp	r3, r1
 220 0096 E5D3     		bcc	.L20
 221 0098 16E0     		b	.L21
 222              	.L22:
 223 009a 05EB8503 		add	r3, r5, r5, lsl #2
 224 009e 04EBC303 		add	r3, r4, r3, lsl #3
 225 00a2 0022     		movs	r2, #0
 226 00a4 83F86921 		strb	r2, [r3, #361]
 227 00a8 83F86851 		strb	r5, [r3, #360]
 228 00ac 83F86B21 		strb	r2, [r3, #363]
 229 00b0 C3F87821 		str	r2, [r3, #376]
 230 00b4 C3F87C21 		str	r2, [r3, #380]
 231 00b8 05EB8503 		add	r3, r5, r5, lsl #2
 232 00bc 04EBC303 		add	r3, r4, r3, lsl #3
 233 00c0 C3F88021 		str	r2, [r3, #384]
ARM GAS  C:\Users\matve\AppData\Local\Temp\ccVW8kkg.s 			page 5


 234 00c4 0135     		adds	r5, r5, #1
 235 00c6 EDB2     		uxtb	r5, r5
 236              	.L21:
 237 00c8 A942     		cmp	r1, r5
 238 00ca E6D8     		bhi	.L22
 239 00cc 2546     		mov	r5, r4
 240 00ce 55F8106B 		ldr	r6, [r5], #16
 241 00d2 EC46     		mov	ip, sp
 242 00d4 0FCD     		ldmia	r5!, {r0, r1, r2, r3}
 243 00d6 ACE80F00 		stmia	ip!, {r0, r1, r2, r3}
 244 00da 2B68     		ldr	r3, [r5]
 245 00dc CCF80030 		str	r3, [ip]
 246 00e0 231D     		adds	r3, r4, #4
 247 00e2 0ECB     		ldm	r3, {r1, r2, r3}
 248 00e4 3046     		mov	r0, r6
 249 00e6 FFF7FEFF 		bl	USB_DevInit
 250 00ea 0546     		mov	r5, r0
 251 00ec 20B1     		cbz	r0, .L23
 252 00ee 0223     		movs	r3, #2
 253 00f0 84F8A932 		strb	r3, [r4, #681]
 254 00f4 0125     		movs	r5, #1
 255 00f6 A7E7     		b	.L16
 256              	.L23:
 257 00f8 0023     		movs	r3, #0
 258 00fa 84F82430 		strb	r3, [r4, #36]
 259 00fe 0123     		movs	r3, #1
 260 0100 84F8A932 		strb	r3, [r4, #681]
 261 0104 2068     		ldr	r0, [r4]
 262 0106 FFF7FEFF 		bl	USB_DevDisconnect
 263 010a 9DE7     		b	.L16
 264              	.L24:
 265 010c 0125     		movs	r5, #1
 266 010e 9BE7     		b	.L16
 268              		.section	.text.HAL_PCD_MspDeInit,"ax",%progbits
 269              		.align	1
 270              		.weak	HAL_PCD_MspDeInit
 271              		.syntax unified
 272              		.thumb
 273              		.thumb_func
 275              	HAL_PCD_MspDeInit:
 276              		@ args = 0, pretend = 0, frame = 0
 277              		@ frame_needed = 0, uses_anonymous_args = 0
 278              		@ link register save eliminated.
 279 0000 7047     		bx	lr
 281              		.section	.text.HAL_PCD_DeInit,"ax",%progbits
 282              		.align	1
 283              		.global	HAL_PCD_DeInit
 284              		.syntax unified
 285              		.thumb
 286              		.thumb_func
 288              	HAL_PCD_DeInit:
 289              		@ args = 0, pretend = 0, frame = 0
 290              		@ frame_needed = 0, uses_anonymous_args = 0
 291 0000 38B5     		push	{r3, r4, r5, lr}
 292 0002 90B1     		cbz	r0, .L30
 293 0004 0446     		mov	r4, r0
 294 0006 0323     		movs	r3, #3
ARM GAS  C:\Users\matve\AppData\Local\Temp\ccVW8kkg.s 			page 6


 295 0008 80F8A932 		strb	r3, [r0, #681]
 296 000c 0068     		ldr	r0, [r0]
 297 000e FFF7FEFF 		bl	USB_StopDevice
 298 0012 0546     		mov	r5, r0
 299 0014 10B1     		cbz	r0, .L33
 300 0016 0125     		movs	r5, #1
 301              	.L29:
 302 0018 2846     		mov	r0, r5
 303 001a 38BD     		pop	{r3, r4, r5, pc}
 304              	.L33:
 305 001c 2046     		mov	r0, r4
 306 001e FFF7FEFF 		bl	HAL_PCD_MspDeInit
 307 0022 0023     		movs	r3, #0
 308 0024 84F8A932 		strb	r3, [r4, #681]
 309 0028 F6E7     		b	.L29
 310              	.L30:
 311 002a 0125     		movs	r5, #1
 312 002c F4E7     		b	.L29
 314              		.section	.text.HAL_PCD_Start,"ax",%progbits
 315              		.align	1
 316              		.global	HAL_PCD_Start
 317              		.syntax unified
 318              		.thumb
 319              		.thumb_func
 321              	HAL_PCD_Start:
 322              		@ args = 0, pretend = 0, frame = 0
 323              		@ frame_needed = 0, uses_anonymous_args = 0
 324 0000 38B5     		push	{r3, r4, r5, lr}
 325 0002 90F8A832 		ldrb	r3, [r0, #680]	@ zero_extendqisi2
 326 0006 012B     		cmp	r3, #1
 327 0008 11D0     		beq	.L36
 328 000a 0446     		mov	r4, r0
 329 000c 0125     		movs	r5, #1
 330 000e 80F8A852 		strb	r5, [r0, #680]
 331 0012 0068     		ldr	r0, [r0]
 332 0014 FFF7FEFF 		bl	USB_EnableGlobalInt
 333 0018 2946     		mov	r1, r5
 334 001a 2046     		mov	r0, r4
 335 001c FFF7FEFF 		bl	HAL_PCDEx_SetConnectionState
 336 0020 2068     		ldr	r0, [r4]
 337 0022 FFF7FEFF 		bl	USB_DevConnect
 338 0026 0020     		movs	r0, #0
 339 0028 84F8A802 		strb	r0, [r4, #680]
 340              	.L35:
 341 002c 38BD     		pop	{r3, r4, r5, pc}
 342              	.L36:
 343 002e 0220     		movs	r0, #2
 344 0030 FCE7     		b	.L35
 346              		.section	.text.HAL_PCD_Stop,"ax",%progbits
 347              		.align	1
 348              		.global	HAL_PCD_Stop
 349              		.syntax unified
 350              		.thumb
 351              		.thumb_func
 353              	HAL_PCD_Stop:
 354              		@ args = 0, pretend = 0, frame = 0
 355              		@ frame_needed = 0, uses_anonymous_args = 0
ARM GAS  C:\Users\matve\AppData\Local\Temp\ccVW8kkg.s 			page 7


 356 0000 90F8A832 		ldrb	r3, [r0, #680]	@ zero_extendqisi2
 357 0004 012B     		cmp	r3, #1
 358 0006 12D0     		beq	.L40
 359 0008 10B5     		push	{r4, lr}
 360 000a 0446     		mov	r4, r0
 361 000c 0123     		movs	r3, #1
 362 000e 80F8A832 		strb	r3, [r0, #680]
 363 0012 0068     		ldr	r0, [r0]
 364 0014 FFF7FEFF 		bl	USB_DisableGlobalInt
 365 0018 0021     		movs	r1, #0
 366 001a 2046     		mov	r0, r4
 367 001c FFF7FEFF 		bl	HAL_PCDEx_SetConnectionState
 368 0020 2068     		ldr	r0, [r4]
 369 0022 FFF7FEFF 		bl	USB_DevDisconnect
 370 0026 0020     		movs	r0, #0
 371 0028 84F8A802 		strb	r0, [r4, #680]
 372 002c 10BD     		pop	{r4, pc}
 373              	.L40:
 374 002e 0220     		movs	r0, #2
 375 0030 7047     		bx	lr
 377              		.section	.text.HAL_PCD_WKUP_IRQHandler,"ax",%progbits
 378              		.align	1
 379              		.global	HAL_PCD_WKUP_IRQHandler
 380              		.syntax unified
 381              		.thumb
 382              		.thumb_func
 384              	HAL_PCD_WKUP_IRQHandler:
 385              		@ args = 0, pretend = 0, frame = 0
 386              		@ frame_needed = 0, uses_anonymous_args = 0
 387              		@ link register save eliminated.
 388 0000 024B     		ldr	r3, .L46
 389 0002 4FF48022 		mov	r2, #262144
 390 0006 5A61     		str	r2, [r3, #20]
 391 0008 7047     		bx	lr
 392              	.L47:
 393 000a 00BF     		.align	2
 394              	.L46:
 395 000c 00040140 		.word	1073808384
 397              		.section	.text.HAL_PCD_DataOutStageCallback,"ax",%progbits
 398              		.align	1
 399              		.weak	HAL_PCD_DataOutStageCallback
 400              		.syntax unified
 401              		.thumb
 402              		.thumb_func
 404              	HAL_PCD_DataOutStageCallback:
 405              		@ args = 0, pretend = 0, frame = 0
 406              		@ frame_needed = 0, uses_anonymous_args = 0
 407              		@ link register save eliminated.
 408 0000 7047     		bx	lr
 410              		.section	.text.HAL_PCD_DataInStageCallback,"ax",%progbits
 411              		.align	1
 412              		.weak	HAL_PCD_DataInStageCallback
 413              		.syntax unified
 414              		.thumb
 415              		.thumb_func
 417              	HAL_PCD_DataInStageCallback:
 418              		@ args = 0, pretend = 0, frame = 0
ARM GAS  C:\Users\matve\AppData\Local\Temp\ccVW8kkg.s 			page 8


 419              		@ frame_needed = 0, uses_anonymous_args = 0
 420              		@ link register save eliminated.
 421 0000 7047     		bx	lr
 423              		.section	.text.HAL_PCD_EP_DB_Transmit,"ax",%progbits
 424              		.align	1
 425              		.syntax unified
 426              		.thumb
 427              		.thumb_func
 429              	HAL_PCD_EP_DB_Transmit:
 430              		@ args = 0, pretend = 0, frame = 0
 431              		@ frame_needed = 0, uses_anonymous_args = 0
 432 0000 70B5     		push	{r4, r5, r6, lr}
 433 0002 0546     		mov	r5, r0
 434 0004 0C46     		mov	r4, r1
 435 0006 1646     		mov	r6, r2
 436 0008 12F0400F 		tst	r2, #64
 437 000c 00F00E81 		beq	.L51
 438 0010 0268     		ldr	r2, [r0]
 439 0012 B2F85030 		ldrh	r3, [r2, #80]
 440 0016 9BB2     		uxth	r3, r3
 441 0018 0978     		ldrb	r1, [r1]	@ zero_extendqisi2
 442 001a 03EBC103 		add	r3, r3, r1, lsl #3
 443 001e 0233     		adds	r3, r3, #2
 444 0020 02EB4302 		add	r2, r2, r3, lsl #1
 445 0024 B2F80024 		ldrh	r2, [r2, #1024]
 446 0028 C2F30902 		ubfx	r2, r2, #0, #10
 447 002c A369     		ldr	r3, [r4, #24]
 448 002e 9342     		cmp	r3, r2
 449 0030 4ED9     		bls	.L52
 450 0032 9B1A     		subs	r3, r3, r2
 451 0034 A361     		str	r3, [r4, #24]
 452              	.L53:
 453 0036 A369     		ldr	r3, [r4, #24]
 454 0038 002B     		cmp	r3, #0
 455 003a 66D1     		bne	.L54
 456 003c 6378     		ldrb	r3, [r4, #1]	@ zero_extendqisi2
 457 003e 002B     		cmp	r3, #0
 458 0040 49D1     		bne	.L55
 459 0042 2B68     		ldr	r3, [r5]
 460 0044 B3F85020 		ldrh	r2, [r3, #80]
 461 0048 92B2     		uxth	r2, r2
 462 004a 1344     		add	r3, r3, r2
 463 004c 03EB0113 		add	r3, r3, r1, lsl #4
 464 0050 B3F80424 		ldrh	r2, [r3, #1028]
 465 0054 C2F30902 		ubfx	r2, r2, #0, #10
 466 0058 A3F80424 		strh	r2, [r3, #1028]	@ movhi
 467 005c B3F80424 		ldrh	r2, [r3, #1028]
 468 0060 6FEA4242 		mvn	r2, r2, lsl #17
 469 0064 6FEA5242 		mvn	r2, r2, lsr #17
 470 0068 92B2     		uxth	r2, r2
 471 006a A3F80424 		strh	r2, [r3, #1028]	@ movhi
 472              	.L56:
 473 006e 2B68     		ldr	r3, [r5]
 474 0070 6278     		ldrb	r2, [r4, #1]	@ zero_extendqisi2
 475 0072 002A     		cmp	r2, #0
 476 0074 3CD1     		bne	.L57
 477 0076 B3F85020 		ldrh	r2, [r3, #80]
ARM GAS  C:\Users\matve\AppData\Local\Temp\ccVW8kkg.s 			page 9


 478 007a 92B2     		uxth	r2, r2
 479 007c 1344     		add	r3, r3, r2
 480 007e 2278     		ldrb	r2, [r4]	@ zero_extendqisi2
 481 0080 03EB0213 		add	r3, r3, r2, lsl #4
 482 0084 B3F80C24 		ldrh	r2, [r3, #1036]
 483 0088 C2F30902 		ubfx	r2, r2, #0, #10
 484 008c A3F80C24 		strh	r2, [r3, #1036]	@ movhi
 485 0090 B3F80C24 		ldrh	r2, [r3, #1036]
 486 0094 6FEA4242 		mvn	r2, r2, lsl #17
 487 0098 6FEA5242 		mvn	r2, r2, lsr #17
 488 009c 92B2     		uxth	r2, r2
 489 009e A3F80C24 		strh	r2, [r3, #1036]	@ movhi
 490              	.L58:
 491 00a2 2178     		ldrb	r1, [r4]	@ zero_extendqisi2
 492 00a4 2846     		mov	r0, r5
 493 00a6 FFF7FEFF 		bl	HAL_PCD_DataInStageCallback
 494 00aa 16F4804F 		tst	r6, #16384
 495 00ae 41D0     		beq	.L59
 496 00b0 2A68     		ldr	r2, [r5]
 497 00b2 2178     		ldrb	r1, [r4]	@ zero_extendqisi2
 498 00b4 32F82130 		ldrh	r3, [r2, r1, lsl #2]
 499 00b8 9BB2     		uxth	r3, r3
 500 00ba 23F4E043 		bic	r3, r3, #28672
 501 00be 23F07003 		bic	r3, r3, #112
 502 00c2 43F44043 		orr	r3, r3, #49152
 503 00c6 43F08003 		orr	r3, r3, #128
 504 00ca 22F82130 		strh	r3, [r2, r1, lsl #2]	@ movhi
 505 00ce 31E0     		b	.L59
 506              	.L52:
 507 00d0 0023     		movs	r3, #0
 508 00d2 A361     		str	r3, [r4, #24]
 509 00d4 AFE7     		b	.L53
 510              	.L55:
 511 00d6 012B     		cmp	r3, #1
 512 00d8 C9D1     		bne	.L56
 513 00da 2B68     		ldr	r3, [r5]
 514 00dc B3F85020 		ldrh	r2, [r3, #80]
 515 00e0 92B2     		uxth	r2, r2
 516 00e2 1344     		add	r3, r3, r2
 517 00e4 03EB0113 		add	r3, r3, r1, lsl #4
 518 00e8 0022     		movs	r2, #0
 519 00ea A3F80424 		strh	r2, [r3, #1028]	@ movhi
 520 00ee BEE7     		b	.L56
 521              	.L57:
 522 00f0 012A     		cmp	r2, #1
 523 00f2 D6D1     		bne	.L58
 524 00f4 B3F85020 		ldrh	r2, [r3, #80]
 525 00f8 92B2     		uxth	r2, r2
 526 00fa 1344     		add	r3, r3, r2
 527 00fc 2278     		ldrb	r2, [r4]	@ zero_extendqisi2
 528 00fe 03EB0213 		add	r3, r3, r2, lsl #4
 529 0102 0022     		movs	r2, #0
 530 0104 A3F80C24 		strh	r2, [r3, #1036]	@ movhi
 531 0108 CBE7     		b	.L58
 532              	.L54:
 533 010a 16F4804F 		tst	r6, #16384
 534 010e 0DD0     		beq	.L60
ARM GAS  C:\Users\matve\AppData\Local\Temp\ccVW8kkg.s 			page 10


 535 0110 2868     		ldr	r0, [r5]
 536 0112 30F82130 		ldrh	r3, [r0, r1, lsl #2]
 537 0116 9BB2     		uxth	r3, r3
 538 0118 23F4E043 		bic	r3, r3, #28672
 539 011c 23F07003 		bic	r3, r3, #112
 540 0120 43F44043 		orr	r3, r3, #49152
 541 0124 43F08003 		orr	r3, r3, #128
 542 0128 20F82130 		strh	r3, [r0, r1, lsl #2]	@ movhi
 543              	.L60:
 544 012c 94F82430 		ldrb	r3, [r4, #36]	@ zero_extendqisi2
 545 0130 012B     		cmp	r3, #1
 546 0132 12D0     		beq	.L88
 547              	.L59:
 548 0134 2A68     		ldr	r2, [r5]
 549 0136 2178     		ldrb	r1, [r4]	@ zero_extendqisi2
 550 0138 32F82130 		ldrh	r3, [r2, r1, lsl #2]
 551 013c 9BB2     		uxth	r3, r3
 552 013e 23F4E043 		bic	r3, r3, #28672
 553 0142 23F04003 		bic	r3, r3, #64
 554 0146 83F03003 		eor	r3, r3, #48
 555 014a 43F40043 		orr	r3, r3, #32768
 556 014e 43F08003 		orr	r3, r3, #128
 557 0152 22F82130 		strh	r3, [r2, r1, lsl #2]	@ movhi
 558 0156 0020     		movs	r0, #0
 559 0158 70BD     		pop	{r4, r5, r6, pc}
 560              	.L88:
 561 015a 6369     		ldr	r3, [r4, #20]
 562 015c 1344     		add	r3, r3, r2
 563 015e 6361     		str	r3, [r4, #20]
 564 0160 E369     		ldr	r3, [r4, #28]
 565 0162 1344     		add	r3, r3, r2
 566 0164 E361     		str	r3, [r4, #28]
 567 0166 216A     		ldr	r1, [r4, #32]
 568 0168 2369     		ldr	r3, [r4, #16]
 569 016a 9942     		cmp	r1, r3
 570 016c 24D3     		bcc	.L61
 571 016e C91A     		subs	r1, r1, r3
 572 0170 2162     		str	r1, [r4, #32]
 573              	.L62:
 574 0172 6278     		ldrb	r2, [r4, #1]	@ zero_extendqisi2
 575 0174 002A     		cmp	r2, #0
 576 0176 44D1     		bne	.L64
 577 0178 2A68     		ldr	r2, [r5]
 578 017a B2F85010 		ldrh	r1, [r2, #80]
 579 017e 89B2     		uxth	r1, r1
 580 0180 0A44     		add	r2, r2, r1
 581 0182 2178     		ldrb	r1, [r4]	@ zero_extendqisi2
 582 0184 02EB0112 		add	r2, r2, r1, lsl #4
 583 0188 B2F80414 		ldrh	r1, [r2, #1028]
 584 018c C1F30901 		ubfx	r1, r1, #0, #10
 585 0190 A2F80414 		strh	r1, [r2, #1028]	@ movhi
 586 0194 3E2B     		cmp	r3, #62
 587 0196 1BD9     		bls	.L65
 588 0198 5809     		lsrs	r0, r3, #5
 589 019a 13F01F0F 		tst	r3, #31
 590 019e 00D1     		bne	.L66
 591 01a0 0138     		subs	r0, r0, #1
ARM GAS  C:\Users\matve\AppData\Local\Temp\ccVW8kkg.s 			page 11


 592              	.L66:
 593 01a2 B2F80414 		ldrh	r1, [r2, #1028]
 594 01a6 89B2     		uxth	r1, r1
 595 01a8 8002     		lsls	r0, r0, #10
 596 01aa 80B2     		uxth	r0, r0
 597 01ac 0143     		orrs	r1, r1, r0
 598 01ae 41F40041 		orr	r1, r1, #32768
 599 01b2 A2F80414 		strh	r1, [r2, #1028]	@ movhi
 600 01b6 26E0     		b	.L67
 601              	.L61:
 602 01b8 21B9     		cbnz	r1, .L63
 603 01ba 0023     		movs	r3, #0
 604 01bc 84F82430 		strb	r3, [r4, #36]
 605 01c0 1346     		mov	r3, r2
 606 01c2 D6E7     		b	.L62
 607              	.L63:
 608 01c4 0023     		movs	r3, #0
 609 01c6 84F82430 		strb	r3, [r4, #36]
 610 01ca 2362     		str	r3, [r4, #32]
 611 01cc 0B46     		mov	r3, r1
 612 01ce D0E7     		b	.L62
 613              	.L65:
 614 01d0 4BB9     		cbnz	r3, .L68
 615 01d2 B2F80414 		ldrh	r1, [r2, #1028]
 616 01d6 6FEA4141 		mvn	r1, r1, lsl #17
 617 01da 6FEA5141 		mvn	r1, r1, lsr #17
 618 01de 89B2     		uxth	r1, r1
 619 01e0 A2F80414 		strh	r1, [r2, #1028]	@ movhi
 620 01e4 0FE0     		b	.L67
 621              	.L68:
 622 01e6 5908     		lsrs	r1, r3, #1
 623 01e8 13F0010F 		tst	r3, #1
 624 01ec 00D0     		beq	.L69
 625 01ee 0131     		adds	r1, r1, #1
 626              	.L69:
 627 01f0 B2F80404 		ldrh	r0, [r2, #1028]
 628 01f4 80B2     		uxth	r0, r0
 629 01f6 8902     		lsls	r1, r1, #10
 630 01f8 89B2     		uxth	r1, r1
 631 01fa 0143     		orrs	r1, r1, r0
 632 01fc A2F80414 		strh	r1, [r2, #1028]	@ movhi
 633 0200 01E0     		b	.L67
 634              	.L64:
 635 0202 012A     		cmp	r2, #1
 636 0204 06D0     		beq	.L89
 637              	.L67:
 638 0206 9BB2     		uxth	r3, r3
 639 0208 2289     		ldrh	r2, [r4, #8]
 640 020a 6169     		ldr	r1, [r4, #20]
 641 020c 2868     		ldr	r0, [r5]
 642 020e FFF7FEFF 		bl	USB_WritePMA
 643 0212 8FE7     		b	.L59
 644              	.L89:
 645 0214 2A68     		ldr	r2, [r5]
 646 0216 B2F85010 		ldrh	r1, [r2, #80]
 647 021a 89B2     		uxth	r1, r1
 648 021c 0A44     		add	r2, r2, r1
ARM GAS  C:\Users\matve\AppData\Local\Temp\ccVW8kkg.s 			page 12


 649 021e 2178     		ldrb	r1, [r4]	@ zero_extendqisi2
 650 0220 02EB0112 		add	r2, r2, r1, lsl #4
 651 0224 99B2     		uxth	r1, r3
 652 0226 A2F80414 		strh	r1, [r2, #1028]	@ movhi
 653 022a ECE7     		b	.L67
 654              	.L51:
 655 022c 0268     		ldr	r2, [r0]
 656 022e B2F85030 		ldrh	r3, [r2, #80]
 657 0232 9BB2     		uxth	r3, r3
 658 0234 0978     		ldrb	r1, [r1]	@ zero_extendqisi2
 659 0236 03EBC103 		add	r3, r3, r1, lsl #3
 660 023a 0633     		adds	r3, r3, #6
 661 023c 02EB4302 		add	r2, r2, r3, lsl #1
 662 0240 B2F80024 		ldrh	r2, [r2, #1024]
 663 0244 C2F30902 		ubfx	r2, r2, #0, #10
 664 0248 A369     		ldr	r3, [r4, #24]
 665 024a 9342     		cmp	r3, r2
 666 024c 4FD3     		bcc	.L70
 667 024e 9B1A     		subs	r3, r3, r2
 668 0250 A361     		str	r3, [r4, #24]
 669              	.L71:
 670 0252 A369     		ldr	r3, [r4, #24]
 671 0254 002B     		cmp	r3, #0
 672 0256 67D1     		bne	.L72
 673 0258 6378     		ldrb	r3, [r4, #1]	@ zero_extendqisi2
 674 025a 002B     		cmp	r3, #0
 675 025c 4AD1     		bne	.L73
 676 025e 2B68     		ldr	r3, [r5]
 677 0260 B3F85020 		ldrh	r2, [r3, #80]
 678 0264 92B2     		uxth	r2, r2
 679 0266 1344     		add	r3, r3, r2
 680 0268 03EB0113 		add	r3, r3, r1, lsl #4
 681 026c B3F80424 		ldrh	r2, [r3, #1028]
 682 0270 C2F30902 		ubfx	r2, r2, #0, #10
 683 0274 A3F80424 		strh	r2, [r3, #1028]	@ movhi
 684 0278 B3F80424 		ldrh	r2, [r3, #1028]
 685 027c 6FEA4242 		mvn	r2, r2, lsl #17
 686 0280 6FEA5242 		mvn	r2, r2, lsr #17
 687 0284 92B2     		uxth	r2, r2
 688 0286 A3F80424 		strh	r2, [r3, #1028]	@ movhi
 689              	.L74:
 690 028a 2B68     		ldr	r3, [r5]
 691 028c 6278     		ldrb	r2, [r4, #1]	@ zero_extendqisi2
 692 028e 002A     		cmp	r2, #0
 693 0290 3DD1     		bne	.L75
 694 0292 B3F85020 		ldrh	r2, [r3, #80]
 695 0296 92B2     		uxth	r2, r2
 696 0298 1344     		add	r3, r3, r2
 697 029a 2278     		ldrb	r2, [r4]	@ zero_extendqisi2
 698 029c 03EB0213 		add	r3, r3, r2, lsl #4
 699 02a0 B3F80C24 		ldrh	r2, [r3, #1036]
 700 02a4 C2F30902 		ubfx	r2, r2, #0, #10
 701 02a8 A3F80C24 		strh	r2, [r3, #1036]	@ movhi
 702 02ac B3F80C24 		ldrh	r2, [r3, #1036]
 703 02b0 6FEA4242 		mvn	r2, r2, lsl #17
 704 02b4 6FEA5242 		mvn	r2, r2, lsr #17
 705 02b8 92B2     		uxth	r2, r2
ARM GAS  C:\Users\matve\AppData\Local\Temp\ccVW8kkg.s 			page 13


 706 02ba A3F80C24 		strh	r2, [r3, #1036]	@ movhi
 707              	.L76:
 708 02be 2178     		ldrb	r1, [r4]	@ zero_extendqisi2
 709 02c0 2846     		mov	r0, r5
 710 02c2 FFF7FEFF 		bl	HAL_PCD_DataInStageCallback
 711 02c6 16F4804F 		tst	r6, #16384
 712 02ca 7FF433AF 		bne	.L59
 713 02ce 2A68     		ldr	r2, [r5]
 714 02d0 2178     		ldrb	r1, [r4]	@ zero_extendqisi2
 715 02d2 32F82130 		ldrh	r3, [r2, r1, lsl #2]
 716 02d6 9BB2     		uxth	r3, r3
 717 02d8 23F4E043 		bic	r3, r3, #28672
 718 02dc 23F07003 		bic	r3, r3, #112
 719 02e0 43F44043 		orr	r3, r3, #49152
 720 02e4 43F08003 		orr	r3, r3, #128
 721 02e8 22F82130 		strh	r3, [r2, r1, lsl #2]	@ movhi
 722 02ec 22E7     		b	.L59
 723              	.L70:
 724 02ee 0023     		movs	r3, #0
 725 02f0 A361     		str	r3, [r4, #24]
 726 02f2 AEE7     		b	.L71
 727              	.L73:
 728 02f4 012B     		cmp	r3, #1
 729 02f6 C8D1     		bne	.L74
 730 02f8 2B68     		ldr	r3, [r5]
 731 02fa B3F85020 		ldrh	r2, [r3, #80]
 732 02fe 92B2     		uxth	r2, r2
 733 0300 1344     		add	r3, r3, r2
 734 0302 03EB0113 		add	r3, r3, r1, lsl #4
 735 0306 0022     		movs	r2, #0
 736 0308 A3F80424 		strh	r2, [r3, #1028]	@ movhi
 737 030c BDE7     		b	.L74
 738              	.L75:
 739 030e 012A     		cmp	r2, #1
 740 0310 D5D1     		bne	.L76
 741 0312 B3F85020 		ldrh	r2, [r3, #80]
 742 0316 92B2     		uxth	r2, r2
 743 0318 1344     		add	r3, r3, r2
 744 031a 2278     		ldrb	r2, [r4]	@ zero_extendqisi2
 745 031c 03EB0213 		add	r3, r3, r2, lsl #4
 746 0320 0022     		movs	r2, #0
 747 0322 A3F80C24 		strh	r2, [r3, #1036]	@ movhi
 748 0326 CAE7     		b	.L76
 749              	.L72:
 750 0328 16F4804F 		tst	r6, #16384
 751 032c 0DD1     		bne	.L77
 752 032e 2868     		ldr	r0, [r5]
 753 0330 30F82130 		ldrh	r3, [r0, r1, lsl #2]
 754 0334 9BB2     		uxth	r3, r3
 755 0336 23F4E043 		bic	r3, r3, #28672
 756 033a 23F07003 		bic	r3, r3, #112
 757 033e 43F44043 		orr	r3, r3, #49152
 758 0342 43F08003 		orr	r3, r3, #128
 759 0346 20F82130 		strh	r3, [r0, r1, lsl #2]	@ movhi
 760              	.L77:
 761 034a 94F82430 		ldrb	r3, [r4, #36]	@ zero_extendqisi2
 762 034e 012B     		cmp	r3, #1
ARM GAS  C:\Users\matve\AppData\Local\Temp\ccVW8kkg.s 			page 14


 763 0350 7FF4F0AE 		bne	.L59
 764 0354 6369     		ldr	r3, [r4, #20]
 765 0356 1344     		add	r3, r3, r2
 766 0358 6361     		str	r3, [r4, #20]
 767 035a E369     		ldr	r3, [r4, #28]
 768 035c 1344     		add	r3, r3, r2
 769 035e E361     		str	r3, [r4, #28]
 770 0360 216A     		ldr	r1, [r4, #32]
 771 0362 2369     		ldr	r3, [r4, #16]
 772 0364 9942     		cmp	r1, r3
 773 0366 24D3     		bcc	.L78
 774 0368 C91A     		subs	r1, r1, r3
 775 036a 2162     		str	r1, [r4, #32]
 776              	.L79:
 777 036c 2A68     		ldr	r2, [r5]
 778 036e 6178     		ldrb	r1, [r4, #1]	@ zero_extendqisi2
 779 0370 0029     		cmp	r1, #0
 780 0372 43D1     		bne	.L81
 781 0374 B2F85010 		ldrh	r1, [r2, #80]
 782 0378 89B2     		uxth	r1, r1
 783 037a 0A44     		add	r2, r2, r1
 784 037c 2178     		ldrb	r1, [r4]	@ zero_extendqisi2
 785 037e 02EB0112 		add	r2, r2, r1, lsl #4
 786 0382 B2F80C14 		ldrh	r1, [r2, #1036]
 787 0386 C1F30901 		ubfx	r1, r1, #0, #10
 788 038a A2F80C14 		strh	r1, [r2, #1036]	@ movhi
 789 038e 3E2B     		cmp	r3, #62
 790 0390 1BD9     		bls	.L82
 791 0392 5809     		lsrs	r0, r3, #5
 792 0394 13F01F0F 		tst	r3, #31
 793 0398 00D1     		bne	.L83
 794 039a 0138     		subs	r0, r0, #1
 795              	.L83:
 796 039c B2F80C14 		ldrh	r1, [r2, #1036]
 797 03a0 89B2     		uxth	r1, r1
 798 03a2 8002     		lsls	r0, r0, #10
 799 03a4 80B2     		uxth	r0, r0
 800 03a6 0143     		orrs	r1, r1, r0
 801 03a8 41F40041 		orr	r1, r1, #32768
 802 03ac A2F80C14 		strh	r1, [r2, #1036]	@ movhi
 803 03b0 26E0     		b	.L84
 804              	.L78:
 805 03b2 21B9     		cbnz	r1, .L80
 806 03b4 0023     		movs	r3, #0
 807 03b6 84F82430 		strb	r3, [r4, #36]
 808 03ba 1346     		mov	r3, r2
 809 03bc D6E7     		b	.L79
 810              	.L80:
 811 03be 0023     		movs	r3, #0
 812 03c0 2362     		str	r3, [r4, #32]
 813 03c2 84F82430 		strb	r3, [r4, #36]
 814 03c6 0B46     		mov	r3, r1
 815 03c8 D0E7     		b	.L79
 816              	.L82:
 817 03ca 4BB9     		cbnz	r3, .L85
 818 03cc B2F80C14 		ldrh	r1, [r2, #1036]
 819 03d0 6FEA4141 		mvn	r1, r1, lsl #17
ARM GAS  C:\Users\matve\AppData\Local\Temp\ccVW8kkg.s 			page 15


 820 03d4 6FEA5141 		mvn	r1, r1, lsr #17
 821 03d8 89B2     		uxth	r1, r1
 822 03da A2F80C14 		strh	r1, [r2, #1036]	@ movhi
 823 03de 0FE0     		b	.L84
 824              	.L85:
 825 03e0 5908     		lsrs	r1, r3, #1
 826 03e2 13F0010F 		tst	r3, #1
 827 03e6 00D0     		beq	.L86
 828 03e8 0131     		adds	r1, r1, #1
 829              	.L86:
 830 03ea B2F80C04 		ldrh	r0, [r2, #1036]
 831 03ee 80B2     		uxth	r0, r0
 832 03f0 8902     		lsls	r1, r1, #10
 833 03f2 89B2     		uxth	r1, r1
 834 03f4 0143     		orrs	r1, r1, r0
 835 03f6 A2F80C14 		strh	r1, [r2, #1036]	@ movhi
 836 03fa 01E0     		b	.L84
 837              	.L81:
 838 03fc 0129     		cmp	r1, #1
 839 03fe 06D0     		beq	.L90
 840              	.L84:
 841 0400 9BB2     		uxth	r3, r3
 842 0402 6289     		ldrh	r2, [r4, #10]
 843 0404 6169     		ldr	r1, [r4, #20]
 844 0406 2868     		ldr	r0, [r5]
 845 0408 FFF7FEFF 		bl	USB_WritePMA
 846 040c 92E6     		b	.L59
 847              	.L90:
 848 040e B2F85010 		ldrh	r1, [r2, #80]
 849 0412 89B2     		uxth	r1, r1
 850 0414 0A44     		add	r2, r2, r1
 851 0416 2178     		ldrb	r1, [r4]	@ zero_extendqisi2
 852 0418 02EB0112 		add	r2, r2, r1, lsl #4
 853 041c 99B2     		uxth	r1, r3
 854 041e A2F80C14 		strh	r1, [r2, #1036]	@ movhi
 855 0422 EDE7     		b	.L84
 857              		.section	.text.HAL_PCD_SetupStageCallback,"ax",%progbits
 858              		.align	1
 859              		.weak	HAL_PCD_SetupStageCallback
 860              		.syntax unified
 861              		.thumb
 862              		.thumb_func
 864              	HAL_PCD_SetupStageCallback:
 865              		@ args = 0, pretend = 0, frame = 0
 866              		@ frame_needed = 0, uses_anonymous_args = 0
 867              		@ link register save eliminated.
 868 0000 7047     		bx	lr
 870              		.section	.text.PCD_EP_ISR_Handler,"ax",%progbits
 871              		.align	1
 872              		.syntax unified
 873              		.thumb
 874              		.thumb_func
 876              	PCD_EP_ISR_Handler:
 877              		@ args = 0, pretend = 0, frame = 0
 878              		@ frame_needed = 0, uses_anonymous_args = 0
 879 0000 2DE9F041 		push	{r4, r5, r6, r7, r8, lr}
 880 0004 0546     		mov	r5, r0
ARM GAS  C:\Users\matve\AppData\Local\Temp\ccVW8kkg.s 			page 16


 881              	.L93:
 882 0006 2868     		ldr	r0, [r5]
 883 0008 B0F84430 		ldrh	r3, [r0, #68]
 884 000c 13F4004F 		tst	r3, #32768
 885 0010 00F09282 		beq	.L122
 886 0014 B0F84440 		ldrh	r4, [r0, #68]
 887 0018 A3B2     		uxth	r3, r4
 888 001a 14F00F04 		ands	r4, r4, #15
 889 001e 40F0E280 		bne	.L94
 890 0022 13F0100F 		tst	r3, #16
 891 0026 6BD0     		beq	.L123
 892 0028 0388     		ldrh	r3, [r0]
 893 002a 9AB2     		uxth	r2, r3
 894 002c 13F4006F 		tst	r3, #2048
 895 0030 40F09D80 		bne	.L124
 896 0034 12F4004F 		tst	r2, #32768
 897 0038 E5D0     		beq	.L93
 898 003a 0388     		ldrh	r3, [r0]
 899 003c 23F07003 		bic	r3, r3, #112
 900 0040 1B05     		lsls	r3, r3, #20
 901 0042 1B0D     		lsrs	r3, r3, #20
 902 0044 43F08003 		orr	r3, r3, #128
 903 0048 0380     		strh	r3, [r0]	@ movhi
 904 004a 2868     		ldr	r0, [r5]
 905 004c B0F85030 		ldrh	r3, [r0, #80]
 906 0050 9BB2     		uxth	r3, r3
 907 0052 95F86821 		ldrb	r2, [r5, #360]	@ zero_extendqisi2
 908 0056 03EBC203 		add	r3, r3, r2, lsl #3
 909 005a 0633     		adds	r3, r3, #6
 910 005c 00EB4303 		add	r3, r0, r3, lsl #1
 911 0060 B3F80034 		ldrh	r3, [r3, #1024]
 912 0064 C3F30903 		ubfx	r3, r3, #0, #10
 913 0068 C5F88431 		str	r3, [r5, #388]
 914 006c 8BB1     		cbz	r3, .L98
 915 006e D5F87C11 		ldr	r1, [r5, #380]
 916 0072 71B1     		cbz	r1, .L98
 917 0074 B5F86E21 		ldrh	r2, [r5, #366]
 918 0078 FFF7FEFF 		bl	USB_ReadPMA
 919 007c D5F87C31 		ldr	r3, [r5, #380]
 920 0080 D5F88421 		ldr	r2, [r5, #388]
 921 0084 1344     		add	r3, r3, r2
 922 0086 C5F87C31 		str	r3, [r5, #380]
 923 008a 0021     		movs	r1, #0
 924 008c 2846     		mov	r0, r5
 925 008e FFF7FEFF 		bl	HAL_PCD_DataOutStageCallback
 926              	.L98:
 927 0092 2A68     		ldr	r2, [r5]
 928 0094 1388     		ldrh	r3, [r2]
 929 0096 99B2     		uxth	r1, r3
 930 0098 13F4006F 		tst	r3, #2048
 931 009c B3D1     		bne	.L93
 932 009e 01F44051 		and	r1, r1, #12288
 933 00a2 B1F5405F 		cmp	r1, #12288
 934 00a6 AED0     		beq	.L93
 935 00a8 B2F85030 		ldrh	r3, [r2, #80]
 936 00ac 9BB2     		uxth	r3, r3
 937 00ae 1A44     		add	r2, r2, r3
ARM GAS  C:\Users\matve\AppData\Local\Temp\ccVW8kkg.s 			page 17


 938 00b0 B2F80C34 		ldrh	r3, [r2, #1036]
 939 00b4 C3F30903 		ubfx	r3, r3, #0, #10
 940 00b8 A2F80C34 		strh	r3, [r2, #1036]	@ movhi
 941 00bc D5F87831 		ldr	r3, [r5, #376]
 942 00c0 3E2B     		cmp	r3, #62
 943 00c2 77D9     		bls	.L99
 944 00c4 5909     		lsrs	r1, r3, #5
 945 00c6 13F01F0F 		tst	r3, #31
 946 00ca 00D1     		bne	.L100
 947 00cc 0139     		subs	r1, r1, #1
 948              	.L100:
 949 00ce B2F80C34 		ldrh	r3, [r2, #1036]
 950 00d2 9BB2     		uxth	r3, r3
 951 00d4 8902     		lsls	r1, r1, #10
 952 00d6 89B2     		uxth	r1, r1
 953 00d8 0B43     		orrs	r3, r3, r1
 954 00da 43F40043 		orr	r3, r3, #32768
 955 00de A2F80C34 		strh	r3, [r2, #1036]	@ movhi
 956              	.L101:
 957 00e2 2A68     		ldr	r2, [r5]
 958 00e4 1388     		ldrh	r3, [r2]
 959 00e6 9BB2     		uxth	r3, r3
 960 00e8 23F48043 		bic	r3, r3, #16384
 961 00ec 23F07003 		bic	r3, r3, #112
 962 00f0 83F44053 		eor	r3, r3, #12288
 963 00f4 43F40043 		orr	r3, r3, #32768
 964 00f8 43F08003 		orr	r3, r3, #128
 965 00fc 1380     		strh	r3, [r2]	@ movhi
 966 00fe 82E7     		b	.L93
 967              	.L123:
 968 0100 0388     		ldrh	r3, [r0]
 969 0102 9BB2     		uxth	r3, r3
 970 0104 23F4E143 		bic	r3, r3, #28800
 971 0108 23F07003 		bic	r3, r3, #112
 972 010c 6FEA4343 		mvn	r3, r3, lsl #17
 973 0110 6FEA5343 		mvn	r3, r3, lsr #17
 974 0114 9BB2     		uxth	r3, r3
 975 0116 0380     		strh	r3, [r0]	@ movhi
 976 0118 2A68     		ldr	r2, [r5]
 977 011a B2F85030 		ldrh	r3, [r2, #80]
 978 011e 9BB2     		uxth	r3, r3
 979 0120 95F82810 		ldrb	r1, [r5, #40]	@ zero_extendqisi2
 980 0124 03EBC103 		add	r3, r3, r1, lsl #3
 981 0128 0233     		adds	r3, r3, #2
 982 012a 02EB4302 		add	r2, r2, r3, lsl #1
 983 012e B2F80034 		ldrh	r3, [r2, #1024]
 984 0132 C3F30903 		ubfx	r3, r3, #0, #10
 985 0136 6B64     		str	r3, [r5, #68]
 986 0138 EA6B     		ldr	r2, [r5, #60]
 987 013a 1A44     		add	r2, r2, r3
 988 013c EA63     		str	r2, [r5, #60]
 989 013e 0021     		movs	r1, #0
 990 0140 2846     		mov	r0, r5
 991 0142 FFF7FEFF 		bl	HAL_PCD_DataInStageCallback
 992 0146 95F82430 		ldrb	r3, [r5, #36]	@ zero_extendqisi2
 993 014a 002B     		cmp	r3, #0
 994 014c 3FF45BAF 		beq	.L93
ARM GAS  C:\Users\matve\AppData\Local\Temp\ccVW8kkg.s 			page 18


 995 0150 2B6C     		ldr	r3, [r5, #64]
 996 0152 002B     		cmp	r3, #0
 997 0154 7FF457AF 		bne	.L93
 998 0158 95F82430 		ldrb	r3, [r5, #36]	@ zero_extendqisi2
 999 015c 2A68     		ldr	r2, [r5]
 1000 015e 43F08003 		orr	r3, r3, #128
 1001 0162 A2F84C30 		strh	r3, [r2, #76]	@ movhi
 1002 0166 0023     		movs	r3, #0
 1003 0168 85F82430 		strb	r3, [r5, #36]
 1004 016c 4BE7     		b	.L93
 1005              	.L124:
 1006 016e B0F85030 		ldrh	r3, [r0, #80]
 1007 0172 9BB2     		uxth	r3, r3
 1008 0174 95F86821 		ldrb	r2, [r5, #360]	@ zero_extendqisi2
 1009 0178 03EBC203 		add	r3, r3, r2, lsl #3
 1010 017c 0633     		adds	r3, r3, #6
 1011 017e 00EB4303 		add	r3, r0, r3, lsl #1
 1012 0182 B3F80034 		ldrh	r3, [r3, #1024]
 1013 0186 C3F30903 		ubfx	r3, r3, #0, #10
 1014 018a C5F88431 		str	r3, [r5, #388]
 1015 018e B5F86E21 		ldrh	r2, [r5, #366]
 1016 0192 05F52C71 		add	r1, r5, #688
 1017 0196 FFF7FEFF 		bl	USB_ReadPMA
 1018 019a 2A68     		ldr	r2, [r5]
 1019 019c 1388     		ldrh	r3, [r2]
 1020 019e 23F07003 		bic	r3, r3, #112
 1021 01a2 1B05     		lsls	r3, r3, #20
 1022 01a4 1B0D     		lsrs	r3, r3, #20
 1023 01a6 43F08003 		orr	r3, r3, #128
 1024 01aa 1380     		strh	r3, [r2]	@ movhi
 1025 01ac 2846     		mov	r0, r5
 1026 01ae FFF7FEFF 		bl	HAL_PCD_SetupStageCallback
 1027 01b2 28E7     		b	.L93
 1028              	.L99:
 1029 01b4 4BB9     		cbnz	r3, .L102
 1030 01b6 B2F80C34 		ldrh	r3, [r2, #1036]
 1031 01ba 6FEA4343 		mvn	r3, r3, lsl #17
 1032 01be 6FEA5343 		mvn	r3, r3, lsr #17
 1033 01c2 9BB2     		uxth	r3, r3
 1034 01c4 A2F80C34 		strh	r3, [r2, #1036]	@ movhi
 1035 01c8 8BE7     		b	.L101
 1036              	.L102:
 1037 01ca 5908     		lsrs	r1, r3, #1
 1038 01cc 13F0010F 		tst	r3, #1
 1039 01d0 00D0     		beq	.L103
 1040 01d2 0131     		adds	r1, r1, #1
 1041              	.L103:
 1042 01d4 B2F80C34 		ldrh	r3, [r2, #1036]
 1043 01d8 98B2     		uxth	r0, r3
 1044 01da 8B02     		lsls	r3, r1, #10
 1045 01dc 9BB2     		uxth	r3, r3
 1046 01de 0343     		orrs	r3, r3, r0
 1047 01e0 A2F80C34 		strh	r3, [r2, #1036]	@ movhi
 1048 01e4 7DE7     		b	.L101
 1049              	.L94:
 1050 01e6 30F82430 		ldrh	r3, [r0, r4, lsl #2]
 1051 01ea 9EB2     		uxth	r6, r3
ARM GAS  C:\Users\matve\AppData\Local\Temp\ccVW8kkg.s 			page 19


 1052 01ec 13F4004F 		tst	r3, #32768
 1053 01f0 4CD1     		bne	.L125
 1054              	.L104:
 1055 01f2 16F0800F 		tst	r6, #128
 1056 01f6 3FF406AF 		beq	.L93
 1057 01fa 621C     		adds	r2, r4, #1
 1058 01fc 02EB8201 		add	r1, r2, r2, lsl #2
 1059 0200 05EBC101 		add	r1, r5, r1, lsl #3
 1060 0204 2868     		ldr	r0, [r5]
 1061 0206 30F82430 		ldrh	r3, [r0, r4, lsl #2]
 1062 020a 9BB2     		uxth	r3, r3
 1063 020c 23F4E143 		bic	r3, r3, #28800
 1064 0210 23F07003 		bic	r3, r3, #112
 1065 0214 6FEA4343 		mvn	r3, r3, lsl #17
 1066 0218 6FEA5343 		mvn	r3, r3, lsr #17
 1067 021c 9BB2     		uxth	r3, r3
 1068 021e 20F82430 		strh	r3, [r0, r4, lsl #2]	@ movhi
 1069 0222 CB78     		ldrb	r3, [r1, #3]	@ zero_extendqisi2
 1070 0224 012B     		cmp	r3, #1
 1071 0226 00F0F280 		beq	.L126
 1072 022a 16F4807F 		tst	r6, #256
 1073 022e 40F07E81 		bne	.L116
 1074 0232 2868     		ldr	r0, [r5]
 1075 0234 B0F85030 		ldrh	r3, [r0, #80]
 1076 0238 9BB2     		uxth	r3, r3
 1077 023a 621C     		adds	r2, r4, #1
 1078 023c 02EB8202 		add	r2, r2, r2, lsl #2
 1079 0240 15F83260 		ldrb	r6, [r5, r2, lsl #3]	@ zero_extendqisi2
 1080 0244 03EBC603 		add	r3, r3, r6, lsl #3
 1081 0248 0233     		adds	r3, r3, #2
 1082 024a 00EB4303 		add	r3, r0, r3, lsl #1
 1083 024e B3F80034 		ldrh	r3, [r3, #1024]
 1084 0252 C3F30903 		ubfx	r3, r3, #0, #10
 1085 0256 04EB8402 		add	r2, r4, r4, lsl #2
 1086 025a 05EBC202 		add	r2, r5, r2, lsl #3
 1087 025e 126C     		ldr	r2, [r2, #64]
 1088 0260 9A42     		cmp	r2, r3
 1089 0262 40F24C81 		bls	.L117
 1090 0266 04EB8407 		add	r7, r4, r4, lsl #2
 1091 026a 05EBC707 		add	r7, r5, r7, lsl #3
 1092 026e D21A     		subs	r2, r2, r3
 1093 0270 3A64     		str	r2, [r7, #64]
 1094              	.L118:
 1095 0272 04EB8402 		add	r2, r4, r4, lsl #2
 1096 0276 05EBC202 		add	r2, r5, r2, lsl #3
 1097 027a 126C     		ldr	r2, [r2, #64]
 1098 027c 002A     		cmp	r2, #0
 1099 027e 40F04581 		bne	.L119
 1100 0282 3146     		mov	r1, r6
 1101 0284 2846     		mov	r0, r5
 1102 0286 FFF7FEFF 		bl	HAL_PCD_DataInStageCallback
 1103 028a BCE6     		b	.L93
 1104              	.L125:
 1105 028c 30F82430 		ldrh	r3, [r0, r4, lsl #2]
 1106 0290 23F07003 		bic	r3, r3, #112
 1107 0294 1B05     		lsls	r3, r3, #20
 1108 0296 1B0D     		lsrs	r3, r3, #20
ARM GAS  C:\Users\matve\AppData\Local\Temp\ccVW8kkg.s 			page 20


 1109 0298 43F08003 		orr	r3, r3, #128
 1110 029c 20F82430 		strh	r3, [r0, r4, lsl #2]	@ movhi
 1111 02a0 04EB8401 		add	r1, r4, r4, lsl #2
 1112 02a4 C900     		lsls	r1, r1, #3
 1113 02a6 01F5B471 		add	r1, r1, #360
 1114 02aa 05EB0108 		add	r8, r5, r1
 1115 02ae 04EB8403 		add	r3, r4, r4, lsl #2
 1116 02b2 05EBC303 		add	r3, r5, r3, lsl #3
 1117 02b6 93F87431 		ldrb	r3, [r3, #372]	@ zero_extendqisi2
 1118 02ba 002B     		cmp	r3, #0
 1119 02bc 42D1     		bne	.L105
 1120 02be 2868     		ldr	r0, [r5]
 1121 02c0 B0F85030 		ldrh	r3, [r0, #80]
 1122 02c4 9BB2     		uxth	r3, r3
 1123 02c6 04EB8402 		add	r2, r4, r4, lsl #2
 1124 02ca 05EBC202 		add	r2, r5, r2, lsl #3
 1125 02ce 92F86821 		ldrb	r2, [r2, #360]	@ zero_extendqisi2
 1126 02d2 03EBC203 		add	r3, r3, r2, lsl #3
 1127 02d6 0633     		adds	r3, r3, #6
 1128 02d8 00EB4303 		add	r3, r0, r3, lsl #1
 1129 02dc B3F80074 		ldrh	r7, [r3, #1024]
 1130 02e0 C7F30907 		ubfx	r7, r7, #0, #10
 1131 02e4 17BB     		cbnz	r7, .L127
 1132              	.L106:
 1133 02e6 04EB8403 		add	r3, r4, r4, lsl #2
 1134 02ea 05EBC303 		add	r3, r5, r3, lsl #3
 1135 02ee D3F88421 		ldr	r2, [r3, #388]
 1136 02f2 3A44     		add	r2, r2, r7
 1137 02f4 C3F88421 		str	r2, [r3, #388]
 1138 02f8 D3F87C21 		ldr	r2, [r3, #380]
 1139 02fc 3A44     		add	r2, r2, r7
 1140 02fe C3F87C21 		str	r2, [r3, #380]
 1141 0302 D3F88031 		ldr	r3, [r3, #384]
 1142 0306 3BB1     		cbz	r3, .L109
 1143 0308 04EB8403 		add	r3, r4, r4, lsl #2
 1144 030c 05EBC303 		add	r3, r5, r3, lsl #3
 1145 0310 D3F87831 		ldr	r3, [r3, #376]
 1146 0314 9F42     		cmp	r7, r3
 1147 0316 75D2     		bcs	.L110
 1148              	.L109:
 1149 0318 04EB8403 		add	r3, r4, r4, lsl #2
 1150 031c 05EBC303 		add	r3, r5, r3, lsl #3
 1151 0320 93F86811 		ldrb	r1, [r3, #360]	@ zero_extendqisi2
 1152 0324 2846     		mov	r0, r5
 1153 0326 FFF7FEFF 		bl	HAL_PCD_DataOutStageCallback
 1154 032a 62E7     		b	.L104
 1155              	.L127:
 1156 032c 04EB8401 		add	r1, r4, r4, lsl #2
 1157 0330 05EBC101 		add	r1, r5, r1, lsl #3
 1158 0334 3B46     		mov	r3, r7
 1159 0336 B1F86E21 		ldrh	r2, [r1, #366]
 1160 033a D1F87C11 		ldr	r1, [r1, #380]
 1161 033e FFF7FEFF 		bl	USB_ReadPMA
 1162 0342 D0E7     		b	.L106
 1163              	.L105:
 1164 0344 04EB8403 		add	r3, r4, r4, lsl #2
 1165 0348 05EBC303 		add	r3, r5, r3, lsl #3
ARM GAS  C:\Users\matve\AppData\Local\Temp\ccVW8kkg.s 			page 21


 1166 034c 93F86B31 		ldrb	r3, [r3, #363]	@ zero_extendqisi2
 1167 0350 022B     		cmp	r3, #2
 1168 0352 35D0     		beq	.L128
 1169 0354 2968     		ldr	r1, [r5]
 1170 0356 04EB8402 		add	r2, r4, r4, lsl #2
 1171 035a 05EBC202 		add	r2, r5, r2, lsl #3
 1172 035e 92F86801 		ldrb	r0, [r2, #360]	@ zero_extendqisi2
 1173 0362 31F82030 		ldrh	r3, [r1, r0, lsl #2]
 1174 0366 9BB2     		uxth	r3, r3
 1175 0368 23F4E043 		bic	r3, r3, #28672
 1176 036c 23F07003 		bic	r3, r3, #112
 1177 0370 43F40043 		orr	r3, r3, #32768
 1178 0374 43F0C003 		orr	r3, r3, #192
 1179 0378 21F82030 		strh	r3, [r1, r0, lsl #2]	@ movhi
 1180 037c 2868     		ldr	r0, [r5]
 1181 037e 92F86821 		ldrb	r2, [r2, #360]	@ zero_extendqisi2
 1182 0382 30F82230 		ldrh	r3, [r0, r2, lsl #2]
 1183 0386 13F4804F 		tst	r3, #16384
 1184 038a 20D0     		beq	.L108
 1185 038c B0F85030 		ldrh	r3, [r0, #80]
 1186 0390 9BB2     		uxth	r3, r3
 1187 0392 03EBC203 		add	r3, r3, r2, lsl #3
 1188 0396 0233     		adds	r3, r3, #2
 1189 0398 00EB4303 		add	r3, r0, r3, lsl #1
 1190 039c B3F80074 		ldrh	r7, [r3, #1024]
 1191 03a0 C7F30907 		ubfx	r7, r7, #0, #10
 1192 03a4 002F     		cmp	r7, #0
 1193 03a6 9ED0     		beq	.L106
 1194 03a8 04EB8401 		add	r1, r4, r4, lsl #2
 1195 03ac 05EBC101 		add	r1, r5, r1, lsl #3
 1196 03b0 3B46     		mov	r3, r7
 1197 03b2 B1F87021 		ldrh	r2, [r1, #368]
 1198 03b6 D1F87C11 		ldr	r1, [r1, #380]
 1199 03ba FFF7FEFF 		bl	USB_ReadPMA
 1200 03be 92E7     		b	.L106
 1201              	.L128:
 1202 03c0 3246     		mov	r2, r6
 1203 03c2 4146     		mov	r1, r8
 1204 03c4 2846     		mov	r0, r5
 1205 03c6 FFF7FEFF 		bl	HAL_PCD_EP_DB_Receive
 1206 03ca 0746     		mov	r7, r0
 1207 03cc 8BE7     		b	.L106
 1208              	.L108:
 1209 03ce B0F85030 		ldrh	r3, [r0, #80]
 1210 03d2 9BB2     		uxth	r3, r3
 1211 03d4 03EBC203 		add	r3, r3, r2, lsl #3
 1212 03d8 0633     		adds	r3, r3, #6
 1213 03da 00EB4303 		add	r3, r0, r3, lsl #1
 1214 03de B3F80074 		ldrh	r7, [r3, #1024]
 1215 03e2 C7F30907 		ubfx	r7, r7, #0, #10
 1216 03e6 002F     		cmp	r7, #0
 1217 03e8 3FF47DAF 		beq	.L106
 1218 03ec 04EB8401 		add	r1, r4, r4, lsl #2
 1219 03f0 05EBC101 		add	r1, r5, r1, lsl #3
 1220 03f4 3B46     		mov	r3, r7
 1221 03f6 B1F87221 		ldrh	r2, [r1, #370]
 1222 03fa D1F87C11 		ldr	r1, [r1, #380]
ARM GAS  C:\Users\matve\AppData\Local\Temp\ccVW8kkg.s 			page 22


 1223 03fe FFF7FEFF 		bl	USB_ReadPMA
 1224 0402 70E7     		b	.L106
 1225              	.L110:
 1226 0404 4146     		mov	r1, r8
 1227 0406 2868     		ldr	r0, [r5]
 1228 0408 FFF7FEFF 		bl	USB_EPStartXfer
 1229 040c F1E6     		b	.L104
 1230              	.L126:
 1231 040e 04EB8403 		add	r3, r4, r4, lsl #2
 1232 0412 05EBC303 		add	r3, r5, r3, lsl #3
 1233 0416 0022     		movs	r2, #0
 1234 0418 1A64     		str	r2, [r3, #64]
 1235 041a 93F83430 		ldrb	r3, [r3, #52]	@ zero_extendqisi2
 1236 041e FBB1     		cbz	r3, .L112
 1237 0420 16F0400F 		tst	r6, #64
 1238 0424 37D0     		beq	.L113
 1239 0426 4B78     		ldrb	r3, [r1, #1]	@ zero_extendqisi2
 1240 0428 1BBB     		cbnz	r3, .L114
 1241 042a 2B68     		ldr	r3, [r5]
 1242 042c B3F85020 		ldrh	r2, [r3, #80]
 1243 0430 92B2     		uxth	r2, r2
 1244 0432 1344     		add	r3, r3, r2
 1245 0434 621C     		adds	r2, r4, #1
 1246 0436 02EB8202 		add	r2, r2, r2, lsl #2
 1247 043a 15F83220 		ldrb	r2, [r5, r2, lsl #3]	@ zero_extendqisi2
 1248 043e 03EB0213 		add	r3, r3, r2, lsl #4
 1249 0442 B3F80424 		ldrh	r2, [r3, #1028]
 1250 0446 C2F30902 		ubfx	r2, r2, #0, #10
 1251 044a A3F80424 		strh	r2, [r3, #1028]	@ movhi
 1252 044e B3F80424 		ldrh	r2, [r3, #1028]
 1253 0452 6FEA4242 		mvn	r2, r2, lsl #17
 1254 0456 6FEA5242 		mvn	r2, r2, lsr #17
 1255 045a 92B2     		uxth	r2, r2
 1256 045c A3F80424 		strh	r2, [r3, #1028]	@ movhi
 1257              	.L112:
 1258 0460 0134     		adds	r4, r4, #1
 1259 0462 04EB8404 		add	r4, r4, r4, lsl #2
 1260 0466 15F83410 		ldrb	r1, [r5, r4, lsl #3]	@ zero_extendqisi2
 1261 046a 2846     		mov	r0, r5
 1262 046c FFF7FEFF 		bl	HAL_PCD_DataInStageCallback
 1263 0470 C9E5     		b	.L93
 1264              	.L114:
 1265 0472 012B     		cmp	r3, #1
 1266 0474 F4D1     		bne	.L112
 1267 0476 2B68     		ldr	r3, [r5]
 1268 0478 B3F85020 		ldrh	r2, [r3, #80]
 1269 047c 92B2     		uxth	r2, r2
 1270 047e 1344     		add	r3, r3, r2
 1271 0480 621C     		adds	r2, r4, #1
 1272 0482 02EB8202 		add	r2, r2, r2, lsl #2
 1273 0486 15F83220 		ldrb	r2, [r5, r2, lsl #3]	@ zero_extendqisi2
 1274 048a 03EB0213 		add	r3, r3, r2, lsl #4
 1275 048e 0022     		movs	r2, #0
 1276 0490 A3F80424 		strh	r2, [r3, #1028]	@ movhi
 1277 0494 E4E7     		b	.L112
 1278              	.L113:
 1279 0496 2A68     		ldr	r2, [r5]
ARM GAS  C:\Users\matve\AppData\Local\Temp\ccVW8kkg.s 			page 23


 1280 0498 631C     		adds	r3, r4, #1
 1281 049a 03EB8303 		add	r3, r3, r3, lsl #2
 1282 049e 05EBC303 		add	r3, r5, r3, lsl #3
 1283 04a2 5B78     		ldrb	r3, [r3, #1]	@ zero_extendqisi2
 1284 04a4 D3B9     		cbnz	r3, .L115
 1285 04a6 B2F85030 		ldrh	r3, [r2, #80]
 1286 04aa 9BB2     		uxth	r3, r3
 1287 04ac 1344     		add	r3, r3, r2
 1288 04ae 621C     		adds	r2, r4, #1
 1289 04b0 02EB8202 		add	r2, r2, r2, lsl #2
 1290 04b4 15F83220 		ldrb	r2, [r5, r2, lsl #3]	@ zero_extendqisi2
 1291 04b8 03EB0213 		add	r3, r3, r2, lsl #4
 1292 04bc B3F80C24 		ldrh	r2, [r3, #1036]
 1293 04c0 C2F30902 		ubfx	r2, r2, #0, #10
 1294 04c4 A3F80C24 		strh	r2, [r3, #1036]	@ movhi
 1295 04c8 B3F80C24 		ldrh	r2, [r3, #1036]
 1296 04cc 6FEA4242 		mvn	r2, r2, lsl #17
 1297 04d0 6FEA5242 		mvn	r2, r2, lsr #17
 1298 04d4 92B2     		uxth	r2, r2
 1299 04d6 A3F80C24 		strh	r2, [r3, #1036]	@ movhi
 1300 04da C1E7     		b	.L112
 1301              	.L115:
 1302 04dc 012B     		cmp	r3, #1
 1303 04de BFD1     		bne	.L112
 1304 04e0 B2F85030 		ldrh	r3, [r2, #80]
 1305 04e4 9BB2     		uxth	r3, r3
 1306 04e6 1344     		add	r3, r3, r2
 1307 04e8 621C     		adds	r2, r4, #1
 1308 04ea 02EB8202 		add	r2, r2, r2, lsl #2
 1309 04ee 15F83220 		ldrb	r2, [r5, r2, lsl #3]	@ zero_extendqisi2
 1310 04f2 03EB0213 		add	r3, r3, r2, lsl #4
 1311 04f6 0022     		movs	r2, #0
 1312 04f8 A3F80C24 		strh	r2, [r3, #1036]	@ movhi
 1313 04fc B0E7     		b	.L112
 1314              	.L117:
 1315 04fe 04EB8402 		add	r2, r4, r4, lsl #2
 1316 0502 05EBC202 		add	r2, r5, r2, lsl #3
 1317 0506 0027     		movs	r7, #0
 1318 0508 1764     		str	r7, [r2, #64]
 1319 050a B2E6     		b	.L118
 1320              	.L119:
 1321 050c 04EB8402 		add	r2, r4, r4, lsl #2
 1322 0510 05EBC202 		add	r2, r5, r2, lsl #3
 1323 0514 D66B     		ldr	r6, [r2, #60]
 1324 0516 1E44     		add	r6, r6, r3
 1325 0518 D663     		str	r6, [r2, #60]
 1326 051a 526C     		ldr	r2, [r2, #68]
 1327 051c 04EB8404 		add	r4, r4, r4, lsl #2
 1328 0520 05EBC404 		add	r4, r5, r4, lsl #3
 1329 0524 1344     		add	r3, r3, r2
 1330 0526 6364     		str	r3, [r4, #68]
 1331 0528 FFF7FEFF 		bl	USB_EPStartXfer
 1332 052c 6BE5     		b	.L93
 1333              	.L116:
 1334 052e 3246     		mov	r2, r6
 1335 0530 2846     		mov	r0, r5
 1336 0532 FFF7FEFF 		bl	HAL_PCD_EP_DB_Transmit
ARM GAS  C:\Users\matve\AppData\Local\Temp\ccVW8kkg.s 			page 24


 1337 0536 66E5     		b	.L93
 1338              	.L122:
 1339 0538 0020     		movs	r0, #0
 1340 053a BDE8F081 		pop	{r4, r5, r6, r7, r8, pc}
 1342              		.section	.text.HAL_PCD_SOFCallback,"ax",%progbits
 1343              		.align	1
 1344              		.weak	HAL_PCD_SOFCallback
 1345              		.syntax unified
 1346              		.thumb
 1347              		.thumb_func
 1349              	HAL_PCD_SOFCallback:
 1350              		@ args = 0, pretend = 0, frame = 0
 1351              		@ frame_needed = 0, uses_anonymous_args = 0
 1352              		@ link register save eliminated.
 1353 0000 7047     		bx	lr
 1355              		.section	.text.HAL_PCD_ResetCallback,"ax",%progbits
 1356              		.align	1
 1357              		.weak	HAL_PCD_ResetCallback
 1358              		.syntax unified
 1359              		.thumb
 1360              		.thumb_func
 1362              	HAL_PCD_ResetCallback:
 1363              		@ args = 0, pretend = 0, frame = 0
 1364              		@ frame_needed = 0, uses_anonymous_args = 0
 1365              		@ link register save eliminated.
 1366 0000 7047     		bx	lr
 1368              		.section	.text.HAL_PCD_SuspendCallback,"ax",%progbits
 1369              		.align	1
 1370              		.weak	HAL_PCD_SuspendCallback
 1371              		.syntax unified
 1372              		.thumb
 1373              		.thumb_func
 1375              	HAL_PCD_SuspendCallback:
 1376              		@ args = 0, pretend = 0, frame = 0
 1377              		@ frame_needed = 0, uses_anonymous_args = 0
 1378              		@ link register save eliminated.
 1379 0000 7047     		bx	lr
 1381              		.section	.text.HAL_PCD_ResumeCallback,"ax",%progbits
 1382              		.align	1
 1383              		.weak	HAL_PCD_ResumeCallback
 1384              		.syntax unified
 1385              		.thumb
 1386              		.thumb_func
 1388              	HAL_PCD_ResumeCallback:
 1389              		@ args = 0, pretend = 0, frame = 0
 1390              		@ frame_needed = 0, uses_anonymous_args = 0
 1391              		@ link register save eliminated.
 1392 0000 7047     		bx	lr
 1394              		.section	.text.HAL_PCD_ISOOUTIncompleteCallback,"ax",%progbits
 1395              		.align	1
 1396              		.weak	HAL_PCD_ISOOUTIncompleteCallback
 1397              		.syntax unified
 1398              		.thumb
 1399              		.thumb_func
 1401              	HAL_PCD_ISOOUTIncompleteCallback:
 1402              		@ args = 0, pretend = 0, frame = 0
 1403              		@ frame_needed = 0, uses_anonymous_args = 0
ARM GAS  C:\Users\matve\AppData\Local\Temp\ccVW8kkg.s 			page 25


 1404              		@ link register save eliminated.
 1405 0000 7047     		bx	lr
 1407              		.section	.text.HAL_PCD_ISOINIncompleteCallback,"ax",%progbits
 1408              		.align	1
 1409              		.weak	HAL_PCD_ISOINIncompleteCallback
 1410              		.syntax unified
 1411              		.thumb
 1412              		.thumb_func
 1414              	HAL_PCD_ISOINIncompleteCallback:
 1415              		@ args = 0, pretend = 0, frame = 0
 1416              		@ frame_needed = 0, uses_anonymous_args = 0
 1417              		@ link register save eliminated.
 1418 0000 7047     		bx	lr
 1420              		.section	.text.HAL_PCD_ConnectCallback,"ax",%progbits
 1421              		.align	1
 1422              		.weak	HAL_PCD_ConnectCallback
 1423              		.syntax unified
 1424              		.thumb
 1425              		.thumb_func
 1427              	HAL_PCD_ConnectCallback:
 1428              		@ args = 0, pretend = 0, frame = 0
 1429              		@ frame_needed = 0, uses_anonymous_args = 0
 1430              		@ link register save eliminated.
 1431 0000 7047     		bx	lr
 1433              		.section	.text.HAL_PCD_DisconnectCallback,"ax",%progbits
 1434              		.align	1
 1435              		.weak	HAL_PCD_DisconnectCallback
 1436              		.syntax unified
 1437              		.thumb
 1438              		.thumb_func
 1440              	HAL_PCD_DisconnectCallback:
 1441              		@ args = 0, pretend = 0, frame = 0
 1442              		@ frame_needed = 0, uses_anonymous_args = 0
 1443              		@ link register save eliminated.
 1444 0000 7047     		bx	lr
 1446              		.section	.text.HAL_PCD_DevConnect,"ax",%progbits
 1447              		.align	1
 1448              		.global	HAL_PCD_DevConnect
 1449              		.syntax unified
 1450              		.thumb
 1451              		.thumb_func
 1453              	HAL_PCD_DevConnect:
 1454              		@ args = 0, pretend = 0, frame = 0
 1455              		@ frame_needed = 0, uses_anonymous_args = 0
 1456 0000 90F8A832 		ldrb	r3, [r0, #680]	@ zero_extendqisi2
 1457 0004 012B     		cmp	r3, #1
 1458 0006 0DD0     		beq	.L139
 1459 0008 10B5     		push	{r4, lr}
 1460 000a 0446     		mov	r4, r0
 1461 000c 0121     		movs	r1, #1
 1462 000e 80F8A812 		strb	r1, [r0, #680]
 1463 0012 FFF7FEFF 		bl	HAL_PCDEx_SetConnectionState
 1464 0016 2068     		ldr	r0, [r4]
 1465 0018 FFF7FEFF 		bl	USB_DevConnect
 1466 001c 0020     		movs	r0, #0
 1467 001e 84F8A802 		strb	r0, [r4, #680]
 1468 0022 10BD     		pop	{r4, pc}
ARM GAS  C:\Users\matve\AppData\Local\Temp\ccVW8kkg.s 			page 26


 1469              	.L139:
 1470 0024 0220     		movs	r0, #2
 1471 0026 7047     		bx	lr
 1473              		.section	.text.HAL_PCD_DevDisconnect,"ax",%progbits
 1474              		.align	1
 1475              		.global	HAL_PCD_DevDisconnect
 1476              		.syntax unified
 1477              		.thumb
 1478              		.thumb_func
 1480              	HAL_PCD_DevDisconnect:
 1481              		@ args = 0, pretend = 0, frame = 0
 1482              		@ frame_needed = 0, uses_anonymous_args = 0
 1483 0000 90F8A832 		ldrb	r3, [r0, #680]	@ zero_extendqisi2
 1484 0004 012B     		cmp	r3, #1
 1485 0006 0ED0     		beq	.L146
 1486 0008 10B5     		push	{r4, lr}
 1487 000a 0446     		mov	r4, r0
 1488 000c 0123     		movs	r3, #1
 1489 000e 80F8A832 		strb	r3, [r0, #680]
 1490 0012 0021     		movs	r1, #0
 1491 0014 FFF7FEFF 		bl	HAL_PCDEx_SetConnectionState
 1492 0018 2068     		ldr	r0, [r4]
 1493 001a FFF7FEFF 		bl	USB_DevDisconnect
 1494 001e 0020     		movs	r0, #0
 1495 0020 84F8A802 		strb	r0, [r4, #680]
 1496 0024 10BD     		pop	{r4, pc}
 1497              	.L146:
 1498 0026 0220     		movs	r0, #2
 1499 0028 7047     		bx	lr
 1501              		.section	.text.HAL_PCD_SetAddress,"ax",%progbits
 1502              		.align	1
 1503              		.global	HAL_PCD_SetAddress
 1504              		.syntax unified
 1505              		.thumb
 1506              		.thumb_func
 1508              	HAL_PCD_SetAddress:
 1509              		@ args = 0, pretend = 0, frame = 0
 1510              		@ frame_needed = 0, uses_anonymous_args = 0
 1511 0000 90F8A832 		ldrb	r3, [r0, #680]	@ zero_extendqisi2
 1512 0004 012B     		cmp	r3, #1
 1513 0006 0DD0     		beq	.L153
 1514 0008 10B5     		push	{r4, lr}
 1515 000a 0446     		mov	r4, r0
 1516 000c 0123     		movs	r3, #1
 1517 000e 80F8A832 		strb	r3, [r0, #680]
 1518 0012 80F82410 		strb	r1, [r0, #36]
 1519 0016 0068     		ldr	r0, [r0]
 1520 0018 FFF7FEFF 		bl	USB_SetDevAddress
 1521 001c 0020     		movs	r0, #0
 1522 001e 84F8A802 		strb	r0, [r4, #680]
 1523 0022 10BD     		pop	{r4, pc}
 1524              	.L153:
 1525 0024 0220     		movs	r0, #2
 1526 0026 7047     		bx	lr
 1528              		.section	.text.HAL_PCD_IRQHandler,"ax",%progbits
 1529              		.align	1
 1530              		.global	HAL_PCD_IRQHandler
ARM GAS  C:\Users\matve\AppData\Local\Temp\ccVW8kkg.s 			page 27


 1531              		.syntax unified
 1532              		.thumb
 1533              		.thumb_func
 1535              	HAL_PCD_IRQHandler:
 1536              		@ args = 0, pretend = 0, frame = 16
 1537              		@ frame_needed = 0, uses_anonymous_args = 0
 1538 0000 10B5     		push	{r4, lr}
 1539 0002 84B0     		sub	sp, sp, #16
 1540 0004 0446     		mov	r4, r0
 1541 0006 0068     		ldr	r0, [r0]
 1542 0008 FFF7FEFF 		bl	USB_ReadInterrupts
 1543 000c 10F4004F 		tst	r0, #32768
 1544 0010 20D1     		bne	.L177
 1545 0012 10F4806F 		tst	r0, #1024
 1546 0016 21D1     		bne	.L178
 1547 0018 10F4804F 		tst	r0, #16384
 1548 001c 2FD1     		bne	.L179
 1549 001e 10F4005F 		tst	r0, #8192
 1550 0022 37D1     		bne	.L180
 1551 0024 10F4805F 		tst	r0, #4096
 1552 0028 3ED1     		bne	.L181
 1553 002a 10F4006F 		tst	r0, #2048
 1554 002e 40F08780 		bne	.L182
 1555 0032 10F4007F 		tst	r0, #512
 1556 0036 40F0AE80 		bne	.L183
 1557 003a 10F4807F 		tst	r0, #256
 1558 003e 27D0     		beq	.L158
 1559 0040 2268     		ldr	r2, [r4]
 1560 0042 B2F84430 		ldrh	r3, [r2, #68]
 1561 0046 9BB2     		uxth	r3, r3
 1562 0048 23F48073 		bic	r3, r3, #256
 1563 004c 9BB2     		uxth	r3, r3
 1564 004e A2F84430 		strh	r3, [r2, #68]	@ movhi
 1565 0052 1DE0     		b	.L158
 1566              	.L177:
 1567 0054 2046     		mov	r0, r4
 1568 0056 FFF7FEFF 		bl	PCD_EP_ISR_Handler
 1569 005a 19E0     		b	.L158
 1570              	.L178:
 1571 005c 2268     		ldr	r2, [r4]
 1572 005e B2F84430 		ldrh	r3, [r2, #68]
 1573 0062 9BB2     		uxth	r3, r3
 1574 0064 23F48063 		bic	r3, r3, #1024
 1575 0068 9BB2     		uxth	r3, r3
 1576 006a A2F84430 		strh	r3, [r2, #68]	@ movhi
 1577 006e 2046     		mov	r0, r4
 1578 0070 FFF7FEFF 		bl	HAL_PCD_ResetCallback
 1579 0074 0021     		movs	r1, #0
 1580 0076 2046     		mov	r0, r4
 1581 0078 FFF7FEFF 		bl	HAL_PCD_SetAddress
 1582 007c 08E0     		b	.L158
 1583              	.L179:
 1584 007e 2268     		ldr	r2, [r4]
 1585 0080 B2F84430 		ldrh	r3, [r2, #68]
 1586 0084 9BB2     		uxth	r3, r3
 1587 0086 23F48043 		bic	r3, r3, #16384
 1588 008a 9BB2     		uxth	r3, r3
ARM GAS  C:\Users\matve\AppData\Local\Temp\ccVW8kkg.s 			page 28


 1589 008c A2F84430 		strh	r3, [r2, #68]	@ movhi
 1590              	.L158:
 1591 0090 04B0     		add	sp, sp, #16
 1592              		@ sp needed
 1593 0092 10BD     		pop	{r4, pc}
 1594              	.L180:
 1595 0094 2268     		ldr	r2, [r4]
 1596 0096 B2F84430 		ldrh	r3, [r2, #68]
 1597 009a 9BB2     		uxth	r3, r3
 1598 009c 23F40053 		bic	r3, r3, #8192
 1599 00a0 9BB2     		uxth	r3, r3
 1600 00a2 A2F84430 		strh	r3, [r2, #68]	@ movhi
 1601 00a6 F3E7     		b	.L158
 1602              	.L181:
 1603 00a8 2268     		ldr	r2, [r4]
 1604 00aa B2F84030 		ldrh	r3, [r2, #64]
 1605 00ae 9BB2     		uxth	r3, r3
 1606 00b0 23F00403 		bic	r3, r3, #4
 1607 00b4 9BB2     		uxth	r3, r3
 1608 00b6 A2F84030 		strh	r3, [r2, #64]	@ movhi
 1609 00ba 2268     		ldr	r2, [r4]
 1610 00bc B2F84030 		ldrh	r3, [r2, #64]
 1611 00c0 9BB2     		uxth	r3, r3
 1612 00c2 23F00803 		bic	r3, r3, #8
 1613 00c6 9BB2     		uxth	r3, r3
 1614 00c8 A2F84030 		strh	r3, [r2, #64]	@ movhi
 1615 00cc 2046     		mov	r0, r4
 1616 00ce FFF7FEFF 		bl	HAL_PCD_ResumeCallback
 1617 00d2 2268     		ldr	r2, [r4]
 1618 00d4 B2F84430 		ldrh	r3, [r2, #68]
 1619 00d8 9BB2     		uxth	r3, r3
 1620 00da 23F48053 		bic	r3, r3, #4096
 1621 00de 9BB2     		uxth	r3, r3
 1622 00e0 A2F84430 		strh	r3, [r2, #68]	@ movhi
 1623 00e4 D4E7     		b	.L158
 1624              	.L167:
 1625 00e6 2268     		ldr	r2, [r4]
 1626 00e8 32F82310 		ldrh	r1, [r2, r3, lsl #2]
 1627 00ec 04AA     		add	r2, sp, #16
 1628 00ee 02EB4302 		add	r2, r2, r3, lsl #1
 1629 00f2 22F8101C 		strh	r1, [r2, #-16]	@ movhi
 1630 00f6 0133     		adds	r3, r3, #1
 1631 00f8 DBB2     		uxtb	r3, r3
 1632              	.L165:
 1633 00fa 072B     		cmp	r3, #7
 1634 00fc F3D9     		bls	.L167
 1635 00fe 2268     		ldr	r2, [r4]
 1636 0100 B2F84030 		ldrh	r3, [r2, #64]
 1637 0104 9BB2     		uxth	r3, r3
 1638 0106 43F00103 		orr	r3, r3, #1
 1639 010a A2F84030 		strh	r3, [r2, #64]	@ movhi
 1640 010e 2268     		ldr	r2, [r4]
 1641 0110 B2F84030 		ldrh	r3, [r2, #64]
 1642 0114 9BB2     		uxth	r3, r3
 1643 0116 23F00103 		bic	r3, r3, #1
 1644 011a 9BB2     		uxth	r3, r3
 1645 011c A2F84030 		strh	r3, [r2, #64]	@ movhi
ARM GAS  C:\Users\matve\AppData\Local\Temp\ccVW8kkg.s 			page 29


 1646              	.L168:
 1647 0120 2368     		ldr	r3, [r4]
 1648 0122 B3F84420 		ldrh	r2, [r3, #68]
 1649 0126 12F4806F 		tst	r2, #1024
 1650 012a F9D0     		beq	.L168
 1651 012c B3F84420 		ldrh	r2, [r3, #68]
 1652 0130 92B2     		uxth	r2, r2
 1653 0132 22F48062 		bic	r2, r2, #1024
 1654 0136 92B2     		uxth	r2, r2
 1655 0138 A3F84420 		strh	r2, [r3, #68]	@ movhi
 1656 013c 0023     		movs	r3, #0
 1657 013e 0BE0     		b	.L169
 1658              	.L182:
 1659 0140 0023     		movs	r3, #0
 1660 0142 DAE7     		b	.L165
 1661              	.L170:
 1662 0144 2268     		ldr	r2, [r4]
 1663 0146 04A9     		add	r1, sp, #16
 1664 0148 01EB4301 		add	r1, r1, r3, lsl #1
 1665 014c 31F8101C 		ldrh	r1, [r1, #-16]
 1666 0150 22F82310 		strh	r1, [r2, r3, lsl #2]	@ movhi
 1667 0154 0133     		adds	r3, r3, #1
 1668 0156 DBB2     		uxtb	r3, r3
 1669              	.L169:
 1670 0158 072B     		cmp	r3, #7
 1671 015a F3D9     		bls	.L170
 1672 015c 2268     		ldr	r2, [r4]
 1673 015e B2F84030 		ldrh	r3, [r2, #64]
 1674 0162 9BB2     		uxth	r3, r3
 1675 0164 43F00803 		orr	r3, r3, #8
 1676 0168 A2F84030 		strh	r3, [r2, #64]	@ movhi
 1677 016c 2268     		ldr	r2, [r4]
 1678 016e B2F84430 		ldrh	r3, [r2, #68]
 1679 0172 9BB2     		uxth	r3, r3
 1680 0174 23F40063 		bic	r3, r3, #2048
 1681 0178 9BB2     		uxth	r3, r3
 1682 017a A2F84430 		strh	r3, [r2, #68]	@ movhi
 1683 017e 2268     		ldr	r2, [r4]
 1684 0180 B2F84030 		ldrh	r3, [r2, #64]
 1685 0184 9BB2     		uxth	r3, r3
 1686 0186 43F00403 		orr	r3, r3, #4
 1687 018a A2F84030 		strh	r3, [r2, #64]	@ movhi
 1688 018e 2046     		mov	r0, r4
 1689 0190 FFF7FEFF 		bl	HAL_PCD_SuspendCallback
 1690 0194 7CE7     		b	.L158
 1691              	.L183:
 1692 0196 2268     		ldr	r2, [r4]
 1693 0198 B2F84430 		ldrh	r3, [r2, #68]
 1694 019c 9BB2     		uxth	r3, r3
 1695 019e 23F40073 		bic	r3, r3, #512
 1696 01a2 9BB2     		uxth	r3, r3
 1697 01a4 A2F84430 		strh	r3, [r2, #68]	@ movhi
 1698 01a8 2046     		mov	r0, r4
 1699 01aa FFF7FEFF 		bl	HAL_PCD_SOFCallback
 1700 01ae 6FE7     		b	.L158
 1702              		.section	.text.HAL_PCD_EP_Open,"ax",%progbits
 1703              		.align	1
ARM GAS  C:\Users\matve\AppData\Local\Temp\ccVW8kkg.s 			page 30


 1704              		.global	HAL_PCD_EP_Open
 1705              		.syntax unified
 1706              		.thumb
 1707              		.thumb_func
 1709              	HAL_PCD_EP_Open:
 1710              		@ args = 0, pretend = 0, frame = 0
 1711              		@ frame_needed = 0, uses_anonymous_args = 0
 1712 0000 10B5     		push	{r4, lr}
 1713 0002 0446     		mov	r4, r0
 1714 0004 0846     		mov	r0, r1
 1715 0006 11F0800F 		tst	r1, #128
 1716 000a 25D1     		bne	.L191
 1717 000c 01F0070C 		and	ip, r1, #7
 1718 0010 0CEB8C01 		add	r1, ip, ip, lsl #2
 1719 0014 C900     		lsls	r1, r1, #3
 1720 0016 01F5B47E 		add	lr, r1, #360
 1721 001a 04EB0E01 		add	r1, r4, lr
 1722 001e 0CEB8C0C 		add	ip, ip, ip, lsl #2
 1723 0022 04EBCC0C 		add	ip, r4, ip, lsl #3
 1724 0026 4FF0000E 		mov	lr, #0
 1725 002a 8CF869E1 		strb	lr, [ip, #361]
 1726              	.L186:
 1727 002e 00F00700 		and	r0, r0, #7
 1728 0032 0870     		strb	r0, [r1]
 1729 0034 0A61     		str	r2, [r1, #16]
 1730 0036 CB70     		strb	r3, [r1, #3]
 1731 0038 022B     		cmp	r3, #2
 1732 003a 1AD0     		beq	.L192
 1733              	.L187:
 1734 003c 94F8A832 		ldrb	r3, [r4, #680]	@ zero_extendqisi2
 1735 0040 012B     		cmp	r3, #1
 1736 0042 19D0     		beq	.L189
 1737 0044 0123     		movs	r3, #1
 1738 0046 84F8A832 		strb	r3, [r4, #680]
 1739 004a 2068     		ldr	r0, [r4]
 1740 004c FFF7FEFF 		bl	USB_ActivateEndpoint
 1741 0050 0020     		movs	r0, #0
 1742 0052 84F8A802 		strb	r0, [r4, #680]
 1743              	.L188:
 1744 0056 10BD     		pop	{r4, pc}
 1745              	.L191:
 1746 0058 01F0070C 		and	ip, r1, #7
 1747 005c 0CF1010C 		add	ip, ip, #1
 1748 0060 0CEB8C01 		add	r1, ip, ip, lsl #2
 1749 0064 04EBC101 		add	r1, r4, r1, lsl #3
 1750 0068 4FF0010E 		mov	lr, #1
 1751 006c 81F801E0 		strb	lr, [r1, #1]
 1752 0070 DDE7     		b	.L186
 1753              	.L192:
 1754 0072 0023     		movs	r3, #0
 1755 0074 0B71     		strb	r3, [r1, #4]
 1756 0076 E1E7     		b	.L187
 1757              	.L189:
 1758 0078 0220     		movs	r0, #2
 1759 007a ECE7     		b	.L188
 1761              		.section	.text.HAL_PCD_EP_Close,"ax",%progbits
 1762              		.align	1
ARM GAS  C:\Users\matve\AppData\Local\Temp\ccVW8kkg.s 			page 31


 1763              		.global	HAL_PCD_EP_Close
 1764              		.syntax unified
 1765              		.thumb
 1766              		.thumb_func
 1768              	HAL_PCD_EP_Close:
 1769              		@ args = 0, pretend = 0, frame = 0
 1770              		@ frame_needed = 0, uses_anonymous_args = 0
 1771 0000 10B5     		push	{r4, lr}
 1772 0002 0446     		mov	r4, r0
 1773 0004 0B46     		mov	r3, r1
 1774 0006 11F0800F 		tst	r1, #128
 1775 000a 1FD1     		bne	.L199
 1776 000c 01F00702 		and	r2, r1, #7
 1777 0010 02EB8201 		add	r1, r2, r2, lsl #2
 1778 0014 C900     		lsls	r1, r1, #3
 1779 0016 01F5B471 		add	r1, r1, #360
 1780 001a 0144     		add	r1, r1, r0
 1781 001c 02EB8202 		add	r2, r2, r2, lsl #2
 1782 0020 00EBC202 		add	r2, r0, r2, lsl #3
 1783 0024 0020     		movs	r0, #0
 1784 0026 82F86901 		strb	r0, [r2, #361]
 1785              	.L195:
 1786 002a 03F00703 		and	r3, r3, #7
 1787 002e 0B70     		strb	r3, [r1]
 1788 0030 94F8A832 		ldrb	r3, [r4, #680]	@ zero_extendqisi2
 1789 0034 012B     		cmp	r3, #1
 1790 0036 13D0     		beq	.L197
 1791 0038 0123     		movs	r3, #1
 1792 003a 84F8A832 		strb	r3, [r4, #680]
 1793 003e 2068     		ldr	r0, [r4]
 1794 0040 FFF7FEFF 		bl	USB_DeactivateEndpoint
 1795 0044 0020     		movs	r0, #0
 1796 0046 84F8A802 		strb	r0, [r4, #680]
 1797              	.L196:
 1798 004a 10BD     		pop	{r4, pc}
 1799              	.L199:
 1800 004c 01F00702 		and	r2, r1, #7
 1801 0050 0132     		adds	r2, r2, #1
 1802 0052 02EB8201 		add	r1, r2, r2, lsl #2
 1803 0056 00EBC101 		add	r1, r0, r1, lsl #3
 1804 005a 0120     		movs	r0, #1
 1805 005c 4870     		strb	r0, [r1, #1]
 1806 005e E4E7     		b	.L195
 1807              	.L197:
 1808 0060 0220     		movs	r0, #2
 1809 0062 F2E7     		b	.L196
 1811              		.section	.text.HAL_PCD_EP_Receive,"ax",%progbits
 1812              		.align	1
 1813              		.global	HAL_PCD_EP_Receive
 1814              		.syntax unified
 1815              		.thumb
 1816              		.thumb_func
 1818              	HAL_PCD_EP_Receive:
 1819              		@ args = 0, pretend = 0, frame = 0
 1820              		@ frame_needed = 0, uses_anonymous_args = 0
 1821 0000 10B5     		push	{r4, lr}
 1822 0002 01F0070C 		and	ip, r1, #7
ARM GAS  C:\Users\matve\AppData\Local\Temp\ccVW8kkg.s 			page 32


 1823 0006 0CEB8C01 		add	r1, ip, ip, lsl #2
 1824 000a C900     		lsls	r1, r1, #3
 1825 000c 01F5B471 		add	r1, r1, #360
 1826 0010 0CEB8C0E 		add	lr, ip, ip, lsl #2
 1827 0014 00EBCE0E 		add	lr, r0, lr, lsl #3
 1828 0018 CEF87C21 		str	r2, [lr, #380]
 1829 001c CEF88031 		str	r3, [lr, #384]
 1830 0020 0024     		movs	r4, #0
 1831 0022 CEF88441 		str	r4, [lr, #388]
 1832 0026 8EF86941 		strb	r4, [lr, #361]
 1833 002a 8EF868C1 		strb	ip, [lr, #360]
 1834 002e 0144     		add	r1, r1, r0
 1835 0030 0068     		ldr	r0, [r0]
 1836 0032 FFF7FEFF 		bl	USB_EPStartXfer
 1837 0036 2046     		mov	r0, r4
 1838 0038 10BD     		pop	{r4, pc}
 1840              		.section	.text.HAL_PCD_EP_GetRxCount,"ax",%progbits
 1841              		.align	1
 1842              		.global	HAL_PCD_EP_GetRxCount
 1843              		.syntax unified
 1844              		.thumb
 1845              		.thumb_func
 1847              	HAL_PCD_EP_GetRxCount:
 1848              		@ args = 0, pretend = 0, frame = 0
 1849              		@ frame_needed = 0, uses_anonymous_args = 0
 1850              		@ link register save eliminated.
 1851 0000 01F00701 		and	r1, r1, #7
 1852 0004 01EB8101 		add	r1, r1, r1, lsl #2
 1853 0008 00EBC100 		add	r0, r0, r1, lsl #3
 1854 000c D0F88401 		ldr	r0, [r0, #388]
 1855 0010 7047     		bx	lr
 1857              		.section	.text.HAL_PCD_EP_Transmit,"ax",%progbits
 1858              		.align	1
 1859              		.global	HAL_PCD_EP_Transmit
 1860              		.syntax unified
 1861              		.thumb
 1862              		.thumb_func
 1864              	HAL_PCD_EP_Transmit:
 1865              		@ args = 0, pretend = 0, frame = 0
 1866              		@ frame_needed = 0, uses_anonymous_args = 0
 1867 0000 38B5     		push	{r3, r4, r5, lr}
 1868 0002 01F00704 		and	r4, r1, #7
 1869 0006 04F1010C 		add	ip, r4, #1
 1870 000a 0CEB8C01 		add	r1, ip, ip, lsl #2
 1871 000e 04EB840E 		add	lr, r4, r4, lsl #2
 1872 0012 00EBCE0E 		add	lr, r0, lr, lsl #3
 1873 0016 CEF83C20 		str	r2, [lr, #60]
 1874 001a CEF84030 		str	r3, [lr, #64]
 1875 001e 0122     		movs	r2, #1
 1876 0020 8EF84C20 		strb	r2, [lr, #76]
 1877 0024 CEF84830 		str	r3, [lr, #72]
 1878 0028 0025     		movs	r5, #0
 1879 002a CEF84450 		str	r5, [lr, #68]
 1880 002e 00EBC103 		add	r3, r0, r1, lsl #3
 1881 0032 5A70     		strb	r2, [r3, #1]
 1882 0034 00F83140 		strb	r4, [r0, r1, lsl #3]
 1883 0038 1946     		mov	r1, r3
ARM GAS  C:\Users\matve\AppData\Local\Temp\ccVW8kkg.s 			page 33


 1884 003a 0068     		ldr	r0, [r0]
 1885 003c FFF7FEFF 		bl	USB_EPStartXfer
 1886 0040 2846     		mov	r0, r5
 1887 0042 38BD     		pop	{r3, r4, r5, pc}
 1889              		.section	.text.HAL_PCD_EP_SetStall,"ax",%progbits
 1890              		.align	1
 1891              		.global	HAL_PCD_EP_SetStall
 1892              		.syntax unified
 1893              		.thumb
 1894              		.thumb_func
 1896              	HAL_PCD_EP_SetStall:
 1897              		@ args = 0, pretend = 0, frame = 0
 1898              		@ frame_needed = 0, uses_anonymous_args = 0
 1899 0000 38B5     		push	{r3, r4, r5, lr}
 1900 0002 01F00705 		and	r5, r1, #7
 1901 0006 4268     		ldr	r2, [r0, #4]
 1902 0008 9542     		cmp	r5, r2
 1903 000a 31D8     		bhi	.L210
 1904 000c 0446     		mov	r4, r0
 1905 000e 0B46     		mov	r3, r1
 1906 0010 11F0800F 		tst	r1, #128
 1907 0014 1ED1     		bne	.L213
 1908 0016 01EB8101 		add	r1, r1, r1, lsl #2
 1909 001a C900     		lsls	r1, r1, #3
 1910 001c 01F5B471 		add	r1, r1, #360
 1911 0020 0144     		add	r1, r1, r0
 1912 0022 03EB8303 		add	r3, r3, r3, lsl #2
 1913 0026 00EBC303 		add	r3, r0, r3, lsl #3
 1914 002a 0022     		movs	r2, #0
 1915 002c 83F86921 		strb	r2, [r3, #361]
 1916              	.L208:
 1917 0030 0123     		movs	r3, #1
 1918 0032 8B70     		strb	r3, [r1, #2]
 1919 0034 0D70     		strb	r5, [r1]
 1920 0036 94F8A832 		ldrb	r3, [r4, #680]	@ zero_extendqisi2
 1921 003a 012B     		cmp	r3, #1
 1922 003c 1AD0     		beq	.L211
 1923 003e 0123     		movs	r3, #1
 1924 0040 84F8A832 		strb	r3, [r4, #680]
 1925 0044 2068     		ldr	r0, [r4]
 1926 0046 FFF7FEFF 		bl	USB_EPSetStall
 1927 004a 5DB1     		cbz	r5, .L214
 1928              	.L209:
 1929 004c 0020     		movs	r0, #0
 1930 004e 84F8A802 		strb	r0, [r4, #680]
 1931              	.L206:
 1932 0052 38BD     		pop	{r3, r4, r5, pc}
 1933              	.L213:
 1934 0054 6B1C     		adds	r3, r5, #1
 1935 0056 03EB8301 		add	r1, r3, r3, lsl #2
 1936 005a 00EBC101 		add	r1, r0, r1, lsl #3
 1937 005e 0122     		movs	r2, #1
 1938 0060 4A70     		strb	r2, [r1, #1]
 1939 0062 E5E7     		b	.L208
 1940              	.L214:
 1941 0064 04F52C71 		add	r1, r4, #688
 1942 0068 2068     		ldr	r0, [r4]
ARM GAS  C:\Users\matve\AppData\Local\Temp\ccVW8kkg.s 			page 34


 1943 006a FFF7FEFF 		bl	USB_EP0_OutStart
 1944 006e EDE7     		b	.L209
 1945              	.L210:
 1946 0070 0120     		movs	r0, #1
 1947 0072 EEE7     		b	.L206
 1948              	.L211:
 1949 0074 0220     		movs	r0, #2
 1950 0076 ECE7     		b	.L206
 1952              		.section	.text.HAL_PCD_EP_ClrStall,"ax",%progbits
 1953              		.align	1
 1954              		.global	HAL_PCD_EP_ClrStall
 1955              		.syntax unified
 1956              		.thumb
 1957              		.thumb_func
 1959              	HAL_PCD_EP_ClrStall:
 1960              		@ args = 0, pretend = 0, frame = 0
 1961              		@ frame_needed = 0, uses_anonymous_args = 0
 1962 0000 0B46     		mov	r3, r1
 1963 0002 01F00F01 		and	r1, r1, #15
 1964 0006 4268     		ldr	r2, [r0, #4]
 1965 0008 9142     		cmp	r1, r2
 1966 000a 30D8     		bhi	.L219
 1967 000c 10B5     		push	{r4, lr}
 1968 000e 0446     		mov	r4, r0
 1969 0010 13F0800F 		tst	r3, #128
 1970 0014 21D1     		bne	.L225
 1971 0016 03F00702 		and	r2, r3, #7
 1972 001a 02EB8201 		add	r1, r2, r2, lsl #2
 1973 001e C900     		lsls	r1, r1, #3
 1974 0020 01F5B471 		add	r1, r1, #360
 1975 0024 0144     		add	r1, r1, r0
 1976 0026 02EB8202 		add	r2, r2, r2, lsl #2
 1977 002a 00EBC202 		add	r2, r0, r2, lsl #3
 1978 002e 0020     		movs	r0, #0
 1979 0030 82F86901 		strb	r0, [r2, #361]
 1980              	.L218:
 1981 0034 0022     		movs	r2, #0
 1982 0036 8A70     		strb	r2, [r1, #2]
 1983 0038 03F00703 		and	r3, r3, #7
 1984 003c 0B70     		strb	r3, [r1]
 1985 003e 94F8A832 		ldrb	r3, [r4, #680]	@ zero_extendqisi2
 1986 0042 012B     		cmp	r3, #1
 1987 0044 15D0     		beq	.L220
 1988 0046 0123     		movs	r3, #1
 1989 0048 84F8A832 		strb	r3, [r4, #680]
 1990 004c 2068     		ldr	r0, [r4]
 1991 004e FFF7FEFF 		bl	USB_EPClearStall
 1992 0052 0020     		movs	r0, #0
 1993 0054 84F8A802 		strb	r0, [r4, #680]
 1994              	.L216:
 1995 0058 10BD     		pop	{r4, pc}
 1996              	.L225:
 1997 005a 03F00702 		and	r2, r3, #7
 1998 005e 0132     		adds	r2, r2, #1
 1999 0060 02EB8201 		add	r1, r2, r2, lsl #2
 2000 0064 00EBC101 		add	r1, r0, r1, lsl #3
 2001 0068 0120     		movs	r0, #1
ARM GAS  C:\Users\matve\AppData\Local\Temp\ccVW8kkg.s 			page 35


 2002 006a 4870     		strb	r0, [r1, #1]
 2003 006c E2E7     		b	.L218
 2004              	.L219:
 2005 006e 0120     		movs	r0, #1
 2006 0070 7047     		bx	lr
 2007              	.L220:
 2008 0072 0220     		movs	r0, #2
 2009 0074 F0E7     		b	.L216
 2011              		.section	.text.HAL_PCD_EP_Abort,"ax",%progbits
 2012              		.align	1
 2013              		.global	HAL_PCD_EP_Abort
 2014              		.syntax unified
 2015              		.thumb
 2016              		.thumb_func
 2018              	HAL_PCD_EP_Abort:
 2019              		@ args = 0, pretend = 0, frame = 0
 2020              		@ frame_needed = 0, uses_anonymous_args = 0
 2021 0000 08B5     		push	{r3, lr}
 2022 0002 11F0800F 		tst	r1, #128
 2023 0006 0BD1     		bne	.L230
 2024 0008 01F00701 		and	r1, r1, #7
 2025 000c 01EB8101 		add	r1, r1, r1, lsl #2
 2026 0010 C900     		lsls	r1, r1, #3
 2027 0012 01F5B471 		add	r1, r1, #360
 2028 0016 0144     		add	r1, r1, r0
 2029              	.L228:
 2030 0018 0068     		ldr	r0, [r0]
 2031 001a FFF7FEFF 		bl	USB_EPStopXfer
 2032 001e 08BD     		pop	{r3, pc}
 2033              	.L230:
 2034 0020 01F00701 		and	r1, r1, #7
 2035 0024 0131     		adds	r1, r1, #1
 2036 0026 01EB8101 		add	r1, r1, r1, lsl #2
 2037 002a 00EBC101 		add	r1, r0, r1, lsl #3
 2038 002e F3E7     		b	.L228
 2040              		.section	.text.HAL_PCD_EP_Flush,"ax",%progbits
 2041              		.align	1
 2042              		.global	HAL_PCD_EP_Flush
 2043              		.syntax unified
 2044              		.thumb
 2045              		.thumb_func
 2047              	HAL_PCD_EP_Flush:
 2048              		@ args = 0, pretend = 0, frame = 0
 2049              		@ frame_needed = 0, uses_anonymous_args = 0
 2050 0000 90F8A832 		ldrb	r3, [r0, #680]	@ zero_extendqisi2
 2051 0004 012B     		cmp	r3, #1
 2052 0006 14D0     		beq	.L235
 2053 0008 10B5     		push	{r4, lr}
 2054 000a 0446     		mov	r4, r0
 2055 000c 0123     		movs	r3, #1
 2056 000e 80F8A832 		strb	r3, [r0, #680]
 2057 0012 11F0800F 		tst	r1, #128
 2058 0016 06D1     		bne	.L240
 2059 0018 0068     		ldr	r0, [r0]
 2060 001a FFF7FEFF 		bl	USB_FlushRxFifo
 2061              	.L234:
 2062 001e 0020     		movs	r0, #0
ARM GAS  C:\Users\matve\AppData\Local\Temp\ccVW8kkg.s 			page 36


 2063 0020 84F8A802 		strb	r0, [r4, #680]
 2064 0024 10BD     		pop	{r4, pc}
 2065              	.L240:
 2066 0026 01F00701 		and	r1, r1, #7
 2067 002a 0068     		ldr	r0, [r0]
 2068 002c FFF7FEFF 		bl	USB_FlushTxFifo
 2069 0030 F5E7     		b	.L234
 2070              	.L235:
 2071 0032 0220     		movs	r0, #2
 2072 0034 7047     		bx	lr
 2074              		.section	.text.HAL_PCD_ActivateRemoteWakeup,"ax",%progbits
 2075              		.align	1
 2076              		.global	HAL_PCD_ActivateRemoteWakeup
 2077              		.syntax unified
 2078              		.thumb
 2079              		.thumb_func
 2081              	HAL_PCD_ActivateRemoteWakeup:
 2082              		@ args = 0, pretend = 0, frame = 0
 2083              		@ frame_needed = 0, uses_anonymous_args = 0
 2084 0000 08B5     		push	{r3, lr}
 2085 0002 0068     		ldr	r0, [r0]
 2086 0004 FFF7FEFF 		bl	USB_ActivateRemoteWakeup
 2087 0008 08BD     		pop	{r3, pc}
 2089              		.section	.text.HAL_PCD_DeActivateRemoteWakeup,"ax",%progbits
 2090              		.align	1
 2091              		.global	HAL_PCD_DeActivateRemoteWakeup
 2092              		.syntax unified
 2093              		.thumb
 2094              		.thumb_func
 2096              	HAL_PCD_DeActivateRemoteWakeup:
 2097              		@ args = 0, pretend = 0, frame = 0
 2098              		@ frame_needed = 0, uses_anonymous_args = 0
 2099 0000 08B5     		push	{r3, lr}
 2100 0002 0068     		ldr	r0, [r0]
 2101 0004 FFF7FEFF 		bl	USB_DeActivateRemoteWakeup
 2102 0008 08BD     		pop	{r3, pc}
 2104              		.section	.text.HAL_PCD_GetState,"ax",%progbits
 2105              		.align	1
 2106              		.global	HAL_PCD_GetState
 2107              		.syntax unified
 2108              		.thumb
 2109              		.thumb_func
 2111              	HAL_PCD_GetState:
 2112              		@ args = 0, pretend = 0, frame = 0
 2113              		@ frame_needed = 0, uses_anonymous_args = 0
 2114              		@ link register save eliminated.
 2115 0000 90F8A902 		ldrb	r0, [r0, #681]	@ zero_extendqisi2
 2116 0004 7047     		bx	lr
 2118              		.ident	"GCC: (xPack GNU Arm Embedded GCC x86_64) 13.2.1 20231009"
ARM GAS  C:\Users\matve\AppData\Local\Temp\ccVW8kkg.s 			page 37


DEFINED SYMBOLS
                            *ABS*:00000000 stm32f1xx_hal_pcd.c
C:\Users\matve\AppData\Local\Temp\ccVW8kkg.s:16     .text.HAL_PCD_EP_DB_Receive:00000000 $t
C:\Users\matve\AppData\Local\Temp\ccVW8kkg.s:21     .text.HAL_PCD_EP_DB_Receive:00000000 HAL_PCD_EP_DB_Receive
C:\Users\matve\AppData\Local\Temp\ccVW8kkg.s:135    .text.HAL_PCD_MspInit:00000000 $t
C:\Users\matve\AppData\Local\Temp\ccVW8kkg.s:141    .text.HAL_PCD_MspInit:00000000 HAL_PCD_MspInit
C:\Users\matve\AppData\Local\Temp\ccVW8kkg.s:148    .text.HAL_PCD_Init:00000000 $t
C:\Users\matve\AppData\Local\Temp\ccVW8kkg.s:154    .text.HAL_PCD_Init:00000000 HAL_PCD_Init
C:\Users\matve\AppData\Local\Temp\ccVW8kkg.s:269    .text.HAL_PCD_MspDeInit:00000000 $t
C:\Users\matve\AppData\Local\Temp\ccVW8kkg.s:275    .text.HAL_PCD_MspDeInit:00000000 HAL_PCD_MspDeInit
C:\Users\matve\AppData\Local\Temp\ccVW8kkg.s:282    .text.HAL_PCD_DeInit:00000000 $t
C:\Users\matve\AppData\Local\Temp\ccVW8kkg.s:288    .text.HAL_PCD_DeInit:00000000 HAL_PCD_DeInit
C:\Users\matve\AppData\Local\Temp\ccVW8kkg.s:315    .text.HAL_PCD_Start:00000000 $t
C:\Users\matve\AppData\Local\Temp\ccVW8kkg.s:321    .text.HAL_PCD_Start:00000000 HAL_PCD_Start
C:\Users\matve\AppData\Local\Temp\ccVW8kkg.s:347    .text.HAL_PCD_Stop:00000000 $t
C:\Users\matve\AppData\Local\Temp\ccVW8kkg.s:353    .text.HAL_PCD_Stop:00000000 HAL_PCD_Stop
C:\Users\matve\AppData\Local\Temp\ccVW8kkg.s:378    .text.HAL_PCD_WKUP_IRQHandler:00000000 $t
C:\Users\matve\AppData\Local\Temp\ccVW8kkg.s:384    .text.HAL_PCD_WKUP_IRQHandler:00000000 HAL_PCD_WKUP_IRQHandler
C:\Users\matve\AppData\Local\Temp\ccVW8kkg.s:395    .text.HAL_PCD_WKUP_IRQHandler:0000000c $d
C:\Users\matve\AppData\Local\Temp\ccVW8kkg.s:398    .text.HAL_PCD_DataOutStageCallback:00000000 $t
C:\Users\matve\AppData\Local\Temp\ccVW8kkg.s:404    .text.HAL_PCD_DataOutStageCallback:00000000 HAL_PCD_DataOutStageCallback
C:\Users\matve\AppData\Local\Temp\ccVW8kkg.s:411    .text.HAL_PCD_DataInStageCallback:00000000 $t
C:\Users\matve\AppData\Local\Temp\ccVW8kkg.s:417    .text.HAL_PCD_DataInStageCallback:00000000 HAL_PCD_DataInStageCallback
C:\Users\matve\AppData\Local\Temp\ccVW8kkg.s:424    .text.HAL_PCD_EP_DB_Transmit:00000000 $t
C:\Users\matve\AppData\Local\Temp\ccVW8kkg.s:429    .text.HAL_PCD_EP_DB_Transmit:00000000 HAL_PCD_EP_DB_Transmit
C:\Users\matve\AppData\Local\Temp\ccVW8kkg.s:858    .text.HAL_PCD_SetupStageCallback:00000000 $t
C:\Users\matve\AppData\Local\Temp\ccVW8kkg.s:864    .text.HAL_PCD_SetupStageCallback:00000000 HAL_PCD_SetupStageCallback
C:\Users\matve\AppData\Local\Temp\ccVW8kkg.s:871    .text.PCD_EP_ISR_Handler:00000000 $t
C:\Users\matve\AppData\Local\Temp\ccVW8kkg.s:876    .text.PCD_EP_ISR_Handler:00000000 PCD_EP_ISR_Handler
C:\Users\matve\AppData\Local\Temp\ccVW8kkg.s:1343   .text.HAL_PCD_SOFCallback:00000000 $t
C:\Users\matve\AppData\Local\Temp\ccVW8kkg.s:1349   .text.HAL_PCD_SOFCallback:00000000 HAL_PCD_SOFCallback
C:\Users\matve\AppData\Local\Temp\ccVW8kkg.s:1356   .text.HAL_PCD_ResetCallback:00000000 $t
C:\Users\matve\AppData\Local\Temp\ccVW8kkg.s:1362   .text.HAL_PCD_ResetCallback:00000000 HAL_PCD_ResetCallback
C:\Users\matve\AppData\Local\Temp\ccVW8kkg.s:1369   .text.HAL_PCD_SuspendCallback:00000000 $t
C:\Users\matve\AppData\Local\Temp\ccVW8kkg.s:1375   .text.HAL_PCD_SuspendCallback:00000000 HAL_PCD_SuspendCallback
C:\Users\matve\AppData\Local\Temp\ccVW8kkg.s:1382   .text.HAL_PCD_ResumeCallback:00000000 $t
C:\Users\matve\AppData\Local\Temp\ccVW8kkg.s:1388   .text.HAL_PCD_ResumeCallback:00000000 HAL_PCD_ResumeCallback
C:\Users\matve\AppData\Local\Temp\ccVW8kkg.s:1395   .text.HAL_PCD_ISOOUTIncompleteCallback:00000000 $t
C:\Users\matve\AppData\Local\Temp\ccVW8kkg.s:1401   .text.HAL_PCD_ISOOUTIncompleteCallback:00000000 HAL_PCD_ISOOUTIncompleteCallback
C:\Users\matve\AppData\Local\Temp\ccVW8kkg.s:1408   .text.HAL_PCD_ISOINIncompleteCallback:00000000 $t
C:\Users\matve\AppData\Local\Temp\ccVW8kkg.s:1414   .text.HAL_PCD_ISOINIncompleteCallback:00000000 HAL_PCD_ISOINIncompleteCallback
C:\Users\matve\AppData\Local\Temp\ccVW8kkg.s:1421   .text.HAL_PCD_ConnectCallback:00000000 $t
C:\Users\matve\AppData\Local\Temp\ccVW8kkg.s:1427   .text.HAL_PCD_ConnectCallback:00000000 HAL_PCD_ConnectCallback
C:\Users\matve\AppData\Local\Temp\ccVW8kkg.s:1434   .text.HAL_PCD_DisconnectCallback:00000000 $t
C:\Users\matve\AppData\Local\Temp\ccVW8kkg.s:1440   .text.HAL_PCD_DisconnectCallback:00000000 HAL_PCD_DisconnectCallback
C:\Users\matve\AppData\Local\Temp\ccVW8kkg.s:1447   .text.HAL_PCD_DevConnect:00000000 $t
C:\Users\matve\AppData\Local\Temp\ccVW8kkg.s:1453   .text.HAL_PCD_DevConnect:00000000 HAL_PCD_DevConnect
C:\Users\matve\AppData\Local\Temp\ccVW8kkg.s:1474   .text.HAL_PCD_DevDisconnect:00000000 $t
C:\Users\matve\AppData\Local\Temp\ccVW8kkg.s:1480   .text.HAL_PCD_DevDisconnect:00000000 HAL_PCD_DevDisconnect
C:\Users\matve\AppData\Local\Temp\ccVW8kkg.s:1502   .text.HAL_PCD_SetAddress:00000000 $t
C:\Users\matve\AppData\Local\Temp\ccVW8kkg.s:1508   .text.HAL_PCD_SetAddress:00000000 HAL_PCD_SetAddress
C:\Users\matve\AppData\Local\Temp\ccVW8kkg.s:1529   .text.HAL_PCD_IRQHandler:00000000 $t
C:\Users\matve\AppData\Local\Temp\ccVW8kkg.s:1535   .text.HAL_PCD_IRQHandler:00000000 HAL_PCD_IRQHandler
C:\Users\matve\AppData\Local\Temp\ccVW8kkg.s:1703   .text.HAL_PCD_EP_Open:00000000 $t
C:\Users\matve\AppData\Local\Temp\ccVW8kkg.s:1709   .text.HAL_PCD_EP_Open:00000000 HAL_PCD_EP_Open
C:\Users\matve\AppData\Local\Temp\ccVW8kkg.s:1762   .text.HAL_PCD_EP_Close:00000000 $t
C:\Users\matve\AppData\Local\Temp\ccVW8kkg.s:1768   .text.HAL_PCD_EP_Close:00000000 HAL_PCD_EP_Close
ARM GAS  C:\Users\matve\AppData\Local\Temp\ccVW8kkg.s 			page 38


C:\Users\matve\AppData\Local\Temp\ccVW8kkg.s:1812   .text.HAL_PCD_EP_Receive:00000000 $t
C:\Users\matve\AppData\Local\Temp\ccVW8kkg.s:1818   .text.HAL_PCD_EP_Receive:00000000 HAL_PCD_EP_Receive
C:\Users\matve\AppData\Local\Temp\ccVW8kkg.s:1841   .text.HAL_PCD_EP_GetRxCount:00000000 $t
C:\Users\matve\AppData\Local\Temp\ccVW8kkg.s:1847   .text.HAL_PCD_EP_GetRxCount:00000000 HAL_PCD_EP_GetRxCount
C:\Users\matve\AppData\Local\Temp\ccVW8kkg.s:1858   .text.HAL_PCD_EP_Transmit:00000000 $t
C:\Users\matve\AppData\Local\Temp\ccVW8kkg.s:1864   .text.HAL_PCD_EP_Transmit:00000000 HAL_PCD_EP_Transmit
C:\Users\matve\AppData\Local\Temp\ccVW8kkg.s:1890   .text.HAL_PCD_EP_SetStall:00000000 $t
C:\Users\matve\AppData\Local\Temp\ccVW8kkg.s:1896   .text.HAL_PCD_EP_SetStall:00000000 HAL_PCD_EP_SetStall
C:\Users\matve\AppData\Local\Temp\ccVW8kkg.s:1953   .text.HAL_PCD_EP_ClrStall:00000000 $t
C:\Users\matve\AppData\Local\Temp\ccVW8kkg.s:1959   .text.HAL_PCD_EP_ClrStall:00000000 HAL_PCD_EP_ClrStall
C:\Users\matve\AppData\Local\Temp\ccVW8kkg.s:2012   .text.HAL_PCD_EP_Abort:00000000 $t
C:\Users\matve\AppData\Local\Temp\ccVW8kkg.s:2018   .text.HAL_PCD_EP_Abort:00000000 HAL_PCD_EP_Abort
C:\Users\matve\AppData\Local\Temp\ccVW8kkg.s:2041   .text.HAL_PCD_EP_Flush:00000000 $t
C:\Users\matve\AppData\Local\Temp\ccVW8kkg.s:2047   .text.HAL_PCD_EP_Flush:00000000 HAL_PCD_EP_Flush
C:\Users\matve\AppData\Local\Temp\ccVW8kkg.s:2075   .text.HAL_PCD_ActivateRemoteWakeup:00000000 $t
C:\Users\matve\AppData\Local\Temp\ccVW8kkg.s:2081   .text.HAL_PCD_ActivateRemoteWakeup:00000000 HAL_PCD_ActivateRemoteWakeup
C:\Users\matve\AppData\Local\Temp\ccVW8kkg.s:2090   .text.HAL_PCD_DeActivateRemoteWakeup:00000000 $t
C:\Users\matve\AppData\Local\Temp\ccVW8kkg.s:2096   .text.HAL_PCD_DeActivateRemoteWakeup:00000000 HAL_PCD_DeActivateRemoteWakeup
C:\Users\matve\AppData\Local\Temp\ccVW8kkg.s:2105   .text.HAL_PCD_GetState:00000000 $t
C:\Users\matve\AppData\Local\Temp\ccVW8kkg.s:2111   .text.HAL_PCD_GetState:00000000 HAL_PCD_GetState

UNDEFINED SYMBOLS
USB_ReadPMA
USB_DisableGlobalInt
USB_CoreInit
USB_SetCurrentMode
USB_DevInit
USB_DevDisconnect
USB_StopDevice
USB_EnableGlobalInt
HAL_PCDEx_SetConnectionState
USB_DevConnect
USB_WritePMA
USB_EPStartXfer
USB_SetDevAddress
USB_ReadInterrupts
USB_ActivateEndpoint
USB_DeactivateEndpoint
USB_EPSetStall
USB_EP0_OutStart
USB_EPClearStall
USB_EPStopXfer
USB_FlushRxFifo
USB_FlushTxFifo
USB_ActivateRemoteWakeup
USB_DeActivateRemoteWakeup
