ARM GAS  C:\Users\matve\AppData\Local\Temp\ccJGeiek.s 			page 1


   1              		.cpu cortex-m3
   2              		.arch armv7-m
   3              		.fpu softvfp
   4              		.eabi_attribute 20, 1
   5              		.eabi_attribute 21, 1
   6              		.eabi_attribute 23, 3
   7              		.eabi_attribute 24, 1
   8              		.eabi_attribute 25, 1
   9              		.eabi_attribute 26, 1
  10              		.eabi_attribute 30, 1
  11              		.eabi_attribute 34, 1
  12              		.eabi_attribute 18, 4
  13              		.file	"stm32f1xx_hal_pcd_ex.c"
  14              		.text
  15              		.section	.text.HAL_PCDEx_PMAConfig,"ax",%progbits
  16              		.align	1
  17              		.global	HAL_PCDEx_PMAConfig
  18              		.syntax unified
  19              		.thumb
  20              		.thumb_func
  22              	HAL_PCDEx_PMAConfig:
  23              		@ args = 0, pretend = 0, frame = 0
  24              		@ frame_needed = 0, uses_anonymous_args = 0
  25              		@ link register save eliminated.
  26 0000 11F0800F 		tst	r1, #128
  27 0004 0BD0     		beq	.L2
  28 0006 01F00701 		and	r1, r1, #7
  29 000a 0131     		adds	r1, r1, #1
  30 000c 01EB8101 		add	r1, r1, r1, lsl #2
  31 0010 00EBC100 		add	r0, r0, r1, lsl #3
  32              	.L3:
  33 0014 52B9     		cbnz	r2, .L4
  34 0016 0273     		strb	r2, [r0, #12]
  35 0018 C380     		strh	r3, [r0, #6]	@ movhi
  36              	.L5:
  37 001a 0020     		movs	r0, #0
  38 001c 7047     		bx	lr
  39              	.L2:
  40 001e 01EB8101 		add	r1, r1, r1, lsl #2
  41 0022 C900     		lsls	r1, r1, #3
  42 0024 01F5B471 		add	r1, r1, #360
  43 0028 0844     		add	r0, r0, r1
  44 002a F3E7     		b	.L3
  45              	.L4:
  46 002c 0122     		movs	r2, #1
  47 002e 0273     		strb	r2, [r0, #12]
  48 0030 0381     		strh	r3, [r0, #8]	@ movhi
  49 0032 1B0C     		lsrs	r3, r3, #16
  50 0034 4381     		strh	r3, [r0, #10]	@ movhi
  51 0036 F0E7     		b	.L5
  53              		.section	.text.HAL_PCDEx_SetConnectionState,"ax",%progbits
  54              		.align	1
  55              		.weak	HAL_PCDEx_SetConnectionState
  56              		.syntax unified
  57              		.thumb
  58              		.thumb_func
  60              	HAL_PCDEx_SetConnectionState:
ARM GAS  C:\Users\matve\AppData\Local\Temp\ccJGeiek.s 			page 2


  61              		@ args = 0, pretend = 0, frame = 0
  62              		@ frame_needed = 0, uses_anonymous_args = 0
  63              		@ link register save eliminated.
  64 0000 7047     		bx	lr
  66              		.section	.text.HAL_PCDEx_LPM_Callback,"ax",%progbits
  67              		.align	1
  68              		.weak	HAL_PCDEx_LPM_Callback
  69              		.syntax unified
  70              		.thumb
  71              		.thumb_func
  73              	HAL_PCDEx_LPM_Callback:
  74              		@ args = 0, pretend = 0, frame = 0
  75              		@ frame_needed = 0, uses_anonymous_args = 0
  76              		@ link register save eliminated.
  77 0000 7047     		bx	lr
  79              		.section	.text.HAL_PCDEx_BCD_Callback,"ax",%progbits
  80              		.align	1
  81              		.weak	HAL_PCDEx_BCD_Callback
  82              		.syntax unified
  83              		.thumb
  84              		.thumb_func
  86              	HAL_PCDEx_BCD_Callback:
  87              		@ args = 0, pretend = 0, frame = 0
  88              		@ frame_needed = 0, uses_anonymous_args = 0
  89              		@ link register save eliminated.
  90 0000 7047     		bx	lr
  92              		.ident	"GCC: (xPack GNU Arm Embedded GCC x86_64) 13.2.1 20231009"
ARM GAS  C:\Users\matve\AppData\Local\Temp\ccJGeiek.s 			page 3


DEFINED SYMBOLS
                            *ABS*:00000000 stm32f1xx_hal_pcd_ex.c
C:\Users\matve\AppData\Local\Temp\ccJGeiek.s:16     .text.HAL_PCDEx_PMAConfig:00000000 $t
C:\Users\matve\AppData\Local\Temp\ccJGeiek.s:22     .text.HAL_PCDEx_PMAConfig:00000000 HAL_PCDEx_PMAConfig
C:\Users\matve\AppData\Local\Temp\ccJGeiek.s:54     .text.HAL_PCDEx_SetConnectionState:00000000 $t
C:\Users\matve\AppData\Local\Temp\ccJGeiek.s:60     .text.HAL_PCDEx_SetConnectionState:00000000 HAL_PCDEx_SetConnectionState
C:\Users\matve\AppData\Local\Temp\ccJGeiek.s:67     .text.HAL_PCDEx_LPM_Callback:00000000 $t
C:\Users\matve\AppData\Local\Temp\ccJGeiek.s:73     .text.HAL_PCDEx_LPM_Callback:00000000 HAL_PCDEx_LPM_Callback
C:\Users\matve\AppData\Local\Temp\ccJGeiek.s:80     .text.HAL_PCDEx_BCD_Callback:00000000 $t
C:\Users\matve\AppData\Local\Temp\ccJGeiek.s:86     .text.HAL_PCDEx_BCD_Callback:00000000 HAL_PCDEx_BCD_Callback

NO UNDEFINED SYMBOLS
