ARM GAS  C:\Users\matve\AppData\Local\Temp\ccff1is7.s 			page 1


   1              		.cpu cortex-m3
   2              		.arch armv7-m
   3              		.fpu softvfp
   4              		.eabi_attribute 20, 1
   5              		.eabi_attribute 21, 1
   6              		.eabi_attribute 23, 3
   7              		.eabi_attribute 24, 1
   8              		.eabi_attribute 25, 1
   9              		.eabi_attribute 26, 1
  10              		.eabi_attribute 30, 1
  11              		.eabi_attribute 34, 1
  12              		.eabi_attribute 18, 4
  13              		.file	"stm32f1xx_ll_usb.c"
  14              		.text
  15              		.section	.text.USB_CoreInit,"ax",%progbits
  16              		.align	1
  17              		.global	USB_CoreInit
  18              		.syntax unified
  19              		.thumb
  20              		.thumb_func
  22              	USB_CoreInit:
  23              		@ args = 36, pretend = 16, frame = 0
  24              		@ frame_needed = 0, uses_anonymous_args = 0
  25              		@ link register save eliminated.
  26 0000 84B0     		sub	sp, sp, #16
  27 0002 01A8     		add	r0, sp, #4
  28 0004 80E80E00 		stm	r0, {r1, r2, r3}
  29 0008 0020     		movs	r0, #0
  30 000a 04B0     		add	sp, sp, #16
  31 000c 7047     		bx	lr
  33              		.section	.text.USB_EnableGlobalInt,"ax",%progbits
  34              		.align	1
  35              		.global	USB_EnableGlobalInt
  36              		.syntax unified
  37              		.thumb
  38              		.thumb_func
  40              	USB_EnableGlobalInt:
  41              		@ args = 0, pretend = 0, frame = 0
  42              		@ frame_needed = 0, uses_anonymous_args = 0
  43              		@ link register save eliminated.
  44 0000 0346     		mov	r3, r0
  45 0002 0020     		movs	r0, #0
  46 0004 A3F84400 		strh	r0, [r3, #68]	@ movhi
  47 0008 4FF43F42 		mov	r2, #48896
  48 000c A3F84020 		strh	r2, [r3, #64]	@ movhi
  49 0010 7047     		bx	lr
  51              		.section	.text.USB_DisableGlobalInt,"ax",%progbits
  52              		.align	1
  53              		.global	USB_DisableGlobalInt
  54              		.syntax unified
  55              		.thumb
  56              		.thumb_func
  58              	USB_DisableGlobalInt:
  59              		@ args = 0, pretend = 0, frame = 0
  60              		@ frame_needed = 0, uses_anonymous_args = 0
  61              		@ link register save eliminated.
  62 0000 B0F84030 		ldrh	r3, [r0, #64]
ARM GAS  C:\Users\matve\AppData\Local\Temp\ccff1is7.s 			page 2


  63 0004 23F47C53 		bic	r3, r3, #16128
  64 0008 5B04     		lsls	r3, r3, #17
  65 000a 5B0C     		lsrs	r3, r3, #17
  66 000c A0F84030 		strh	r3, [r0, #64]	@ movhi
  67 0010 0020     		movs	r0, #0
  68 0012 7047     		bx	lr
  70              		.section	.text.USB_SetCurrentMode,"ax",%progbits
  71              		.align	1
  72              		.global	USB_SetCurrentMode
  73              		.syntax unified
  74              		.thumb
  75              		.thumb_func
  77              	USB_SetCurrentMode:
  78              		@ args = 0, pretend = 0, frame = 0
  79              		@ frame_needed = 0, uses_anonymous_args = 0
  80              		@ link register save eliminated.
  81 0000 0020     		movs	r0, #0
  82 0002 7047     		bx	lr
  84              		.section	.text.USB_DevInit,"ax",%progbits
  85              		.align	1
  86              		.global	USB_DevInit
  87              		.syntax unified
  88              		.thumb
  89              		.thumb_func
  91              	USB_DevInit:
  92              		@ args = 36, pretend = 16, frame = 0
  93              		@ frame_needed = 0, uses_anonymous_args = 0
  94              		@ link register save eliminated.
  95 0000 84B0     		sub	sp, sp, #16
  96 0002 8446     		mov	ip, r0
  97 0004 01A8     		add	r0, sp, #4
  98 0006 80E80E00 		stm	r0, {r1, r2, r3}
  99 000a 0123     		movs	r3, #1
 100 000c ACF84030 		strh	r3, [ip, #64]	@ movhi
 101 0010 0020     		movs	r0, #0
 102 0012 ACF84000 		strh	r0, [ip, #64]	@ movhi
 103 0016 ACF84400 		strh	r0, [ip, #68]	@ movhi
 104 001a ACF85000 		strh	r0, [ip, #80]	@ movhi
 105 001e 04B0     		add	sp, sp, #16
 106 0020 7047     		bx	lr
 108              		.section	.text.USB_FlushTxFifo,"ax",%progbits
 109              		.align	1
 110              		.global	USB_FlushTxFifo
 111              		.syntax unified
 112              		.thumb
 113              		.thumb_func
 115              	USB_FlushTxFifo:
 116              		@ args = 0, pretend = 0, frame = 0
 117              		@ frame_needed = 0, uses_anonymous_args = 0
 118              		@ link register save eliminated.
 119 0000 0020     		movs	r0, #0
 120 0002 7047     		bx	lr
 122              		.section	.text.USB_FlushRxFifo,"ax",%progbits
 123              		.align	1
 124              		.global	USB_FlushRxFifo
 125              		.syntax unified
 126              		.thumb
ARM GAS  C:\Users\matve\AppData\Local\Temp\ccff1is7.s 			page 3


 127              		.thumb_func
 129              	USB_FlushRxFifo:
 130              		@ args = 0, pretend = 0, frame = 0
 131              		@ frame_needed = 0, uses_anonymous_args = 0
 132              		@ link register save eliminated.
 133 0000 0020     		movs	r0, #0
 134 0002 7047     		bx	lr
 136              		.section	.text.USB_ActivateEndpoint,"ax",%progbits
 137              		.align	1
 138              		.global	USB_ActivateEndpoint
 139              		.syntax unified
 140              		.thumb
 141              		.thumb_func
 143              	USB_ActivateEndpoint:
 144              		@ args = 0, pretend = 0, frame = 0
 145              		@ frame_needed = 0, uses_anonymous_args = 0
 146 0000 10B5     		push	{r4, lr}
 147 0002 0346     		mov	r3, r0
 148 0004 91F800C0 		ldrb	ip, [r1]	@ zero_extendqisi2
 149 0008 30F82C20 		ldrh	r2, [r0, ip, lsl #2]
 150 000c 92B2     		uxth	r2, r2
 151 000e 22F4EC42 		bic	r2, r2, #30208
 152 0012 22F07002 		bic	r2, r2, #112
 153 0016 92B2     		uxth	r2, r2
 154 0018 C878     		ldrb	r0, [r1, #3]	@ zero_extendqisi2
 155 001a 0328     		cmp	r0, #3
 156 001c 61D8     		bhi	.L38
 157 001e DFE800F0 		tbb	[pc, r0]
 158              	.L13:
 159 0022 55       		.byte	(.L16-.L13)/2
 160 0023 5C       		.byte	(.L15-.L13)/2
 161 0024 02       		.byte	(.L14-.L13)/2
 162 0025 58       		.byte	(.L12-.L13)/2
 163              		.p2align 1
 164              	.L14:
 165 0026 0020     		movs	r0, #0
 166              	.L11:
 167 0028 48F2800E 		movw	lr, #32896
 168 002c 42EA0E02 		orr	r2, r2, lr
 169 0030 23F82C20 		strh	r2, [r3, ip, lsl #2]	@ movhi
 170 0034 91F800C0 		ldrb	ip, [r1]	@ zero_extendqisi2
 171 0038 33F82C20 		ldrh	r2, [r3, ip, lsl #2]
 172 003c 92B2     		uxth	r2, r2
 173 003e 22F4E042 		bic	r2, r2, #28672
 174 0042 22F07002 		bic	r2, r2, #112
 175 0046 42EA0C02 		orr	r2, r2, ip
 176 004a 42EA0E02 		orr	r2, r2, lr
 177 004e 23F82C20 		strh	r2, [r3, ip, lsl #2]	@ movhi
 178 0052 0A7B     		ldrb	r2, [r1, #12]	@ zero_extendqisi2
 179 0054 002A     		cmp	r2, #0
 180 0056 40F0DC80 		bne	.L17
 181 005a 4A78     		ldrb	r2, [r1, #1]	@ zero_extendqisi2
 182 005c 002A     		cmp	r2, #0
 183 005e 51D0     		beq	.L18
 184 0060 B3F85020 		ldrh	r2, [r3, #80]
 185 0064 92B2     		uxth	r2, r2
 186 0066 1A44     		add	r2, r2, r3
ARM GAS  C:\Users\matve\AppData\Local\Temp\ccff1is7.s 			page 4


 187 0068 0C78     		ldrb	r4, [r1]	@ zero_extendqisi2
 188 006a 02EB0412 		add	r2, r2, r4, lsl #4
 189 006e B1F806C0 		ldrh	ip, [r1, #6]
 190 0072 4FEA5C0C 		lsr	ip, ip, #1
 191 0076 4FEA4C0C 		lsl	ip, ip, #1
 192 007a A2F800C4 		strh	ip, [r2, #1024]	@ movhi
 193 007e 0C78     		ldrb	r4, [r1]	@ zero_extendqisi2
 194 0080 33F82420 		ldrh	r2, [r3, r4, lsl #2]
 195 0084 12F0400F 		tst	r2, #64
 196 0088 0CD0     		beq	.L19
 197 008a 33F82420 		ldrh	r2, [r3, r4, lsl #2]
 198 008e 92B2     		uxth	r2, r2
 199 0090 22F4E042 		bic	r2, r2, #28672
 200 0094 22F07002 		bic	r2, r2, #112
 201 0098 42F40042 		orr	r2, r2, #32768
 202 009c 42F0C002 		orr	r2, r2, #192
 203 00a0 23F82420 		strh	r2, [r3, r4, lsl #2]	@ movhi
 204              	.L19:
 205 00a4 CA78     		ldrb	r2, [r1, #3]	@ zero_extendqisi2
 206 00a6 012A     		cmp	r2, #1
 207 00a8 1DD0     		beq	.L20
 208 00aa 0978     		ldrb	r1, [r1]	@ zero_extendqisi2
 209 00ac 33F82120 		ldrh	r2, [r3, r1, lsl #2]
 210 00b0 92B2     		uxth	r2, r2
 211 00b2 22F4E042 		bic	r2, r2, #28672
 212 00b6 22F04002 		bic	r2, r2, #64
 213 00ba 82F02002 		eor	r2, r2, #32
 214 00be 42F40042 		orr	r2, r2, #32768
 215 00c2 42F08002 		orr	r2, r2, #128
 216 00c6 23F82120 		strh	r2, [r3, r1, lsl #2]	@ movhi
 217 00ca 17E1     		b	.L21
 218              	.L16:
 219 00cc 42F40072 		orr	r2, r2, #512
 220 00d0 AAE7     		b	.L11
 221              	.L12:
 222 00d2 42F4C062 		orr	r2, r2, #1536
 223 00d6 0020     		movs	r0, #0
 224 00d8 A6E7     		b	.L11
 225              	.L15:
 226 00da 42F48062 		orr	r2, r2, #1024
 227 00de 0020     		movs	r0, #0
 228 00e0 A2E7     		b	.L11
 229              	.L38:
 230 00e2 0120     		movs	r0, #1
 231 00e4 A0E7     		b	.L11
 232              	.L20:
 233 00e6 0978     		ldrb	r1, [r1]	@ zero_extendqisi2
 234 00e8 33F82120 		ldrh	r2, [r3, r1, lsl #2]
 235 00ec 92B2     		uxth	r2, r2
 236 00ee 22F4E042 		bic	r2, r2, #28672
 237 00f2 22F04002 		bic	r2, r2, #64
 238 00f6 42F40042 		orr	r2, r2, #32768
 239 00fa 42F08002 		orr	r2, r2, #128
 240 00fe 23F82120 		strh	r2, [r3, r1, lsl #2]	@ movhi
 241 0102 FBE0     		b	.L21
 242              	.L18:
 243 0104 B3F85020 		ldrh	r2, [r3, #80]
ARM GAS  C:\Users\matve\AppData\Local\Temp\ccff1is7.s 			page 5


 244 0108 92B2     		uxth	r2, r2
 245 010a 1A44     		add	r2, r2, r3
 246 010c 0C78     		ldrb	r4, [r1]	@ zero_extendqisi2
 247 010e 02EB0412 		add	r2, r2, r4, lsl #4
 248 0112 B1F806C0 		ldrh	ip, [r1, #6]
 249 0116 4FEA5C0C 		lsr	ip, ip, #1
 250 011a 4FEA4C0C 		lsl	ip, ip, #1
 251 011e A2F808C4 		strh	ip, [r2, #1032]	@ movhi
 252 0122 B3F85020 		ldrh	r2, [r3, #80]
 253 0126 92B2     		uxth	r2, r2
 254 0128 1A44     		add	r2, r2, r3
 255 012a 0C78     		ldrb	r4, [r1]	@ zero_extendqisi2
 256 012c 02EB0412 		add	r2, r2, r4, lsl #4
 257 0130 B2F80CC4 		ldrh	ip, [r2, #1036]
 258 0134 CCF3090C 		ubfx	ip, ip, #0, #10
 259 0138 A2F80CC4 		strh	ip, [r2, #1036]	@ movhi
 260 013c 0C69     		ldr	r4, [r1, #16]
 261 013e 3E2C     		cmp	r4, #62
 262 0140 39D9     		bls	.L22
 263 0142 4FEA541E 		lsr	lr, r4, #5
 264 0146 14F01F0F 		tst	r4, #31
 265 014a 01D1     		bne	.L23
 266 014c 0EF1FF3E 		add	lr, lr, #-1
 267              	.L23:
 268 0150 B2F80CC4 		ldrh	ip, [r2, #1036]
 269 0154 1FFA8CFC 		uxth	ip, ip
 270 0158 4FEA8E2E 		lsl	lr, lr, #10
 271 015c 1FFA8EFE 		uxth	lr, lr
 272 0160 4CEA0E0C 		orr	ip, ip, lr
 273 0164 4CF4004C 		orr	ip, ip, #32768
 274 0168 A2F80CC4 		strh	ip, [r2, #1036]	@ movhi
 275              	.L24:
 276 016c 0C78     		ldrb	r4, [r1]	@ zero_extendqisi2
 277 016e 33F82420 		ldrh	r2, [r3, r4, lsl #2]
 278 0172 12F4804F 		tst	r2, #16384
 279 0176 0CD0     		beq	.L27
 280 0178 33F82420 		ldrh	r2, [r3, r4, lsl #2]
 281 017c 92B2     		uxth	r2, r2
 282 017e 22F4E042 		bic	r2, r2, #28672
 283 0182 22F07002 		bic	r2, r2, #112
 284 0186 42F44042 		orr	r2, r2, #49152
 285 018a 42F08002 		orr	r2, r2, #128
 286 018e 23F82420 		strh	r2, [r3, r4, lsl #2]	@ movhi
 287              	.L27:
 288 0192 0978     		ldrb	r1, [r1]	@ zero_extendqisi2
 289 0194 69BB     		cbnz	r1, .L28
 290 0196 33F82120 		ldrh	r2, [r3, r1, lsl #2]
 291 019a 92B2     		uxth	r2, r2
 292 019c 22F48042 		bic	r2, r2, #16384
 293 01a0 22F07002 		bic	r2, r2, #112
 294 01a4 82F44052 		eor	r2, r2, #12288
 295 01a8 42F40042 		orr	r2, r2, #32768
 296 01ac 42F08002 		orr	r2, r2, #128
 297 01b0 23F82120 		strh	r2, [r3, r1, lsl #2]	@ movhi
 298 01b4 A2E0     		b	.L21
 299              	.L22:
 300 01b6 4CB9     		cbnz	r4, .L25
ARM GAS  C:\Users\matve\AppData\Local\Temp\ccff1is7.s 			page 6


 301 01b8 B2F80C44 		ldrh	r4, [r2, #1036]
 302 01bc 6FEA4444 		mvn	r4, r4, lsl #17
 303 01c0 6FEA5444 		mvn	r4, r4, lsr #17
 304 01c4 A4B2     		uxth	r4, r4
 305 01c6 A2F80C44 		strh	r4, [r2, #1036]	@ movhi
 306 01ca CFE7     		b	.L24
 307              	.L25:
 308 01cc 4FEA540C 		lsr	ip, r4, #1
 309 01d0 14F0010F 		tst	r4, #1
 310 01d4 01D0     		beq	.L26
 311 01d6 0CF1010C 		add	ip, ip, #1
 312              	.L26:
 313 01da B2F80C44 		ldrh	r4, [r2, #1036]
 314 01de A4B2     		uxth	r4, r4
 315 01e0 4FEA8C2C 		lsl	ip, ip, #10
 316 01e4 1FFA8CFC 		uxth	ip, ip
 317 01e8 44EA0C04 		orr	r4, r4, ip
 318 01ec A2F80C44 		strh	r4, [r2, #1036]	@ movhi
 319 01f0 BCE7     		b	.L24
 320              	.L28:
 321 01f2 33F82120 		ldrh	r2, [r3, r1, lsl #2]
 322 01f6 92B2     		uxth	r2, r2
 323 01f8 22F48042 		bic	r2, r2, #16384
 324 01fc 22F07002 		bic	r2, r2, #112
 325 0200 82F40052 		eor	r2, r2, #8192
 326 0204 42F40042 		orr	r2, r2, #32768
 327 0208 42F08002 		orr	r2, r2, #128
 328 020c 23F82120 		strh	r2, [r3, r1, lsl #2]	@ movhi
 329 0210 74E0     		b	.L21
 330              	.L17:
 331 0212 CA78     		ldrb	r2, [r1, #3]	@ zero_extendqisi2
 332 0214 022A     		cmp	r2, #2
 333 0216 72D0     		beq	.L40
 334 0218 0C78     		ldrb	r4, [r1]	@ zero_extendqisi2
 335 021a 33F82420 		ldrh	r2, [r3, r4, lsl #2]
 336 021e 92B2     		uxth	r2, r2
 337 0220 22F4E242 		bic	r2, r2, #28928
 338 0224 22F07002 		bic	r2, r2, #112
 339 0228 42F40042 		orr	r2, r2, #32768
 340 022c 42F08002 		orr	r2, r2, #128
 341 0230 23F82420 		strh	r2, [r3, r4, lsl #2]	@ movhi
 342              	.L30:
 343 0234 B3F85020 		ldrh	r2, [r3, #80]
 344 0238 92B2     		uxth	r2, r2
 345 023a 1A44     		add	r2, r2, r3
 346 023c 91F800C0 		ldrb	ip, [r1]	@ zero_extendqisi2
 347 0240 02EB0C12 		add	r2, r2, ip, lsl #4
 348 0244 B1F808C0 		ldrh	ip, [r1, #8]
 349 0248 4FEA5C0C 		lsr	ip, ip, #1
 350 024c 4FEA4C0C 		lsl	ip, ip, #1
 351 0250 A2F800C4 		strh	ip, [r2, #1024]	@ movhi
 352 0254 B3F85020 		ldrh	r2, [r3, #80]
 353 0258 92B2     		uxth	r2, r2
 354 025a 1A44     		add	r2, r2, r3
 355 025c 91F800C0 		ldrb	ip, [r1]	@ zero_extendqisi2
 356 0260 02EB0C12 		add	r2, r2, ip, lsl #4
 357 0264 B1F80AC0 		ldrh	ip, [r1, #10]
ARM GAS  C:\Users\matve\AppData\Local\Temp\ccff1is7.s 			page 7


 358 0268 4FEA5C0C 		lsr	ip, ip, #1
 359 026c 4FEA4C0C 		lsl	ip, ip, #1
 360 0270 A2F808C4 		strh	ip, [r2, #1032]	@ movhi
 361 0274 4A78     		ldrb	r2, [r1, #1]	@ zero_extendqisi2
 362 0276 002A     		cmp	r2, #0
 363 0278 50D1     		bne	.L31
 364 027a 0C78     		ldrb	r4, [r1]	@ zero_extendqisi2
 365 027c 33F82420 		ldrh	r2, [r3, r4, lsl #2]
 366 0280 12F4804F 		tst	r2, #16384
 367 0284 0CD0     		beq	.L32
 368 0286 33F82420 		ldrh	r2, [r3, r4, lsl #2]
 369 028a 92B2     		uxth	r2, r2
 370 028c 22F4E042 		bic	r2, r2, #28672
 371 0290 22F07002 		bic	r2, r2, #112
 372 0294 42F44042 		orr	r2, r2, #49152
 373 0298 42F08002 		orr	r2, r2, #128
 374 029c 23F82420 		strh	r2, [r3, r4, lsl #2]	@ movhi
 375              	.L32:
 376 02a0 0C78     		ldrb	r4, [r1]	@ zero_extendqisi2
 377 02a2 33F82420 		ldrh	r2, [r3, r4, lsl #2]
 378 02a6 12F0400F 		tst	r2, #64
 379 02aa 0CD0     		beq	.L33
 380 02ac 33F82420 		ldrh	r2, [r3, r4, lsl #2]
 381 02b0 92B2     		uxth	r2, r2
 382 02b2 22F4E042 		bic	r2, r2, #28672
 383 02b6 22F07002 		bic	r2, r2, #112
 384 02ba 42F40042 		orr	r2, r2, #32768
 385 02be 42F0C002 		orr	r2, r2, #192
 386 02c2 23F82420 		strh	r2, [r3, r4, lsl #2]	@ movhi
 387              	.L33:
 388 02c6 91F800C0 		ldrb	ip, [r1]	@ zero_extendqisi2
 389 02ca 33F82C20 		ldrh	r2, [r3, ip, lsl #2]
 390 02ce 92B2     		uxth	r2, r2
 391 02d0 22F48042 		bic	r2, r2, #16384
 392 02d4 22F07002 		bic	r2, r2, #112
 393 02d8 82F44052 		eor	r2, r2, #12288
 394 02dc 48F28004 		movw	r4, #32896
 395 02e0 2243     		orrs	r2, r2, r4
 396 02e2 23F82C20 		strh	r2, [r3, ip, lsl #2]	@ movhi
 397 02e6 0978     		ldrb	r1, [r1]	@ zero_extendqisi2
 398 02e8 33F82120 		ldrh	r2, [r3, r1, lsl #2]
 399 02ec 92B2     		uxth	r2, r2
 400 02ee 22F4E042 		bic	r2, r2, #28672
 401 02f2 22F04002 		bic	r2, r2, #64
 402 02f6 2243     		orrs	r2, r2, r4
 403 02f8 23F82120 		strh	r2, [r3, r1, lsl #2]	@ movhi
 404              	.L21:
 405 02fc 10BD     		pop	{r4, pc}
 406              	.L40:
 407 02fe 0C78     		ldrb	r4, [r1]	@ zero_extendqisi2
 408 0300 33F82420 		ldrh	r2, [r3, r4, lsl #2]
 409 0304 92B2     		uxth	r2, r2
 410 0306 22F4E042 		bic	r2, r2, #28672
 411 030a 22F07002 		bic	r2, r2, #112
 412 030e 42F40142 		orr	r2, r2, #33024
 413 0312 42F08002 		orr	r2, r2, #128
 414 0316 23F82420 		strh	r2, [r3, r4, lsl #2]	@ movhi
ARM GAS  C:\Users\matve\AppData\Local\Temp\ccff1is7.s 			page 8


 415 031a 8BE7     		b	.L30
 416              	.L31:
 417 031c 0C78     		ldrb	r4, [r1]	@ zero_extendqisi2
 418 031e 33F82420 		ldrh	r2, [r3, r4, lsl #2]
 419 0322 12F4804F 		tst	r2, #16384
 420 0326 0CD0     		beq	.L34
 421 0328 33F82420 		ldrh	r2, [r3, r4, lsl #2]
 422 032c 92B2     		uxth	r2, r2
 423 032e 22F4E042 		bic	r2, r2, #28672
 424 0332 22F07002 		bic	r2, r2, #112
 425 0336 42F44042 		orr	r2, r2, #49152
 426 033a 42F08002 		orr	r2, r2, #128
 427 033e 23F82420 		strh	r2, [r3, r4, lsl #2]	@ movhi
 428              	.L34:
 429 0342 0C78     		ldrb	r4, [r1]	@ zero_extendqisi2
 430 0344 33F82420 		ldrh	r2, [r3, r4, lsl #2]
 431 0348 12F0400F 		tst	r2, #64
 432 034c 0CD0     		beq	.L35
 433 034e 33F82420 		ldrh	r2, [r3, r4, lsl #2]
 434 0352 92B2     		uxth	r2, r2
 435 0354 22F4E042 		bic	r2, r2, #28672
 436 0358 22F07002 		bic	r2, r2, #112
 437 035c 42F40042 		orr	r2, r2, #32768
 438 0360 42F0C002 		orr	r2, r2, #192
 439 0364 23F82420 		strh	r2, [r3, r4, lsl #2]	@ movhi
 440              	.L35:
 441 0368 CA78     		ldrb	r2, [r1, #3]	@ zero_extendqisi2
 442 036a 012A     		cmp	r2, #1
 443 036c 1ED0     		beq	.L36
 444 036e 0C78     		ldrb	r4, [r1]	@ zero_extendqisi2
 445 0370 33F82420 		ldrh	r2, [r3, r4, lsl #2]
 446 0374 92B2     		uxth	r2, r2
 447 0376 22F4E042 		bic	r2, r2, #28672
 448 037a 22F04002 		bic	r2, r2, #64
 449 037e 82F02002 		eor	r2, r2, #32
 450 0382 42F40042 		orr	r2, r2, #32768
 451 0386 42F08002 		orr	r2, r2, #128
 452 038a 23F82420 		strh	r2, [r3, r4, lsl #2]	@ movhi
 453              	.L37:
 454 038e 0978     		ldrb	r1, [r1]	@ zero_extendqisi2
 455 0390 33F82120 		ldrh	r2, [r3, r1, lsl #2]
 456 0394 92B2     		uxth	r2, r2
 457 0396 22F48042 		bic	r2, r2, #16384
 458 039a 22F07002 		bic	r2, r2, #112
 459 039e 42F40042 		orr	r2, r2, #32768
 460 03a2 42F08002 		orr	r2, r2, #128
 461 03a6 23F82120 		strh	r2, [r3, r1, lsl #2]	@ movhi
 462 03aa A7E7     		b	.L21
 463              	.L36:
 464 03ac 0C78     		ldrb	r4, [r1]	@ zero_extendqisi2
 465 03ae 33F82420 		ldrh	r2, [r3, r4, lsl #2]
 466 03b2 92B2     		uxth	r2, r2
 467 03b4 22F4E042 		bic	r2, r2, #28672
 468 03b8 22F04002 		bic	r2, r2, #64
 469 03bc 42F40042 		orr	r2, r2, #32768
 470 03c0 42F08002 		orr	r2, r2, #128
 471 03c4 23F82420 		strh	r2, [r3, r4, lsl #2]	@ movhi
ARM GAS  C:\Users\matve\AppData\Local\Temp\ccff1is7.s 			page 9


 472 03c8 E1E7     		b	.L37
 474              		.section	.text.USB_DeactivateEndpoint,"ax",%progbits
 475              		.align	1
 476              		.global	USB_DeactivateEndpoint
 477              		.syntax unified
 478              		.thumb
 479              		.thumb_func
 481              	USB_DeactivateEndpoint:
 482              		@ args = 0, pretend = 0, frame = 0
 483              		@ frame_needed = 0, uses_anonymous_args = 0
 484              		@ link register save eliminated.
 485 0000 0B7B     		ldrb	r3, [r1, #12]	@ zero_extendqisi2
 486 0002 002B     		cmp	r3, #0
 487 0004 46D1     		bne	.L42
 488 0006 4B78     		ldrb	r3, [r1, #1]	@ zero_extendqisi2
 489 0008 13B3     		cbz	r3, .L43
 490 000a 0A78     		ldrb	r2, [r1]	@ zero_extendqisi2
 491 000c 30F82230 		ldrh	r3, [r0, r2, lsl #2]
 492 0010 13F0400F 		tst	r3, #64
 493 0014 0CD0     		beq	.L44
 494 0016 30F82230 		ldrh	r3, [r0, r2, lsl #2]
 495 001a 9BB2     		uxth	r3, r3
 496 001c 23F4E043 		bic	r3, r3, #28672
 497 0020 23F07003 		bic	r3, r3, #112
 498 0024 43F40043 		orr	r3, r3, #32768
 499 0028 43F0C003 		orr	r3, r3, #192
 500 002c 20F82230 		strh	r3, [r0, r2, lsl #2]	@ movhi
 501              	.L44:
 502 0030 0A78     		ldrb	r2, [r1]	@ zero_extendqisi2
 503 0032 30F82230 		ldrh	r3, [r0, r2, lsl #2]
 504 0036 9BB2     		uxth	r3, r3
 505 0038 23F4E043 		bic	r3, r3, #28672
 506 003c 23F04003 		bic	r3, r3, #64
 507 0040 43F40043 		orr	r3, r3, #32768
 508 0044 43F08003 		orr	r3, r3, #128
 509 0048 20F82230 		strh	r3, [r0, r2, lsl #2]	@ movhi
 510              	.L45:
 511 004c 0020     		movs	r0, #0
 512 004e 7047     		bx	lr
 513              	.L43:
 514 0050 0A78     		ldrb	r2, [r1]	@ zero_extendqisi2
 515 0052 30F82230 		ldrh	r3, [r0, r2, lsl #2]
 516 0056 13F4804F 		tst	r3, #16384
 517 005a 0CD0     		beq	.L46
 518 005c 30F82230 		ldrh	r3, [r0, r2, lsl #2]
 519 0060 9BB2     		uxth	r3, r3
 520 0062 23F4E043 		bic	r3, r3, #28672
 521 0066 23F07003 		bic	r3, r3, #112
 522 006a 43F44043 		orr	r3, r3, #49152
 523 006e 43F08003 		orr	r3, r3, #128
 524 0072 20F82230 		strh	r3, [r0, r2, lsl #2]	@ movhi
 525              	.L46:
 526 0076 0A78     		ldrb	r2, [r1]	@ zero_extendqisi2
 527 0078 30F82230 		ldrh	r3, [r0, r2, lsl #2]
 528 007c 9BB2     		uxth	r3, r3
 529 007e 23F48043 		bic	r3, r3, #16384
 530 0082 23F07003 		bic	r3, r3, #112
ARM GAS  C:\Users\matve\AppData\Local\Temp\ccff1is7.s 			page 10


 531 0086 43F40043 		orr	r3, r3, #32768
 532 008a 43F08003 		orr	r3, r3, #128
 533 008e 20F82230 		strh	r3, [r0, r2, lsl #2]	@ movhi
 534 0092 DBE7     		b	.L45
 535              	.L42:
 536 0094 4B78     		ldrb	r3, [r1, #1]	@ zero_extendqisi2
 537 0096 002B     		cmp	r3, #0
 538 0098 4ED1     		bne	.L47
 539 009a 0A78     		ldrb	r2, [r1]	@ zero_extendqisi2
 540 009c 30F82230 		ldrh	r3, [r0, r2, lsl #2]
 541 00a0 13F4804F 		tst	r3, #16384
 542 00a4 0CD0     		beq	.L48
 543 00a6 30F82230 		ldrh	r3, [r0, r2, lsl #2]
 544 00aa 9BB2     		uxth	r3, r3
 545 00ac 23F4E043 		bic	r3, r3, #28672
 546 00b0 23F07003 		bic	r3, r3, #112
 547 00b4 43F44043 		orr	r3, r3, #49152
 548 00b8 43F08003 		orr	r3, r3, #128
 549 00bc 20F82230 		strh	r3, [r0, r2, lsl #2]	@ movhi
 550              	.L48:
 551 00c0 0A78     		ldrb	r2, [r1]	@ zero_extendqisi2
 552 00c2 30F82230 		ldrh	r3, [r0, r2, lsl #2]
 553 00c6 13F0400F 		tst	r3, #64
 554 00ca 0CD0     		beq	.L49
 555 00cc 30F82230 		ldrh	r3, [r0, r2, lsl #2]
 556 00d0 9BB2     		uxth	r3, r3
 557 00d2 23F4E043 		bic	r3, r3, #28672
 558 00d6 23F07003 		bic	r3, r3, #112
 559 00da 43F40043 		orr	r3, r3, #32768
 560 00de 43F0C003 		orr	r3, r3, #192
 561 00e2 20F82230 		strh	r3, [r0, r2, lsl #2]	@ movhi
 562              	.L49:
 563 00e6 0A78     		ldrb	r2, [r1]	@ zero_extendqisi2
 564 00e8 30F82230 		ldrh	r3, [r0, r2, lsl #2]
 565 00ec 9BB2     		uxth	r3, r3
 566 00ee 23F4E043 		bic	r3, r3, #28672
 567 00f2 23F07003 		bic	r3, r3, #112
 568 00f6 43F40043 		orr	r3, r3, #32768
 569 00fa 43F0C003 		orr	r3, r3, #192
 570 00fe 20F82230 		strh	r3, [r0, r2, lsl #2]	@ movhi
 571 0102 0A78     		ldrb	r2, [r1]	@ zero_extendqisi2
 572 0104 30F82230 		ldrh	r3, [r0, r2, lsl #2]
 573 0108 9BB2     		uxth	r3, r3
 574 010a 23F48043 		bic	r3, r3, #16384
 575 010e 23F07003 		bic	r3, r3, #112
 576 0112 48F2800C 		movw	ip, #32896
 577 0116 43EA0C03 		orr	r3, r3, ip
 578 011a 20F82230 		strh	r3, [r0, r2, lsl #2]	@ movhi
 579 011e 0A78     		ldrb	r2, [r1]	@ zero_extendqisi2
 580 0120 30F82230 		ldrh	r3, [r0, r2, lsl #2]
 581 0124 9BB2     		uxth	r3, r3
 582 0126 23F4E043 		bic	r3, r3, #28672
 583 012a 23F04003 		bic	r3, r3, #64
 584 012e 43EA0C03 		orr	r3, r3, ip
 585 0132 20F82230 		strh	r3, [r0, r2, lsl #2]	@ movhi
 586 0136 89E7     		b	.L45
 587              	.L47:
ARM GAS  C:\Users\matve\AppData\Local\Temp\ccff1is7.s 			page 11


 588 0138 0A78     		ldrb	r2, [r1]	@ zero_extendqisi2
 589 013a 30F82230 		ldrh	r3, [r0, r2, lsl #2]
 590 013e 13F4804F 		tst	r3, #16384
 591 0142 0CD0     		beq	.L50
 592 0144 30F82230 		ldrh	r3, [r0, r2, lsl #2]
 593 0148 9BB2     		uxth	r3, r3
 594 014a 23F4E043 		bic	r3, r3, #28672
 595 014e 23F07003 		bic	r3, r3, #112
 596 0152 43F44043 		orr	r3, r3, #49152
 597 0156 43F08003 		orr	r3, r3, #128
 598 015a 20F82230 		strh	r3, [r0, r2, lsl #2]	@ movhi
 599              	.L50:
 600 015e 0A78     		ldrb	r2, [r1]	@ zero_extendqisi2
 601 0160 30F82230 		ldrh	r3, [r0, r2, lsl #2]
 602 0164 13F0400F 		tst	r3, #64
 603 0168 0CD0     		beq	.L51
 604 016a 30F82230 		ldrh	r3, [r0, r2, lsl #2]
 605 016e 9BB2     		uxth	r3, r3
 606 0170 23F4E043 		bic	r3, r3, #28672
 607 0174 23F07003 		bic	r3, r3, #112
 608 0178 43F40043 		orr	r3, r3, #32768
 609 017c 43F0C003 		orr	r3, r3, #192
 610 0180 20F82230 		strh	r3, [r0, r2, lsl #2]	@ movhi
 611              	.L51:
 612 0184 0A78     		ldrb	r2, [r1]	@ zero_extendqisi2
 613 0186 30F82230 		ldrh	r3, [r0, r2, lsl #2]
 614 018a 9BB2     		uxth	r3, r3
 615 018c 23F4E043 		bic	r3, r3, #28672
 616 0190 23F07003 		bic	r3, r3, #112
 617 0194 43F44043 		orr	r3, r3, #49152
 618 0198 43F08003 		orr	r3, r3, #128
 619 019c 20F82230 		strh	r3, [r0, r2, lsl #2]	@ movhi
 620 01a0 0A78     		ldrb	r2, [r1]	@ zero_extendqisi2
 621 01a2 30F82230 		ldrh	r3, [r0, r2, lsl #2]
 622 01a6 9BB2     		uxth	r3, r3
 623 01a8 23F4E043 		bic	r3, r3, #28672
 624 01ac 23F04003 		bic	r3, r3, #64
 625 01b0 48F2800C 		movw	ip, #32896
 626 01b4 43EA0C03 		orr	r3, r3, ip
 627 01b8 20F82230 		strh	r3, [r0, r2, lsl #2]	@ movhi
 628 01bc 0A78     		ldrb	r2, [r1]	@ zero_extendqisi2
 629 01be 30F82230 		ldrh	r3, [r0, r2, lsl #2]
 630 01c2 9BB2     		uxth	r3, r3
 631 01c4 23F48043 		bic	r3, r3, #16384
 632 01c8 23F07003 		bic	r3, r3, #112
 633 01cc 43EA0C03 		orr	r3, r3, ip
 634 01d0 20F82230 		strh	r3, [r0, r2, lsl #2]	@ movhi
 635 01d4 3AE7     		b	.L45
 637              		.section	.text.USB_EPSetStall,"ax",%progbits
 638              		.align	1
 639              		.global	USB_EPSetStall
 640              		.syntax unified
 641              		.thumb
 642              		.thumb_func
 644              	USB_EPSetStall:
 645              		@ args = 0, pretend = 0, frame = 0
 646              		@ frame_needed = 0, uses_anonymous_args = 0
ARM GAS  C:\Users\matve\AppData\Local\Temp\ccff1is7.s 			page 12


 647              		@ link register save eliminated.
 648 0000 4B78     		ldrb	r3, [r1, #1]	@ zero_extendqisi2
 649 0002 8BB1     		cbz	r3, .L53
 650 0004 0A78     		ldrb	r2, [r1]	@ zero_extendqisi2
 651 0006 30F82230 		ldrh	r3, [r0, r2, lsl #2]
 652 000a 9BB2     		uxth	r3, r3
 653 000c 23F4E043 		bic	r3, r3, #28672
 654 0010 23F04003 		bic	r3, r3, #64
 655 0014 83F01003 		eor	r3, r3, #16
 656 0018 43F40043 		orr	r3, r3, #32768
 657 001c 43F08003 		orr	r3, r3, #128
 658 0020 20F82230 		strh	r3, [r0, r2, lsl #2]	@ movhi
 659              	.L54:
 660 0024 0020     		movs	r0, #0
 661 0026 7047     		bx	lr
 662              	.L53:
 663 0028 0A78     		ldrb	r2, [r1]	@ zero_extendqisi2
 664 002a 30F82230 		ldrh	r3, [r0, r2, lsl #2]
 665 002e 9BB2     		uxth	r3, r3
 666 0030 23F48043 		bic	r3, r3, #16384
 667 0034 23F07003 		bic	r3, r3, #112
 668 0038 83F48053 		eor	r3, r3, #4096
 669 003c 43F40043 		orr	r3, r3, #32768
 670 0040 43F08003 		orr	r3, r3, #128
 671 0044 20F82230 		strh	r3, [r0, r2, lsl #2]	@ movhi
 672 0048 ECE7     		b	.L54
 674              		.section	.text.USB_EPClearStall,"ax",%progbits
 675              		.align	1
 676              		.global	USB_EPClearStall
 677              		.syntax unified
 678              		.thumb
 679              		.thumb_func
 681              	USB_EPClearStall:
 682              		@ args = 0, pretend = 0, frame = 0
 683              		@ frame_needed = 0, uses_anonymous_args = 0
 684              		@ link register save eliminated.
 685 0000 0B7B     		ldrb	r3, [r1, #12]	@ zero_extendqisi2
 686 0002 002B     		cmp	r3, #0
 687 0004 4BD1     		bne	.L56
 688 0006 4B78     		ldrb	r3, [r1, #1]	@ zero_extendqisi2
 689 0008 33B3     		cbz	r3, .L57
 690 000a 0A78     		ldrb	r2, [r1]	@ zero_extendqisi2
 691 000c 30F82230 		ldrh	r3, [r0, r2, lsl #2]
 692 0010 13F0400F 		tst	r3, #64
 693 0014 0CD0     		beq	.L58
 694 0016 30F82230 		ldrh	r3, [r0, r2, lsl #2]
 695 001a 9BB2     		uxth	r3, r3
 696 001c 23F4E043 		bic	r3, r3, #28672
 697 0020 23F07003 		bic	r3, r3, #112
 698 0024 43F40043 		orr	r3, r3, #32768
 699 0028 43F0C003 		orr	r3, r3, #192
 700 002c 20F82230 		strh	r3, [r0, r2, lsl #2]	@ movhi
 701              	.L58:
 702 0030 CB78     		ldrb	r3, [r1, #3]	@ zero_extendqisi2
 703 0032 012B     		cmp	r3, #1
 704 0034 33D0     		beq	.L56
 705 0036 0A78     		ldrb	r2, [r1]	@ zero_extendqisi2
ARM GAS  C:\Users\matve\AppData\Local\Temp\ccff1is7.s 			page 13


 706 0038 30F82230 		ldrh	r3, [r0, r2, lsl #2]
 707 003c 9BB2     		uxth	r3, r3
 708 003e 23F4E043 		bic	r3, r3, #28672
 709 0042 23F04003 		bic	r3, r3, #64
 710 0046 83F02003 		eor	r3, r3, #32
 711 004a 43F40043 		orr	r3, r3, #32768
 712 004e 43F08003 		orr	r3, r3, #128
 713 0052 20F82230 		strh	r3, [r0, r2, lsl #2]	@ movhi
 714 0056 22E0     		b	.L56
 715              	.L57:
 716 0058 0A78     		ldrb	r2, [r1]	@ zero_extendqisi2
 717 005a 30F82230 		ldrh	r3, [r0, r2, lsl #2]
 718 005e 13F4804F 		tst	r3, #16384
 719 0062 0CD0     		beq	.L59
 720 0064 30F82230 		ldrh	r3, [r0, r2, lsl #2]
 721 0068 9BB2     		uxth	r3, r3
 722 006a 23F4E043 		bic	r3, r3, #28672
 723 006e 23F07003 		bic	r3, r3, #112
 724 0072 43F44043 		orr	r3, r3, #49152
 725 0076 43F08003 		orr	r3, r3, #128
 726 007a 20F82230 		strh	r3, [r0, r2, lsl #2]	@ movhi
 727              	.L59:
 728 007e 0A78     		ldrb	r2, [r1]	@ zero_extendqisi2
 729 0080 30F82230 		ldrh	r3, [r0, r2, lsl #2]
 730 0084 9BB2     		uxth	r3, r3
 731 0086 23F48043 		bic	r3, r3, #16384
 732 008a 23F07003 		bic	r3, r3, #112
 733 008e 83F44053 		eor	r3, r3, #12288
 734 0092 43F40043 		orr	r3, r3, #32768
 735 0096 43F08003 		orr	r3, r3, #128
 736 009a 20F82230 		strh	r3, [r0, r2, lsl #2]	@ movhi
 737              	.L56:
 738 009e 0020     		movs	r0, #0
 739 00a0 7047     		bx	lr
 741              		.section	.text.USB_EPStopXfer,"ax",%progbits
 742              		.align	1
 743              		.global	USB_EPStopXfer
 744              		.syntax unified
 745              		.thumb
 746              		.thumb_func
 748              	USB_EPStopXfer:
 749              		@ args = 0, pretend = 0, frame = 0
 750              		@ frame_needed = 0, uses_anonymous_args = 0
 751              		@ link register save eliminated.
 752 0000 4B78     		ldrb	r3, [r1, #1]	@ zero_extendqisi2
 753 0002 012B     		cmp	r3, #1
 754 0004 16D0     		beq	.L65
 755 0006 0B7B     		ldrb	r3, [r1, #12]	@ zero_extendqisi2
 756 0008 93B9     		cbnz	r3, .L62
 757 000a CB78     		ldrb	r3, [r1, #3]	@ zero_extendqisi2
 758 000c 012B     		cmp	r3, #1
 759 000e 37D0     		beq	.L64
 760 0010 0A78     		ldrb	r2, [r1]	@ zero_extendqisi2
 761 0012 30F82230 		ldrh	r3, [r0, r2, lsl #2]
 762 0016 9BB2     		uxth	r3, r3
 763 0018 23F48043 		bic	r3, r3, #16384
 764 001c 23F07003 		bic	r3, r3, #112
ARM GAS  C:\Users\matve\AppData\Local\Temp\ccff1is7.s 			page 14


 765 0020 83F40053 		eor	r3, r3, #8192
 766 0024 43F40043 		orr	r3, r3, #32768
 767 0028 43F08003 		orr	r3, r3, #128
 768 002c 20F82230 		strh	r3, [r0, r2, lsl #2]	@ movhi
 769              	.L62:
 770 0030 0020     		movs	r0, #0
 771 0032 7047     		bx	lr
 772              	.L65:
 773 0034 0B7B     		ldrb	r3, [r1, #12]	@ zero_extendqisi2
 774 0036 002B     		cmp	r3, #0
 775 0038 FAD1     		bne	.L62
 776 003a CB78     		ldrb	r3, [r1, #3]	@ zero_extendqisi2
 777 003c 012B     		cmp	r3, #1
 778 003e 10D0     		beq	.L63
 779 0040 0A78     		ldrb	r2, [r1]	@ zero_extendqisi2
 780 0042 30F82230 		ldrh	r3, [r0, r2, lsl #2]
 781 0046 9BB2     		uxth	r3, r3
 782 0048 23F4E043 		bic	r3, r3, #28672
 783 004c 23F04003 		bic	r3, r3, #64
 784 0050 83F02003 		eor	r3, r3, #32
 785 0054 43F40043 		orr	r3, r3, #32768
 786 0058 43F08003 		orr	r3, r3, #128
 787 005c 20F82230 		strh	r3, [r0, r2, lsl #2]	@ movhi
 788 0060 E6E7     		b	.L62
 789              	.L63:
 790 0062 0A78     		ldrb	r2, [r1]	@ zero_extendqisi2
 791 0064 30F82230 		ldrh	r3, [r0, r2, lsl #2]
 792 0068 9BB2     		uxth	r3, r3
 793 006a 23F4E043 		bic	r3, r3, #28672
 794 006e 23F04003 		bic	r3, r3, #64
 795 0072 43F40043 		orr	r3, r3, #32768
 796 0076 43F08003 		orr	r3, r3, #128
 797 007a 20F82230 		strh	r3, [r0, r2, lsl #2]	@ movhi
 798 007e D7E7     		b	.L62
 799              	.L64:
 800 0080 0A78     		ldrb	r2, [r1]	@ zero_extendqisi2
 801 0082 30F82230 		ldrh	r3, [r0, r2, lsl #2]
 802 0086 9BB2     		uxth	r3, r3
 803 0088 23F48043 		bic	r3, r3, #16384
 804 008c 23F07003 		bic	r3, r3, #112
 805 0090 43F40043 		orr	r3, r3, #32768
 806 0094 43F08003 		orr	r3, r3, #128
 807 0098 20F82230 		strh	r3, [r0, r2, lsl #2]	@ movhi
 808 009c C8E7     		b	.L62
 810              		.section	.text.USB_StopDevice,"ax",%progbits
 811              		.align	1
 812              		.global	USB_StopDevice
 813              		.syntax unified
 814              		.thumb
 815              		.thumb_func
 817              	USB_StopDevice:
 818              		@ args = 0, pretend = 0, frame = 0
 819              		@ frame_needed = 0, uses_anonymous_args = 0
 820              		@ link register save eliminated.
 821 0000 0346     		mov	r3, r0
 822 0002 0122     		movs	r2, #1
 823 0004 A0F84020 		strh	r2, [r0, #64]	@ movhi
ARM GAS  C:\Users\matve\AppData\Local\Temp\ccff1is7.s 			page 15


 824 0008 0020     		movs	r0, #0
 825 000a A3F84400 		strh	r0, [r3, #68]	@ movhi
 826 000e 0322     		movs	r2, #3
 827 0010 A3F84020 		strh	r2, [r3, #64]	@ movhi
 828 0014 7047     		bx	lr
 830              		.section	.text.USB_SetDevAddress,"ax",%progbits
 831              		.align	1
 832              		.global	USB_SetDevAddress
 833              		.syntax unified
 834              		.thumb
 835              		.thumb_func
 837              	USB_SetDevAddress:
 838              		@ args = 0, pretend = 0, frame = 0
 839              		@ frame_needed = 0, uses_anonymous_args = 0
 840              		@ link register save eliminated.
 841 0000 11B9     		cbnz	r1, .L68
 842 0002 8023     		movs	r3, #128
 843 0004 A0F84C30 		strh	r3, [r0, #76]	@ movhi
 844              	.L68:
 845 0008 0020     		movs	r0, #0
 846 000a 7047     		bx	lr
 848              		.section	.text.USB_DevConnect,"ax",%progbits
 849              		.align	1
 850              		.global	USB_DevConnect
 851              		.syntax unified
 852              		.thumb
 853              		.thumb_func
 855              	USB_DevConnect:
 856              		@ args = 0, pretend = 0, frame = 0
 857              		@ frame_needed = 0, uses_anonymous_args = 0
 858              		@ link register save eliminated.
 859 0000 0020     		movs	r0, #0
 860 0002 7047     		bx	lr
 862              		.section	.text.USB_DevDisconnect,"ax",%progbits
 863              		.align	1
 864              		.global	USB_DevDisconnect
 865              		.syntax unified
 866              		.thumb
 867              		.thumb_func
 869              	USB_DevDisconnect:
 870              		@ args = 0, pretend = 0, frame = 0
 871              		@ frame_needed = 0, uses_anonymous_args = 0
 872              		@ link register save eliminated.
 873 0000 0020     		movs	r0, #0
 874 0002 7047     		bx	lr
 876              		.section	.text.USB_ReadInterrupts,"ax",%progbits
 877              		.align	1
 878              		.global	USB_ReadInterrupts
 879              		.syntax unified
 880              		.thumb
 881              		.thumb_func
 883              	USB_ReadInterrupts:
 884              		@ args = 0, pretend = 0, frame = 0
 885              		@ frame_needed = 0, uses_anonymous_args = 0
 886              		@ link register save eliminated.
 887 0000 B0F84400 		ldrh	r0, [r0, #68]
 888 0004 80B2     		uxth	r0, r0
ARM GAS  C:\Users\matve\AppData\Local\Temp\ccff1is7.s 			page 16


 889 0006 7047     		bx	lr
 891              		.section	.text.USB_ReadDevAllOutEpInterrupt,"ax",%progbits
 892              		.align	1
 893              		.global	USB_ReadDevAllOutEpInterrupt
 894              		.syntax unified
 895              		.thumb
 896              		.thumb_func
 898              	USB_ReadDevAllOutEpInterrupt:
 899              		@ args = 0, pretend = 0, frame = 0
 900              		@ frame_needed = 0, uses_anonymous_args = 0
 901              		@ link register save eliminated.
 902 0000 0020     		movs	r0, #0
 903 0002 7047     		bx	lr
 905              		.section	.text.USB_ReadDevAllInEpInterrupt,"ax",%progbits
 906              		.align	1
 907              		.global	USB_ReadDevAllInEpInterrupt
 908              		.syntax unified
 909              		.thumb
 910              		.thumb_func
 912              	USB_ReadDevAllInEpInterrupt:
 913              		@ args = 0, pretend = 0, frame = 0
 914              		@ frame_needed = 0, uses_anonymous_args = 0
 915              		@ link register save eliminated.
 916 0000 0020     		movs	r0, #0
 917 0002 7047     		bx	lr
 919              		.section	.text.USB_ReadDevOutEPInterrupt,"ax",%progbits
 920              		.align	1
 921              		.global	USB_ReadDevOutEPInterrupt
 922              		.syntax unified
 923              		.thumb
 924              		.thumb_func
 926              	USB_ReadDevOutEPInterrupt:
 927              		@ args = 0, pretend = 0, frame = 0
 928              		@ frame_needed = 0, uses_anonymous_args = 0
 929              		@ link register save eliminated.
 930 0000 0020     		movs	r0, #0
 931 0002 7047     		bx	lr
 933              		.section	.text.USB_ReadDevInEPInterrupt,"ax",%progbits
 934              		.align	1
 935              		.global	USB_ReadDevInEPInterrupt
 936              		.syntax unified
 937              		.thumb
 938              		.thumb_func
 940              	USB_ReadDevInEPInterrupt:
 941              		@ args = 0, pretend = 0, frame = 0
 942              		@ frame_needed = 0, uses_anonymous_args = 0
 943              		@ link register save eliminated.
 944 0000 0020     		movs	r0, #0
 945 0002 7047     		bx	lr
 947              		.section	.text.USB_ClearInterrupts,"ax",%progbits
 948              		.align	1
 949              		.global	USB_ClearInterrupts
 950              		.syntax unified
 951              		.thumb
 952              		.thumb_func
 954              	USB_ClearInterrupts:
 955              		@ args = 0, pretend = 0, frame = 0
ARM GAS  C:\Users\matve\AppData\Local\Temp\ccff1is7.s 			page 17


 956              		@ frame_needed = 0, uses_anonymous_args = 0
 957              		@ link register save eliminated.
 958 0000 7047     		bx	lr
 960              		.section	.text.USB_EP0_OutStart,"ax",%progbits
 961              		.align	1
 962              		.global	USB_EP0_OutStart
 963              		.syntax unified
 964              		.thumb
 965              		.thumb_func
 967              	USB_EP0_OutStart:
 968              		@ args = 0, pretend = 0, frame = 0
 969              		@ frame_needed = 0, uses_anonymous_args = 0
 970              		@ link register save eliminated.
 971 0000 0020     		movs	r0, #0
 972 0002 7047     		bx	lr
 974              		.section	.text.USB_ActivateRemoteWakeup,"ax",%progbits
 975              		.align	1
 976              		.global	USB_ActivateRemoteWakeup
 977              		.syntax unified
 978              		.thumb
 979              		.thumb_func
 981              	USB_ActivateRemoteWakeup:
 982              		@ args = 0, pretend = 0, frame = 0
 983              		@ frame_needed = 0, uses_anonymous_args = 0
 984              		@ link register save eliminated.
 985 0000 B0F84030 		ldrh	r3, [r0, #64]
 986 0004 9BB2     		uxth	r3, r3
 987 0006 43F01003 		orr	r3, r3, #16
 988 000a A0F84030 		strh	r3, [r0, #64]	@ movhi
 989 000e 0020     		movs	r0, #0
 990 0010 7047     		bx	lr
 992              		.section	.text.USB_DeActivateRemoteWakeup,"ax",%progbits
 993              		.align	1
 994              		.global	USB_DeActivateRemoteWakeup
 995              		.syntax unified
 996              		.thumb
 997              		.thumb_func
 999              	USB_DeActivateRemoteWakeup:
 1000              		@ args = 0, pretend = 0, frame = 0
 1001              		@ frame_needed = 0, uses_anonymous_args = 0
 1002              		@ link register save eliminated.
 1003 0000 B0F84030 		ldrh	r3, [r0, #64]
 1004 0004 9BB2     		uxth	r3, r3
 1005 0006 23F01003 		bic	r3, r3, #16
 1006 000a 9BB2     		uxth	r3, r3
 1007 000c A0F84030 		strh	r3, [r0, #64]	@ movhi
 1008 0010 0020     		movs	r0, #0
 1009 0012 7047     		bx	lr
 1011              		.section	.text.USB_WritePMA,"ax",%progbits
 1012              		.align	1
 1013              		.global	USB_WritePMA
 1014              		.syntax unified
 1015              		.thumb
 1016              		.thumb_func
 1018              	USB_WritePMA:
 1019              		@ args = 0, pretend = 0, frame = 0
 1020              		@ frame_needed = 0, uses_anonymous_args = 0
ARM GAS  C:\Users\matve\AppData\Local\Temp\ccff1is7.s 			page 18


 1021              		@ link register save eliminated.
 1022 0000 0133     		adds	r3, r3, #1
 1023 0002 5B08     		lsrs	r3, r3, #1
 1024 0004 00EB4200 		add	r0, r0, r2, lsl #1
 1025 0008 00F58060 		add	r0, r0, #1024
 1026 000c 08E0     		b	.L81
 1027              	.L82:
 1028 000e 0A78     		ldrb	r2, [r1]	@ zero_extendqisi2
 1029 0010 91F801C0 		ldrb	ip, [r1, #1]	@ zero_extendqisi2
 1030 0014 42EA0C22 		orr	r2, r2, ip, lsl #8
 1031 0018 20F8042B 		strh	r2, [r0], #4	@ movhi
 1032 001c 0231     		adds	r1, r1, #2
 1033 001e 013B     		subs	r3, r3, #1
 1034              	.L81:
 1035 0020 002B     		cmp	r3, #0
 1036 0022 F4D1     		bne	.L82
 1037 0024 7047     		bx	lr
 1039              		.section	.text.USB_EPStartXfer,"ax",%progbits
 1040              		.align	1
 1041              		.global	USB_EPStartXfer
 1042              		.syntax unified
 1043              		.thumb
 1044              		.thumb_func
 1046              	USB_EPStartXfer:
 1047              		@ args = 0, pretend = 0, frame = 0
 1048              		@ frame_needed = 0, uses_anonymous_args = 0
 1049 0000 70B5     		push	{r4, r5, r6, lr}
 1050 0002 0546     		mov	r5, r0
 1051 0004 0C46     		mov	r4, r1
 1052 0006 4A78     		ldrb	r2, [r1, #1]	@ zero_extendqisi2
 1053 0008 012A     		cmp	r2, #1
 1054 000a 3BD0     		beq	.L168
 1055 000c 0B7B     		ldrb	r3, [r1, #12]	@ zero_extendqisi2
 1056 000e 002B     		cmp	r3, #0
 1057 0010 40F0A682 		bne	.L133
 1058 0014 8B69     		ldr	r3, [r1, #24]
 1059 0016 0A69     		ldr	r2, [r1, #16]
 1060 0018 9342     		cmp	r3, r2
 1061 001a 40F28482 		bls	.L134
 1062 001e 9B1A     		subs	r3, r3, r2
 1063 0020 8B61     		str	r3, [r1, #24]
 1064              	.L135:
 1065 0022 B5F85030 		ldrh	r3, [r5, #80]
 1066 0026 9BB2     		uxth	r3, r3
 1067 0028 2B44     		add	r3, r3, r5
 1068 002a 2178     		ldrb	r1, [r4]	@ zero_extendqisi2
 1069 002c 03EB0113 		add	r3, r3, r1, lsl #4
 1070 0030 B3F80C14 		ldrh	r1, [r3, #1036]
 1071 0034 C1F30901 		ubfx	r1, r1, #0, #10
 1072 0038 A3F80C14 		strh	r1, [r3, #1036]	@ movhi
 1073 003c 3E2A     		cmp	r2, #62
 1074 003e 40F27682 		bls	.L136
 1075 0042 5109     		lsrs	r1, r2, #5
 1076 0044 12F01F0F 		tst	r2, #31
 1077 0048 00D1     		bne	.L137
 1078 004a 0139     		subs	r1, r1, #1
 1079              	.L137:
ARM GAS  C:\Users\matve\AppData\Local\Temp\ccff1is7.s 			page 19


 1080 004c B3F80C24 		ldrh	r2, [r3, #1036]
 1081 0050 92B2     		uxth	r2, r2
 1082 0052 8902     		lsls	r1, r1, #10
 1083 0054 89B2     		uxth	r1, r1
 1084 0056 0A43     		orrs	r2, r2, r1
 1085 0058 42F40042 		orr	r2, r2, #32768
 1086 005c A3F80C24 		strh	r2, [r3, #1036]	@ movhi
 1087              	.L138:
 1088 0060 2278     		ldrb	r2, [r4]	@ zero_extendqisi2
 1089 0062 35F82230 		ldrh	r3, [r5, r2, lsl #2]
 1090 0066 9BB2     		uxth	r3, r3
 1091 0068 23F48043 		bic	r3, r3, #16384
 1092 006c 23F07003 		bic	r3, r3, #112
 1093 0070 83F44053 		eor	r3, r3, #12288
 1094 0074 43F40043 		orr	r3, r3, #32768
 1095 0078 43F08003 		orr	r3, r3, #128
 1096 007c 25F82230 		strh	r3, [r5, r2, lsl #2]	@ movhi
 1097 0080 0020     		movs	r0, #0
 1098              	.L132:
 1099 0082 70BD     		pop	{r4, r5, r6, pc}
 1100              	.L168:
 1101 0084 8E69     		ldr	r6, [r1, #24]
 1102 0086 0969     		ldr	r1, [r1, #16]
 1103 0088 8E42     		cmp	r6, r1
 1104 008a 00D9     		bls	.L85
 1105 008c 0E46     		mov	r6, r1
 1106              	.L85:
 1107 008e 237B     		ldrb	r3, [r4, #12]	@ zero_extendqisi2
 1108 0090 73B3     		cbz	r3, .L169
 1109 0092 E378     		ldrb	r3, [r4, #3]	@ zero_extendqisi2
 1110 0094 022B     		cmp	r3, #2
 1111 0096 4DD0     		beq	.L170
 1112 0098 236A     		ldr	r3, [r4, #32]
 1113 009a 9B1B     		subs	r3, r3, r6
 1114 009c 2362     		str	r3, [r4, #32]
 1115 009e 2178     		ldrb	r1, [r4]	@ zero_extendqisi2
 1116 00a0 35F82130 		ldrh	r3, [r5, r1, lsl #2]
 1117 00a4 13F0400F 		tst	r3, #64
 1118 00a8 00F0F581 		beq	.L119
 1119 00ac 002A     		cmp	r2, #0
 1120 00ae 40F0E281 		bne	.L120
 1121 00b2 B5F85030 		ldrh	r3, [r5, #80]
 1122 00b6 9BB2     		uxth	r3, r3
 1123 00b8 2B44     		add	r3, r3, r5
 1124 00ba 03EB0113 		add	r3, r3, r1, lsl #4
 1125 00be B3F80C24 		ldrh	r2, [r3, #1036]
 1126 00c2 C2F30902 		ubfx	r2, r2, #0, #10
 1127 00c6 A3F80C24 		strh	r2, [r3, #1036]	@ movhi
 1128 00ca 3E2E     		cmp	r6, #62
 1129 00cc 40F2BA81 		bls	.L121
 1130 00d0 7109     		lsrs	r1, r6, #5
 1131 00d2 16F01F0F 		tst	r6, #31
 1132 00d6 00D1     		bne	.L122
 1133 00d8 0139     		subs	r1, r1, #1
 1134              	.L122:
 1135 00da B3F80C24 		ldrh	r2, [r3, #1036]
 1136 00de 92B2     		uxth	r2, r2
ARM GAS  C:\Users\matve\AppData\Local\Temp\ccff1is7.s 			page 20


 1137 00e0 8902     		lsls	r1, r1, #10
 1138 00e2 89B2     		uxth	r1, r1
 1139 00e4 0A43     		orrs	r2, r2, r1
 1140 00e6 42F40042 		orr	r2, r2, #32768
 1141 00ea A3F80C24 		strh	r2, [r3, #1036]	@ movhi
 1142 00ee CBE1     		b	.L123
 1143              	.L169:
 1144 00f0 B6B2     		uxth	r6, r6
 1145 00f2 3346     		mov	r3, r6
 1146 00f4 E288     		ldrh	r2, [r4, #6]
 1147 00f6 6169     		ldr	r1, [r4, #20]
 1148 00f8 2846     		mov	r0, r5
 1149 00fa FFF7FEFF 		bl	USB_WritePMA
 1150 00fe B5F85030 		ldrh	r3, [r5, #80]
 1151 0102 9BB2     		uxth	r3, r3
 1152 0104 2B44     		add	r3, r3, r5
 1153 0106 2278     		ldrb	r2, [r4]	@ zero_extendqisi2
 1154 0108 03EB0213 		add	r3, r3, r2, lsl #4
 1155 010c A3F80464 		strh	r6, [r3, #1028]	@ movhi
 1156              	.L87:
 1157 0110 2278     		ldrb	r2, [r4]	@ zero_extendqisi2
 1158 0112 35F82230 		ldrh	r3, [r5, r2, lsl #2]
 1159 0116 9BB2     		uxth	r3, r3
 1160 0118 23F4E043 		bic	r3, r3, #28672
 1161 011c 23F04003 		bic	r3, r3, #64
 1162 0120 83F03003 		eor	r3, r3, #48
 1163 0124 43F40043 		orr	r3, r3, #32768
 1164 0128 43F08003 		orr	r3, r3, #128
 1165 012c 25F82230 		strh	r3, [r5, r2, lsl #2]	@ movhi
 1166 0130 0020     		movs	r0, #0
 1167 0132 A6E7     		b	.L132
 1168              	.L170:
 1169 0134 236A     		ldr	r3, [r4, #32]
 1170 0136 9942     		cmp	r1, r3
 1171 0138 80F06681 		bcs	.L89
 1172 013c 2278     		ldrb	r2, [r4]	@ zero_extendqisi2
 1173 013e 35F82230 		ldrh	r3, [r5, r2, lsl #2]
 1174 0142 9BB2     		uxth	r3, r3
 1175 0144 23F4E043 		bic	r3, r3, #28672
 1176 0148 23F07003 		bic	r3, r3, #112
 1177 014c 43F40143 		orr	r3, r3, #33024
 1178 0150 43F08003 		orr	r3, r3, #128
 1179 0154 25F82230 		strh	r3, [r5, r2, lsl #2]	@ movhi
 1180 0158 236A     		ldr	r3, [r4, #32]
 1181 015a 9B1B     		subs	r3, r3, r6
 1182 015c 2362     		str	r3, [r4, #32]
 1183 015e 2278     		ldrb	r2, [r4]	@ zero_extendqisi2
 1184 0160 35F82230 		ldrh	r3, [r5, r2, lsl #2]
 1185 0164 13F0400F 		tst	r3, #64
 1186 0168 00F0A780 		beq	.L90
 1187 016c 6378     		ldrb	r3, [r4, #1]	@ zero_extendqisi2
 1188 016e B3BB     		cbnz	r3, .L91
 1189 0170 B5F85030 		ldrh	r3, [r5, #80]
 1190 0174 9BB2     		uxth	r3, r3
 1191 0176 2B44     		add	r3, r3, r5
 1192 0178 03EB0213 		add	r3, r3, r2, lsl #4
 1193 017c B3F80C24 		ldrh	r2, [r3, #1036]
ARM GAS  C:\Users\matve\AppData\Local\Temp\ccff1is7.s 			page 21


 1194 0180 C2F30902 		ubfx	r2, r2, #0, #10
 1195 0184 A3F80C24 		strh	r2, [r3, #1036]	@ movhi
 1196 0188 3E2E     		cmp	r6, #62
 1197 018a 0FD9     		bls	.L92
 1198 018c 7109     		lsrs	r1, r6, #5
 1199 018e 16F01F0F 		tst	r6, #31
 1200 0192 00D1     		bne	.L93
 1201 0194 0139     		subs	r1, r1, #1
 1202              	.L93:
 1203 0196 B3F80C24 		ldrh	r2, [r3, #1036]
 1204 019a 92B2     		uxth	r2, r2
 1205 019c 8902     		lsls	r1, r1, #10
 1206 019e 89B2     		uxth	r1, r1
 1207 01a0 0A43     		orrs	r2, r2, r1
 1208 01a2 42F40042 		orr	r2, r2, #32768
 1209 01a6 A3F80C24 		strh	r2, [r3, #1036]	@ movhi
 1210 01aa 1AE0     		b	.L94
 1211              	.L92:
 1212 01ac 4EB9     		cbnz	r6, .L95
 1213 01ae B3F80C24 		ldrh	r2, [r3, #1036]
 1214 01b2 6FEA4242 		mvn	r2, r2, lsl #17
 1215 01b6 6FEA5242 		mvn	r2, r2, lsr #17
 1216 01ba 92B2     		uxth	r2, r2
 1217 01bc A3F80C24 		strh	r2, [r3, #1036]	@ movhi
 1218 01c0 0FE0     		b	.L94
 1219              	.L95:
 1220 01c2 7208     		lsrs	r2, r6, #1
 1221 01c4 16F0010F 		tst	r6, #1
 1222 01c8 00D0     		beq	.L96
 1223 01ca 0132     		adds	r2, r2, #1
 1224              	.L96:
 1225 01cc B3F80C14 		ldrh	r1, [r3, #1036]
 1226 01d0 89B2     		uxth	r1, r1
 1227 01d2 9202     		lsls	r2, r2, #10
 1228 01d4 92B2     		uxth	r2, r2
 1229 01d6 0A43     		orrs	r2, r2, r1
 1230 01d8 A3F80C24 		strh	r2, [r3, #1036]	@ movhi
 1231 01dc 01E0     		b	.L94
 1232              	.L91:
 1233 01de 012B     		cmp	r3, #1
 1234 01e0 30D0     		beq	.L171
 1235              	.L94:
 1236 01e2 B3B2     		uxth	r3, r6
 1237 01e4 6289     		ldrh	r2, [r4, #10]
 1238 01e6 6169     		ldr	r1, [r4, #20]
 1239 01e8 2846     		mov	r0, r5
 1240 01ea FFF7FEFF 		bl	USB_WritePMA
 1241 01ee 6369     		ldr	r3, [r4, #20]
 1242 01f0 3344     		add	r3, r3, r6
 1243 01f2 6361     		str	r3, [r4, #20]
 1244 01f4 236A     		ldr	r3, [r4, #32]
 1245 01f6 2269     		ldr	r2, [r4, #16]
 1246 01f8 9342     		cmp	r3, r2
 1247 01fa 2DD9     		bls	.L97
 1248 01fc 9B1B     		subs	r3, r3, r6
 1249 01fe 2362     		str	r3, [r4, #32]
 1250              	.L98:
ARM GAS  C:\Users\matve\AppData\Local\Temp\ccff1is7.s 			page 22


 1251 0200 6378     		ldrb	r3, [r4, #1]	@ zero_extendqisi2
 1252 0202 002B     		cmp	r3, #0
 1253 0204 45D1     		bne	.L99
 1254 0206 B5F85030 		ldrh	r3, [r5, #80]
 1255 020a 9BB2     		uxth	r3, r3
 1256 020c 2B44     		add	r3, r3, r5
 1257 020e 2278     		ldrb	r2, [r4]	@ zero_extendqisi2
 1258 0210 03EB0213 		add	r3, r3, r2, lsl #4
 1259 0214 B3F80424 		ldrh	r2, [r3, #1028]
 1260 0218 C2F30902 		ubfx	r2, r2, #0, #10
 1261 021c A3F80424 		strh	r2, [r3, #1028]	@ movhi
 1262 0220 3E2E     		cmp	r6, #62
 1263 0222 1DD9     		bls	.L100
 1264 0224 7109     		lsrs	r1, r6, #5
 1265 0226 16F01F0F 		tst	r6, #31
 1266 022a 00D1     		bne	.L101
 1267 022c 0139     		subs	r1, r1, #1
 1268              	.L101:
 1269 022e B3F80424 		ldrh	r2, [r3, #1028]
 1270 0232 92B2     		uxth	r2, r2
 1271 0234 8902     		lsls	r1, r1, #10
 1272 0236 89B2     		uxth	r1, r1
 1273 0238 0A43     		orrs	r2, r2, r1
 1274 023a 42F40042 		orr	r2, r2, #32768
 1275 023e A3F80424 		strh	r2, [r3, #1028]	@ movhi
 1276 0242 28E0     		b	.L102
 1277              	.L171:
 1278 0244 B5F85030 		ldrh	r3, [r5, #80]
 1279 0248 9BB2     		uxth	r3, r3
 1280 024a 2B44     		add	r3, r3, r5
 1281 024c 03EB0213 		add	r3, r3, r2, lsl #4
 1282 0250 B2B2     		uxth	r2, r6
 1283 0252 A3F80C24 		strh	r2, [r3, #1036]	@ movhi
 1284 0256 C4E7     		b	.L94
 1285              	.L97:
 1286 0258 0022     		movs	r2, #0
 1287 025a 2262     		str	r2, [r4, #32]
 1288 025c 1E46     		mov	r6, r3
 1289 025e CFE7     		b	.L98
 1290              	.L100:
 1291 0260 4EB9     		cbnz	r6, .L103
 1292 0262 B3F80424 		ldrh	r2, [r3, #1028]
 1293 0266 6FEA4242 		mvn	r2, r2, lsl #17
 1294 026a 6FEA5242 		mvn	r2, r2, lsr #17
 1295 026e 92B2     		uxth	r2, r2
 1296 0270 A3F80424 		strh	r2, [r3, #1028]	@ movhi
 1297 0274 0FE0     		b	.L102
 1298              	.L103:
 1299 0276 7208     		lsrs	r2, r6, #1
 1300 0278 16F0010F 		tst	r6, #1
 1301 027c 00D0     		beq	.L104
 1302 027e 0132     		adds	r2, r2, #1
 1303              	.L104:
 1304 0280 B3F80414 		ldrh	r1, [r3, #1028]
 1305 0284 89B2     		uxth	r1, r1
 1306 0286 9202     		lsls	r2, r2, #10
 1307 0288 92B2     		uxth	r2, r2
ARM GAS  C:\Users\matve\AppData\Local\Temp\ccff1is7.s 			page 23


 1308 028a 0A43     		orrs	r2, r2, r1
 1309 028c A3F80424 		strh	r2, [r3, #1028]	@ movhi
 1310 0290 01E0     		b	.L102
 1311              	.L99:
 1312 0292 012B     		cmp	r3, #1
 1313 0294 06D0     		beq	.L172
 1314              	.L102:
 1315 0296 B3B2     		uxth	r3, r6
 1316 0298 2289     		ldrh	r2, [r4, #8]
 1317 029a 6169     		ldr	r1, [r4, #20]
 1318 029c 2846     		mov	r0, r5
 1319 029e FFF7FEFF 		bl	USB_WritePMA
 1320 02a2 35E7     		b	.L87
 1321              	.L172:
 1322 02a4 B5F85030 		ldrh	r3, [r5, #80]
 1323 02a8 9BB2     		uxth	r3, r3
 1324 02aa 2B44     		add	r3, r3, r5
 1325 02ac 2278     		ldrb	r2, [r4]	@ zero_extendqisi2
 1326 02ae 03EB0213 		add	r3, r3, r2, lsl #4
 1327 02b2 B2B2     		uxth	r2, r6
 1328 02b4 A3F80424 		strh	r2, [r3, #1028]	@ movhi
 1329 02b8 EDE7     		b	.L102
 1330              	.L90:
 1331 02ba 6378     		ldrb	r3, [r4, #1]	@ zero_extendqisi2
 1332 02bc B3BB     		cbnz	r3, .L105
 1333 02be B5F85030 		ldrh	r3, [r5, #80]
 1334 02c2 9BB2     		uxth	r3, r3
 1335 02c4 2B44     		add	r3, r3, r5
 1336 02c6 03EB0213 		add	r3, r3, r2, lsl #4
 1337 02ca B3F80424 		ldrh	r2, [r3, #1028]
 1338 02ce C2F30902 		ubfx	r2, r2, #0, #10
 1339 02d2 A3F80424 		strh	r2, [r3, #1028]	@ movhi
 1340 02d6 3E2E     		cmp	r6, #62
 1341 02d8 0FD9     		bls	.L106
 1342 02da 7109     		lsrs	r1, r6, #5
 1343 02dc 16F01F0F 		tst	r6, #31
 1344 02e0 00D1     		bne	.L107
 1345 02e2 0139     		subs	r1, r1, #1
 1346              	.L107:
 1347 02e4 B3F80424 		ldrh	r2, [r3, #1028]
 1348 02e8 92B2     		uxth	r2, r2
 1349 02ea 8902     		lsls	r1, r1, #10
 1350 02ec 89B2     		uxth	r1, r1
 1351 02ee 0A43     		orrs	r2, r2, r1
 1352 02f0 42F40042 		orr	r2, r2, #32768
 1353 02f4 A3F80424 		strh	r2, [r3, #1028]	@ movhi
 1354 02f8 1AE0     		b	.L108
 1355              	.L106:
 1356 02fa 4EB9     		cbnz	r6, .L109
 1357 02fc B3F80424 		ldrh	r2, [r3, #1028]
 1358 0300 6FEA4242 		mvn	r2, r2, lsl #17
 1359 0304 6FEA5242 		mvn	r2, r2, lsr #17
 1360 0308 92B2     		uxth	r2, r2
 1361 030a A3F80424 		strh	r2, [r3, #1028]	@ movhi
 1362 030e 0FE0     		b	.L108
 1363              	.L109:
 1364 0310 7208     		lsrs	r2, r6, #1
ARM GAS  C:\Users\matve\AppData\Local\Temp\ccff1is7.s 			page 24


 1365 0312 16F0010F 		tst	r6, #1
 1366 0316 00D0     		beq	.L110
 1367 0318 0132     		adds	r2, r2, #1
 1368              	.L110:
 1369 031a B3F80414 		ldrh	r1, [r3, #1028]
 1370 031e 89B2     		uxth	r1, r1
 1371 0320 9202     		lsls	r2, r2, #10
 1372 0322 92B2     		uxth	r2, r2
 1373 0324 0A43     		orrs	r2, r2, r1
 1374 0326 A3F80424 		strh	r2, [r3, #1028]	@ movhi
 1375 032a 01E0     		b	.L108
 1376              	.L105:
 1377 032c 012B     		cmp	r3, #1
 1378 032e 30D0     		beq	.L173
 1379              	.L108:
 1380 0330 B3B2     		uxth	r3, r6
 1381 0332 2289     		ldrh	r2, [r4, #8]
 1382 0334 6169     		ldr	r1, [r4, #20]
 1383 0336 2846     		mov	r0, r5
 1384 0338 FFF7FEFF 		bl	USB_WritePMA
 1385 033c 6369     		ldr	r3, [r4, #20]
 1386 033e 3344     		add	r3, r3, r6
 1387 0340 6361     		str	r3, [r4, #20]
 1388 0342 236A     		ldr	r3, [r4, #32]
 1389 0344 2269     		ldr	r2, [r4, #16]
 1390 0346 9342     		cmp	r3, r2
 1391 0348 2DD9     		bls	.L111
 1392 034a 9B1B     		subs	r3, r3, r6
 1393 034c 2362     		str	r3, [r4, #32]
 1394              	.L112:
 1395 034e 6378     		ldrb	r3, [r4, #1]	@ zero_extendqisi2
 1396 0350 002B     		cmp	r3, #0
 1397 0352 45D1     		bne	.L113
 1398 0354 B5F85030 		ldrh	r3, [r5, #80]
 1399 0358 9BB2     		uxth	r3, r3
 1400 035a 2B44     		add	r3, r3, r5
 1401 035c 2278     		ldrb	r2, [r4]	@ zero_extendqisi2
 1402 035e 03EB0213 		add	r3, r3, r2, lsl #4
 1403 0362 B3F80C24 		ldrh	r2, [r3, #1036]
 1404 0366 C2F30902 		ubfx	r2, r2, #0, #10
 1405 036a A3F80C24 		strh	r2, [r3, #1036]	@ movhi
 1406 036e 3E2E     		cmp	r6, #62
 1407 0370 1DD9     		bls	.L114
 1408 0372 7109     		lsrs	r1, r6, #5
 1409 0374 16F01F0F 		tst	r6, #31
 1410 0378 00D1     		bne	.L115
 1411 037a 0139     		subs	r1, r1, #1
 1412              	.L115:
 1413 037c B3F80C24 		ldrh	r2, [r3, #1036]
 1414 0380 92B2     		uxth	r2, r2
 1415 0382 8902     		lsls	r1, r1, #10
 1416 0384 89B2     		uxth	r1, r1
 1417 0386 0A43     		orrs	r2, r2, r1
 1418 0388 42F40042 		orr	r2, r2, #32768
 1419 038c A3F80C24 		strh	r2, [r3, #1036]	@ movhi
 1420 0390 28E0     		b	.L116
 1421              	.L173:
ARM GAS  C:\Users\matve\AppData\Local\Temp\ccff1is7.s 			page 25


 1422 0392 B5F85030 		ldrh	r3, [r5, #80]
 1423 0396 9BB2     		uxth	r3, r3
 1424 0398 2B44     		add	r3, r3, r5
 1425 039a 03EB0213 		add	r3, r3, r2, lsl #4
 1426 039e B2B2     		uxth	r2, r6
 1427 03a0 A3F80424 		strh	r2, [r3, #1028]	@ movhi
 1428 03a4 C4E7     		b	.L108
 1429              	.L111:
 1430 03a6 0022     		movs	r2, #0
 1431 03a8 2262     		str	r2, [r4, #32]
 1432 03aa 1E46     		mov	r6, r3
 1433 03ac CFE7     		b	.L112
 1434              	.L114:
 1435 03ae 4EB9     		cbnz	r6, .L117
 1436 03b0 B3F80C24 		ldrh	r2, [r3, #1036]
 1437 03b4 6FEA4242 		mvn	r2, r2, lsl #17
 1438 03b8 6FEA5242 		mvn	r2, r2, lsr #17
 1439 03bc 92B2     		uxth	r2, r2
 1440 03be A3F80C24 		strh	r2, [r3, #1036]	@ movhi
 1441 03c2 0FE0     		b	.L116
 1442              	.L117:
 1443 03c4 7208     		lsrs	r2, r6, #1
 1444 03c6 16F0010F 		tst	r6, #1
 1445 03ca 00D0     		beq	.L118
 1446 03cc 0132     		adds	r2, r2, #1
 1447              	.L118:
 1448 03ce B3F80C14 		ldrh	r1, [r3, #1036]
 1449 03d2 89B2     		uxth	r1, r1
 1450 03d4 9202     		lsls	r2, r2, #10
 1451 03d6 92B2     		uxth	r2, r2
 1452 03d8 0A43     		orrs	r2, r2, r1
 1453 03da A3F80C24 		strh	r2, [r3, #1036]	@ movhi
 1454 03de 01E0     		b	.L116
 1455              	.L113:
 1456 03e0 012B     		cmp	r3, #1
 1457 03e2 06D0     		beq	.L174
 1458              	.L116:
 1459 03e4 B3B2     		uxth	r3, r6
 1460 03e6 6289     		ldrh	r2, [r4, #10]
 1461 03e8 6169     		ldr	r1, [r4, #20]
 1462 03ea 2846     		mov	r0, r5
 1463 03ec FFF7FEFF 		bl	USB_WritePMA
 1464 03f0 8EE6     		b	.L87
 1465              	.L174:
 1466 03f2 B5F85030 		ldrh	r3, [r5, #80]
 1467 03f6 9BB2     		uxth	r3, r3
 1468 03f8 2B44     		add	r3, r3, r5
 1469 03fa 2278     		ldrb	r2, [r4]	@ zero_extendqisi2
 1470 03fc 03EB0213 		add	r3, r3, r2, lsl #4
 1471 0400 B2B2     		uxth	r2, r6
 1472 0402 A3F80C24 		strh	r2, [r3, #1036]	@ movhi
 1473 0406 EDE7     		b	.L116
 1474              	.L89:
 1475 0408 2178     		ldrb	r1, [r4]	@ zero_extendqisi2
 1476 040a 35F82120 		ldrh	r2, [r5, r1, lsl #2]
 1477 040e 92B2     		uxth	r2, r2
 1478 0410 22F4E242 		bic	r2, r2, #28928
ARM GAS  C:\Users\matve\AppData\Local\Temp\ccff1is7.s 			page 26


 1479 0414 22F07002 		bic	r2, r2, #112
 1480 0418 42F40042 		orr	r2, r2, #32768
 1481 041c 42F08002 		orr	r2, r2, #128
 1482 0420 25F82120 		strh	r2, [r5, r1, lsl #2]	@ movhi
 1483 0424 B5F85020 		ldrh	r2, [r5, #80]
 1484 0428 92B2     		uxth	r2, r2
 1485 042a 2A44     		add	r2, r2, r5
 1486 042c 2178     		ldrb	r1, [r4]	@ zero_extendqisi2
 1487 042e 02EB0112 		add	r2, r2, r1, lsl #4
 1488 0432 9BB2     		uxth	r3, r3
 1489 0434 A2F80434 		strh	r3, [r2, #1028]	@ movhi
 1490 0438 2289     		ldrh	r2, [r4, #8]
 1491 043a 6169     		ldr	r1, [r4, #20]
 1492 043c 2846     		mov	r0, r5
 1493 043e FFF7FEFF 		bl	USB_WritePMA
 1494 0442 65E6     		b	.L87
 1495              	.L121:
 1496 0444 4EB9     		cbnz	r6, .L124
 1497 0446 B3F80C24 		ldrh	r2, [r3, #1036]
 1498 044a 6FEA4242 		mvn	r2, r2, lsl #17
 1499 044e 6FEA5242 		mvn	r2, r2, lsr #17
 1500 0452 92B2     		uxth	r2, r2
 1501 0454 A3F80C24 		strh	r2, [r3, #1036]	@ movhi
 1502 0458 16E0     		b	.L123
 1503              	.L124:
 1504 045a 7208     		lsrs	r2, r6, #1
 1505 045c 16F0010F 		tst	r6, #1
 1506 0460 00D0     		beq	.L125
 1507 0462 0132     		adds	r2, r2, #1
 1508              	.L125:
 1509 0464 B3F80C14 		ldrh	r1, [r3, #1036]
 1510 0468 89B2     		uxth	r1, r1
 1511 046a 9202     		lsls	r2, r2, #10
 1512 046c 92B2     		uxth	r2, r2
 1513 046e 0A43     		orrs	r2, r2, r1
 1514 0470 A3F80C24 		strh	r2, [r3, #1036]	@ movhi
 1515 0474 08E0     		b	.L123
 1516              	.L120:
 1517 0476 B5F85030 		ldrh	r3, [r5, #80]
 1518 047a 9BB2     		uxth	r3, r3
 1519 047c 2B44     		add	r3, r3, r5
 1520 047e 03EB0113 		add	r3, r3, r1, lsl #4
 1521 0482 B2B2     		uxth	r2, r6
 1522 0484 A3F80C24 		strh	r2, [r3, #1036]	@ movhi
 1523              	.L123:
 1524 0488 B3B2     		uxth	r3, r6
 1525 048a 6289     		ldrh	r2, [r4, #10]
 1526 048c 6169     		ldr	r1, [r4, #20]
 1527 048e 2846     		mov	r0, r5
 1528 0490 FFF7FEFF 		bl	USB_WritePMA
 1529 0494 3CE6     		b	.L87
 1530              	.L119:
 1531 0496 B2BB     		cbnz	r2, .L126
 1532 0498 B5F85030 		ldrh	r3, [r5, #80]
 1533 049c 9BB2     		uxth	r3, r3
 1534 049e 2B44     		add	r3, r3, r5
 1535 04a0 03EB0113 		add	r3, r3, r1, lsl #4
ARM GAS  C:\Users\matve\AppData\Local\Temp\ccff1is7.s 			page 27


 1536 04a4 B3F80424 		ldrh	r2, [r3, #1028]
 1537 04a8 C2F30902 		ubfx	r2, r2, #0, #10
 1538 04ac A3F80424 		strh	r2, [r3, #1028]	@ movhi
 1539 04b0 3E2E     		cmp	r6, #62
 1540 04b2 0FD9     		bls	.L127
 1541 04b4 7109     		lsrs	r1, r6, #5
 1542 04b6 16F01F0F 		tst	r6, #31
 1543 04ba 00D1     		bne	.L128
 1544 04bc 0139     		subs	r1, r1, #1
 1545              	.L128:
 1546 04be B3F80424 		ldrh	r2, [r3, #1028]
 1547 04c2 92B2     		uxth	r2, r2
 1548 04c4 8902     		lsls	r1, r1, #10
 1549 04c6 89B2     		uxth	r1, r1
 1550 04c8 0A43     		orrs	r2, r2, r1
 1551 04ca 42F40042 		orr	r2, r2, #32768
 1552 04ce A3F80424 		strh	r2, [r3, #1028]	@ movhi
 1553 04d2 21E0     		b	.L129
 1554              	.L127:
 1555 04d4 4EB9     		cbnz	r6, .L130
 1556 04d6 B3F80424 		ldrh	r2, [r3, #1028]
 1557 04da 6FEA4242 		mvn	r2, r2, lsl #17
 1558 04de 6FEA5242 		mvn	r2, r2, lsr #17
 1559 04e2 92B2     		uxth	r2, r2
 1560 04e4 A3F80424 		strh	r2, [r3, #1028]	@ movhi
 1561 04e8 16E0     		b	.L129
 1562              	.L130:
 1563 04ea 7208     		lsrs	r2, r6, #1
 1564 04ec 16F0010F 		tst	r6, #1
 1565 04f0 00D0     		beq	.L131
 1566 04f2 0132     		adds	r2, r2, #1
 1567              	.L131:
 1568 04f4 B3F80414 		ldrh	r1, [r3, #1028]
 1569 04f8 89B2     		uxth	r1, r1
 1570 04fa 9202     		lsls	r2, r2, #10
 1571 04fc 92B2     		uxth	r2, r2
 1572 04fe 0A43     		orrs	r2, r2, r1
 1573 0500 A3F80424 		strh	r2, [r3, #1028]	@ movhi
 1574 0504 08E0     		b	.L129
 1575              	.L126:
 1576 0506 B5F85030 		ldrh	r3, [r5, #80]
 1577 050a 9BB2     		uxth	r3, r3
 1578 050c 2B44     		add	r3, r3, r5
 1579 050e 03EB0113 		add	r3, r3, r1, lsl #4
 1580 0512 B2B2     		uxth	r2, r6
 1581 0514 A3F80424 		strh	r2, [r3, #1028]	@ movhi
 1582              	.L129:
 1583 0518 B3B2     		uxth	r3, r6
 1584 051a 2289     		ldrh	r2, [r4, #8]
 1585 051c 6169     		ldr	r1, [r4, #20]
 1586 051e 2846     		mov	r0, r5
 1587 0520 FFF7FEFF 		bl	USB_WritePMA
 1588 0524 F4E5     		b	.L87
 1589              	.L134:
 1590 0526 0022     		movs	r2, #0
 1591 0528 8A61     		str	r2, [r1, #24]
 1592 052a 1A46     		mov	r2, r3
ARM GAS  C:\Users\matve\AppData\Local\Temp\ccff1is7.s 			page 28


 1593 052c 79E5     		b	.L135
 1594              	.L136:
 1595 052e 4AB9     		cbnz	r2, .L139
 1596 0530 B3F80C24 		ldrh	r2, [r3, #1036]
 1597 0534 6FEA4242 		mvn	r2, r2, lsl #17
 1598 0538 6FEA5242 		mvn	r2, r2, lsr #17
 1599 053c 92B2     		uxth	r2, r2
 1600 053e A3F80C24 		strh	r2, [r3, #1036]	@ movhi
 1601 0542 8DE5     		b	.L138
 1602              	.L139:
 1603 0544 5108     		lsrs	r1, r2, #1
 1604 0546 12F0010F 		tst	r2, #1
 1605 054a 00D0     		beq	.L140
 1606 054c 0131     		adds	r1, r1, #1
 1607              	.L140:
 1608 054e B3F80C24 		ldrh	r2, [r3, #1036]
 1609 0552 92B2     		uxth	r2, r2
 1610 0554 8902     		lsls	r1, r1, #10
 1611 0556 89B2     		uxth	r1, r1
 1612 0558 0A43     		orrs	r2, r2, r1
 1613 055a A3F80C24 		strh	r2, [r3, #1036]	@ movhi
 1614 055e 7FE5     		b	.L138
 1615              	.L133:
 1616 0560 CB78     		ldrb	r3, [r1, #3]	@ zero_extendqisi2
 1617 0562 022B     		cmp	r3, #2
 1618 0564 4DD0     		beq	.L175
 1619 0566 012B     		cmp	r3, #1
 1620 0568 40F02F81 		bne	.L166
 1621 056c 8969     		ldr	r1, [r1, #24]
 1622 056e 2369     		ldr	r3, [r4, #16]
 1623 0570 9942     		cmp	r1, r3
 1624 0572 40F2E680 		bls	.L154
 1625 0576 C91A     		subs	r1, r1, r3
 1626 0578 A161     		str	r1, [r4, #24]
 1627              	.L155:
 1628 057a F2B9     		cbnz	r2, .L156
 1629 057c B5F85020 		ldrh	r2, [r5, #80]
 1630 0580 92B2     		uxth	r2, r2
 1631 0582 2A44     		add	r2, r2, r5
 1632 0584 2178     		ldrb	r1, [r4]	@ zero_extendqisi2
 1633 0586 02EB0112 		add	r2, r2, r1, lsl #4
 1634 058a B2F80414 		ldrh	r1, [r2, #1028]
 1635 058e C1F30901 		ubfx	r1, r1, #0, #10
 1636 0592 A2F80414 		strh	r1, [r2, #1028]	@ movhi
 1637 0596 3E2B     		cmp	r3, #62
 1638 0598 40F2D780 		bls	.L157
 1639 059c 5809     		lsrs	r0, r3, #5
 1640 059e 13F01F0F 		tst	r3, #31
 1641 05a2 00D1     		bne	.L158
 1642 05a4 0138     		subs	r0, r0, #1
 1643              	.L158:
 1644 05a6 B2F80414 		ldrh	r1, [r2, #1028]
 1645 05aa 89B2     		uxth	r1, r1
 1646 05ac 8002     		lsls	r0, r0, #10
 1647 05ae 80B2     		uxth	r0, r0
 1648 05b0 0143     		orrs	r1, r1, r0
 1649 05b2 41F40041 		orr	r1, r1, #32768
ARM GAS  C:\Users\matve\AppData\Local\Temp\ccff1is7.s 			page 29


 1650 05b6 A2F80414 		strh	r1, [r2, #1028]	@ movhi
 1651              	.L156:
 1652 05ba 6278     		ldrb	r2, [r4, #1]	@ zero_extendqisi2
 1653 05bc 002A     		cmp	r2, #0
 1654 05be 40F0F680 		bne	.L161
 1655 05c2 B5F85020 		ldrh	r2, [r5, #80]
 1656 05c6 92B2     		uxth	r2, r2
 1657 05c8 2A44     		add	r2, r2, r5
 1658 05ca 2178     		ldrb	r1, [r4]	@ zero_extendqisi2
 1659 05cc 02EB0112 		add	r2, r2, r1, lsl #4
 1660 05d0 B2F80C14 		ldrh	r1, [r2, #1036]
 1661 05d4 C1F30901 		ubfx	r1, r1, #0, #10
 1662 05d8 A2F80C14 		strh	r1, [r2, #1036]	@ movhi
 1663 05dc 3E2B     		cmp	r3, #62
 1664 05de 40F2CD80 		bls	.L162
 1665 05e2 5909     		lsrs	r1, r3, #5
 1666 05e4 13F01F0F 		tst	r3, #31
 1667 05e8 00D1     		bne	.L163
 1668 05ea 0139     		subs	r1, r1, #1
 1669              	.L163:
 1670 05ec B2F80C34 		ldrh	r3, [r2, #1036]
 1671 05f0 9BB2     		uxth	r3, r3
 1672 05f2 8902     		lsls	r1, r1, #10
 1673 05f4 89B2     		uxth	r1, r1
 1674 05f6 0B43     		orrs	r3, r3, r1
 1675 05f8 43F40043 		orr	r3, r3, #32768
 1676 05fc A2F80C34 		strh	r3, [r2, #1036]	@ movhi
 1677 0600 2EE5     		b	.L138
 1678              	.L175:
 1679 0602 F2B9     		cbnz	r2, .L142
 1680 0604 B0F85030 		ldrh	r3, [r0, #80]
 1681 0608 9BB2     		uxth	r3, r3
 1682 060a 0344     		add	r3, r3, r0
 1683 060c 0A78     		ldrb	r2, [r1]	@ zero_extendqisi2
 1684 060e 03EB0213 		add	r3, r3, r2, lsl #4
 1685 0612 B3F80424 		ldrh	r2, [r3, #1028]
 1686 0616 C2F30902 		ubfx	r2, r2, #0, #10
 1687 061a A3F80424 		strh	r2, [r3, #1028]	@ movhi
 1688 061e 0A69     		ldr	r2, [r1, #16]
 1689 0620 3E2A     		cmp	r2, #62
 1690 0622 31D9     		bls	.L143
 1691 0624 5109     		lsrs	r1, r2, #5
 1692 0626 12F01F0F 		tst	r2, #31
 1693 062a 00D1     		bne	.L144
 1694 062c 0139     		subs	r1, r1, #1
 1695              	.L144:
 1696 062e B3F80424 		ldrh	r2, [r3, #1028]
 1697 0632 92B2     		uxth	r2, r2
 1698 0634 8902     		lsls	r1, r1, #10
 1699 0636 89B2     		uxth	r1, r1
 1700 0638 0A43     		orrs	r2, r2, r1
 1701 063a 42F40042 		orr	r2, r2, #32768
 1702 063e A3F80424 		strh	r2, [r3, #1028]	@ movhi
 1703              	.L142:
 1704 0642 6378     		ldrb	r3, [r4, #1]	@ zero_extendqisi2
 1705 0644 002B     		cmp	r3, #0
 1706 0646 51D1     		bne	.L147
ARM GAS  C:\Users\matve\AppData\Local\Temp\ccff1is7.s 			page 30


 1707 0648 B5F85030 		ldrh	r3, [r5, #80]
 1708 064c 9BB2     		uxth	r3, r3
 1709 064e 2B44     		add	r3, r3, r5
 1710 0650 2278     		ldrb	r2, [r4]	@ zero_extendqisi2
 1711 0652 03EB0213 		add	r3, r3, r2, lsl #4
 1712 0656 B3F80C24 		ldrh	r2, [r3, #1036]
 1713 065a C2F30902 		ubfx	r2, r2, #0, #10
 1714 065e A3F80C24 		strh	r2, [r3, #1036]	@ movhi
 1715 0662 2269     		ldr	r2, [r4, #16]
 1716 0664 3E2A     		cmp	r2, #62
 1717 0666 28D9     		bls	.L148
 1718 0668 5109     		lsrs	r1, r2, #5
 1719 066a 12F01F0F 		tst	r2, #31
 1720 066e 00D1     		bne	.L149
 1721 0670 0139     		subs	r1, r1, #1
 1722              	.L149:
 1723 0672 B3F80C24 		ldrh	r2, [r3, #1036]
 1724 0676 92B2     		uxth	r2, r2
 1725 0678 8902     		lsls	r1, r1, #10
 1726 067a 89B2     		uxth	r1, r1
 1727 067c 0A43     		orrs	r2, r2, r1
 1728 067e 42F40042 		orr	r2, r2, #32768
 1729 0682 A3F80C24 		strh	r2, [r3, #1036]	@ movhi
 1730 0686 33E0     		b	.L150
 1731              	.L143:
 1732 0688 4AB9     		cbnz	r2, .L145
 1733 068a B3F80424 		ldrh	r2, [r3, #1028]
 1734 068e 6FEA4242 		mvn	r2, r2, lsl #17
 1735 0692 6FEA5242 		mvn	r2, r2, lsr #17
 1736 0696 92B2     		uxth	r2, r2
 1737 0698 A3F80424 		strh	r2, [r3, #1028]	@ movhi
 1738 069c D1E7     		b	.L142
 1739              	.L145:
 1740 069e 5108     		lsrs	r1, r2, #1
 1741 06a0 12F0010F 		tst	r2, #1
 1742 06a4 00D0     		beq	.L146
 1743 06a6 0131     		adds	r1, r1, #1
 1744              	.L146:
 1745 06a8 B3F80424 		ldrh	r2, [r3, #1028]
 1746 06ac 90B2     		uxth	r0, r2
 1747 06ae 8A02     		lsls	r2, r1, #10
 1748 06b0 92B2     		uxth	r2, r2
 1749 06b2 0243     		orrs	r2, r2, r0
 1750 06b4 A3F80424 		strh	r2, [r3, #1028]	@ movhi
 1751 06b8 C3E7     		b	.L142
 1752              	.L148:
 1753 06ba 4AB9     		cbnz	r2, .L151
 1754 06bc B3F80C24 		ldrh	r2, [r3, #1036]
 1755 06c0 6FEA4242 		mvn	r2, r2, lsl #17
 1756 06c4 6FEA5242 		mvn	r2, r2, lsr #17
 1757 06c8 92B2     		uxth	r2, r2
 1758 06ca A3F80C24 		strh	r2, [r3, #1036]	@ movhi
 1759 06ce 0FE0     		b	.L150
 1760              	.L151:
 1761 06d0 5108     		lsrs	r1, r2, #1
 1762 06d2 12F0010F 		tst	r2, #1
 1763 06d6 00D0     		beq	.L152
ARM GAS  C:\Users\matve\AppData\Local\Temp\ccff1is7.s 			page 31


 1764 06d8 0131     		adds	r1, r1, #1
 1765              	.L152:
 1766 06da B3F80C24 		ldrh	r2, [r3, #1036]
 1767 06de 90B2     		uxth	r0, r2
 1768 06e0 8A02     		lsls	r2, r1, #10
 1769 06e2 92B2     		uxth	r2, r2
 1770 06e4 0243     		orrs	r2, r2, r0
 1771 06e6 A3F80C24 		strh	r2, [r3, #1036]	@ movhi
 1772 06ea 01E0     		b	.L150
 1773              	.L147:
 1774 06ec 012B     		cmp	r3, #1
 1775 06ee 1DD0     		beq	.L176
 1776              	.L150:
 1777 06f0 E369     		ldr	r3, [r4, #28]
 1778 06f2 002B     		cmp	r3, #0
 1779 06f4 3FF4B4AC 		beq	.L138
 1780 06f8 2278     		ldrb	r2, [r4]	@ zero_extendqisi2
 1781 06fa 35F82210 		ldrh	r1, [r5, r2, lsl #2]
 1782 06fe 44F24003 		movw	r3, #16448
 1783 0702 03EA0100 		and	r0, r3, r1
 1784 0706 8B43     		bics	r3, r3, r1
 1785 0708 02D0     		beq	.L153
 1786 070a 0028     		cmp	r0, #0
 1787 070c 7FF4A8AC 		bne	.L138
 1788              	.L153:
 1789 0710 35F82230 		ldrh	r3, [r5, r2, lsl #2]
 1790 0714 9BB2     		uxth	r3, r3
 1791 0716 23F4E043 		bic	r3, r3, #28672
 1792 071a 23F07003 		bic	r3, r3, #112
 1793 071e 43F40043 		orr	r3, r3, #32768
 1794 0722 43F0C003 		orr	r3, r3, #192
 1795 0726 25F82230 		strh	r3, [r5, r2, lsl #2]	@ movhi
 1796 072a 99E4     		b	.L138
 1797              	.L176:
 1798 072c B5F85030 		ldrh	r3, [r5, #80]
 1799 0730 9BB2     		uxth	r3, r3
 1800 0732 2B44     		add	r3, r3, r5
 1801 0734 2278     		ldrb	r2, [r4]	@ zero_extendqisi2
 1802 0736 03EB0213 		add	r3, r3, r2, lsl #4
 1803 073a 228A     		ldrh	r2, [r4, #16]
 1804 073c A3F80C24 		strh	r2, [r3, #1036]	@ movhi
 1805 0740 D6E7     		b	.L150
 1806              	.L154:
 1807 0742 0023     		movs	r3, #0
 1808 0744 A361     		str	r3, [r4, #24]
 1809 0746 0B46     		mov	r3, r1
 1810 0748 17E7     		b	.L155
 1811              	.L157:
 1812 074a 4BB9     		cbnz	r3, .L159
 1813 074c B2F80414 		ldrh	r1, [r2, #1028]
 1814 0750 6FEA4141 		mvn	r1, r1, lsl #17
 1815 0754 6FEA5141 		mvn	r1, r1, lsr #17
 1816 0758 89B2     		uxth	r1, r1
 1817 075a A2F80414 		strh	r1, [r2, #1028]	@ movhi
 1818 075e 2CE7     		b	.L156
 1819              	.L159:
 1820 0760 5908     		lsrs	r1, r3, #1
ARM GAS  C:\Users\matve\AppData\Local\Temp\ccff1is7.s 			page 32


 1821 0762 13F0010F 		tst	r3, #1
 1822 0766 00D0     		beq	.L160
 1823 0768 0131     		adds	r1, r1, #1
 1824              	.L160:
 1825 076a B2F80404 		ldrh	r0, [r2, #1028]
 1826 076e 80B2     		uxth	r0, r0
 1827 0770 8902     		lsls	r1, r1, #10
 1828 0772 89B2     		uxth	r1, r1
 1829 0774 0143     		orrs	r1, r1, r0
 1830 0776 A2F80414 		strh	r1, [r2, #1028]	@ movhi
 1831 077a 1EE7     		b	.L156
 1832              	.L162:
 1833 077c 4BB9     		cbnz	r3, .L164
 1834 077e B2F80C34 		ldrh	r3, [r2, #1036]
 1835 0782 6FEA4343 		mvn	r3, r3, lsl #17
 1836 0786 6FEA5343 		mvn	r3, r3, lsr #17
 1837 078a 9BB2     		uxth	r3, r3
 1838 078c A2F80C34 		strh	r3, [r2, #1036]	@ movhi
 1839 0790 66E4     		b	.L138
 1840              	.L164:
 1841 0792 5908     		lsrs	r1, r3, #1
 1842 0794 13F0010F 		tst	r3, #1
 1843 0798 00D0     		beq	.L165
 1844 079a 0131     		adds	r1, r1, #1
 1845              	.L165:
 1846 079c B2F80C34 		ldrh	r3, [r2, #1036]
 1847 07a0 98B2     		uxth	r0, r3
 1848 07a2 8B02     		lsls	r3, r1, #10
 1849 07a4 9BB2     		uxth	r3, r3
 1850 07a6 0343     		orrs	r3, r3, r0
 1851 07a8 A2F80C34 		strh	r3, [r2, #1036]	@ movhi
 1852 07ac 58E4     		b	.L138
 1853              	.L161:
 1854 07ae 012A     		cmp	r2, #1
 1855 07b0 7FF456AC 		bne	.L138
 1856 07b4 B5F85020 		ldrh	r2, [r5, #80]
 1857 07b8 92B2     		uxth	r2, r2
 1858 07ba 2A44     		add	r2, r2, r5
 1859 07bc 2178     		ldrb	r1, [r4]	@ zero_extendqisi2
 1860 07be 02EB0112 		add	r2, r2, r1, lsl #4
 1861 07c2 9BB2     		uxth	r3, r3
 1862 07c4 A2F80C34 		strh	r3, [r2, #1036]	@ movhi
 1863 07c8 4AE4     		b	.L138
 1864              	.L166:
 1865 07ca 0120     		movs	r0, #1
 1866 07cc 59E4     		b	.L132
 1868              		.section	.text.USB_ReadPMA,"ax",%progbits
 1869              		.align	1
 1870              		.global	USB_ReadPMA
 1871              		.syntax unified
 1872              		.thumb
 1873              		.thumb_func
 1875              	USB_ReadPMA:
 1876              		@ args = 0, pretend = 0, frame = 0
 1877              		@ frame_needed = 0, uses_anonymous_args = 0
 1878              		@ link register save eliminated.
 1879 0000 10B4     		push	{r4}
ARM GAS  C:\Users\matve\AppData\Local\Temp\ccff1is7.s 			page 33


 1880 0002 5C08     		lsrs	r4, r3, #1
 1881 0004 00EB4200 		add	r0, r0, r2, lsl #1
 1882 0008 00F58060 		add	r0, r0, #1024
 1883 000c 07E0     		b	.L178
 1884              	.L179:
 1885 000e 30F8042B 		ldrh	r2, [r0], #4
 1886 0012 0A70     		strb	r2, [r1]
 1887 0014 C2F30722 		ubfx	r2, r2, #8, #8
 1888 0018 4A70     		strb	r2, [r1, #1]
 1889 001a 0231     		adds	r1, r1, #2
 1890 001c 013C     		subs	r4, r4, #1
 1891              	.L178:
 1892 001e 002C     		cmp	r4, #0
 1893 0020 F5D1     		bne	.L179
 1894 0022 13F0010F 		tst	r3, #1
 1895 0026 01D0     		beq	.L177
 1896 0028 0388     		ldrh	r3, [r0]
 1897 002a 0B70     		strb	r3, [r1]
 1898              	.L177:
 1899 002c 10BC     		pop	{r4}
 1900 002e 7047     		bx	lr
 1902              		.ident	"GCC: (xPack GNU Arm Embedded GCC x86_64) 13.2.1 20231009"
ARM GAS  C:\Users\matve\AppData\Local\Temp\ccff1is7.s 			page 34


DEFINED SYMBOLS
                            *ABS*:00000000 stm32f1xx_ll_usb.c
C:\Users\matve\AppData\Local\Temp\ccff1is7.s:16     .text.USB_CoreInit:00000000 $t
C:\Users\matve\AppData\Local\Temp\ccff1is7.s:22     .text.USB_CoreInit:00000000 USB_CoreInit
C:\Users\matve\AppData\Local\Temp\ccff1is7.s:34     .text.USB_EnableGlobalInt:00000000 $t
C:\Users\matve\AppData\Local\Temp\ccff1is7.s:40     .text.USB_EnableGlobalInt:00000000 USB_EnableGlobalInt
C:\Users\matve\AppData\Local\Temp\ccff1is7.s:52     .text.USB_DisableGlobalInt:00000000 $t
C:\Users\matve\AppData\Local\Temp\ccff1is7.s:58     .text.USB_DisableGlobalInt:00000000 USB_DisableGlobalInt
C:\Users\matve\AppData\Local\Temp\ccff1is7.s:71     .text.USB_SetCurrentMode:00000000 $t
C:\Users\matve\AppData\Local\Temp\ccff1is7.s:77     .text.USB_SetCurrentMode:00000000 USB_SetCurrentMode
C:\Users\matve\AppData\Local\Temp\ccff1is7.s:85     .text.USB_DevInit:00000000 $t
C:\Users\matve\AppData\Local\Temp\ccff1is7.s:91     .text.USB_DevInit:00000000 USB_DevInit
C:\Users\matve\AppData\Local\Temp\ccff1is7.s:109    .text.USB_FlushTxFifo:00000000 $t
C:\Users\matve\AppData\Local\Temp\ccff1is7.s:115    .text.USB_FlushTxFifo:00000000 USB_FlushTxFifo
C:\Users\matve\AppData\Local\Temp\ccff1is7.s:123    .text.USB_FlushRxFifo:00000000 $t
C:\Users\matve\AppData\Local\Temp\ccff1is7.s:129    .text.USB_FlushRxFifo:00000000 USB_FlushRxFifo
C:\Users\matve\AppData\Local\Temp\ccff1is7.s:137    .text.USB_ActivateEndpoint:00000000 $t
C:\Users\matve\AppData\Local\Temp\ccff1is7.s:143    .text.USB_ActivateEndpoint:00000000 USB_ActivateEndpoint
C:\Users\matve\AppData\Local\Temp\ccff1is7.s:159    .text.USB_ActivateEndpoint:00000022 $d
C:\Users\matve\AppData\Local\Temp\ccff1is7.s:163    .text.USB_ActivateEndpoint:00000026 $t
C:\Users\matve\AppData\Local\Temp\ccff1is7.s:475    .text.USB_DeactivateEndpoint:00000000 $t
C:\Users\matve\AppData\Local\Temp\ccff1is7.s:481    .text.USB_DeactivateEndpoint:00000000 USB_DeactivateEndpoint
C:\Users\matve\AppData\Local\Temp\ccff1is7.s:638    .text.USB_EPSetStall:00000000 $t
C:\Users\matve\AppData\Local\Temp\ccff1is7.s:644    .text.USB_EPSetStall:00000000 USB_EPSetStall
C:\Users\matve\AppData\Local\Temp\ccff1is7.s:675    .text.USB_EPClearStall:00000000 $t
C:\Users\matve\AppData\Local\Temp\ccff1is7.s:681    .text.USB_EPClearStall:00000000 USB_EPClearStall
C:\Users\matve\AppData\Local\Temp\ccff1is7.s:742    .text.USB_EPStopXfer:00000000 $t
C:\Users\matve\AppData\Local\Temp\ccff1is7.s:748    .text.USB_EPStopXfer:00000000 USB_EPStopXfer
C:\Users\matve\AppData\Local\Temp\ccff1is7.s:811    .text.USB_StopDevice:00000000 $t
C:\Users\matve\AppData\Local\Temp\ccff1is7.s:817    .text.USB_StopDevice:00000000 USB_StopDevice
C:\Users\matve\AppData\Local\Temp\ccff1is7.s:831    .text.USB_SetDevAddress:00000000 $t
C:\Users\matve\AppData\Local\Temp\ccff1is7.s:837    .text.USB_SetDevAddress:00000000 USB_SetDevAddress
C:\Users\matve\AppData\Local\Temp\ccff1is7.s:849    .text.USB_DevConnect:00000000 $t
C:\Users\matve\AppData\Local\Temp\ccff1is7.s:855    .text.USB_DevConnect:00000000 USB_DevConnect
C:\Users\matve\AppData\Local\Temp\ccff1is7.s:863    .text.USB_DevDisconnect:00000000 $t
C:\Users\matve\AppData\Local\Temp\ccff1is7.s:869    .text.USB_DevDisconnect:00000000 USB_DevDisconnect
C:\Users\matve\AppData\Local\Temp\ccff1is7.s:877    .text.USB_ReadInterrupts:00000000 $t
C:\Users\matve\AppData\Local\Temp\ccff1is7.s:883    .text.USB_ReadInterrupts:00000000 USB_ReadInterrupts
C:\Users\matve\AppData\Local\Temp\ccff1is7.s:892    .text.USB_ReadDevAllOutEpInterrupt:00000000 $t
C:\Users\matve\AppData\Local\Temp\ccff1is7.s:898    .text.USB_ReadDevAllOutEpInterrupt:00000000 USB_ReadDevAllOutEpInterrupt
C:\Users\matve\AppData\Local\Temp\ccff1is7.s:906    .text.USB_ReadDevAllInEpInterrupt:00000000 $t
C:\Users\matve\AppData\Local\Temp\ccff1is7.s:912    .text.USB_ReadDevAllInEpInterrupt:00000000 USB_ReadDevAllInEpInterrupt
C:\Users\matve\AppData\Local\Temp\ccff1is7.s:920    .text.USB_ReadDevOutEPInterrupt:00000000 $t
C:\Users\matve\AppData\Local\Temp\ccff1is7.s:926    .text.USB_ReadDevOutEPInterrupt:00000000 USB_ReadDevOutEPInterrupt
C:\Users\matve\AppData\Local\Temp\ccff1is7.s:934    .text.USB_ReadDevInEPInterrupt:00000000 $t
C:\Users\matve\AppData\Local\Temp\ccff1is7.s:940    .text.USB_ReadDevInEPInterrupt:00000000 USB_ReadDevInEPInterrupt
C:\Users\matve\AppData\Local\Temp\ccff1is7.s:948    .text.USB_ClearInterrupts:00000000 $t
C:\Users\matve\AppData\Local\Temp\ccff1is7.s:954    .text.USB_ClearInterrupts:00000000 USB_ClearInterrupts
C:\Users\matve\AppData\Local\Temp\ccff1is7.s:961    .text.USB_EP0_OutStart:00000000 $t
C:\Users\matve\AppData\Local\Temp\ccff1is7.s:967    .text.USB_EP0_OutStart:00000000 USB_EP0_OutStart
C:\Users\matve\AppData\Local\Temp\ccff1is7.s:975    .text.USB_ActivateRemoteWakeup:00000000 $t
C:\Users\matve\AppData\Local\Temp\ccff1is7.s:981    .text.USB_ActivateRemoteWakeup:00000000 USB_ActivateRemoteWakeup
C:\Users\matve\AppData\Local\Temp\ccff1is7.s:993    .text.USB_DeActivateRemoteWakeup:00000000 $t
C:\Users\matve\AppData\Local\Temp\ccff1is7.s:999    .text.USB_DeActivateRemoteWakeup:00000000 USB_DeActivateRemoteWakeup
C:\Users\matve\AppData\Local\Temp\ccff1is7.s:1012   .text.USB_WritePMA:00000000 $t
C:\Users\matve\AppData\Local\Temp\ccff1is7.s:1018   .text.USB_WritePMA:00000000 USB_WritePMA
C:\Users\matve\AppData\Local\Temp\ccff1is7.s:1040   .text.USB_EPStartXfer:00000000 $t
ARM GAS  C:\Users\matve\AppData\Local\Temp\ccff1is7.s 			page 35


C:\Users\matve\AppData\Local\Temp\ccff1is7.s:1046   .text.USB_EPStartXfer:00000000 USB_EPStartXfer
C:\Users\matve\AppData\Local\Temp\ccff1is7.s:1869   .text.USB_ReadPMA:00000000 $t
C:\Users\matve\AppData\Local\Temp\ccff1is7.s:1875   .text.USB_ReadPMA:00000000 USB_ReadPMA

NO UNDEFINED SYMBOLS
