ARM GAS  C:\Users\Asus\AppData\Local\Temp\ccfmI8qn.s 			page 1


   1              		.cpu cortex-m4
   2              		.arch armv7e-m
   3              		.fpu fpv4-sp-d16
   4              		.eabi_attribute 27, 1
   5              		.eabi_attribute 28, 1
   6              		.eabi_attribute 20, 1
   7              		.eabi_attribute 21, 1
   8              		.eabi_attribute 23, 3
   9              		.eabi_attribute 24, 1
  10              		.eabi_attribute 25, 1
  11              		.eabi_attribute 26, 1
  12              		.eabi_attribute 30, 1
  13              		.eabi_attribute 34, 1
  14              		.eabi_attribute 18, 4
  15              		.file	"main.c"
  16              		.text
  17              	.Ltext0:
  18              		.cfi_sections	.debug_frame
  19              		.file 1 "Core/Src/main.c"
  20              		.section	.text.main,"ax",%progbits
  21              		.align	1
  22              		.global	main
  23              		.syntax unified
  24              		.thumb
  25              		.thumb_func
  27              	main:
  28              	.LFB130:
   1:Core/Src/main.c **** #include "interrupt.h"
   2:Core/Src/main.c **** #include "../../CMSIS/Devices/STM32F4xx/Inc/stm32f4xx.h"
   3:Core/Src/main.c **** #include "../../CMSIS/Devices/STM32F4xx/Inc/STM32F429ZI/stm32f429xx.h"
   4:Core/Src/main.c **** 
   5:Core/Src/main.c **** volatile uint8_t btnCount1 = 0, btnCount2 = 0, flag = 0;
   6:Core/Src/main.c **** volatile uint32_t global_systick_tim_count = 0;
   7:Core/Src/main.c **** volatile uint16_t button_delay_tim_count, second_tim_count;
   8:Core/Src/main.c **** volatile uint32_t second = 0;
   9:Core/Src/main.c **** 
  10:Core/Src/main.c **** uint16_t result, chislo_a, chislo_b;
  11:Core/Src/main.c **** int32_t variable, motor_speed, something_else;
  12:Core/Src/main.c **** 
  13:Core/Src/main.c **** int main(void)
  14:Core/Src/main.c **** {
  29              		.loc 1 14 1 view -0
  30              		.cfi_startproc
  31              		@ Volatile: function does not return.
  32              		@ args = 0, pretend = 0, frame = 0
  33              		@ frame_needed = 0, uses_anonymous_args = 0
  34 0000 08B5     		push	{r3, lr}
  35              	.LCFI0:
  36              		.cfi_def_cfa_offset 8
  37              		.cfi_offset 3, -8
  38              		.cfi_offset 14, -4
  15:Core/Src/main.c ****     RCC_Init();
  39              		.loc 1 15 5 view .LVU1
  40 0002 FFF7FEFF 		bl	RCC_Init
  41              	.LVL0:
  16:Core/Src/main.c ****     ITR_Init();
  42              		.loc 1 16 5 view .LVU2
ARM GAS  C:\Users\Asus\AppData\Local\Temp\ccfmI8qn.s 			page 2


  43 0006 FFF7FEFF 		bl	ITR_Init
  44              	.LVL1:
  17:Core/Src/main.c ****     GPIO_Init();
  45              		.loc 1 17 5 view .LVU3
  46 000a FFF7FEFF 		bl	GPIO_Init
  47              	.LVL2:
  18:Core/Src/main.c ****     SysTick_Init();
  48              		.loc 1 18 5 view .LVU4
  49 000e FFF7FEFF 		bl	SysTick_Init
  50              	.LVL3:
  51              	.L2:
  19:Core/Src/main.c **** 
  20:Core/Src/main.c ****     while (1)
  52              		.loc 1 20 5 view .LVU5
  21:Core/Src/main.c ****     {
  22:Core/Src/main.c **** 
  23:Core/Src/main.c ****     }
  53              		.loc 1 23 5 view .LVU6
  20:Core/Src/main.c ****     {
  54              		.loc 1 20 11 view .LVU7
  55 0012 FEE7     		b	.L2
  56              		.cfi_endproc
  57              	.LFE130:
  59              		.global	something_else
  60              		.section	.bss.something_else,"aw",%nobits
  61              		.align	2
  64              	something_else:
  65 0000 00000000 		.space	4
  66              		.global	motor_speed
  67              		.section	.bss.motor_speed,"aw",%nobits
  68              		.align	2
  71              	motor_speed:
  72 0000 00000000 		.space	4
  73              		.global	variable
  74              		.section	.bss.variable,"aw",%nobits
  75              		.align	2
  78              	variable:
  79 0000 00000000 		.space	4
  80              		.global	chislo_b
  81              		.section	.bss.chislo_b,"aw",%nobits
  82              		.align	1
  85              	chislo_b:
  86 0000 0000     		.space	2
  87              		.global	chislo_a
  88              		.section	.bss.chislo_a,"aw",%nobits
  89              		.align	1
  92              	chislo_a:
  93 0000 0000     		.space	2
  94              		.global	result
  95              		.section	.bss.result,"aw",%nobits
  96              		.align	1
  99              	result:
 100 0000 0000     		.space	2
 101              		.global	second
 102              		.section	.bss.second,"aw",%nobits
 103              		.align	2
 106              	second:
ARM GAS  C:\Users\Asus\AppData\Local\Temp\ccfmI8qn.s 			page 3


 107 0000 00000000 		.space	4
 108              		.global	second_tim_count
 109              		.section	.bss.second_tim_count,"aw",%nobits
 110              		.align	1
 113              	second_tim_count:
 114 0000 0000     		.space	2
 115              		.global	button_delay_tim_count
 116              		.section	.bss.button_delay_tim_count,"aw",%nobits
 117              		.align	1
 120              	button_delay_tim_count:
 121 0000 0000     		.space	2
 122              		.global	global_systick_tim_count
 123              		.section	.bss.global_systick_tim_count,"aw",%nobits
 124              		.align	2
 127              	global_systick_tim_count:
 128 0000 00000000 		.space	4
 129              		.global	flag
 130              		.section	.bss.flag,"aw",%nobits
 133              	flag:
 134 0000 00       		.space	1
 135              		.global	btnCount2
 136              		.section	.bss.btnCount2,"aw",%nobits
 139              	btnCount2:
 140 0000 00       		.space	1
 141              		.global	btnCount1
 142              		.section	.bss.btnCount1,"aw",%nobits
 145              	btnCount1:
 146 0000 00       		.space	1
 147              		.text
 148              	.Letext0:
 149              		.file 2 "C:/Users/Asus/scoop/apps/gcc-arm-none-eabi/current/arm-none-eabi/include/machine/_default
 150              		.file 3 "C:/Users/Asus/scoop/apps/gcc-arm-none-eabi/current/arm-none-eabi/include/sys/_stdint.h"
 151              		.file 4 "Core/Inc/interrupt.h"
 152              		.file 5 "Core/Inc/init.h"
ARM GAS  C:\Users\Asus\AppData\Local\Temp\ccfmI8qn.s 			page 4


DEFINED SYMBOLS
                            *ABS*:00000000 main.c
C:\Users\Asus\AppData\Local\Temp\ccfmI8qn.s:21     .text.main:00000000 $t
C:\Users\Asus\AppData\Local\Temp\ccfmI8qn.s:27     .text.main:00000000 main
C:\Users\Asus\AppData\Local\Temp\ccfmI8qn.s:64     .bss.something_else:00000000 something_else
C:\Users\Asus\AppData\Local\Temp\ccfmI8qn.s:61     .bss.something_else:00000000 $d
C:\Users\Asus\AppData\Local\Temp\ccfmI8qn.s:71     .bss.motor_speed:00000000 motor_speed
C:\Users\Asus\AppData\Local\Temp\ccfmI8qn.s:68     .bss.motor_speed:00000000 $d
C:\Users\Asus\AppData\Local\Temp\ccfmI8qn.s:78     .bss.variable:00000000 variable
C:\Users\Asus\AppData\Local\Temp\ccfmI8qn.s:75     .bss.variable:00000000 $d
C:\Users\Asus\AppData\Local\Temp\ccfmI8qn.s:85     .bss.chislo_b:00000000 chislo_b
C:\Users\Asus\AppData\Local\Temp\ccfmI8qn.s:82     .bss.chislo_b:00000000 $d
C:\Users\Asus\AppData\Local\Temp\ccfmI8qn.s:92     .bss.chislo_a:00000000 chislo_a
C:\Users\Asus\AppData\Local\Temp\ccfmI8qn.s:89     .bss.chislo_a:00000000 $d
C:\Users\Asus\AppData\Local\Temp\ccfmI8qn.s:99     .bss.result:00000000 result
C:\Users\Asus\AppData\Local\Temp\ccfmI8qn.s:96     .bss.result:00000000 $d
C:\Users\Asus\AppData\Local\Temp\ccfmI8qn.s:106    .bss.second:00000000 second
C:\Users\Asus\AppData\Local\Temp\ccfmI8qn.s:103    .bss.second:00000000 $d
C:\Users\Asus\AppData\Local\Temp\ccfmI8qn.s:113    .bss.second_tim_count:00000000 second_tim_count
C:\Users\Asus\AppData\Local\Temp\ccfmI8qn.s:110    .bss.second_tim_count:00000000 $d
C:\Users\Asus\AppData\Local\Temp\ccfmI8qn.s:120    .bss.button_delay_tim_count:00000000 button_delay_tim_count
C:\Users\Asus\AppData\Local\Temp\ccfmI8qn.s:117    .bss.button_delay_tim_count:00000000 $d
C:\Users\Asus\AppData\Local\Temp\ccfmI8qn.s:127    .bss.global_systick_tim_count:00000000 global_systick_tim_count
C:\Users\Asus\AppData\Local\Temp\ccfmI8qn.s:124    .bss.global_systick_tim_count:00000000 $d
C:\Users\Asus\AppData\Local\Temp\ccfmI8qn.s:133    .bss.flag:00000000 flag
C:\Users\Asus\AppData\Local\Temp\ccfmI8qn.s:134    .bss.flag:00000000 $d
C:\Users\Asus\AppData\Local\Temp\ccfmI8qn.s:139    .bss.btnCount2:00000000 btnCount2
C:\Users\Asus\AppData\Local\Temp\ccfmI8qn.s:140    .bss.btnCount2:00000000 $d
C:\Users\Asus\AppData\Local\Temp\ccfmI8qn.s:145    .bss.btnCount1:00000000 btnCount1
C:\Users\Asus\AppData\Local\Temp\ccfmI8qn.s:146    .bss.btnCount1:00000000 $d

UNDEFINED SYMBOLS
RCC_Init
ITR_Init
GPIO_Init
SysTick_Init
