ARM GAS  C:\Users\Asus\AppData\Local\Temp\ccbCxy8b.s 			page 1


   1              		.cpu cortex-m4
   2              		.arch armv7e-m
   3              		.fpu fpv4-sp-d16
   4              		.eabi_attribute 27, 1
   5              		.eabi_attribute 28, 1
   6              		.eabi_attribute 20, 1
   7              		.eabi_attribute 21, 1
   8              		.eabi_attribute 23, 3
   9              		.eabi_attribute 24, 1
  10              		.eabi_attribute 25, 1
  11              		.eabi_attribute 26, 1
  12              		.eabi_attribute 30, 1
  13              		.eabi_attribute 34, 1
  14              		.eabi_attribute 18, 4
  15              		.file	"main.c"
  16              		.text
  17              	.Ltext0:
  18              		.cfi_sections	.debug_frame
  19              		.file 1 "Core/Src/main.c"
  20              		.section	.text.main,"ax",%progbits
  21              		.align	1
  22              		.global	main
  23              		.syntax unified
  24              		.thumb
  25              		.thumb_func
  27              	main:
  28              	.LFB130:
   1:Core/Src/main.c **** #include "interrupt.h"
   2:Core/Src/main.c **** 
   3:Core/Src/main.c **** #define ADC_DIVISION 3.26 / 4095
   4:Core/Src/main.c **** 
   5:Core/Src/main.c **** volatile uint16_t adc_buf[ADC_NUM_CHANNEL - 1], adcInter, motor_freq;
   6:Core/Src/main.c **** volatile uint8_t adc_conversion_complete, adc_overrun_count, motor_direction;
   7:Core/Src/main.c **** 
   8:Core/Src/main.c **** uint16_t GlobalTickCount, adc_value[ADC_NUM_CHANNEL - 1];
   9:Core/Src/main.c **** float Temperature, Vsense, voltage;
  10:Core/Src/main.c **** 
  11:Core/Src/main.c **** int main(void)
  12:Core/Src/main.c **** {
  29              		.loc 1 12 1 view -0
  30              		.cfi_startproc
  31              		@ Volatile: function does not return.
  32              		@ args = 0, pretend = 0, frame = 0
  33              		@ frame_needed = 0, uses_anonymous_args = 0
  34 0000 08B5     		push	{r3, lr}
  35              	.LCFI0:
  36              		.cfi_def_cfa_offset 8
  37              		.cfi_offset 3, -8
  38              		.cfi_offset 14, -4
  13:Core/Src/main.c ****     RCC_Init();
  39              		.loc 1 13 5 view .LVU1
  40 0002 FFF7FEFF 		bl	RCC_Init
  41              	.LVL0:
  14:Core/Src/main.c ****     GPIO_Init();
  42              		.loc 1 14 5 view .LVU2
  43 0006 FFF7FEFF 		bl	GPIO_Init
  44              	.LVL1:
ARM GAS  C:\Users\Asus\AppData\Local\Temp\ccbCxy8b.s 			page 2


  15:Core/Src/main.c ****     SysTick_Init();
  45              		.loc 1 15 5 view .LVU3
  46 000a FFF7FEFF 		bl	SysTick_Init
  47              	.LVL2:
  16:Core/Src/main.c ****     /*–Ч–і–µ—Б—М –≤–∞–ґ–µ–љ –њ–Њ—А—П–і–Њ–Ї –Є–љ–Є—Ж–Є–∞–ї–Є–Ј–∞—Ж–Є–Є, —В–∞–Ї –Ї–∞–Ї –Р–¶–Я –і–Њ–ї–
  17:Core/Src/main.c ****      *–∞ DMA –і–Њ —В–∞–є–Љ–µ—А–∞, –Ї–Њ—В–Њ—А—Л–є –Ј–∞–њ—Г—Б–Ї–∞–µ—В –њ—А–µ–Њ–±—А–∞–Ј–Њ–≤–∞–љ–Є–µ
  18:Core/Src/main.c ****      */   
  19:Core/Src/main.c ****     ADC_Init();
  48              		.loc 1 19 5 view .LVU4
  49 000e FFF7FEFF 		bl	ADC_Init
  50              	.LVL3:
  20:Core/Src/main.c ****     DMA_Init();
  51              		.loc 1 20 5 view .LVU5
  52 0012 FFF7FEFF 		bl	DMA_Init
  53              	.LVL4:
  21:Core/Src/main.c ****     TIM_PWM_Init();
  54              		.loc 1 21 5 view .LVU6
  55 0016 FFF7FEFF 		bl	TIM_PWM_Init
  56              	.LVL5:
  57 001a 09E0     		b	.L5
  58              	.L3:
  22:Core/Src/main.c **** 
  23:Core/Src/main.c ****     while (1)
  24:Core/Src/main.c ****     {
  25:Core/Src/main.c ****         if(adc_conversion_complete) {
  26:Core/Src/main.c ****             adc_conversion_complete = 0; // –°–±—А–Њ—Б —Д–ї–∞–≥–∞ –≥–Њ—В–Њ–≤–љ–Њ—Б—В–Є –і–∞–љ–љ—Л—Е
  27:Core/Src/main.c ****             adc_value[0] = adc_buf[0];
  28:Core/Src/main.c ****             // adc_value[1] = adc_buf[1];
  29:Core/Src/main.c ****             // adc_value[2] = adc_buf[2];
  30:Core/Src/main.c ****             // adc_value[3] = adc_buf[3];
  31:Core/Src/main.c ****         }
  32:Core/Src/main.c ****         voltage = adc_value[0] * ADC_DIVISION;
  33:Core/Src/main.c **** 
  34:Core/Src/main.c ****         if (motor_direction){
  35:Core/Src/main.c ****             SET_BIT(GPIOA->BSRR, GPIO_BSRR_BS6);
  36:Core/Src/main.c ****         }
  37:Core/Src/main.c ****         else SET_BIT(GPIOA->BSRR, GPIO_BSRR_BR6);
  59              		.loc 1 37 14 view .LVU7
  60 001c 1C4A     		ldr	r2, .L7+16
  61 001e 9369     		ldr	r3, [r2, #24]
  62 0020 43F48003 		orr	r3, r3, #4194304
  63 0024 9361     		str	r3, [r2, #24]
  64              	.L4:
  38:Core/Src/main.c ****     
  39:Core/Src/main.c ****         // Vsense = (3.1 * adcBuf[2]) / 4095U;
  40:Core/Src/main.c ****         // TIM3->CCR2 = (4199 * adc_value[0]) / 4095;
  41:Core/Src/main.c ****         TIM3->CCR2 = motor_freq;
  65              		.loc 1 41 9 view .LVU8
  66              		.loc 1 41 20 is_stmt 0 view .LVU9
  67 0026 1B4B     		ldr	r3, .L7+20
  68 0028 1B88     		ldrh	r3, [r3]
  69 002a 9BB2     		uxth	r3, r3
  70 002c 1A4A     		ldr	r2, .L7+24
  71 002e 9363     		str	r3, [r2, #56]
  23:Core/Src/main.c ****     {
  72              		.loc 1 23 11 is_stmt 1 view .LVU10
  73              	.L5:
ARM GAS  C:\Users\Asus\AppData\Local\Temp\ccbCxy8b.s 			page 3


  23:Core/Src/main.c ****     {
  74              		.loc 1 23 5 view .LVU11
  25:Core/Src/main.c ****             adc_conversion_complete = 0; // –°–±—А–Њ—Б —Д–ї–∞–≥–∞ –≥–Њ—В–Њ–≤–љ–Њ—Б—В–Є –і–∞–љ–љ—Л—Е
  75              		.loc 1 25 9 view .LVU12
  25:Core/Src/main.c ****             adc_conversion_complete = 0; // –°–±—А–Њ—Б —Д–ї–∞–≥–∞ –≥–Њ—В–Њ–≤–љ–Њ—Б—В–Є –і–∞–љ–љ—Л—Е
  76              		.loc 1 25 12 is_stmt 0 view .LVU13
  77 0030 1A4B     		ldr	r3, .L7+28
  78 0032 1B78     		ldrb	r3, [r3]	@ zero_extendqisi2
  25:Core/Src/main.c ****             adc_conversion_complete = 0; // –°–±—А–Њ—Б —Д–ї–∞–≥–∞ –≥–Њ—В–Њ–≤–љ–Њ—Б—В–Є –і–∞–љ–љ—Л—Е
  79              		.loc 1 25 11 view .LVU14
  80 0034 33B1     		cbz	r3, .L2
  26:Core/Src/main.c ****             adc_value[0] = adc_buf[0];
  81              		.loc 1 26 13 is_stmt 1 view .LVU15
  26:Core/Src/main.c ****             adc_value[0] = adc_buf[0];
  82              		.loc 1 26 37 is_stmt 0 view .LVU16
  83 0036 194B     		ldr	r3, .L7+28
  84 0038 0022     		movs	r2, #0
  85 003a 1A70     		strb	r2, [r3]
  27:Core/Src/main.c ****             // adc_value[1] = adc_buf[1];
  86              		.loc 1 27 13 is_stmt 1 view .LVU17
  27:Core/Src/main.c ****             // adc_value[1] = adc_buf[1];
  87              		.loc 1 27 35 is_stmt 0 view .LVU18
  88 003c 184B     		ldr	r3, .L7+32
  89 003e 1A88     		ldrh	r2, [r3]
  27:Core/Src/main.c ****             // adc_value[1] = adc_buf[1];
  90              		.loc 1 27 26 view .LVU19
  91 0040 184B     		ldr	r3, .L7+36
  92 0042 1A80     		strh	r2, [r3]	@ movhi
  93              	.L2:
  32:Core/Src/main.c **** 
  94              		.loc 1 32 9 is_stmt 1 view .LVU20
  32:Core/Src/main.c **** 
  95              		.loc 1 32 32 is_stmt 0 view .LVU21
  96 0044 174B     		ldr	r3, .L7+36
  97 0046 1888     		ldrh	r0, [r3]
  98 0048 FFF7FEFF 		bl	__aeabi_i2d
  99              	.LVL6:
 100 004c 0CA3     		adr	r3, .L7
 101 004e D3E90023 		ldrd	r2, [r3]
 102 0052 FFF7FEFF 		bl	__aeabi_dmul
 103              	.LVL7:
  32:Core/Src/main.c **** 
 104              		.loc 1 32 34 view .LVU22
 105 0056 0CA3     		adr	r3, .L7+8
 106 0058 D3E90023 		ldrd	r2, [r3]
 107 005c FFF7FEFF 		bl	__aeabi_ddiv
 108              	.LVL8:
 109 0060 FFF7FEFF 		bl	__aeabi_d2f
 110              	.LVL9:
  32:Core/Src/main.c **** 
 111              		.loc 1 32 17 view .LVU23
 112 0064 104B     		ldr	r3, .L7+40
 113 0066 1860     		str	r0, [r3]	@ float
  34:Core/Src/main.c ****             SET_BIT(GPIOA->BSRR, GPIO_BSRR_BS6);
 114              		.loc 1 34 9 is_stmt 1 view .LVU24
  34:Core/Src/main.c ****             SET_BIT(GPIOA->BSRR, GPIO_BSRR_BS6);
 115              		.loc 1 34 13 is_stmt 0 view .LVU25
ARM GAS  C:\Users\Asus\AppData\Local\Temp\ccbCxy8b.s 			page 4


 116 0068 104B     		ldr	r3, .L7+44
 117 006a 1B78     		ldrb	r3, [r3]	@ zero_extendqisi2
  34:Core/Src/main.c ****             SET_BIT(GPIOA->BSRR, GPIO_BSRR_BS6);
 118              		.loc 1 34 12 view .LVU26
 119 006c 002B     		cmp	r3, #0
 120 006e D5D0     		beq	.L3
  35:Core/Src/main.c ****         }
 121              		.loc 1 35 13 is_stmt 1 view .LVU27
 122 0070 074A     		ldr	r2, .L7+16
 123 0072 9369     		ldr	r3, [r2, #24]
 124 0074 43F04003 		orr	r3, r3, #64
 125 0078 9361     		str	r3, [r2, #24]
 126 007a D4E7     		b	.L4
 127              	.L8:
 128 007c AFF30080 		.align	3
 129              	.L7:
 130 0080 14AE47E1 		.word	-515396076
 131 0084 7A140A40 		.word	1074402426
 132 0088 00000000 		.word	0
 133 008c 00FEAF40 		.word	1085275648
 134 0090 00000240 		.word	1073872896
 135 0094 00000000 		.word	motor_freq
 136 0098 00040040 		.word	1073742848
 137 009c 00000000 		.word	adc_conversion_complete
 138 00a0 00000000 		.word	adc_buf
 139 00a4 00000000 		.word	adc_value
 140 00a8 00000000 		.word	voltage
 141 00ac 00000000 		.word	motor_direction
 142              		.cfi_endproc
 143              	.LFE130:
 145              		.global	voltage
 146              		.section	.bss.voltage,"aw",%nobits
 147              		.align	2
 150              	voltage:
 151 0000 00000000 		.space	4
 152              		.global	Vsense
 153              		.section	.bss.Vsense,"aw",%nobits
 154              		.align	2
 157              	Vsense:
 158 0000 00000000 		.space	4
 159              		.global	Temperature
 160              		.section	.bss.Temperature,"aw",%nobits
 161              		.align	2
 164              	Temperature:
 165 0000 00000000 		.space	4
 166              		.global	adc_value
 167              		.section	.bss.adc_value,"aw",%nobits
 168              		.align	2
 171              	adc_value:
 172 0000 00000000 		.space	6
 172      0000
 173              		.global	GlobalTickCount
 174              		.section	.bss.GlobalTickCount,"aw",%nobits
 175              		.align	1
 178              	GlobalTickCount:
 179 0000 0000     		.space	2
 180              		.global	motor_direction
ARM GAS  C:\Users\Asus\AppData\Local\Temp\ccbCxy8b.s 			page 5


 181              		.section	.bss.motor_direction,"aw",%nobits
 184              	motor_direction:
 185 0000 00       		.space	1
 186              		.global	adc_overrun_count
 187              		.section	.bss.adc_overrun_count,"aw",%nobits
 190              	adc_overrun_count:
 191 0000 00       		.space	1
 192              		.global	adc_conversion_complete
 193              		.section	.bss.adc_conversion_complete,"aw",%nobits
 196              	adc_conversion_complete:
 197 0000 00       		.space	1
 198              		.global	motor_freq
 199              		.section	.bss.motor_freq,"aw",%nobits
 200              		.align	1
 203              	motor_freq:
 204 0000 0000     		.space	2
 205              		.global	adcInter
 206              		.section	.bss.adcInter,"aw",%nobits
 207              		.align	1
 210              	adcInter:
 211 0000 0000     		.space	2
 212              		.global	adc_buf
 213              		.section	.bss.adc_buf,"aw",%nobits
 214              		.align	2
 217              	adc_buf:
 218 0000 00000000 		.space	6
 218      0000
 219              		.text
 220              	.Letext0:
 221              		.file 2 "C:/Programm/tools/xpack-arm-none-eabi-gcc-14.2.1-1.1/arm-none-eabi/include/machine/_defau
 222              		.file 3 "C:/Programm/tools/xpack-arm-none-eabi-gcc-14.2.1-1.1/arm-none-eabi/include/sys/_stdint.h"
 223              		.file 4 "CMSIS/Devices/STM32F4xx/Inc/STM32F407xx/stm32f407xx.h"
 224              		.file 5 "Core/Inc/init.h"
 225              		.file 6 "Core/Inc/interrupt.h"
ARM GAS  C:\Users\Asus\AppData\Local\Temp\ccbCxy8b.s 			page 6


DEFINED SYMBOLS
                            *ABS*:00000000 main.c
C:\Users\Asus\AppData\Local\Temp\ccbCxy8b.s:21     .text.main:00000000 $t
C:\Users\Asus\AppData\Local\Temp\ccbCxy8b.s:27     .text.main:00000000 main
C:\Users\Asus\AppData\Local\Temp\ccbCxy8b.s:130    .text.main:00000080 $d
C:\Users\Asus\AppData\Local\Temp\ccbCxy8b.s:203    .bss.motor_freq:00000000 motor_freq
C:\Users\Asus\AppData\Local\Temp\ccbCxy8b.s:196    .bss.adc_conversion_complete:00000000 adc_conversion_complete
C:\Users\Asus\AppData\Local\Temp\ccbCxy8b.s:217    .bss.adc_buf:00000000 adc_buf
C:\Users\Asus\AppData\Local\Temp\ccbCxy8b.s:171    .bss.adc_value:00000000 adc_value
C:\Users\Asus\AppData\Local\Temp\ccbCxy8b.s:150    .bss.voltage:00000000 voltage
C:\Users\Asus\AppData\Local\Temp\ccbCxy8b.s:184    .bss.motor_direction:00000000 motor_direction
C:\Users\Asus\AppData\Local\Temp\ccbCxy8b.s:147    .bss.voltage:00000000 $d
C:\Users\Asus\AppData\Local\Temp\ccbCxy8b.s:157    .bss.Vsense:00000000 Vsense
C:\Users\Asus\AppData\Local\Temp\ccbCxy8b.s:154    .bss.Vsense:00000000 $d
C:\Users\Asus\AppData\Local\Temp\ccbCxy8b.s:164    .bss.Temperature:00000000 Temperature
C:\Users\Asus\AppData\Local\Temp\ccbCxy8b.s:161    .bss.Temperature:00000000 $d
C:\Users\Asus\AppData\Local\Temp\ccbCxy8b.s:168    .bss.adc_value:00000000 $d
C:\Users\Asus\AppData\Local\Temp\ccbCxy8b.s:178    .bss.GlobalTickCount:00000000 GlobalTickCount
C:\Users\Asus\AppData\Local\Temp\ccbCxy8b.s:175    .bss.GlobalTickCount:00000000 $d
C:\Users\Asus\AppData\Local\Temp\ccbCxy8b.s:185    .bss.motor_direction:00000000 $d
C:\Users\Asus\AppData\Local\Temp\ccbCxy8b.s:190    .bss.adc_overrun_count:00000000 adc_overrun_count
C:\Users\Asus\AppData\Local\Temp\ccbCxy8b.s:191    .bss.adc_overrun_count:00000000 $d
C:\Users\Asus\AppData\Local\Temp\ccbCxy8b.s:197    .bss.adc_conversion_complete:00000000 $d
C:\Users\Asus\AppData\Local\Temp\ccbCxy8b.s:200    .bss.motor_freq:00000000 $d
C:\Users\Asus\AppData\Local\Temp\ccbCxy8b.s:210    .bss.adcInter:00000000 adcInter
C:\Users\Asus\AppData\Local\Temp\ccbCxy8b.s:207    .bss.adcInter:00000000 $d
C:\Users\Asus\AppData\Local\Temp\ccbCxy8b.s:214    .bss.adc_buf:00000000 $d

UNDEFINED SYMBOLS
RCC_Init
GPIO_Init
SysTick_Init
ADC_Init
DMA_Init
TIM_PWM_Init
__aeabi_i2d
__aeabi_dmul
__aeabi_ddiv
__aeabi_d2f
