ARM GAS  C:\Users\matve\AppData\Local\Temp\ccFfRF6n.s 			page 1


   1              		.cpu cortex-m3
   2              		.arch armv7-m
   3              		.fpu softvfp
   4              		.eabi_attribute 20, 1
   5              		.eabi_attribute 21, 1
   6              		.eabi_attribute 23, 3
   7              		.eabi_attribute 24, 1
   8              		.eabi_attribute 25, 1
   9              		.eabi_attribute 26, 1
  10              		.eabi_attribute 30, 1
  11              		.eabi_attribute 34, 1
  12              		.eabi_attribute 18, 4
  13              		.file	"stm32f1xx_it.c"
  14              		.text
  15              	.Ltext0:
  16              		.cfi_sections	.debug_frame
  17              		.file 1 "Core/Src/stm32f1xx_it.c"
  18              		.section	.text.NMI_Handler,"ax",%progbits
  19              		.align	1
  20              		.global	NMI_Handler
  21              		.syntax unified
  22              		.thumb
  23              		.thumb_func
  25              	NMI_Handler:
  26              	.LFB65:
   1:Core/Src/stm32f1xx_it.c **** /* USER CODE BEGIN Header */
   2:Core/Src/stm32f1xx_it.c **** /**
   3:Core/Src/stm32f1xx_it.c ****   ******************************************************************************
   4:Core/Src/stm32f1xx_it.c ****   * @file    stm32f1xx_it.c
   5:Core/Src/stm32f1xx_it.c ****   * @brief   Interrupt Service Routines.
   6:Core/Src/stm32f1xx_it.c ****   ******************************************************************************
   7:Core/Src/stm32f1xx_it.c ****   * @attention
   8:Core/Src/stm32f1xx_it.c ****   *
   9:Core/Src/stm32f1xx_it.c ****   * Copyright (c) 2024 STMicroelectronics.
  10:Core/Src/stm32f1xx_it.c ****   * All rights reserved.
  11:Core/Src/stm32f1xx_it.c ****   *
  12:Core/Src/stm32f1xx_it.c ****   * This software is licensed under terms that can be found in the LICENSE file
  13:Core/Src/stm32f1xx_it.c ****   * in the root directory of this software component.
  14:Core/Src/stm32f1xx_it.c ****   * If no LICENSE file comes with this software, it is provided AS-IS.
  15:Core/Src/stm32f1xx_it.c ****   *
  16:Core/Src/stm32f1xx_it.c ****   ******************************************************************************
  17:Core/Src/stm32f1xx_it.c ****   */
  18:Core/Src/stm32f1xx_it.c **** /* USER CODE END Header */
  19:Core/Src/stm32f1xx_it.c **** 
  20:Core/Src/stm32f1xx_it.c **** /* Includes ------------------------------------------------------------------*/
  21:Core/Src/stm32f1xx_it.c **** #include "main.h"
  22:Core/Src/stm32f1xx_it.c **** #include "stm32f1xx_it.h"
  23:Core/Src/stm32f1xx_it.c **** /* Private includes ----------------------------------------------------------*/
  24:Core/Src/stm32f1xx_it.c **** /* USER CODE BEGIN Includes */
  25:Core/Src/stm32f1xx_it.c **** #include <servocontroller.h>
  26:Core/Src/stm32f1xx_it.c **** /* USER CODE END Includes */
  27:Core/Src/stm32f1xx_it.c **** 
  28:Core/Src/stm32f1xx_it.c **** /* Private typedef -----------------------------------------------------------*/
  29:Core/Src/stm32f1xx_it.c **** /* USER CODE BEGIN TD */
  30:Core/Src/stm32f1xx_it.c **** 
  31:Core/Src/stm32f1xx_it.c **** /* USER CODE END TD */
  32:Core/Src/stm32f1xx_it.c **** 
ARM GAS  C:\Users\matve\AppData\Local\Temp\ccFfRF6n.s 			page 2


  33:Core/Src/stm32f1xx_it.c **** /* Private define ------------------------------------------------------------*/
  34:Core/Src/stm32f1xx_it.c **** /* USER CODE BEGIN PD */
  35:Core/Src/stm32f1xx_it.c **** 
  36:Core/Src/stm32f1xx_it.c **** /* USER CODE END PD */
  37:Core/Src/stm32f1xx_it.c **** 
  38:Core/Src/stm32f1xx_it.c **** /* Private macro -------------------------------------------------------------*/
  39:Core/Src/stm32f1xx_it.c **** /* USER CODE BEGIN PM */
  40:Core/Src/stm32f1xx_it.c **** 
  41:Core/Src/stm32f1xx_it.c **** /* USER CODE END PM */
  42:Core/Src/stm32f1xx_it.c **** 
  43:Core/Src/stm32f1xx_it.c **** /* Private variables ---------------------------------------------------------*/
  44:Core/Src/stm32f1xx_it.c **** /* USER CODE BEGIN PV */
  45:Core/Src/stm32f1xx_it.c **** 
  46:Core/Src/stm32f1xx_it.c **** /* USER CODE END PV */
  47:Core/Src/stm32f1xx_it.c **** 
  48:Core/Src/stm32f1xx_it.c **** /* Private function prototypes -----------------------------------------------*/
  49:Core/Src/stm32f1xx_it.c **** /* USER CODE BEGIN PFP */
  50:Core/Src/stm32f1xx_it.c **** 
  51:Core/Src/stm32f1xx_it.c **** /* USER CODE END PFP */
  52:Core/Src/stm32f1xx_it.c **** 
  53:Core/Src/stm32f1xx_it.c **** /* Private user code ---------------------------------------------------------*/
  54:Core/Src/stm32f1xx_it.c **** /* USER CODE BEGIN 0 */
  55:Core/Src/stm32f1xx_it.c **** 
  56:Core/Src/stm32f1xx_it.c **** /* USER CODE END 0 */
  57:Core/Src/stm32f1xx_it.c **** 
  58:Core/Src/stm32f1xx_it.c **** /* External variables --------------------------------------------------------*/
  59:Core/Src/stm32f1xx_it.c **** extern PCD_HandleTypeDef hpcd_USB_FS;
  60:Core/Src/stm32f1xx_it.c **** extern TIM_HandleTypeDef htim3;
  61:Core/Src/stm32f1xx_it.c **** /* USER CODE BEGIN EV */
  62:Core/Src/stm32f1xx_it.c **** extern servocontrol_t servo1;
  63:Core/Src/stm32f1xx_it.c **** extern uint8_t tim3_loop_count = 0; 
  64:Core/Src/stm32f1xx_it.c **** /* USER CODE END EV */
  65:Core/Src/stm32f1xx_it.c **** 
  66:Core/Src/stm32f1xx_it.c **** /******************************************************************************/
  67:Core/Src/stm32f1xx_it.c **** /*           Cortex-M3 Processor Interruption and Exception Handlers          */
  68:Core/Src/stm32f1xx_it.c **** /******************************************************************************/
  69:Core/Src/stm32f1xx_it.c **** /**
  70:Core/Src/stm32f1xx_it.c ****   * @brief This function handles Non maskable interrupt.
  71:Core/Src/stm32f1xx_it.c ****   */
  72:Core/Src/stm32f1xx_it.c **** void NMI_Handler(void)
  73:Core/Src/stm32f1xx_it.c **** {
  27              		.loc 1 73 1 view -0
  28              		.cfi_startproc
  29              		@ Volatile: function does not return.
  30              		@ args = 0, pretend = 0, frame = 0
  31              		@ frame_needed = 0, uses_anonymous_args = 0
  32              		@ link register save eliminated.
  33              	.L2:
  74:Core/Src/stm32f1xx_it.c ****   /* USER CODE BEGIN NonMaskableInt_IRQn 0 */
  75:Core/Src/stm32f1xx_it.c **** 
  76:Core/Src/stm32f1xx_it.c ****   /* USER CODE END NonMaskableInt_IRQn 0 */
  77:Core/Src/stm32f1xx_it.c ****   /* USER CODE BEGIN NonMaskableInt_IRQn 1 */
  78:Core/Src/stm32f1xx_it.c ****    while (1)
  34              		.loc 1 78 4 view .LVU1
  79:Core/Src/stm32f1xx_it.c ****   {
  80:Core/Src/stm32f1xx_it.c ****   }
  35              		.loc 1 80 3 view .LVU2
ARM GAS  C:\Users\matve\AppData\Local\Temp\ccFfRF6n.s 			page 3


  78:Core/Src/stm32f1xx_it.c ****   {
  36              		.loc 1 78 10 view .LVU3
  37 0000 FEE7     		b	.L2
  38              		.cfi_endproc
  39              	.LFE65:
  41              		.section	.text.HardFault_Handler,"ax",%progbits
  42              		.align	1
  43              		.global	HardFault_Handler
  44              		.syntax unified
  45              		.thumb
  46              		.thumb_func
  48              	HardFault_Handler:
  49              	.LFB66:
  81:Core/Src/stm32f1xx_it.c ****   /* USER CODE END NonMaskableInt_IRQn 1 */
  82:Core/Src/stm32f1xx_it.c **** }
  83:Core/Src/stm32f1xx_it.c **** 
  84:Core/Src/stm32f1xx_it.c **** /**
  85:Core/Src/stm32f1xx_it.c ****   * @brief This function handles Hard fault interrupt.
  86:Core/Src/stm32f1xx_it.c ****   */
  87:Core/Src/stm32f1xx_it.c **** void HardFault_Handler(void)
  88:Core/Src/stm32f1xx_it.c **** {
  50              		.loc 1 88 1 view -0
  51              		.cfi_startproc
  52              		@ Volatile: function does not return.
  53              		@ args = 0, pretend = 0, frame = 0
  54              		@ frame_needed = 0, uses_anonymous_args = 0
  55              		@ link register save eliminated.
  56              	.L4:
  89:Core/Src/stm32f1xx_it.c ****   /* USER CODE BEGIN HardFault_IRQn 0 */
  90:Core/Src/stm32f1xx_it.c **** 
  91:Core/Src/stm32f1xx_it.c ****   /* USER CODE END HardFault_IRQn 0 */
  92:Core/Src/stm32f1xx_it.c ****   while (1)
  57              		.loc 1 92 3 view .LVU5
  93:Core/Src/stm32f1xx_it.c ****   {
  94:Core/Src/stm32f1xx_it.c ****     /* USER CODE BEGIN W1_HardFault_IRQn 0 */
  95:Core/Src/stm32f1xx_it.c ****     /* USER CODE END W1_HardFault_IRQn 0 */
  96:Core/Src/stm32f1xx_it.c ****   }
  58              		.loc 1 96 3 view .LVU6
  92:Core/Src/stm32f1xx_it.c ****   {
  59              		.loc 1 92 9 view .LVU7
  60 0000 FEE7     		b	.L4
  61              		.cfi_endproc
  62              	.LFE66:
  64              		.section	.text.MemManage_Handler,"ax",%progbits
  65              		.align	1
  66              		.global	MemManage_Handler
  67              		.syntax unified
  68              		.thumb
  69              		.thumb_func
  71              	MemManage_Handler:
  72              	.LFB67:
  97:Core/Src/stm32f1xx_it.c **** }
  98:Core/Src/stm32f1xx_it.c **** 
  99:Core/Src/stm32f1xx_it.c **** /**
 100:Core/Src/stm32f1xx_it.c ****   * @brief This function handles Memory management fault.
 101:Core/Src/stm32f1xx_it.c ****   */
 102:Core/Src/stm32f1xx_it.c **** void MemManage_Handler(void)
ARM GAS  C:\Users\matve\AppData\Local\Temp\ccFfRF6n.s 			page 4


 103:Core/Src/stm32f1xx_it.c **** {
  73              		.loc 1 103 1 view -0
  74              		.cfi_startproc
  75              		@ Volatile: function does not return.
  76              		@ args = 0, pretend = 0, frame = 0
  77              		@ frame_needed = 0, uses_anonymous_args = 0
  78              		@ link register save eliminated.
  79              	.L6:
 104:Core/Src/stm32f1xx_it.c ****   /* USER CODE BEGIN MemoryManagement_IRQn 0 */
 105:Core/Src/stm32f1xx_it.c **** 
 106:Core/Src/stm32f1xx_it.c ****   /* USER CODE END MemoryManagement_IRQn 0 */
 107:Core/Src/stm32f1xx_it.c ****   while (1)
  80              		.loc 1 107 3 view .LVU9
 108:Core/Src/stm32f1xx_it.c ****   {
 109:Core/Src/stm32f1xx_it.c ****     /* USER CODE BEGIN W1_MemoryManagement_IRQn 0 */
 110:Core/Src/stm32f1xx_it.c ****     /* USER CODE END W1_MemoryManagement_IRQn 0 */
 111:Core/Src/stm32f1xx_it.c ****   }
  81              		.loc 1 111 3 view .LVU10
 107:Core/Src/stm32f1xx_it.c ****   {
  82              		.loc 1 107 9 view .LVU11
  83 0000 FEE7     		b	.L6
  84              		.cfi_endproc
  85              	.LFE67:
  87              		.section	.text.BusFault_Handler,"ax",%progbits
  88              		.align	1
  89              		.global	BusFault_Handler
  90              		.syntax unified
  91              		.thumb
  92              		.thumb_func
  94              	BusFault_Handler:
  95              	.LFB68:
 112:Core/Src/stm32f1xx_it.c **** }
 113:Core/Src/stm32f1xx_it.c **** 
 114:Core/Src/stm32f1xx_it.c **** /**
 115:Core/Src/stm32f1xx_it.c ****   * @brief This function handles Prefetch fault, memory access fault.
 116:Core/Src/stm32f1xx_it.c ****   */
 117:Core/Src/stm32f1xx_it.c **** void BusFault_Handler(void)
 118:Core/Src/stm32f1xx_it.c **** {
  96              		.loc 1 118 1 view -0
  97              		.cfi_startproc
  98              		@ Volatile: function does not return.
  99              		@ args = 0, pretend = 0, frame = 0
 100              		@ frame_needed = 0, uses_anonymous_args = 0
 101              		@ link register save eliminated.
 102              	.L8:
 119:Core/Src/stm32f1xx_it.c ****   /* USER CODE BEGIN BusFault_IRQn 0 */
 120:Core/Src/stm32f1xx_it.c **** 
 121:Core/Src/stm32f1xx_it.c ****   /* USER CODE END BusFault_IRQn 0 */
 122:Core/Src/stm32f1xx_it.c ****   while (1)
 103              		.loc 1 122 3 view .LVU13
 123:Core/Src/stm32f1xx_it.c ****   {
 124:Core/Src/stm32f1xx_it.c ****     /* USER CODE BEGIN W1_BusFault_IRQn 0 */
 125:Core/Src/stm32f1xx_it.c ****     /* USER CODE END W1_BusFault_IRQn 0 */
 126:Core/Src/stm32f1xx_it.c ****   }
 104              		.loc 1 126 3 view .LVU14
 122:Core/Src/stm32f1xx_it.c ****   {
 105              		.loc 1 122 9 view .LVU15
ARM GAS  C:\Users\matve\AppData\Local\Temp\ccFfRF6n.s 			page 5


 106 0000 FEE7     		b	.L8
 107              		.cfi_endproc
 108              	.LFE68:
 110              		.section	.text.UsageFault_Handler,"ax",%progbits
 111              		.align	1
 112              		.global	UsageFault_Handler
 113              		.syntax unified
 114              		.thumb
 115              		.thumb_func
 117              	UsageFault_Handler:
 118              	.LFB69:
 127:Core/Src/stm32f1xx_it.c **** }
 128:Core/Src/stm32f1xx_it.c **** 
 129:Core/Src/stm32f1xx_it.c **** /**
 130:Core/Src/stm32f1xx_it.c ****   * @brief This function handles Undefined instruction or illegal state.
 131:Core/Src/stm32f1xx_it.c ****   */
 132:Core/Src/stm32f1xx_it.c **** void UsageFault_Handler(void)
 133:Core/Src/stm32f1xx_it.c **** {
 119              		.loc 1 133 1 view -0
 120              		.cfi_startproc
 121              		@ Volatile: function does not return.
 122              		@ args = 0, pretend = 0, frame = 0
 123              		@ frame_needed = 0, uses_anonymous_args = 0
 124              		@ link register save eliminated.
 125              	.L10:
 134:Core/Src/stm32f1xx_it.c ****   /* USER CODE BEGIN UsageFault_IRQn 0 */
 135:Core/Src/stm32f1xx_it.c **** 
 136:Core/Src/stm32f1xx_it.c ****   /* USER CODE END UsageFault_IRQn 0 */
 137:Core/Src/stm32f1xx_it.c ****   while (1)
 126              		.loc 1 137 3 view .LVU17
 138:Core/Src/stm32f1xx_it.c ****   {
 139:Core/Src/stm32f1xx_it.c ****     /* USER CODE BEGIN W1_UsageFault_IRQn 0 */
 140:Core/Src/stm32f1xx_it.c ****     /* USER CODE END W1_UsageFault_IRQn 0 */
 141:Core/Src/stm32f1xx_it.c ****   }
 127              		.loc 1 141 3 view .LVU18
 137:Core/Src/stm32f1xx_it.c ****   {
 128              		.loc 1 137 9 view .LVU19
 129 0000 FEE7     		b	.L10
 130              		.cfi_endproc
 131              	.LFE69:
 133              		.section	.text.SVC_Handler,"ax",%progbits
 134              		.align	1
 135              		.global	SVC_Handler
 136              		.syntax unified
 137              		.thumb
 138              		.thumb_func
 140              	SVC_Handler:
 141              	.LFB70:
 142:Core/Src/stm32f1xx_it.c **** }
 143:Core/Src/stm32f1xx_it.c **** 
 144:Core/Src/stm32f1xx_it.c **** /**
 145:Core/Src/stm32f1xx_it.c ****   * @brief This function handles System service call via SWI instruction.
 146:Core/Src/stm32f1xx_it.c ****   */
 147:Core/Src/stm32f1xx_it.c **** void SVC_Handler(void)
 148:Core/Src/stm32f1xx_it.c **** {
 142              		.loc 1 148 1 view -0
 143              		.cfi_startproc
ARM GAS  C:\Users\matve\AppData\Local\Temp\ccFfRF6n.s 			page 6


 144              		@ args = 0, pretend = 0, frame = 0
 145              		@ frame_needed = 0, uses_anonymous_args = 0
 146              		@ link register save eliminated.
 149:Core/Src/stm32f1xx_it.c ****   /* USER CODE BEGIN SVCall_IRQn 0 */
 150:Core/Src/stm32f1xx_it.c **** 
 151:Core/Src/stm32f1xx_it.c ****   /* USER CODE END SVCall_IRQn 0 */
 152:Core/Src/stm32f1xx_it.c ****   /* USER CODE BEGIN SVCall_IRQn 1 */
 153:Core/Src/stm32f1xx_it.c **** 
 154:Core/Src/stm32f1xx_it.c ****   /* USER CODE END SVCall_IRQn 1 */
 155:Core/Src/stm32f1xx_it.c **** }
 147              		.loc 1 155 1 view .LVU21
 148 0000 7047     		bx	lr
 149              		.cfi_endproc
 150              	.LFE70:
 152              		.section	.text.DebugMon_Handler,"ax",%progbits
 153              		.align	1
 154              		.global	DebugMon_Handler
 155              		.syntax unified
 156              		.thumb
 157              		.thumb_func
 159              	DebugMon_Handler:
 160              	.LFB71:
 156:Core/Src/stm32f1xx_it.c **** 
 157:Core/Src/stm32f1xx_it.c **** /**
 158:Core/Src/stm32f1xx_it.c ****   * @brief This function handles Debug monitor.
 159:Core/Src/stm32f1xx_it.c ****   */
 160:Core/Src/stm32f1xx_it.c **** void DebugMon_Handler(void)
 161:Core/Src/stm32f1xx_it.c **** {
 161              		.loc 1 161 1 view -0
 162              		.cfi_startproc
 163              		@ args = 0, pretend = 0, frame = 0
 164              		@ frame_needed = 0, uses_anonymous_args = 0
 165              		@ link register save eliminated.
 162:Core/Src/stm32f1xx_it.c ****   /* USER CODE BEGIN DebugMonitor_IRQn 0 */
 163:Core/Src/stm32f1xx_it.c **** 
 164:Core/Src/stm32f1xx_it.c ****   /* USER CODE END DebugMonitor_IRQn 0 */
 165:Core/Src/stm32f1xx_it.c ****   /* USER CODE BEGIN DebugMonitor_IRQn 1 */
 166:Core/Src/stm32f1xx_it.c **** 
 167:Core/Src/stm32f1xx_it.c ****   /* USER CODE END DebugMonitor_IRQn 1 */
 168:Core/Src/stm32f1xx_it.c **** }
 166              		.loc 1 168 1 view .LVU23
 167 0000 7047     		bx	lr
 168              		.cfi_endproc
 169              	.LFE71:
 171              		.section	.text.PendSV_Handler,"ax",%progbits
 172              		.align	1
 173              		.global	PendSV_Handler
 174              		.syntax unified
 175              		.thumb
 176              		.thumb_func
 178              	PendSV_Handler:
 179              	.LFB72:
 169:Core/Src/stm32f1xx_it.c **** 
 170:Core/Src/stm32f1xx_it.c **** /**
 171:Core/Src/stm32f1xx_it.c ****   * @brief This function handles Pendable request for system service.
 172:Core/Src/stm32f1xx_it.c ****   */
 173:Core/Src/stm32f1xx_it.c **** void PendSV_Handler(void)
ARM GAS  C:\Users\matve\AppData\Local\Temp\ccFfRF6n.s 			page 7


 174:Core/Src/stm32f1xx_it.c **** {
 180              		.loc 1 174 1 view -0
 181              		.cfi_startproc
 182              		@ args = 0, pretend = 0, frame = 0
 183              		@ frame_needed = 0, uses_anonymous_args = 0
 184              		@ link register save eliminated.
 175:Core/Src/stm32f1xx_it.c ****   /* USER CODE BEGIN PendSV_IRQn 0 */
 176:Core/Src/stm32f1xx_it.c **** 
 177:Core/Src/stm32f1xx_it.c ****   /* USER CODE END PendSV_IRQn 0 */
 178:Core/Src/stm32f1xx_it.c ****   /* USER CODE BEGIN PendSV_IRQn 1 */
 179:Core/Src/stm32f1xx_it.c **** 
 180:Core/Src/stm32f1xx_it.c ****   /* USER CODE END PendSV_IRQn 1 */
 181:Core/Src/stm32f1xx_it.c **** }
 185              		.loc 1 181 1 view .LVU25
 186 0000 7047     		bx	lr
 187              		.cfi_endproc
 188              	.LFE72:
 190              		.section	.text.SysTick_Handler,"ax",%progbits
 191              		.align	1
 192              		.global	SysTick_Handler
 193              		.syntax unified
 194              		.thumb
 195              		.thumb_func
 197              	SysTick_Handler:
 198              	.LFB73:
 182:Core/Src/stm32f1xx_it.c **** 
 183:Core/Src/stm32f1xx_it.c **** /**
 184:Core/Src/stm32f1xx_it.c ****   * @brief This function handles System tick timer.
 185:Core/Src/stm32f1xx_it.c ****   */
 186:Core/Src/stm32f1xx_it.c **** void SysTick_Handler(void)
 187:Core/Src/stm32f1xx_it.c **** {
 199              		.loc 1 187 1 view -0
 200              		.cfi_startproc
 201              		@ args = 0, pretend = 0, frame = 0
 202              		@ frame_needed = 0, uses_anonymous_args = 0
 203 0000 08B5     		push	{r3, lr}
 204              		.cfi_def_cfa_offset 8
 205              		.cfi_offset 3, -8
 206              		.cfi_offset 14, -4
 188:Core/Src/stm32f1xx_it.c ****   /* USER CODE BEGIN SysTick_IRQn 0 */
 189:Core/Src/stm32f1xx_it.c **** 
 190:Core/Src/stm32f1xx_it.c ****   /* USER CODE END SysTick_IRQn 0 */
 191:Core/Src/stm32f1xx_it.c ****   HAL_IncTick();
 207              		.loc 1 191 3 view .LVU27
 208 0002 FFF7FEFF 		bl	HAL_IncTick
 209              	.LVL0:
 192:Core/Src/stm32f1xx_it.c ****   /* USER CODE BEGIN SysTick_IRQn 1 */
 193:Core/Src/stm32f1xx_it.c **** 
 194:Core/Src/stm32f1xx_it.c ****   /* USER CODE END SysTick_IRQn 1 */
 195:Core/Src/stm32f1xx_it.c **** }
 210              		.loc 1 195 1 is_stmt 0 view .LVU28
 211 0006 08BD     		pop	{r3, pc}
 212              		.cfi_endproc
 213              	.LFE73:
 215              		.section	.text.USB_LP_CAN1_RX0_IRQHandler,"ax",%progbits
 216              		.align	1
 217              		.global	USB_LP_CAN1_RX0_IRQHandler
ARM GAS  C:\Users\matve\AppData\Local\Temp\ccFfRF6n.s 			page 8


 218              		.syntax unified
 219              		.thumb
 220              		.thumb_func
 222              	USB_LP_CAN1_RX0_IRQHandler:
 223              	.LFB74:
 196:Core/Src/stm32f1xx_it.c **** 
 197:Core/Src/stm32f1xx_it.c **** /******************************************************************************/
 198:Core/Src/stm32f1xx_it.c **** /* STM32F1xx Peripheral Interrupt Handlers                                    */
 199:Core/Src/stm32f1xx_it.c **** /* Add here the Interrupt Handlers for the used peripherals.                  */
 200:Core/Src/stm32f1xx_it.c **** /* For the available peripheral interrupt handler names,                      */
 201:Core/Src/stm32f1xx_it.c **** /* please refer to the startup file (startup_stm32f1xx.s).                    */
 202:Core/Src/stm32f1xx_it.c **** /******************************************************************************/
 203:Core/Src/stm32f1xx_it.c **** 
 204:Core/Src/stm32f1xx_it.c **** /**
 205:Core/Src/stm32f1xx_it.c ****   * @brief This function handles USB low priority or CAN RX0 interrupts.
 206:Core/Src/stm32f1xx_it.c ****   */
 207:Core/Src/stm32f1xx_it.c **** void USB_LP_CAN1_RX0_IRQHandler(void)
 208:Core/Src/stm32f1xx_it.c **** {
 224              		.loc 1 208 1 is_stmt 1 view -0
 225              		.cfi_startproc
 226              		@ args = 0, pretend = 0, frame = 0
 227              		@ frame_needed = 0, uses_anonymous_args = 0
 228 0000 08B5     		push	{r3, lr}
 229              		.cfi_def_cfa_offset 8
 230              		.cfi_offset 3, -8
 231              		.cfi_offset 14, -4
 209:Core/Src/stm32f1xx_it.c ****   /* USER CODE BEGIN USB_LP_CAN1_RX0_IRQn 0 */
 210:Core/Src/stm32f1xx_it.c **** 
 211:Core/Src/stm32f1xx_it.c ****   /* USER CODE END USB_LP_CAN1_RX0_IRQn 0 */
 212:Core/Src/stm32f1xx_it.c ****   HAL_PCD_IRQHandler(&hpcd_USB_FS);
 232              		.loc 1 212 3 view .LVU30
 233 0002 0248     		ldr	r0, .L18
 234 0004 FFF7FEFF 		bl	HAL_PCD_IRQHandler
 235              	.LVL1:
 213:Core/Src/stm32f1xx_it.c ****   /* USER CODE BEGIN USB_LP_CAN1_RX0_IRQn 1 */
 214:Core/Src/stm32f1xx_it.c **** 
 215:Core/Src/stm32f1xx_it.c ****   /* USER CODE END USB_LP_CAN1_RX0_IRQn 1 */
 216:Core/Src/stm32f1xx_it.c **** }
 236              		.loc 1 216 1 is_stmt 0 view .LVU31
 237 0008 08BD     		pop	{r3, pc}
 238              	.L19:
 239 000a 00BF     		.align	2
 240              	.L18:
 241 000c 00000000 		.word	hpcd_USB_FS
 242              		.cfi_endproc
 243              	.LFE74:
 245              		.section	.text.TIM3_IRQHandler,"ax",%progbits
 246              		.align	1
 247              		.global	TIM3_IRQHandler
 248              		.syntax unified
 249              		.thumb
 250              		.thumb_func
 252              	TIM3_IRQHandler:
 253              	.LFB75:
 217:Core/Src/stm32f1xx_it.c **** 
 218:Core/Src/stm32f1xx_it.c **** /**
 219:Core/Src/stm32f1xx_it.c ****   * @brief This function handles TIM3 global interrupt.
ARM GAS  C:\Users\matve\AppData\Local\Temp\ccFfRF6n.s 			page 9


 220:Core/Src/stm32f1xx_it.c ****   */
 221:Core/Src/stm32f1xx_it.c **** void TIM3_IRQHandler(void)
 222:Core/Src/stm32f1xx_it.c **** {
 254              		.loc 1 222 1 is_stmt 1 view -0
 255              		.cfi_startproc
 256              		@ args = 0, pretend = 0, frame = 0
 257              		@ frame_needed = 0, uses_anonymous_args = 0
 258 0000 08B5     		push	{r3, lr}
 259              		.cfi_def_cfa_offset 8
 260              		.cfi_offset 3, -8
 261              		.cfi_offset 14, -4
 223:Core/Src/stm32f1xx_it.c ****   /* USER CODE BEGIN TIM3_IRQn 0 */
 224:Core/Src/stm32f1xx_it.c **** 
 225:Core/Src/stm32f1xx_it.c ****   /* USER CODE END TIM3_IRQn 0 */
 226:Core/Src/stm32f1xx_it.c ****   HAL_TIM_IRQHandler(&htim3);
 262              		.loc 1 226 3 view .LVU33
 263 0002 0A48     		ldr	r0, .L25
 264 0004 FFF7FEFF 		bl	HAL_TIM_IRQHandler
 265              	.LVL2:
 227:Core/Src/stm32f1xx_it.c ****   /* USER CODE BEGIN TIM3_IRQn 1 */
 228:Core/Src/stm32f1xx_it.c ****   servo_positionLoop(&servo1);
 266              		.loc 1 228 3 view .LVU34
 267 0008 0948     		ldr	r0, .L25+4
 268 000a FFF7FEFF 		bl	servo_positionLoop
 269              	.LVL3:
 229:Core/Src/stm32f1xx_it.c ****   if(tim3_loop_count == 3) {
 270              		.loc 1 229 3 view .LVU35
 271              		.loc 1 229 22 is_stmt 0 view .LVU36
 272 000e 094B     		ldr	r3, .L25+8
 273 0010 1B78     		ldrb	r3, [r3]	@ zero_extendqisi2
 274              		.loc 1 229 5 view .LVU37
 275 0012 032B     		cmp	r3, #3
 276 0014 03D0     		beq	.L24
 230:Core/Src/stm32f1xx_it.c ****     tim3_loop_count = 0;
 231:Core/Src/stm32f1xx_it.c ****     servo_velocityLoop(&servo1);
 232:Core/Src/stm32f1xx_it.c ****   }
 233:Core/Src/stm32f1xx_it.c ****   else { tim3_loop_count++; }
 277              		.loc 1 233 10 is_stmt 1 view .LVU38
 278              		.loc 1 233 25 is_stmt 0 view .LVU39
 279 0016 0133     		adds	r3, r3, #1
 280 0018 064A     		ldr	r2, .L25+8
 281 001a 1370     		strb	r3, [r2]
 282              	.L20:
 234:Core/Src/stm32f1xx_it.c ****   /* USER CODE END TIM3_IRQn 1 */
 235:Core/Src/stm32f1xx_it.c **** }
 283              		.loc 1 235 1 view .LVU40
 284 001c 08BD     		pop	{r3, pc}
 285              	.L24:
 230:Core/Src/stm32f1xx_it.c ****     tim3_loop_count = 0;
 286              		.loc 1 230 5 is_stmt 1 view .LVU41
 230:Core/Src/stm32f1xx_it.c ****     tim3_loop_count = 0;
 287              		.loc 1 230 21 is_stmt 0 view .LVU42
 288 001e 054B     		ldr	r3, .L25+8
 289 0020 0022     		movs	r2, #0
 290 0022 1A70     		strb	r2, [r3]
 231:Core/Src/stm32f1xx_it.c ****   }
 291              		.loc 1 231 5 is_stmt 1 view .LVU43
ARM GAS  C:\Users\matve\AppData\Local\Temp\ccFfRF6n.s 			page 10


 292 0024 0248     		ldr	r0, .L25+4
 293 0026 FFF7FEFF 		bl	servo_velocityLoop
 294              	.LVL4:
 295 002a F7E7     		b	.L20
 296              	.L26:
 297              		.align	2
 298              	.L25:
 299 002c 00000000 		.word	htim3
 300 0030 00000000 		.word	servo1
 301 0034 00000000 		.word	tim3_loop_count
 302              		.cfi_endproc
 303              	.LFE75:
 305              		.global	tim3_loop_count
 306              		.section	.bss.tim3_loop_count,"aw",%nobits
 309              	tim3_loop_count:
 310 0000 00       		.space	1
 311              		.text
 312              	.Letext0:
 313              		.file 2 "C:/Users/matve/Desktop/STM_Tools/xpack-arm-none-eabi-gcc-13.2.1-1.1/arm-none-eabi/include
 314              		.file 3 "C:/Users/matve/Desktop/STM_Tools/xpack-arm-none-eabi-gcc-13.2.1-1.1/arm-none-eabi/include
 315              		.file 4 "Drivers/CMSIS/Device/ST/STM32F1xx/Include/stm32f103xb.h"
 316              		.file 5 "Drivers/STM32F1xx_HAL_Driver/Inc/stm32f1xx_hal_def.h"
 317              		.file 6 "Drivers/STM32F1xx_HAL_Driver/Inc/stm32f1xx_hal_dma.h"
 318              		.file 7 "Drivers/STM32F1xx_HAL_Driver/Inc/stm32f1xx_hal_tim.h"
 319              		.file 8 "Drivers/STM32F1xx_HAL_Driver/Inc/stm32f1xx_ll_usb.h"
 320              		.file 9 "Drivers/STM32F1xx_HAL_Driver/Inc/stm32f1xx_hal_pcd.h"
 321              		.file 10 "Core/Inc/encoder.h"
 322              		.file 11 "Core/Inc/pid.h"
 323              		.file 12 "Core/Inc/pwm.h"
 324              		.file 13 "Core/Inc/servocontroller.h"
 325              		.file 14 "Drivers/STM32F1xx_HAL_Driver/Inc/stm32f1xx_hal.h"
ARM GAS  C:\Users\matve\AppData\Local\Temp\ccFfRF6n.s 			page 11


DEFINED SYMBOLS
                            *ABS*:00000000 stm32f1xx_it.c
C:\Users\matve\AppData\Local\Temp\ccFfRF6n.s:19     .text.NMI_Handler:00000000 $t
C:\Users\matve\AppData\Local\Temp\ccFfRF6n.s:25     .text.NMI_Handler:00000000 NMI_Handler
C:\Users\matve\AppData\Local\Temp\ccFfRF6n.s:42     .text.HardFault_Handler:00000000 $t
C:\Users\matve\AppData\Local\Temp\ccFfRF6n.s:48     .text.HardFault_Handler:00000000 HardFault_Handler
C:\Users\matve\AppData\Local\Temp\ccFfRF6n.s:65     .text.MemManage_Handler:00000000 $t
C:\Users\matve\AppData\Local\Temp\ccFfRF6n.s:71     .text.MemManage_Handler:00000000 MemManage_Handler
C:\Users\matve\AppData\Local\Temp\ccFfRF6n.s:88     .text.BusFault_Handler:00000000 $t
C:\Users\matve\AppData\Local\Temp\ccFfRF6n.s:94     .text.BusFault_Handler:00000000 BusFault_Handler
C:\Users\matve\AppData\Local\Temp\ccFfRF6n.s:111    .text.UsageFault_Handler:00000000 $t
C:\Users\matve\AppData\Local\Temp\ccFfRF6n.s:117    .text.UsageFault_Handler:00000000 UsageFault_Handler
C:\Users\matve\AppData\Local\Temp\ccFfRF6n.s:134    .text.SVC_Handler:00000000 $t
C:\Users\matve\AppData\Local\Temp\ccFfRF6n.s:140    .text.SVC_Handler:00000000 SVC_Handler
C:\Users\matve\AppData\Local\Temp\ccFfRF6n.s:153    .text.DebugMon_Handler:00000000 $t
C:\Users\matve\AppData\Local\Temp\ccFfRF6n.s:159    .text.DebugMon_Handler:00000000 DebugMon_Handler
C:\Users\matve\AppData\Local\Temp\ccFfRF6n.s:172    .text.PendSV_Handler:00000000 $t
C:\Users\matve\AppData\Local\Temp\ccFfRF6n.s:178    .text.PendSV_Handler:00000000 PendSV_Handler
C:\Users\matve\AppData\Local\Temp\ccFfRF6n.s:191    .text.SysTick_Handler:00000000 $t
C:\Users\matve\AppData\Local\Temp\ccFfRF6n.s:197    .text.SysTick_Handler:00000000 SysTick_Handler
C:\Users\matve\AppData\Local\Temp\ccFfRF6n.s:216    .text.USB_LP_CAN1_RX0_IRQHandler:00000000 $t
C:\Users\matve\AppData\Local\Temp\ccFfRF6n.s:222    .text.USB_LP_CAN1_RX0_IRQHandler:00000000 USB_LP_CAN1_RX0_IRQHandler
C:\Users\matve\AppData\Local\Temp\ccFfRF6n.s:241    .text.USB_LP_CAN1_RX0_IRQHandler:0000000c $d
C:\Users\matve\AppData\Local\Temp\ccFfRF6n.s:246    .text.TIM3_IRQHandler:00000000 $t
C:\Users\matve\AppData\Local\Temp\ccFfRF6n.s:252    .text.TIM3_IRQHandler:00000000 TIM3_IRQHandler
C:\Users\matve\AppData\Local\Temp\ccFfRF6n.s:299    .text.TIM3_IRQHandler:0000002c $d
C:\Users\matve\AppData\Local\Temp\ccFfRF6n.s:309    .bss.tim3_loop_count:00000000 tim3_loop_count
C:\Users\matve\AppData\Local\Temp\ccFfRF6n.s:310    .bss.tim3_loop_count:00000000 $d

UNDEFINED SYMBOLS
HAL_IncTick
HAL_PCD_IRQHandler
hpcd_USB_FS
HAL_TIM_IRQHandler
servo_positionLoop
servo_velocityLoop
htim3
servo1
