ARM GAS  C:\Users\matve\AppData\Local\Temp\cc0f8AiE.s 			page 1


   1              		.cpu cortex-m3
   2              		.arch armv7-m
   3              		.fpu softvfp
   4              		.eabi_attribute 20, 1
   5              		.eabi_attribute 21, 1
   6              		.eabi_attribute 23, 3
   7              		.eabi_attribute 24, 1
   8              		.eabi_attribute 25, 1
   9              		.eabi_attribute 26, 1
  10              		.eabi_attribute 30, 1
  11              		.eabi_attribute 34, 1
  12              		.eabi_attribute 18, 4
  13              		.file	"usbd_cdc_if.c"
  14              		.text
  15              	.Ltext0:
  16              		.cfi_sections	.debug_frame
  17              		.file 1 "USB_DEVICE/App/usbd_cdc_if.c"
  18              		.section	.text.CDC_DeInit_FS,"ax",%progbits
  19              		.align	1
  20              		.syntax unified
  21              		.thumb
  22              		.thumb_func
  24              	CDC_DeInit_FS:
  25              	.LFB69:
   1:USB_DEVICE/App/usbd_cdc_if.c **** /* USER CODE BEGIN Header */
   2:USB_DEVICE/App/usbd_cdc_if.c **** /**
   3:USB_DEVICE/App/usbd_cdc_if.c ****   ******************************************************************************
   4:USB_DEVICE/App/usbd_cdc_if.c ****   * @file           : usbd_cdc_if.c
   5:USB_DEVICE/App/usbd_cdc_if.c ****   * @version        : v2.0_Cube
   6:USB_DEVICE/App/usbd_cdc_if.c ****   * @brief          : Usb device for Virtual Com Port.
   7:USB_DEVICE/App/usbd_cdc_if.c ****   ******************************************************************************
   8:USB_DEVICE/App/usbd_cdc_if.c ****   * @attention
   9:USB_DEVICE/App/usbd_cdc_if.c ****   *
  10:USB_DEVICE/App/usbd_cdc_if.c ****   * Copyright (c) 2025 STMicroelectronics.
  11:USB_DEVICE/App/usbd_cdc_if.c ****   * All rights reserved.
  12:USB_DEVICE/App/usbd_cdc_if.c ****   *
  13:USB_DEVICE/App/usbd_cdc_if.c ****   * This software is licensed under terms that can be found in the LICENSE file
  14:USB_DEVICE/App/usbd_cdc_if.c ****   * in the root directory of this software component.
  15:USB_DEVICE/App/usbd_cdc_if.c ****   * If no LICENSE file comes with this software, it is provided AS-IS.
  16:USB_DEVICE/App/usbd_cdc_if.c ****   *
  17:USB_DEVICE/App/usbd_cdc_if.c ****   ******************************************************************************
  18:USB_DEVICE/App/usbd_cdc_if.c ****   */
  19:USB_DEVICE/App/usbd_cdc_if.c **** /* USER CODE END Header */
  20:USB_DEVICE/App/usbd_cdc_if.c **** 
  21:USB_DEVICE/App/usbd_cdc_if.c **** /* Includes ------------------------------------------------------------------*/
  22:USB_DEVICE/App/usbd_cdc_if.c **** #include "usbd_cdc_if.h"
  23:USB_DEVICE/App/usbd_cdc_if.c **** #include "main.h"
  24:USB_DEVICE/App/usbd_cdc_if.c **** 
  25:USB_DEVICE/App/usbd_cdc_if.c **** /* USER CODE BEGIN INCLUDE */
  26:USB_DEVICE/App/usbd_cdc_if.c **** 
  27:USB_DEVICE/App/usbd_cdc_if.c **** /* USER CODE END INCLUDE */
  28:USB_DEVICE/App/usbd_cdc_if.c **** 
  29:USB_DEVICE/App/usbd_cdc_if.c **** /* Private typedef -----------------------------------------------------------*/
  30:USB_DEVICE/App/usbd_cdc_if.c **** /* Private define ------------------------------------------------------------*/
  31:USB_DEVICE/App/usbd_cdc_if.c **** /* Private macro -------------------------------------------------------------*/
  32:USB_DEVICE/App/usbd_cdc_if.c **** 
  33:USB_DEVICE/App/usbd_cdc_if.c **** /* USER CODE BEGIN PV */
ARM GAS  C:\Users\matve\AppData\Local\Temp\cc0f8AiE.s 			page 2


  34:USB_DEVICE/App/usbd_cdc_if.c **** /* Private variables ---------------------------------------------------------*/
  35:USB_DEVICE/App/usbd_cdc_if.c **** 
  36:USB_DEVICE/App/usbd_cdc_if.c **** /* USER CODE END PV */
  37:USB_DEVICE/App/usbd_cdc_if.c **** 
  38:USB_DEVICE/App/usbd_cdc_if.c **** /** @addtogroup STM32_USB_OTG_DEVICE_LIBRARY
  39:USB_DEVICE/App/usbd_cdc_if.c ****   * @brief Usb device library.
  40:USB_DEVICE/App/usbd_cdc_if.c ****   * @{
  41:USB_DEVICE/App/usbd_cdc_if.c ****   */
  42:USB_DEVICE/App/usbd_cdc_if.c **** 
  43:USB_DEVICE/App/usbd_cdc_if.c **** /** @addtogroup USBD_CDC_IF
  44:USB_DEVICE/App/usbd_cdc_if.c ****   * @{
  45:USB_DEVICE/App/usbd_cdc_if.c ****   */
  46:USB_DEVICE/App/usbd_cdc_if.c **** 
  47:USB_DEVICE/App/usbd_cdc_if.c **** /** @defgroup USBD_CDC_IF_Private_TypesDefinitions USBD_CDC_IF_Private_TypesDefinitions
  48:USB_DEVICE/App/usbd_cdc_if.c ****   * @brief Private types.
  49:USB_DEVICE/App/usbd_cdc_if.c ****   * @{
  50:USB_DEVICE/App/usbd_cdc_if.c ****   */
  51:USB_DEVICE/App/usbd_cdc_if.c **** 
  52:USB_DEVICE/App/usbd_cdc_if.c **** /* USER CODE BEGIN PRIVATE_TYPES */
  53:USB_DEVICE/App/usbd_cdc_if.c **** 
  54:USB_DEVICE/App/usbd_cdc_if.c **** /* USER CODE END PRIVATE_TYPES */
  55:USB_DEVICE/App/usbd_cdc_if.c **** 
  56:USB_DEVICE/App/usbd_cdc_if.c **** /**
  57:USB_DEVICE/App/usbd_cdc_if.c ****   * @}
  58:USB_DEVICE/App/usbd_cdc_if.c ****   */
  59:USB_DEVICE/App/usbd_cdc_if.c **** 
  60:USB_DEVICE/App/usbd_cdc_if.c **** /** @defgroup USBD_CDC_IF_Private_Defines USBD_CDC_IF_Private_Defines
  61:USB_DEVICE/App/usbd_cdc_if.c ****   * @brief Private defines.
  62:USB_DEVICE/App/usbd_cdc_if.c ****   * @{
  63:USB_DEVICE/App/usbd_cdc_if.c ****   */
  64:USB_DEVICE/App/usbd_cdc_if.c **** 
  65:USB_DEVICE/App/usbd_cdc_if.c **** /* USER CODE BEGIN PRIVATE_DEFINES */
  66:USB_DEVICE/App/usbd_cdc_if.c **** /* USER CODE END PRIVATE_DEFINES */
  67:USB_DEVICE/App/usbd_cdc_if.c **** 
  68:USB_DEVICE/App/usbd_cdc_if.c **** /**
  69:USB_DEVICE/App/usbd_cdc_if.c ****   * @}
  70:USB_DEVICE/App/usbd_cdc_if.c ****   */
  71:USB_DEVICE/App/usbd_cdc_if.c **** 
  72:USB_DEVICE/App/usbd_cdc_if.c **** /** @defgroup USBD_CDC_IF_Private_Macros USBD_CDC_IF_Private_Macros
  73:USB_DEVICE/App/usbd_cdc_if.c ****   * @brief Private macros.
  74:USB_DEVICE/App/usbd_cdc_if.c ****   * @{
  75:USB_DEVICE/App/usbd_cdc_if.c ****   */
  76:USB_DEVICE/App/usbd_cdc_if.c **** 
  77:USB_DEVICE/App/usbd_cdc_if.c **** /* USER CODE BEGIN PRIVATE_MACRO */
  78:USB_DEVICE/App/usbd_cdc_if.c **** 
  79:USB_DEVICE/App/usbd_cdc_if.c **** /* USER CODE END PRIVATE_MACRO */
  80:USB_DEVICE/App/usbd_cdc_if.c **** 
  81:USB_DEVICE/App/usbd_cdc_if.c **** /**
  82:USB_DEVICE/App/usbd_cdc_if.c ****   * @}
  83:USB_DEVICE/App/usbd_cdc_if.c ****   */
  84:USB_DEVICE/App/usbd_cdc_if.c **** 
  85:USB_DEVICE/App/usbd_cdc_if.c **** /** @defgroup USBD_CDC_IF_Private_Variables USBD_CDC_IF_Private_Variables
  86:USB_DEVICE/App/usbd_cdc_if.c ****   * @brief Private variables.
  87:USB_DEVICE/App/usbd_cdc_if.c ****   * @{
  88:USB_DEVICE/App/usbd_cdc_if.c ****   */
  89:USB_DEVICE/App/usbd_cdc_if.c **** /* Create buffer for reception and transmission           */
  90:USB_DEVICE/App/usbd_cdc_if.c **** /* It's up to user to redefine and/or remove those define */
ARM GAS  C:\Users\matve\AppData\Local\Temp\cc0f8AiE.s 			page 3


  91:USB_DEVICE/App/usbd_cdc_if.c **** /** Received data over USB are stored in this buffer      */
  92:USB_DEVICE/App/usbd_cdc_if.c **** uint8_t UserRxBufferFS[APP_RX_DATA_SIZE];
  93:USB_DEVICE/App/usbd_cdc_if.c **** 
  94:USB_DEVICE/App/usbd_cdc_if.c **** /** Data to send over USB CDC are stored in this buffer   */
  95:USB_DEVICE/App/usbd_cdc_if.c **** uint8_t UserTxBufferFS[APP_TX_DATA_SIZE];
  96:USB_DEVICE/App/usbd_cdc_if.c **** 
  97:USB_DEVICE/App/usbd_cdc_if.c **** /* USER CODE BEGIN PRIVATE_VARIABLES */
  98:USB_DEVICE/App/usbd_cdc_if.c **** 
  99:USB_DEVICE/App/usbd_cdc_if.c **** /* USER CODE END PRIVATE_VARIABLES */
 100:USB_DEVICE/App/usbd_cdc_if.c **** 
 101:USB_DEVICE/App/usbd_cdc_if.c **** /**
 102:USB_DEVICE/App/usbd_cdc_if.c ****   * @}
 103:USB_DEVICE/App/usbd_cdc_if.c ****   */
 104:USB_DEVICE/App/usbd_cdc_if.c **** 
 105:USB_DEVICE/App/usbd_cdc_if.c **** /** @defgroup USBD_CDC_IF_Exported_Variables USBD_CDC_IF_Exported_Variables
 106:USB_DEVICE/App/usbd_cdc_if.c ****   * @brief Public variables.
 107:USB_DEVICE/App/usbd_cdc_if.c ****   * @{
 108:USB_DEVICE/App/usbd_cdc_if.c ****   */
 109:USB_DEVICE/App/usbd_cdc_if.c **** 
 110:USB_DEVICE/App/usbd_cdc_if.c **** extern USBD_HandleTypeDef hUsbDeviceFS;
 111:USB_DEVICE/App/usbd_cdc_if.c **** 
 112:USB_DEVICE/App/usbd_cdc_if.c **** /* USER CODE BEGIN EXPORTED_VARIABLES */
 113:USB_DEVICE/App/usbd_cdc_if.c **** 
 114:USB_DEVICE/App/usbd_cdc_if.c **** /* USER CODE END EXPORTED_VARIABLES */
 115:USB_DEVICE/App/usbd_cdc_if.c **** 
 116:USB_DEVICE/App/usbd_cdc_if.c **** /**
 117:USB_DEVICE/App/usbd_cdc_if.c ****   * @}
 118:USB_DEVICE/App/usbd_cdc_if.c ****   */
 119:USB_DEVICE/App/usbd_cdc_if.c **** 
 120:USB_DEVICE/App/usbd_cdc_if.c **** /** @defgroup USBD_CDC_IF_Private_FunctionPrototypes USBD_CDC_IF_Private_FunctionPrototypes
 121:USB_DEVICE/App/usbd_cdc_if.c ****   * @brief Private functions declaration.
 122:USB_DEVICE/App/usbd_cdc_if.c ****   * @{
 123:USB_DEVICE/App/usbd_cdc_if.c ****   */
 124:USB_DEVICE/App/usbd_cdc_if.c **** 
 125:USB_DEVICE/App/usbd_cdc_if.c **** static int8_t CDC_Init_FS(void);
 126:USB_DEVICE/App/usbd_cdc_if.c **** static int8_t CDC_DeInit_FS(void);
 127:USB_DEVICE/App/usbd_cdc_if.c **** static int8_t CDC_Control_FS(uint8_t cmd, uint8_t* pbuf, uint16_t length);
 128:USB_DEVICE/App/usbd_cdc_if.c **** static int8_t CDC_Receive_FS(uint8_t* pbuf, uint32_t *Len);
 129:USB_DEVICE/App/usbd_cdc_if.c **** 
 130:USB_DEVICE/App/usbd_cdc_if.c **** /* USER CODE BEGIN PRIVATE_FUNCTIONS_DECLARATION */
 131:USB_DEVICE/App/usbd_cdc_if.c **** uint8_t buf[7];
 132:USB_DEVICE/App/usbd_cdc_if.c **** /* USER CODE END PRIVATE_FUNCTIONS_DECLARATION */
 133:USB_DEVICE/App/usbd_cdc_if.c **** 
 134:USB_DEVICE/App/usbd_cdc_if.c **** /**
 135:USB_DEVICE/App/usbd_cdc_if.c ****   * @}
 136:USB_DEVICE/App/usbd_cdc_if.c ****   */
 137:USB_DEVICE/App/usbd_cdc_if.c **** 
 138:USB_DEVICE/App/usbd_cdc_if.c **** USBD_CDC_ItfTypeDef USBD_Interface_fops_FS =
 139:USB_DEVICE/App/usbd_cdc_if.c **** {
 140:USB_DEVICE/App/usbd_cdc_if.c ****   CDC_Init_FS,
 141:USB_DEVICE/App/usbd_cdc_if.c ****   CDC_DeInit_FS,
 142:USB_DEVICE/App/usbd_cdc_if.c ****   CDC_Control_FS,
 143:USB_DEVICE/App/usbd_cdc_if.c ****   CDC_Receive_FS
 144:USB_DEVICE/App/usbd_cdc_if.c **** };
 145:USB_DEVICE/App/usbd_cdc_if.c **** 
 146:USB_DEVICE/App/usbd_cdc_if.c **** /* Private functions ---------------------------------------------------------*/
 147:USB_DEVICE/App/usbd_cdc_if.c **** /**
ARM GAS  C:\Users\matve\AppData\Local\Temp\cc0f8AiE.s 			page 4


 148:USB_DEVICE/App/usbd_cdc_if.c ****   * @brief  Initializes the CDC media low layer over the FS USB IP
 149:USB_DEVICE/App/usbd_cdc_if.c ****   * @retval USBD_OK if all operations are OK else USBD_FAIL
 150:USB_DEVICE/App/usbd_cdc_if.c ****   */
 151:USB_DEVICE/App/usbd_cdc_if.c **** static int8_t CDC_Init_FS(void)
 152:USB_DEVICE/App/usbd_cdc_if.c **** {
 153:USB_DEVICE/App/usbd_cdc_if.c ****   /* USER CODE BEGIN 3 */
 154:USB_DEVICE/App/usbd_cdc_if.c ****   /* Set Application Buffers */
 155:USB_DEVICE/App/usbd_cdc_if.c ****   USBD_CDC_SetTxBuffer(&hUsbDeviceFS, UserTxBufferFS, 0);
 156:USB_DEVICE/App/usbd_cdc_if.c ****   USBD_CDC_SetRxBuffer(&hUsbDeviceFS, UserRxBufferFS);
 157:USB_DEVICE/App/usbd_cdc_if.c ****   return (USBD_OK);
 158:USB_DEVICE/App/usbd_cdc_if.c ****   /* USER CODE END 3 */
 159:USB_DEVICE/App/usbd_cdc_if.c **** }
 160:USB_DEVICE/App/usbd_cdc_if.c **** 
 161:USB_DEVICE/App/usbd_cdc_if.c **** /**
 162:USB_DEVICE/App/usbd_cdc_if.c ****   * @brief  DeInitializes the CDC media low layer
 163:USB_DEVICE/App/usbd_cdc_if.c ****   * @retval USBD_OK if all operations are OK else USBD_FAIL
 164:USB_DEVICE/App/usbd_cdc_if.c ****   */
 165:USB_DEVICE/App/usbd_cdc_if.c **** static int8_t CDC_DeInit_FS(void)
 166:USB_DEVICE/App/usbd_cdc_if.c **** {
  26              		.loc 1 166 1 view -0
  27              		.cfi_startproc
  28              		@ args = 0, pretend = 0, frame = 0
  29              		@ frame_needed = 0, uses_anonymous_args = 0
  30              		@ link register save eliminated.
 167:USB_DEVICE/App/usbd_cdc_if.c ****   /* USER CODE BEGIN 4 */
 168:USB_DEVICE/App/usbd_cdc_if.c ****   return (USBD_OK);
  31              		.loc 1 168 3 view .LVU1
 169:USB_DEVICE/App/usbd_cdc_if.c ****   /* USER CODE END 4 */
 170:USB_DEVICE/App/usbd_cdc_if.c **** }
  32              		.loc 1 170 1 is_stmt 0 view .LVU2
  33 0000 0020     		movs	r0, #0
  34 0002 7047     		bx	lr
  35              		.cfi_endproc
  36              	.LFE69:
  38              		.section	.text.CDC_Control_FS,"ax",%progbits
  39              		.align	1
  40              		.syntax unified
  41              		.thumb
  42              		.thumb_func
  44              	CDC_Control_FS:
  45              	.LVL0:
  46              	.LFB70:
 171:USB_DEVICE/App/usbd_cdc_if.c **** 
 172:USB_DEVICE/App/usbd_cdc_if.c **** /**
 173:USB_DEVICE/App/usbd_cdc_if.c ****   * @brief  Manage the CDC class requests
 174:USB_DEVICE/App/usbd_cdc_if.c ****   * @param  cmd: Command code
 175:USB_DEVICE/App/usbd_cdc_if.c ****   * @param  pbuf: Buffer containing command data (request parameters)
 176:USB_DEVICE/App/usbd_cdc_if.c ****   * @param  length: Number of data to be sent (in bytes)
 177:USB_DEVICE/App/usbd_cdc_if.c ****   * @retval Result of the operation: USBD_OK if all operations are OK else USBD_FAIL
 178:USB_DEVICE/App/usbd_cdc_if.c ****   */
 179:USB_DEVICE/App/usbd_cdc_if.c **** static int8_t CDC_Control_FS(uint8_t cmd, uint8_t* pbuf, uint16_t length)
 180:USB_DEVICE/App/usbd_cdc_if.c **** {
  47              		.loc 1 180 1 is_stmt 1 view -0
  48              		.cfi_startproc
  49              		@ args = 0, pretend = 0, frame = 0
  50              		@ frame_needed = 0, uses_anonymous_args = 0
  51              		@ link register save eliminated.
ARM GAS  C:\Users\matve\AppData\Local\Temp\cc0f8AiE.s 			page 5


 181:USB_DEVICE/App/usbd_cdc_if.c ****   /* USER CODE BEGIN 5 */
 182:USB_DEVICE/App/usbd_cdc_if.c ****   switch(cmd)
  52              		.loc 1 182 3 view .LVU4
  53 0000 2028     		cmp	r0, #32
  54 0002 11D0     		beq	.L3
  55 0004 2128     		cmp	r0, #33
  56 0006 1ED1     		bne	.L5
 183:USB_DEVICE/App/usbd_cdc_if.c ****   {
 184:USB_DEVICE/App/usbd_cdc_if.c ****     case CDC_SEND_ENCAPSULATED_COMMAND:
 185:USB_DEVICE/App/usbd_cdc_if.c **** 
 186:USB_DEVICE/App/usbd_cdc_if.c ****     break;
 187:USB_DEVICE/App/usbd_cdc_if.c **** 
 188:USB_DEVICE/App/usbd_cdc_if.c ****     case CDC_GET_ENCAPSULATED_RESPONSE:
 189:USB_DEVICE/App/usbd_cdc_if.c **** 
 190:USB_DEVICE/App/usbd_cdc_if.c ****     break;
 191:USB_DEVICE/App/usbd_cdc_if.c **** 
 192:USB_DEVICE/App/usbd_cdc_if.c ****     case CDC_SET_COMM_FEATURE:
 193:USB_DEVICE/App/usbd_cdc_if.c **** 
 194:USB_DEVICE/App/usbd_cdc_if.c ****     break;
 195:USB_DEVICE/App/usbd_cdc_if.c **** 
 196:USB_DEVICE/App/usbd_cdc_if.c ****     case CDC_GET_COMM_FEATURE:
 197:USB_DEVICE/App/usbd_cdc_if.c **** 
 198:USB_DEVICE/App/usbd_cdc_if.c ****     break;
 199:USB_DEVICE/App/usbd_cdc_if.c **** 
 200:USB_DEVICE/App/usbd_cdc_if.c ****     case CDC_CLEAR_COMM_FEATURE:
 201:USB_DEVICE/App/usbd_cdc_if.c **** 
 202:USB_DEVICE/App/usbd_cdc_if.c ****     break;
 203:USB_DEVICE/App/usbd_cdc_if.c **** 
 204:USB_DEVICE/App/usbd_cdc_if.c ****   /*******************************************************************************/
 205:USB_DEVICE/App/usbd_cdc_if.c ****   /* Line Coding Structure                                                       */
 206:USB_DEVICE/App/usbd_cdc_if.c ****   /*-----------------------------------------------------------------------------*/
 207:USB_DEVICE/App/usbd_cdc_if.c ****   /* Offset | Field       | Size | Value  | Description                          */
 208:USB_DEVICE/App/usbd_cdc_if.c ****   /* 0      | dwDTERate   |   4  | Number |Data terminal rate, in bits per second*/
 209:USB_DEVICE/App/usbd_cdc_if.c ****   /* 4      | bCharFormat |   1  | Number | Stop bits                            */
 210:USB_DEVICE/App/usbd_cdc_if.c ****   /*                                        0 - 1 Stop bit                       */
 211:USB_DEVICE/App/usbd_cdc_if.c ****   /*                                        1 - 1.5 Stop bits                    */
 212:USB_DEVICE/App/usbd_cdc_if.c ****   /*                                        2 - 2 Stop bits                      */
 213:USB_DEVICE/App/usbd_cdc_if.c ****   /* 5      | bParityType |  1   | Number | Parity                               */
 214:USB_DEVICE/App/usbd_cdc_if.c ****   /*                                        0 - None                             */
 215:USB_DEVICE/App/usbd_cdc_if.c ****   /*                                        1 - Odd                              */
 216:USB_DEVICE/App/usbd_cdc_if.c ****   /*                                        2 - Even                             */
 217:USB_DEVICE/App/usbd_cdc_if.c ****   /*                                        3 - Mark                             */
 218:USB_DEVICE/App/usbd_cdc_if.c ****   /*                                        4 - Space                            */
 219:USB_DEVICE/App/usbd_cdc_if.c ****   /* 6      | bDataBits  |   1   | Number Data bits (5, 6, 7, 8 or 16).          */
 220:USB_DEVICE/App/usbd_cdc_if.c ****   /*******************************************************************************/
 221:USB_DEVICE/App/usbd_cdc_if.c ****     case CDC_SET_LINE_CODING:
 222:USB_DEVICE/App/usbd_cdc_if.c ****         buf[0] = pbuf[0];
 223:USB_DEVICE/App/usbd_cdc_if.c ****         buf[1] = pbuf[1];
 224:USB_DEVICE/App/usbd_cdc_if.c ****         buf[2] = pbuf[2];
 225:USB_DEVICE/App/usbd_cdc_if.c ****         buf[3] = pbuf[3];
 226:USB_DEVICE/App/usbd_cdc_if.c ****         buf[4] = pbuf[4];
 227:USB_DEVICE/App/usbd_cdc_if.c ****         buf[5] = pbuf[5];
 228:USB_DEVICE/App/usbd_cdc_if.c ****         buf[6] = pbuf[6];
 229:USB_DEVICE/App/usbd_cdc_if.c ****     break;
 230:USB_DEVICE/App/usbd_cdc_if.c **** 
 231:USB_DEVICE/App/usbd_cdc_if.c ****     case CDC_GET_LINE_CODING:
 232:USB_DEVICE/App/usbd_cdc_if.c ****         pbuf[0] = buf[0];
ARM GAS  C:\Users\matve\AppData\Local\Temp\cc0f8AiE.s 			page 6


  57              		.loc 1 232 9 view .LVU5
  58              		.loc 1 232 22 is_stmt 0 view .LVU6
  59 0008 104B     		ldr	r3, .L6
  60 000a 1A78     		ldrb	r2, [r3]	@ zero_extendqisi2
  61              	.LVL1:
  62              		.loc 1 232 17 view .LVU7
  63 000c 0A70     		strb	r2, [r1]
 233:USB_DEVICE/App/usbd_cdc_if.c ****         pbuf[1] = buf[1];
  64              		.loc 1 233 9 is_stmt 1 view .LVU8
  65              		.loc 1 233 22 is_stmt 0 view .LVU9
  66 000e 5A78     		ldrb	r2, [r3, #1]	@ zero_extendqisi2
  67              		.loc 1 233 17 view .LVU10
  68 0010 4A70     		strb	r2, [r1, #1]
 234:USB_DEVICE/App/usbd_cdc_if.c ****         pbuf[2] = buf[2];
  69              		.loc 1 234 9 is_stmt 1 view .LVU11
  70              		.loc 1 234 22 is_stmt 0 view .LVU12
  71 0012 9A78     		ldrb	r2, [r3, #2]	@ zero_extendqisi2
  72              		.loc 1 234 17 view .LVU13
  73 0014 8A70     		strb	r2, [r1, #2]
 235:USB_DEVICE/App/usbd_cdc_if.c ****         pbuf[3] = buf[3];
  74              		.loc 1 235 9 is_stmt 1 view .LVU14
  75              		.loc 1 235 22 is_stmt 0 view .LVU15
  76 0016 DA78     		ldrb	r2, [r3, #3]	@ zero_extendqisi2
  77              		.loc 1 235 17 view .LVU16
  78 0018 CA70     		strb	r2, [r1, #3]
 236:USB_DEVICE/App/usbd_cdc_if.c ****         pbuf[4] = buf[4];
  79              		.loc 1 236 9 is_stmt 1 view .LVU17
  80              		.loc 1 236 22 is_stmt 0 view .LVU18
  81 001a 1A79     		ldrb	r2, [r3, #4]	@ zero_extendqisi2
  82              		.loc 1 236 17 view .LVU19
  83 001c 0A71     		strb	r2, [r1, #4]
 237:USB_DEVICE/App/usbd_cdc_if.c ****         pbuf[5] = buf[5];
  84              		.loc 1 237 9 is_stmt 1 view .LVU20
  85              		.loc 1 237 22 is_stmt 0 view .LVU21
  86 001e 5A79     		ldrb	r2, [r3, #5]	@ zero_extendqisi2
  87              		.loc 1 237 17 view .LVU22
  88 0020 4A71     		strb	r2, [r1, #5]
 238:USB_DEVICE/App/usbd_cdc_if.c ****         pbuf[6] = buf[6];
  89              		.loc 1 238 9 is_stmt 1 view .LVU23
  90              		.loc 1 238 22 is_stmt 0 view .LVU24
  91 0022 9B79     		ldrb	r3, [r3, #6]	@ zero_extendqisi2
  92              		.loc 1 238 17 view .LVU25
  93 0024 8B71     		strb	r3, [r1, #6]
 239:USB_DEVICE/App/usbd_cdc_if.c ****     break;
  94              		.loc 1 239 5 is_stmt 1 view .LVU26
  95 0026 0EE0     		b	.L5
  96              	.LVL2:
  97              	.L3:
 222:USB_DEVICE/App/usbd_cdc_if.c ****         buf[1] = pbuf[1];
  98              		.loc 1 222 9 view .LVU27
 222:USB_DEVICE/App/usbd_cdc_if.c ****         buf[1] = pbuf[1];
  99              		.loc 1 222 22 is_stmt 0 view .LVU28
 100 0028 0A78     		ldrb	r2, [r1]	@ zero_extendqisi2
 101              	.LVL3:
 222:USB_DEVICE/App/usbd_cdc_if.c ****         buf[1] = pbuf[1];
 102              		.loc 1 222 16 view .LVU29
 103 002a 084B     		ldr	r3, .L6
ARM GAS  C:\Users\matve\AppData\Local\Temp\cc0f8AiE.s 			page 7


 104 002c 1A70     		strb	r2, [r3]
 223:USB_DEVICE/App/usbd_cdc_if.c ****         buf[2] = pbuf[2];
 105              		.loc 1 223 9 is_stmt 1 view .LVU30
 223:USB_DEVICE/App/usbd_cdc_if.c ****         buf[2] = pbuf[2];
 106              		.loc 1 223 16 is_stmt 0 view .LVU31
 107 002e 4A78     		ldrb	r2, [r1, #1]	@ zero_extendqisi2
 108 0030 5A70     		strb	r2, [r3, #1]
 224:USB_DEVICE/App/usbd_cdc_if.c ****         buf[3] = pbuf[3];
 109              		.loc 1 224 9 is_stmt 1 view .LVU32
 224:USB_DEVICE/App/usbd_cdc_if.c ****         buf[3] = pbuf[3];
 110              		.loc 1 224 16 is_stmt 0 view .LVU33
 111 0032 8A78     		ldrb	r2, [r1, #2]	@ zero_extendqisi2
 112 0034 9A70     		strb	r2, [r3, #2]
 225:USB_DEVICE/App/usbd_cdc_if.c ****         buf[4] = pbuf[4];
 113              		.loc 1 225 9 is_stmt 1 view .LVU34
 225:USB_DEVICE/App/usbd_cdc_if.c ****         buf[4] = pbuf[4];
 114              		.loc 1 225 16 is_stmt 0 view .LVU35
 115 0036 CA78     		ldrb	r2, [r1, #3]	@ zero_extendqisi2
 116 0038 DA70     		strb	r2, [r3, #3]
 226:USB_DEVICE/App/usbd_cdc_if.c ****         buf[5] = pbuf[5];
 117              		.loc 1 226 9 is_stmt 1 view .LVU36
 226:USB_DEVICE/App/usbd_cdc_if.c ****         buf[5] = pbuf[5];
 118              		.loc 1 226 16 is_stmt 0 view .LVU37
 119 003a 0A79     		ldrb	r2, [r1, #4]	@ zero_extendqisi2
 120 003c 1A71     		strb	r2, [r3, #4]
 227:USB_DEVICE/App/usbd_cdc_if.c ****         buf[6] = pbuf[6];
 121              		.loc 1 227 9 is_stmt 1 view .LVU38
 227:USB_DEVICE/App/usbd_cdc_if.c ****         buf[6] = pbuf[6];
 122              		.loc 1 227 16 is_stmt 0 view .LVU39
 123 003e 4A79     		ldrb	r2, [r1, #5]	@ zero_extendqisi2
 124 0040 5A71     		strb	r2, [r3, #5]
 228:USB_DEVICE/App/usbd_cdc_if.c ****     break;
 125              		.loc 1 228 9 is_stmt 1 view .LVU40
 228:USB_DEVICE/App/usbd_cdc_if.c ****     break;
 126              		.loc 1 228 16 is_stmt 0 view .LVU41
 127 0042 8A79     		ldrb	r2, [r1, #6]	@ zero_extendqisi2
 128 0044 9A71     		strb	r2, [r3, #6]
 229:USB_DEVICE/App/usbd_cdc_if.c **** 
 129              		.loc 1 229 5 is_stmt 1 view .LVU42
 130              	.L5:
 240:USB_DEVICE/App/usbd_cdc_if.c **** 
 241:USB_DEVICE/App/usbd_cdc_if.c ****     case CDC_SET_CONTROL_LINE_STATE:
 242:USB_DEVICE/App/usbd_cdc_if.c **** 
 243:USB_DEVICE/App/usbd_cdc_if.c ****     break;
 244:USB_DEVICE/App/usbd_cdc_if.c **** 
 245:USB_DEVICE/App/usbd_cdc_if.c ****     case CDC_SEND_BREAK:
 246:USB_DEVICE/App/usbd_cdc_if.c **** 
 247:USB_DEVICE/App/usbd_cdc_if.c ****     break;
 248:USB_DEVICE/App/usbd_cdc_if.c **** 
 249:USB_DEVICE/App/usbd_cdc_if.c ****   default:
 250:USB_DEVICE/App/usbd_cdc_if.c ****     break;
 251:USB_DEVICE/App/usbd_cdc_if.c ****   }
 252:USB_DEVICE/App/usbd_cdc_if.c **** 
 253:USB_DEVICE/App/usbd_cdc_if.c ****   return (USBD_OK);
 131              		.loc 1 253 3 view .LVU43
 254:USB_DEVICE/App/usbd_cdc_if.c ****   /* USER CODE END 5 */
 255:USB_DEVICE/App/usbd_cdc_if.c **** }
ARM GAS  C:\Users\matve\AppData\Local\Temp\cc0f8AiE.s 			page 8


 132              		.loc 1 255 1 is_stmt 0 view .LVU44
 133 0046 0020     		movs	r0, #0
 134              	.LVL4:
 135              		.loc 1 255 1 view .LVU45
 136 0048 7047     		bx	lr
 137              	.L7:
 138 004a 00BF     		.align	2
 139              	.L6:
 140 004c 00000000 		.word	buf
 141              		.cfi_endproc
 142              	.LFE70:
 144              		.section	.text.CDC_Receive_FS,"ax",%progbits
 145              		.align	1
 146              		.syntax unified
 147              		.thumb
 148              		.thumb_func
 150              	CDC_Receive_FS:
 151              	.LVL5:
 152              	.LFB71:
 256:USB_DEVICE/App/usbd_cdc_if.c **** 
 257:USB_DEVICE/App/usbd_cdc_if.c **** /**
 258:USB_DEVICE/App/usbd_cdc_if.c ****   * @brief  Data received over USB OUT endpoint are sent over CDC interface
 259:USB_DEVICE/App/usbd_cdc_if.c ****   *         through this function.
 260:USB_DEVICE/App/usbd_cdc_if.c ****   *
 261:USB_DEVICE/App/usbd_cdc_if.c ****   *         @note
 262:USB_DEVICE/App/usbd_cdc_if.c ****   *         This function will issue a NAK packet on any OUT packet received on
 263:USB_DEVICE/App/usbd_cdc_if.c ****   *         USB endpoint until exiting this function. If you exit this function
 264:USB_DEVICE/App/usbd_cdc_if.c ****   *         before transfer is complete on CDC interface (ie. using DMA controller)
 265:USB_DEVICE/App/usbd_cdc_if.c ****   *         it will result in receiving more data while previous ones are still
 266:USB_DEVICE/App/usbd_cdc_if.c ****   *         not sent.
 267:USB_DEVICE/App/usbd_cdc_if.c ****   *
 268:USB_DEVICE/App/usbd_cdc_if.c ****   * @param  Buf: Buffer of data to be received
 269:USB_DEVICE/App/usbd_cdc_if.c ****   * @param  Len: Number of data received (in bytes)
 270:USB_DEVICE/App/usbd_cdc_if.c ****   * @retval Result of the operation: USBD_OK if all operations are OK else USBD_FAIL
 271:USB_DEVICE/App/usbd_cdc_if.c ****   */
 272:USB_DEVICE/App/usbd_cdc_if.c **** static int8_t CDC_Receive_FS(uint8_t* Buf, uint32_t *Len)
 273:USB_DEVICE/App/usbd_cdc_if.c **** {
 153              		.loc 1 273 1 is_stmt 1 view -0
 154              		.cfi_startproc
 155              		@ args = 0, pretend = 0, frame = 0
 156              		@ frame_needed = 0, uses_anonymous_args = 0
 157              		.loc 1 273 1 is_stmt 0 view .LVU47
 158 0000 38B5     		push	{r3, r4, r5, lr}
 159              		.cfi_def_cfa_offset 16
 160              		.cfi_offset 3, -16
 161              		.cfi_offset 4, -12
 162              		.cfi_offset 5, -8
 163              		.cfi_offset 14, -4
 164 0002 0C46     		mov	r4, r1
 274:USB_DEVICE/App/usbd_cdc_if.c ****   /* USER CODE BEGIN 6 */
 275:USB_DEVICE/App/usbd_cdc_if.c ****   USBD_CDC_SetRxBuffer(&hUsbDeviceFS, &Buf[0]);
 165              		.loc 1 275 3 is_stmt 1 view .LVU48
 166 0004 064D     		ldr	r5, .L10
 167 0006 0146     		mov	r1, r0
 168              	.LVL6:
 169              		.loc 1 275 3 is_stmt 0 view .LVU49
 170 0008 2846     		mov	r0, r5
ARM GAS  C:\Users\matve\AppData\Local\Temp\cc0f8AiE.s 			page 9


 171              	.LVL7:
 172              		.loc 1 275 3 view .LVU50
 173 000a FFF7FEFF 		bl	USBD_CDC_SetRxBuffer
 174              	.LVL8:
 276:USB_DEVICE/App/usbd_cdc_if.c ****   USBD_CDC_ReceivePacket(&hUsbDeviceFS);
 175              		.loc 1 276 3 is_stmt 1 view .LVU51
 176 000e 2846     		mov	r0, r5
 177 0010 FFF7FEFF 		bl	USBD_CDC_ReceivePacket
 178              	.LVL9:
 277:USB_DEVICE/App/usbd_cdc_if.c ****   USBRxHandler(UserRxBufferFS, *Len);
 179              		.loc 1 277 3 view .LVU52
 180 0014 2188     		ldrh	r1, [r4]
 181 0016 0348     		ldr	r0, .L10+4
 182 0018 FFF7FEFF 		bl	USBRxHandler
 183              	.LVL10:
 278:USB_DEVICE/App/usbd_cdc_if.c ****   return (USBD_OK);
 184              		.loc 1 278 3 view .LVU53
 279:USB_DEVICE/App/usbd_cdc_if.c ****   /* USER CODE END 6 */
 280:USB_DEVICE/App/usbd_cdc_if.c **** }
 185              		.loc 1 280 1 is_stmt 0 view .LVU54
 186 001c 0020     		movs	r0, #0
 187 001e 38BD     		pop	{r3, r4, r5, pc}
 188              	.LVL11:
 189              	.L11:
 190              		.loc 1 280 1 view .LVU55
 191              		.align	2
 192              	.L10:
 193 0020 00000000 		.word	hUsbDeviceFS
 194 0024 00000000 		.word	UserRxBufferFS
 195              		.cfi_endproc
 196              	.LFE71:
 198              		.section	.text.CDC_Init_FS,"ax",%progbits
 199              		.align	1
 200              		.syntax unified
 201              		.thumb
 202              		.thumb_func
 204              	CDC_Init_FS:
 205              	.LFB68:
 152:USB_DEVICE/App/usbd_cdc_if.c ****   /* USER CODE BEGIN 3 */
 206              		.loc 1 152 1 is_stmt 1 view -0
 207              		.cfi_startproc
 208              		@ args = 0, pretend = 0, frame = 0
 209              		@ frame_needed = 0, uses_anonymous_args = 0
 210 0000 10B5     		push	{r4, lr}
 211              		.cfi_def_cfa_offset 8
 212              		.cfi_offset 4, -8
 213              		.cfi_offset 14, -4
 155:USB_DEVICE/App/usbd_cdc_if.c ****   USBD_CDC_SetRxBuffer(&hUsbDeviceFS, UserRxBufferFS);
 214              		.loc 1 155 3 view .LVU57
 215 0002 064C     		ldr	r4, .L14
 216 0004 0022     		movs	r2, #0
 217 0006 0649     		ldr	r1, .L14+4
 218 0008 2046     		mov	r0, r4
 219 000a FFF7FEFF 		bl	USBD_CDC_SetTxBuffer
 220              	.LVL12:
 156:USB_DEVICE/App/usbd_cdc_if.c ****   return (USBD_OK);
 221              		.loc 1 156 3 view .LVU58
ARM GAS  C:\Users\matve\AppData\Local\Temp\cc0f8AiE.s 			page 10


 222 000e 0549     		ldr	r1, .L14+8
 223 0010 2046     		mov	r0, r4
 224 0012 FFF7FEFF 		bl	USBD_CDC_SetRxBuffer
 225              	.LVL13:
 157:USB_DEVICE/App/usbd_cdc_if.c ****   /* USER CODE END 3 */
 226              		.loc 1 157 3 view .LVU59
 159:USB_DEVICE/App/usbd_cdc_if.c **** 
 227              		.loc 1 159 1 is_stmt 0 view .LVU60
 228 0016 0020     		movs	r0, #0
 229 0018 10BD     		pop	{r4, pc}
 230              	.L15:
 231 001a 00BF     		.align	2
 232              	.L14:
 233 001c 00000000 		.word	hUsbDeviceFS
 234 0020 00000000 		.word	UserTxBufferFS
 235 0024 00000000 		.word	UserRxBufferFS
 236              		.cfi_endproc
 237              	.LFE68:
 239              		.section	.text.CDC_Transmit_FS,"ax",%progbits
 240              		.align	1
 241              		.global	CDC_Transmit_FS
 242              		.syntax unified
 243              		.thumb
 244              		.thumb_func
 246              	CDC_Transmit_FS:
 247              	.LVL14:
 248              	.LFB72:
 281:USB_DEVICE/App/usbd_cdc_if.c **** 
 282:USB_DEVICE/App/usbd_cdc_if.c **** /**
 283:USB_DEVICE/App/usbd_cdc_if.c ****   * @brief  CDC_Transmit_FS
 284:USB_DEVICE/App/usbd_cdc_if.c ****   *         Data to send over USB IN endpoint are sent over CDC interface
 285:USB_DEVICE/App/usbd_cdc_if.c ****   *         through this function.
 286:USB_DEVICE/App/usbd_cdc_if.c ****   *         @note
 287:USB_DEVICE/App/usbd_cdc_if.c ****   *
 288:USB_DEVICE/App/usbd_cdc_if.c ****   *
 289:USB_DEVICE/App/usbd_cdc_if.c ****   * @param  Buf: Buffer of data to be sent
 290:USB_DEVICE/App/usbd_cdc_if.c ****   * @param  Len: Number of data to be sent (in bytes)
 291:USB_DEVICE/App/usbd_cdc_if.c ****   * @retval USBD_OK if all operations are OK else USBD_FAIL or USBD_BUSY
 292:USB_DEVICE/App/usbd_cdc_if.c ****   */
 293:USB_DEVICE/App/usbd_cdc_if.c **** uint8_t CDC_Transmit_FS(uint8_t* Buf, uint16_t Len)
 294:USB_DEVICE/App/usbd_cdc_if.c **** {
 249              		.loc 1 294 1 is_stmt 1 view -0
 250              		.cfi_startproc
 251              		@ args = 0, pretend = 0, frame = 0
 252              		@ frame_needed = 0, uses_anonymous_args = 0
 295:USB_DEVICE/App/usbd_cdc_if.c ****   uint8_t result = USBD_OK;
 253              		.loc 1 295 3 view .LVU62
 296:USB_DEVICE/App/usbd_cdc_if.c ****   /* USER CODE BEGIN 7 */
 297:USB_DEVICE/App/usbd_cdc_if.c ****   USBD_CDC_HandleTypeDef *hcdc = (USBD_CDC_HandleTypeDef*)hUsbDeviceFS.pClassData;
 254              		.loc 1 297 3 view .LVU63
 255              		.loc 1 297 27 is_stmt 0 view .LVU64
 256 0000 094B     		ldr	r3, .L24
 257 0002 D3F8B832 		ldr	r3, [r3, #696]
 258              	.LVL15:
 298:USB_DEVICE/App/usbd_cdc_if.c ****   if (hcdc->TxState != 0){
 259              		.loc 1 298 3 is_stmt 1 view .LVU65
 260              		.loc 1 298 11 is_stmt 0 view .LVU66
ARM GAS  C:\Users\matve\AppData\Local\Temp\cc0f8AiE.s 			page 11


 261 0006 D3F81432 		ldr	r3, [r3, #532]
 262              	.LVL16:
 263              		.loc 1 298 6 view .LVU67
 264 000a 0BB1     		cbz	r3, .L23
 299:USB_DEVICE/App/usbd_cdc_if.c ****     return USBD_BUSY;
 265              		.loc 1 299 12 view .LVU68
 266 000c 0120     		movs	r0, #1
 267              	.LVL17:
 300:USB_DEVICE/App/usbd_cdc_if.c ****   }
 301:USB_DEVICE/App/usbd_cdc_if.c ****   USBD_CDC_SetTxBuffer(&hUsbDeviceFS, Buf, Len);
 302:USB_DEVICE/App/usbd_cdc_if.c ****   result = USBD_CDC_TransmitPacket(&hUsbDeviceFS);
 303:USB_DEVICE/App/usbd_cdc_if.c ****   /* USER CODE END 7 */
 304:USB_DEVICE/App/usbd_cdc_if.c ****   return result;
 305:USB_DEVICE/App/usbd_cdc_if.c **** }
 268              		.loc 1 305 1 view .LVU69
 269 000e 7047     		bx	lr
 270              	.LVL18:
 271              	.L23:
 294:USB_DEVICE/App/usbd_cdc_if.c ****   uint8_t result = USBD_OK;
 272              		.loc 1 294 1 view .LVU70
 273 0010 10B5     		push	{r4, lr}
 274              		.cfi_def_cfa_offset 8
 275              		.cfi_offset 4, -8
 276              		.cfi_offset 14, -4
 301:USB_DEVICE/App/usbd_cdc_if.c ****   result = USBD_CDC_TransmitPacket(&hUsbDeviceFS);
 277              		.loc 1 301 3 is_stmt 1 view .LVU71
 278 0012 054C     		ldr	r4, .L24
 279              	.LVL19:
 301:USB_DEVICE/App/usbd_cdc_if.c ****   result = USBD_CDC_TransmitPacket(&hUsbDeviceFS);
 280              		.loc 1 301 3 is_stmt 0 view .LVU72
 281 0014 0A46     		mov	r2, r1
 282 0016 0146     		mov	r1, r0
 283              	.LVL20:
 301:USB_DEVICE/App/usbd_cdc_if.c ****   result = USBD_CDC_TransmitPacket(&hUsbDeviceFS);
 284              		.loc 1 301 3 view .LVU73
 285 0018 2046     		mov	r0, r4
 286              	.LVL21:
 301:USB_DEVICE/App/usbd_cdc_if.c ****   result = USBD_CDC_TransmitPacket(&hUsbDeviceFS);
 287              		.loc 1 301 3 view .LVU74
 288 001a FFF7FEFF 		bl	USBD_CDC_SetTxBuffer
 289              	.LVL22:
 302:USB_DEVICE/App/usbd_cdc_if.c ****   /* USER CODE END 7 */
 290              		.loc 1 302 3 is_stmt 1 view .LVU75
 302:USB_DEVICE/App/usbd_cdc_if.c ****   /* USER CODE END 7 */
 291              		.loc 1 302 12 is_stmt 0 view .LVU76
 292 001e 2046     		mov	r0, r4
 293 0020 FFF7FEFF 		bl	USBD_CDC_TransmitPacket
 294              	.LVL23:
 304:USB_DEVICE/App/usbd_cdc_if.c **** }
 295              		.loc 1 304 3 is_stmt 1 view .LVU77
 296              		.loc 1 305 1 is_stmt 0 view .LVU78
 297 0024 10BD     		pop	{r4, pc}
 298              	.L25:
 299 0026 00BF     		.align	2
 300              	.L24:
 301 0028 00000000 		.word	hUsbDeviceFS
 302              		.cfi_endproc
ARM GAS  C:\Users\matve\AppData\Local\Temp\cc0f8AiE.s 			page 12


 303              	.LFE72:
 305              		.global	USBD_Interface_fops_FS
 306              		.section	.data.USBD_Interface_fops_FS,"aw"
 307              		.align	2
 310              	USBD_Interface_fops_FS:
 311 0000 00000000 		.word	CDC_Init_FS
 312 0004 00000000 		.word	CDC_DeInit_FS
 313 0008 00000000 		.word	CDC_Control_FS
 314 000c 00000000 		.word	CDC_Receive_FS
 315              		.global	buf
 316              		.section	.bss.buf,"aw",%nobits
 317              		.align	2
 320              	buf:
 321 0000 00000000 		.space	7
 321      000000
 322              		.global	UserTxBufferFS
 323              		.section	.bss.UserTxBufferFS,"aw",%nobits
 324              		.align	2
 327              	UserTxBufferFS:
 328 0000 00000000 		.space	1024
 328      00000000 
 328      00000000 
 328      00000000 
 328      00000000 
 329              		.global	UserRxBufferFS
 330              		.section	.bss.UserRxBufferFS,"aw",%nobits
 331              		.align	2
 334              	UserRxBufferFS:
 335 0000 00000000 		.space	1024
 335      00000000 
 335      00000000 
 335      00000000 
 335      00000000 
 336              		.text
 337              	.Letext0:
 338              		.file 2 "C:/Users/matve/Desktop/STM_Tools/xpack-arm-none-eabi-gcc-13.2.1-1.1/arm-none-eabi/include
 339              		.file 3 "C:/Users/matve/Desktop/STM_Tools/xpack-arm-none-eabi-gcc-13.2.1-1.1/arm-none-eabi/include
 340              		.file 4 "Middlewares/ST/STM32_USB_Device_Library/Core/Inc/usbd_def.h"
 341              		.file 5 "Middlewares/ST/STM32_USB_Device_Library/Class/CDC/Inc/usbd_cdc.h"
 342              		.file 6 "USB_DEVICE/App/usbd_cdc_if.h"
 343              		.file 7 "Core/Inc/main.h"
ARM GAS  C:\Users\matve\AppData\Local\Temp\cc0f8AiE.s 			page 13


DEFINED SYMBOLS
                            *ABS*:00000000 usbd_cdc_if.c
C:\Users\matve\AppData\Local\Temp\cc0f8AiE.s:19     .text.CDC_DeInit_FS:00000000 $t
C:\Users\matve\AppData\Local\Temp\cc0f8AiE.s:24     .text.CDC_DeInit_FS:00000000 CDC_DeInit_FS
C:\Users\matve\AppData\Local\Temp\cc0f8AiE.s:39     .text.CDC_Control_FS:00000000 $t
C:\Users\matve\AppData\Local\Temp\cc0f8AiE.s:44     .text.CDC_Control_FS:00000000 CDC_Control_FS
C:\Users\matve\AppData\Local\Temp\cc0f8AiE.s:140    .text.CDC_Control_FS:0000004c $d
C:\Users\matve\AppData\Local\Temp\cc0f8AiE.s:320    .bss.buf:00000000 buf
C:\Users\matve\AppData\Local\Temp\cc0f8AiE.s:145    .text.CDC_Receive_FS:00000000 $t
C:\Users\matve\AppData\Local\Temp\cc0f8AiE.s:150    .text.CDC_Receive_FS:00000000 CDC_Receive_FS
C:\Users\matve\AppData\Local\Temp\cc0f8AiE.s:193    .text.CDC_Receive_FS:00000020 $d
C:\Users\matve\AppData\Local\Temp\cc0f8AiE.s:334    .bss.UserRxBufferFS:00000000 UserRxBufferFS
C:\Users\matve\AppData\Local\Temp\cc0f8AiE.s:199    .text.CDC_Init_FS:00000000 $t
C:\Users\matve\AppData\Local\Temp\cc0f8AiE.s:204    .text.CDC_Init_FS:00000000 CDC_Init_FS
C:\Users\matve\AppData\Local\Temp\cc0f8AiE.s:233    .text.CDC_Init_FS:0000001c $d
C:\Users\matve\AppData\Local\Temp\cc0f8AiE.s:327    .bss.UserTxBufferFS:00000000 UserTxBufferFS
C:\Users\matve\AppData\Local\Temp\cc0f8AiE.s:240    .text.CDC_Transmit_FS:00000000 $t
C:\Users\matve\AppData\Local\Temp\cc0f8AiE.s:246    .text.CDC_Transmit_FS:00000000 CDC_Transmit_FS
C:\Users\matve\AppData\Local\Temp\cc0f8AiE.s:301    .text.CDC_Transmit_FS:00000028 $d
C:\Users\matve\AppData\Local\Temp\cc0f8AiE.s:310    .data.USBD_Interface_fops_FS:00000000 USBD_Interface_fops_FS
C:\Users\matve\AppData\Local\Temp\cc0f8AiE.s:307    .data.USBD_Interface_fops_FS:00000000 $d
C:\Users\matve\AppData\Local\Temp\cc0f8AiE.s:317    .bss.buf:00000000 $d
C:\Users\matve\AppData\Local\Temp\cc0f8AiE.s:324    .bss.UserTxBufferFS:00000000 $d
C:\Users\matve\AppData\Local\Temp\cc0f8AiE.s:331    .bss.UserRxBufferFS:00000000 $d

UNDEFINED SYMBOLS
USBD_CDC_SetRxBuffer
USBD_CDC_ReceivePacket
USBRxHandler
hUsbDeviceFS
USBD_CDC_SetTxBuffer
USBD_CDC_TransmitPacket
